---------------------------------------------------------------
[ 2020-07-04T00:00:42+08:00 ] 127.0.0.1 POST 127.0.0.1/peanut/th5/public/adminRole/index/index
[è¿è¡Œæ—¶é—´ï¼š0.350514s] [åžåçŽ‡ï¼š2.85req/s] [å†…å­˜æ¶ˆè€—ï¼š2,513.89kb] [æ–‡ä»¶åŠ è½½ï¼š47]
[ info ] [ LANG ] D:\phpstudy_pro\WWW\peanut\th5\thinkphp\lang\zh-cn.php
[ info ] [ ROUTE ] array (
  'type' => 'module',
  'module' => 
  array (
    0 => 'adminRole',
    1 => 'index',
    2 => 'index',
  ),
)
[ info ] [ HEADER ] array (
  'accept-language' => 'zh-CN,zh;q=0.9,en;q=0.8',
  'accept-encoding' => 'gzip, deflate, br',
  'referer' => 'http://localhost:8080/',
  'sec-fetch-dest' => 'empty',
  'sec-fetch-mode' => 'cors',
  'sec-fetch-site' => 'cross-site',
  'origin' => 'http://localhost:8080',
  'content-type' => 'application/x-www-form-urlencoded',
  'user-agent' => 'Mozilla/5.0 (Windows NT 10.0; Win64; x64) AppleWebKit/537.36 (KHTML, like Gecko) Chrome/83.0.4103.106 Safari/537.36',
  'dnt' => '1',
  'accept' => 'application/json, text/plain, */*',
  'content-length' => '0',
  'connection' => 'close',
  'host' => '127.0.0.1',
)
[ info ] [ PARAM ] array (
)
[ info ] [ RUN ] app\adminRole\controller\Index->index[ D:\phpstudy_pro\WWW\peanut\th5\application\adminRole\controller\Index.php ]
[ info ] [ DB ] INIT mysql
[ info ] [ LOG ] INIT File
[ sql ] [ DB ] CONNECT:[ UseTime:0.125239s ] mysql:host=118.190.149.14;dbname=peanut;charset=utf8
[ sql ] [ SQL ] SHOW COLUMNS FROM `peanut_role` [ RunTime:0.077290s ]
[ sql ] [ SQL ] SELECT * FROM `peanut_role` [ RunTime:0.088461s ]
---------------------------------------------------------------
[ 2020-07-04T00:01:11+08:00 ] 127.0.0.1 POST 127.0.0.1/peanut/th5/public/adminRole/index/add
[è¿è¡Œæ—¶é—´ï¼š0.438336s] [åžåçŽ‡ï¼š2.28req/s] [å†…å­˜æ¶ˆè€—ï¼š2,516.66kb] [æ–‡ä»¶åŠ è½½ï¼š47]
[ info ] [ LANG ] D:\phpstudy_pro\WWW\peanut\th5\thinkphp\lang\zh-cn.php
[ info ] [ ROUTE ] array (
  'type' => 'module',
  'module' => 
  array (
    0 => 'adminRole',
    1 => 'index',
    2 => 'add',
  ),
)
[ info ] [ HEADER ] array (
  'accept-language' => 'zh-CN,zh;q=0.9,en;q=0.8',
  'accept-encoding' => 'gzip, deflate, br',
  'referer' => 'http://localhost:8080/',
  'sec-fetch-dest' => 'empty',
  'sec-fetch-mode' => 'cors',
  'sec-fetch-site' => 'cross-site',
  'origin' => 'http://localhost:8080',
  'content-type' => 'application/x-www-form-urlencoded',
  'user-agent' => 'Mozilla/5.0 (Windows NT 10.0; Win64; x64) AppleWebKit/537.36 (KHTML, like Gecko) Chrome/83.0.4103.106 Safari/537.36',
  'dnt' => '1',
  'accept' => 'application/json, text/plain, */*',
  'content-length' => '99',
  'connection' => 'close',
  'host' => '127.0.0.1',
)
[ info ] [ PARAM ] array (
  '{"roleName":"QQç¾¤q","roleDesc":"qqqqqqqqqqqqqqqqqqqqqqqqqqqqqqqqqqqqqqqqqqqqqqqqqqqqqqqqqqqqqqqq"}' => '',
)
[ info ] [ RUN ] app\adminRole\controller\Index->add[ D:\phpstudy_pro\WWW\peanut\th5\application\adminRole\controller\Index.php ]
[ info ] [ DB ] INIT mysql
[ info ] [ LOG ] INIT File
[ sql ] [ DB ] CONNECT:[ UseTime:0.130478s ] mysql:host=118.190.149.14;dbname=peanut;charset=utf8
[ sql ] [ SQL ] SHOW COLUMNS FROM `peanut_role` [ RunTime:0.084233s ]
[ sql ] [ SQL ] INSERT INTO `peanut_role` (`role_name` , `desc`) VALUES ('QQç¾¤q' , 'qqqqqqqqqqqqqqqqqqqqqqqqqqqqqqqqqqqqqqqqqqqqqqqqqqqqqqqqqqqqqqqq') [ RunTime:0.091564s ]
[ sql ] [ SQL ] SELECT * FROM `peanut_role` [ RunTime:0.084811s ]
---------------------------------------------------------------
[ 2020-07-04T00:01:17+08:00 ] 127.0.0.1 POST 127.0.0.1/peanut/th5/public/adminRole/index/delete
[è¿è¡Œæ—¶é—´ï¼š0.476688s] [åžåçŽ‡ï¼š2.10req/s] [å†…å­˜æ¶ˆè€—ï¼š2,578.52kb] [æ–‡ä»¶åŠ è½½ï¼š50]
[ info ] [ LANG ] D:\phpstudy_pro\WWW\peanut\th5\thinkphp\lang\zh-cn.php
[ info ] [ ROUTE ] array (
  'type' => 'module',
  'module' => 
  array (
    0 => 'adminRole',
    1 => 'index',
    2 => 'delete',
  ),
)
[ info ] [ HEADER ] array (
  'accept-language' => 'zh-CN,zh;q=0.9,en;q=0.8',
  'accept-encoding' => 'gzip, deflate, br',
  'referer' => 'http://localhost:8080/',
  'sec-fetch-dest' => 'empty',
  'sec-fetch-mode' => 'cors',
  'sec-fetch-site' => 'cross-site',
  'origin' => 'http://localhost:8080',
  'content-type' => 'application/x-www-form-urlencoded',
  'user-agent' => 'Mozilla/5.0 (Windows NT 10.0; Win64; x64) AppleWebKit/537.36 (KHTML, like Gecko) Chrome/83.0.4103.106 Safari/537.36',
  'dnt' => '1',
  'accept' => 'application/json, text/plain, */*',
  'content-length' => '104',
  'connection' => 'close',
  'host' => '127.0.0.1',
)
[ info ] [ PARAM ] array (
  '{"id":12,"role_name":"QQç¾¤q","desc":"qqqqqqqqqqqqqqqqqqqqqqqqqqqqqqqqqqqqqqqqqqqqqqqqqqqqqqqqqqqqqqqq"}' => '',
)
[ info ] [ RUN ] app\adminRole\controller\Index->delete[ D:\phpstudy_pro\WWW\peanut\th5\application\adminRole\controller\Index.php ]
[ info ] [ DB ] INIT mysql
[ info ] [ CACHE ] INIT File
[ info ] [ LOG ] INIT File
[ sql ] [ DB ] CONNECT:[ UseTime:0.127647s ] mysql:host=118.190.149.14;dbname=peanut;charset=utf8
[ sql ] [ SQL ] SHOW COLUMNS FROM `peanut_role` [ RunTime:0.087539s ]
[ sql ] [ SQL ] DELETE FROM `peanut_role`    WHERE  `id` = 12 [ RunTime:0.089430s ]
[ sql ] [ SQL ] SELECT * FROM `peanut_role` [ RunTime:0.088633s ]
---------------------------------------------------------------
[ 2020-07-04T00:01:57+08:00 ] 127.0.0.1 POST 127.0.0.1/peanut/th5/public/adminRole/index/add
[è¿è¡Œæ—¶é—´ï¼š0.454548s] [åžåçŽ‡ï¼š2.20req/s] [å†…å­˜æ¶ˆè€—ï¼š2,516.37kb] [æ–‡ä»¶åŠ è½½ï¼š47]
[ info ] [ LANG ] D:\phpstudy_pro\WWW\peanut\th5\thinkphp\lang\zh-cn.php
[ info ] [ ROUTE ] array (
  'type' => 'module',
  'module' => 
  array (
    0 => 'adminRole',
    1 => 'index',
    2 => 'add',
  ),
)
[ info ] [ HEADER ] array (
  'accept-language' => 'zh-CN,zh;q=0.9,en;q=0.8',
  'accept-encoding' => 'gzip, deflate, br',
  'referer' => 'http://localhost:8080/',
  'sec-fetch-dest' => 'empty',
  'sec-fetch-mode' => 'cors',
  'sec-fetch-site' => 'cross-site',
  'origin' => 'http://localhost:8080',
  'content-type' => 'application/x-www-form-urlencoded',
  'user-agent' => 'Mozilla/5.0 (Windows NT 10.0; Win64; x64) AppleWebKit/537.36 (KHTML, like Gecko) Chrome/83.0.4103.106 Safari/537.36',
  'dnt' => '1',
  'accept' => 'application/json, text/plain, */*',
  'content-length' => '59',
  'connection' => 'close',
  'host' => '127.0.0.1',
)
[ info ] [ PARAM ] array (
  '{"roleName":"2222222222","roleDesc":"22222222222222222222"}' => '',
)
[ info ] [ RUN ] app\adminRole\controller\Index->add[ D:\phpstudy_pro\WWW\peanut\th5\application\adminRole\controller\Index.php ]
[ info ] [ DB ] INIT mysql
[ info ] [ LOG ] INIT File
[ sql ] [ DB ] CONNECT:[ UseTime:0.137102s ] mysql:host=118.190.149.14;dbname=peanut;charset=utf8
[ sql ] [ SQL ] SHOW COLUMNS FROM `peanut_role` [ RunTime:0.076931s ]
[ sql ] [ SQL ] INSERT INTO `peanut_role` (`role_name` , `desc`) VALUES ('2222222222' , '22222222222222222222') [ RunTime:0.080906s ]
[ sql ] [ SQL ] SELECT * FROM `peanut_role` [ RunTime:0.074627s ]
---------------------------------------------------------------
[ 2020-07-04T00:02:16+08:00 ] 127.0.0.1 POST 127.0.0.1/peanut/th5/public/adminRole/index/add
[è¿è¡Œæ—¶é—´ï¼š0.426786s] [åžåçŽ‡ï¼š2.34req/s] [å†…å­˜æ¶ˆè€—ï¼š2,516.45kb] [æ–‡ä»¶åŠ è½½ï¼š47]
[ info ] [ LANG ] D:\phpstudy_pro\WWW\peanut\th5\thinkphp\lang\zh-cn.php
[ info ] [ ROUTE ] array (
  'type' => 'module',
  'module' => 
  array (
    0 => 'adminRole',
    1 => 'index',
    2 => 'add',
  ),
)
[ info ] [ HEADER ] array (
  'accept-language' => 'zh-CN,zh;q=0.9,en;q=0.8',
  'accept-encoding' => 'gzip, deflate, br',
  'referer' => 'http://localhost:8080/',
  'sec-fetch-dest' => 'empty',
  'sec-fetch-mode' => 'cors',
  'sec-fetch-site' => 'cross-site',
  'origin' => 'http://localhost:8080',
  'content-type' => 'application/x-www-form-urlencoded',
  'user-agent' => 'Mozilla/5.0 (Windows NT 10.0; Win64; x64) AppleWebKit/537.36 (KHTML, like Gecko) Chrome/83.0.4103.106 Safari/537.36',
  'dnt' => '1',
  'accept' => 'application/json, text/plain, */*',
  'content-length' => '59',
  'connection' => 'close',
  'host' => '127.0.0.1',
)
[ info ] [ PARAM ] array (
  '{"roleName":"2222222222","roleDesc":"22222222222222222222"}' => '',
)
[ info ] [ RUN ] app\adminRole\controller\Index->add[ D:\phpstudy_pro\WWW\peanut\th5\application\adminRole\controller\Index.php ]
[ info ] [ DB ] INIT mysql
[ info ] [ LOG ] INIT File
[ sql ] [ DB ] CONNECT:[ UseTime:0.131021s ] mysql:host=118.190.149.14;dbname=peanut;charset=utf8
[ sql ] [ SQL ] SHOW COLUMNS FROM `peanut_role` [ RunTime:0.080075s ]
[ sql ] [ SQL ] INSERT INTO `peanut_role` (`role_name` , `desc`) VALUES ('2222222222' , '22222222222222222222') [ RunTime:0.084547s ]
[ sql ] [ SQL ] SELECT * FROM `peanut_role` [ RunTime:0.080112s ]
---------------------------------------------------------------
[ 2020-07-04T00:04:15+08:00 ] 127.0.0.1 POST 127.0.0.1/peanut/th5/public/adminRole/index/update
[è¿è¡Œæ—¶é—´ï¼š0.417901s] [åžåçŽ‡ï¼š2.39req/s] [å†…å­˜æ¶ˆè€—ï¼š2,579.74kb] [æ–‡ä»¶åŠ è½½ï¼š50]
[ info ] [ LANG ] D:\phpstudy_pro\WWW\peanut\th5\thinkphp\lang\zh-cn.php
[ info ] [ ROUTE ] array (
  'type' => 'module',
  'module' => 
  array (
    0 => 'adminRole',
    1 => 'index',
    2 => 'update',
  ),
)
[ info ] [ HEADER ] array (
  'accept-language' => 'zh-CN,zh;q=0.9,en;q=0.8',
  'accept-encoding' => 'gzip, deflate, br',
  'referer' => 'http://localhost:8080/',
  'sec-fetch-dest' => 'empty',
  'sec-fetch-mode' => 'cors',
  'sec-fetch-site' => 'cross-site',
  'origin' => 'http://localhost:8080',
  'content-type' => 'application/x-www-form-urlencoded',
  'user-agent' => 'Mozilla/5.0 (Windows NT 10.0; Win64; x64) AppleWebKit/537.36 (KHTML, like Gecko) Chrome/83.0.4103.106 Safari/537.36',
  'dnt' => '1',
  'accept' => 'application/json, text/plain, */*',
  'content-length' => '65',
  'connection' => 'close',
  'host' => '127.0.0.1',
)
[ info ] [ PARAM ] array (
  '{"id":13,"role_name":"2222222222","desc":"22233333333Â·Â·Â·Â·Â·"}' => '',
)
[ info ] [ RUN ] app\adminRole\controller\Index->update[ D:\phpstudy_pro\WWW\peanut\th5\application\adminRole\controller\Index.php ]
[ info ] [ DB ] INIT mysql
[ info ] [ CACHE ] INIT File
[ info ] [ LOG ] INIT File
[ sql ] [ DB ] CONNECT:[ UseTime:0.118121s ] mysql:host=118.190.149.14;dbname=peanut;charset=utf8
[ sql ] [ SQL ] SHOW COLUMNS FROM `peanut_role` [ RunTime:0.079085s ]
[ sql ] [ SQL ] UPDATE `peanut_role`  SET `role_name`='2222222222',`desc`='22233333333Â·Â·Â·Â·Â·'  WHERE  `id` = 13 [ RunTime:0.083308s ]
[ sql ] [ SQL ] SELECT * FROM `peanut_role` [ RunTime:0.084225s ]
---------------------------------------------------------------
[ 2020-07-04T00:04:30+08:00 ] 127.0.0.1 POST 127.0.0.1/peanut/th5/public/adminRole/index/index
[è¿è¡Œæ—¶é—´ï¼š0.381318s] [åžåçŽ‡ï¼š2.62req/s] [å†…å­˜æ¶ˆè€—ï¼š2,514.16kb] [æ–‡ä»¶åŠ è½½ï¼š47]
[ info ] [ LANG ] D:\phpstudy_pro\WWW\peanut\th5\thinkphp\lang\zh-cn.php
[ info ] [ ROUTE ] array (
  'type' => 'module',
  'module' => 
  array (
    0 => 'adminRole',
    1 => 'index',
    2 => 'index',
  ),
)
[ info ] [ HEADER ] array (
  'accept-language' => 'zh-CN,zh;q=0.9,en;q=0.8',
  'accept-encoding' => 'gzip, deflate, br',
  'referer' => 'http://localhost:8080/',
  'sec-fetch-dest' => 'empty',
  'sec-fetch-mode' => 'cors',
  'sec-fetch-site' => 'cross-site',
  'origin' => 'http://localhost:8080',
  'content-type' => 'application/x-www-form-urlencoded',
  'user-agent' => 'Mozilla/5.0 (Windows NT 10.0; Win64; x64) AppleWebKit/537.36 (KHTML, like Gecko) Chrome/83.0.4103.106 Safari/537.36',
  'dnt' => '1',
  'accept' => 'application/json, text/plain, */*',
  'content-length' => '0',
  'connection' => 'close',
  'host' => '127.0.0.1',
)
[ info ] [ PARAM ] array (
)
[ info ] [ RUN ] app\adminRole\controller\Index->index[ D:\phpstudy_pro\WWW\peanut\th5\application\adminRole\controller\Index.php ]
[ info ] [ DB ] INIT mysql
[ info ] [ LOG ] INIT File
[ sql ] [ DB ] CONNECT:[ UseTime:0.133514s ] mysql:host=118.190.149.14;dbname=peanut;charset=utf8
[ sql ] [ SQL ] SHOW COLUMNS FROM `peanut_role` [ RunTime:0.087600s ]
[ sql ] [ SQL ] SELECT * FROM `peanut_role` [ RunTime:0.083836s ]
---------------------------------------------------------------
[ 2020-07-04T00:04:39+08:00 ] 127.0.0.1 POST 127.0.0.1/peanut/th5/public/adminRole/index/update
[è¿è¡Œæ—¶é—´ï¼š0.414536s] [åžåçŽ‡ï¼š2.41req/s] [å†…å­˜æ¶ˆè€—ï¼š2,579.76kb] [æ–‡ä»¶åŠ è½½ï¼š50]
[ info ] [ LANG ] D:\phpstudy_pro\WWW\peanut\th5\thinkphp\lang\zh-cn.php
[ info ] [ ROUTE ] array (
  'type' => 'module',
  'module' => 
  array (
    0 => 'adminRole',
    1 => 'index',
    2 => 'update',
  ),
)
[ info ] [ HEADER ] array (
  'accept-language' => 'zh-CN,zh;q=0.9,en;q=0.8',
  'accept-encoding' => 'gzip, deflate, br',
  'referer' => 'http://localhost:8080/',
  'sec-fetch-dest' => 'empty',
  'sec-fetch-mode' => 'cors',
  'sec-fetch-site' => 'cross-site',
  'origin' => 'http://localhost:8080',
  'content-type' => 'application/x-www-form-urlencoded',
  'user-agent' => 'Mozilla/5.0 (Windows NT 10.0; Win64; x64) AppleWebKit/537.36 (KHTML, like Gecko) Chrome/83.0.4103.106 Safari/537.36',
  'dnt' => '1',
  'accept' => 'application/json, text/plain, */*',
  'content-length' => '68',
  'connection' => 'close',
  'host' => '127.0.0.1',
)
[ info ] [ PARAM ] array (
  '{"id":13,"role_name":"2222222222","desc":"222ï¼ï¼ï¼ï¼ï¼ï¼ï¼"}' => '',
)
[ info ] [ RUN ] app\adminRole\controller\Index->update[ D:\phpstudy_pro\WWW\peanut\th5\application\adminRole\controller\Index.php ]
[ info ] [ DB ] INIT mysql
[ info ] [ CACHE ] INIT File
[ info ] [ LOG ] INIT File
[ sql ] [ DB ] CONNECT:[ UseTime:0.122612s ] mysql:host=118.190.149.14;dbname=peanut;charset=utf8
[ sql ] [ SQL ] SHOW COLUMNS FROM `peanut_role` [ RunTime:0.083819s ]
[ sql ] [ SQL ] UPDATE `peanut_role`  SET `role_name`='2222222222',`desc`='222ï¼ï¼ï¼ï¼ï¼ï¼ï¼'  WHERE  `id` = 13 [ RunTime:0.078897s ]
[ sql ] [ SQL ] SELECT * FROM `peanut_role` [ RunTime:0.076276s ]
---------------------------------------------------------------
[ 2020-07-04T00:05:40+08:00 ] 127.0.0.1 POST 127.0.0.1/peanut/th5/public/adminRole/index/update
[è¿è¡Œæ—¶é—´ï¼š0.551401s] [åžåçŽ‡ï¼š1.81req/s] [å†…å­˜æ¶ˆè€—ï¼š2,579.66kb] [æ–‡ä»¶åŠ è½½ï¼š50]
[ info ] [ LANG ] D:\phpstudy_pro\WWW\peanut\th5\thinkphp\lang\zh-cn.php
[ info ] [ ROUTE ] array (
  'type' => 'module',
  'module' => 
  array (
    0 => 'adminRole',
    1 => 'index',
    2 => 'update',
  ),
)
[ info ] [ HEADER ] array (
  'accept-language' => 'zh-CN,zh;q=0.9,en;q=0.8',
  'accept-encoding' => 'gzip, deflate, br',
  'referer' => 'http://localhost:8080/',
  'sec-fetch-dest' => 'empty',
  'sec-fetch-mode' => 'cors',
  'sec-fetch-site' => 'cross-site',
  'origin' => 'http://localhost:8080',
  'content-type' => 'application/x-www-form-urlencoded',
  'user-agent' => 'Mozilla/5.0 (Windows NT 10.0; Win64; x64) AppleWebKit/537.36 (KHTML, like Gecko) Chrome/83.0.4103.106 Safari/537.36',
  'dnt' => '1',
  'accept' => 'application/json, text/plain, */*',
  'content-length' => '54',
  'connection' => 'close',
  'host' => '127.0.0.1',
)
[ info ] [ PARAM ] array (
  '{"id":11,"role_name":"111","desc":"1@@@@@@@@@@@@@@@@"}' => '',
)
[ info ] [ RUN ] app\adminRole\controller\Index->update[ D:\phpstudy_pro\WWW\peanut\th5\application\adminRole\controller\Index.php ]
[ info ] [ DB ] INIT mysql
[ info ] [ CACHE ] INIT File
[ info ] [ LOG ] INIT File
[ sql ] [ DB ] CONNECT:[ UseTime:0.116488s ] mysql:host=118.190.149.14;dbname=peanut;charset=utf8
[ sql ] [ SQL ] SHOW COLUMNS FROM `peanut_role` [ RunTime:0.090993s ]
[ sql ] [ SQL ] UPDATE `peanut_role`  SET `role_name`='111',`desc`='1@@@@@@@@@@@@@@@@'  WHERE  `id` = 11 [ RunTime:0.093226s ]
[ sql ] [ SQL ] SELECT * FROM `peanut_role` [ RunTime:0.200955s ]
---------------------------------------------------------------
[ 2020-07-04T00:06:37+08:00 ] 127.0.0.1 POST 127.0.0.1/peanut/th5/public/adminRole/index/index
[è¿è¡Œæ—¶é—´ï¼š0.384733s] [åžåçŽ‡ï¼š2.60req/s] [å†…å­˜æ¶ˆè€—ï¼š2,514.19kb] [æ–‡ä»¶åŠ è½½ï¼š47]
[ info ] [ LANG ] D:\phpstudy_pro\WWW\peanut\th5\thinkphp\lang\zh-cn.php
[ info ] [ ROUTE ] array (
  'type' => 'module',
  'module' => 
  array (
    0 => 'adminRole',
    1 => 'index',
    2 => 'index',
  ),
)
[ info ] [ HEADER ] array (
  'accept-language' => 'zh-CN,zh;q=0.9,en;q=0.8',
  'accept-encoding' => 'gzip, deflate, br',
  'referer' => 'http://localhost:8080/',
  'sec-fetch-dest' => 'empty',
  'sec-fetch-mode' => 'cors',
  'sec-fetch-site' => 'cross-site',
  'origin' => 'http://localhost:8080',
  'content-type' => 'application/x-www-form-urlencoded',
  'user-agent' => 'Mozilla/5.0 (Windows NT 10.0; Win64; x64) AppleWebKit/537.36 (KHTML, like Gecko) Chrome/83.0.4103.106 Safari/537.36',
  'dnt' => '1',
  'accept' => 'application/json, text/plain, */*',
  'content-length' => '0',
  'connection' => 'close',
  'host' => '127.0.0.1',
)
[ info ] [ PARAM ] array (
)
[ info ] [ RUN ] app\adminRole\controller\Index->index[ D:\phpstudy_pro\WWW\peanut\th5\application\adminRole\controller\Index.php ]
[ info ] [ DB ] INIT mysql
[ info ] [ LOG ] INIT File
[ sql ] [ DB ] CONNECT:[ UseTime:0.121112s ] mysql:host=118.190.149.14;dbname=peanut;charset=utf8
[ sql ] [ SQL ] SHOW COLUMNS FROM `peanut_role` [ RunTime:0.081209s ]
[ sql ] [ SQL ] SELECT * FROM `peanut_role` [ RunTime:0.099497s ]
---------------------------------------------------------------
[ 2020-07-04T00:06:50+08:00 ] 127.0.0.1 POST 127.0.0.1/peanut/th5/public/adminRole/index/update
[è¿è¡Œæ—¶é—´ï¼š0.435771s] [åžåçŽ‡ï¼š2.29req/s] [å†…å­˜æ¶ˆè€—ï¼š2,579.55kb] [æ–‡ä»¶åŠ è½½ï¼š50]
[ info ] [ LANG ] D:\phpstudy_pro\WWW\peanut\th5\thinkphp\lang\zh-cn.php
[ info ] [ ROUTE ] array (
  'type' => 'module',
  'module' => 
  array (
    0 => 'adminRole',
    1 => 'index',
    2 => 'update',
  ),
)
[ info ] [ HEADER ] array (
  'accept-language' => 'zh-CN,zh;q=0.9,en;q=0.8',
  'accept-encoding' => 'gzip, deflate, br',
  'referer' => 'http://localhost:8080/',
  'sec-fetch-dest' => 'empty',
  'sec-fetch-mode' => 'cors',
  'sec-fetch-site' => 'cross-site',
  'origin' => 'http://localhost:8080',
  'content-type' => 'application/x-www-form-urlencoded',
  'user-agent' => 'Mozilla/5.0 (Windows NT 10.0; Win64; x64) AppleWebKit/537.36 (KHTML, like Gecko) Chrome/83.0.4103.106 Safari/537.36',
  'dnt' => '1',
  'accept' => 'application/json, text/plain, */*',
  'content-length' => '43',
  'connection' => 'close',
  'host' => '127.0.0.1',
)
[ info ] [ PARAM ] array (
  '{"id":11,"role_name":"111","desc":"111111"}' => '',
)
[ info ] [ RUN ] app\adminRole\controller\Index->update[ D:\phpstudy_pro\WWW\peanut\th5\application\adminRole\controller\Index.php ]
[ info ] [ DB ] INIT mysql
[ info ] [ CACHE ] INIT File
[ info ] [ LOG ] INIT File
[ sql ] [ DB ] CONNECT:[ UseTime:0.122774s ] mysql:host=118.190.149.14;dbname=peanut;charset=utf8
[ sql ] [ SQL ] SHOW COLUMNS FROM `peanut_role` [ RunTime:0.085557s ]
[ sql ] [ SQL ] UPDATE `peanut_role`  SET `role_name`='111',`desc`='111111'  WHERE  `id` = 11 [ RunTime:0.085073s ]
[ sql ] [ SQL ] SELECT * FROM `peanut_role` [ RunTime:0.083437s ]
---------------------------------------------------------------
[ 2020-07-04T00:06:57+08:00 ] 127.0.0.1 POST 127.0.0.1/peanut/th5/public/adminRole/index/delete
[è¿è¡Œæ—¶é—´ï¼š0.484813s] [åžåçŽ‡ï¼š2.06req/s] [å†…å­˜æ¶ˆè€—ï¼š2,578.57kb] [æ–‡ä»¶åŠ è½½ï¼š50]
[ info ] [ LANG ] D:\phpstudy_pro\WWW\peanut\th5\thinkphp\lang\zh-cn.php
[ info ] [ ROUTE ] array (
  'type' => 'module',
  'module' => 
  array (
    0 => 'adminRole',
    1 => 'index',
    2 => 'delete',
  ),
)
[ info ] [ HEADER ] array (
  'accept-language' => 'zh-CN,zh;q=0.9,en;q=0.8',
  'accept-encoding' => 'gzip, deflate, br',
  'referer' => 'http://localhost:8080/',
  'sec-fetch-dest' => 'empty',
  'sec-fetch-mode' => 'cors',
  'sec-fetch-site' => 'cross-site',
  'origin' => 'http://localhost:8080',
  'content-type' => 'application/x-www-form-urlencoded',
  'user-agent' => 'Mozilla/5.0 (Windows NT 10.0; Win64; x64) AppleWebKit/537.36 (KHTML, like Gecko) Chrome/83.0.4103.106 Safari/537.36',
  'dnt' => '1',
  'accept' => 'application/json, text/plain, */*',
  'content-length' => '68',
  'connection' => 'close',
  'host' => '127.0.0.1',
)
[ info ] [ PARAM ] array (
  '{"id":13,"role_name":"2222222222","desc":"222ï¼ï¼ï¼ï¼ï¼ï¼ï¼"}' => '',
)
[ info ] [ RUN ] app\adminRole\controller\Index->delete[ D:\phpstudy_pro\WWW\peanut\th5\application\adminRole\controller\Index.php ]
[ info ] [ DB ] INIT mysql
[ info ] [ CACHE ] INIT File
[ info ] [ LOG ] INIT File
[ sql ] [ DB ] CONNECT:[ UseTime:0.132227s ] mysql:host=118.190.149.14;dbname=peanut;charset=utf8
[ sql ] [ SQL ] SHOW COLUMNS FROM `peanut_role` [ RunTime:0.084868s ]
[ sql ] [ SQL ] DELETE FROM `peanut_role`    WHERE  `id` = 13 [ RunTime:0.101575s ]
[ sql ] [ SQL ] SELECT * FROM `peanut_role` [ RunTime:0.081892s ]
---------------------------------------------------------------
[ 2020-07-04T00:07:00+08:00 ] 127.0.0.1 POST 127.0.0.1/peanut/th5/public/adminRole/index/delete
[è¿è¡Œæ—¶é—´ï¼š0.499190s] [åžåçŽ‡ï¼š2.00req/s] [å†…å­˜æ¶ˆè€—ï¼š2,578.39kb] [æ–‡ä»¶åŠ è½½ï¼š50]
[ info ] [ LANG ] D:\phpstudy_pro\WWW\peanut\th5\thinkphp\lang\zh-cn.php
[ info ] [ ROUTE ] array (
  'type' => 'module',
  'module' => 
  array (
    0 => 'adminRole',
    1 => 'index',
    2 => 'delete',
  ),
)
[ info ] [ HEADER ] array (
  'accept-language' => 'zh-CN,zh;q=0.9,en;q=0.8',
  'accept-encoding' => 'gzip, deflate, br',
  'referer' => 'http://localhost:8080/',
  'sec-fetch-dest' => 'empty',
  'sec-fetch-mode' => 'cors',
  'sec-fetch-site' => 'cross-site',
  'origin' => 'http://localhost:8080',
  'content-type' => 'application/x-www-form-urlencoded',
  'user-agent' => 'Mozilla/5.0 (Windows NT 10.0; Win64; x64) AppleWebKit/537.36 (KHTML, like Gecko) Chrome/83.0.4103.106 Safari/537.36',
  'dnt' => '1',
  'accept' => 'application/json, text/plain, */*',
  'content-length' => '64',
  'connection' => 'close',
  'host' => '127.0.0.1',
)
[ info ] [ PARAM ] array (
  '{"id":14,"role_name":"2222222222","desc":"22222222222222222222"}' => '',
)
[ info ] [ RUN ] app\adminRole\controller\Index->delete[ D:\phpstudy_pro\WWW\peanut\th5\application\adminRole\controller\Index.php ]
[ info ] [ DB ] INIT mysql
[ info ] [ CACHE ] INIT File
[ info ] [ LOG ] INIT File
[ sql ] [ DB ] CONNECT:[ UseTime:0.138093s ] mysql:host=118.190.149.14;dbname=peanut;charset=utf8
[ sql ] [ SQL ] SHOW COLUMNS FROM `peanut_role` [ RunTime:0.084236s ]
[ sql ] [ SQL ] DELETE FROM `peanut_role`    WHERE  `id` = 14 [ RunTime:0.085278s ]
[ sql ] [ SQL ] SELECT * FROM `peanut_role` [ RunTime:0.097630s ]
---------------------------------------------------------------
[ 2020-07-04T00:09:22+08:00 ] 127.0.0.1 POST 127.0.0.1/peanut/th5/public/adminRole/index/update
[è¿è¡Œæ—¶é—´ï¼š0.035738s] [åžåçŽ‡ï¼š27.98req/s] [å†…å­˜æ¶ˆè€—ï¼š1,630.73kb] [æ–‡ä»¶åŠ è½½ï¼š40]
[ info ] [ LANG ] D:\phpstudy_pro\WWW\peanut\th5\thinkphp\lang\zh-cn.php
[ info ] [ ROUTE ] array (
  'type' => 'module',
  'module' => 
  array (
    0 => 'adminRole',
    1 => 'index',
    2 => 'update',
  ),
)
[ info ] [ HEADER ] array (
  'accept-language' => 'zh-CN,zh;q=0.9,en;q=0.8',
  'accept-encoding' => 'gzip, deflate, br',
  'referer' => 'http://localhost:8080/',
  'sec-fetch-dest' => 'empty',
  'sec-fetch-mode' => 'cors',
  'sec-fetch-site' => 'cross-site',
  'origin' => 'http://localhost:8080',
  'content-type' => 'application/x-www-form-urlencoded',
  'user-agent' => 'Mozilla/5.0 (Windows NT 10.0; Win64; x64) AppleWebKit/537.36 (KHTML, like Gecko) Chrome/83.0.4103.106 Safari/537.36',
  'dnt' => '1',
  'accept' => 'application/json, text/plain, */*',
  'content-length' => '71',
  'connection' => 'close',
  'host' => '127.0.0.1',
)
[ info ] [ PARAM ] array (
  '{"id":1,"role_name":"è¶…çº§ç®¡ç†å‘˜","desc":"è¶…çº§ç®¡ç†å‘˜11111111"}' => '',
)
[ info ] [ RUN ] app\adminRole\controller\Index->update[ D:\phpstudy_pro\WWW\peanut\th5\application\adminRole\controller\Index.php ]
[ info ] [ LOG ] INIT File
---------------------------------------------------------------
[ 2020-07-04T00:09:29+08:00 ] 127.0.0.1 POST 127.0.0.1/peanut/th5/public/adminRole/index/delete
[è¿è¡Œæ—¶é—´ï¼š0.048562s] [åžåçŽ‡ï¼š20.59req/s] [å†…å­˜æ¶ˆè€—ï¼š1,630.67kb] [æ–‡ä»¶åŠ è½½ï¼š40]
[ info ] [ LANG ] D:\phpstudy_pro\WWW\peanut\th5\thinkphp\lang\zh-cn.php
[ info ] [ ROUTE ] array (
  'type' => 'module',
  'module' => 
  array (
    0 => 'adminRole',
    1 => 'index',
    2 => 'delete',
  ),
)
[ info ] [ HEADER ] array (
  'accept-language' => 'zh-CN,zh;q=0.9,en;q=0.8',
  'accept-encoding' => 'gzip, deflate, br',
  'referer' => 'http://localhost:8080/',
  'sec-fetch-dest' => 'empty',
  'sec-fetch-mode' => 'cors',
  'sec-fetch-site' => 'cross-site',
  'origin' => 'http://localhost:8080',
  'content-type' => 'application/x-www-form-urlencoded',
  'user-agent' => 'Mozilla/5.0 (Windows NT 10.0; Win64; x64) AppleWebKit/537.36 (KHTML, like Gecko) Chrome/83.0.4103.106 Safari/537.36',
  'dnt' => '1',
  'accept' => 'application/json, text/plain, */*',
  'content-length' => '51',
  'connection' => 'close',
  'host' => '127.0.0.1',
)
[ info ] [ PARAM ] array (
  '{"id":2,"role_name":"ç»ç†","desc":"ç»ç†äººå‘˜"}' => '',
)
[ info ] [ RUN ] app\adminRole\controller\Index->delete[ D:\phpstudy_pro\WWW\peanut\th5\application\adminRole\controller\Index.php ]
[ info ] [ LOG ] INIT File
---------------------------------------------------------------
[ 2020-07-04T00:09:35+08:00 ] 127.0.0.1 POST 127.0.0.1/peanut/th5/public/adminRole/index/delete
[è¿è¡Œæ—¶é—´ï¼š0.451990s] [åžåçŽ‡ï¼š2.21req/s] [å†…å­˜æ¶ˆè€—ï¼š2,578.22kb] [æ–‡ä»¶åŠ è½½ï¼š50]
[ info ] [ LANG ] D:\phpstudy_pro\WWW\peanut\th5\thinkphp\lang\zh-cn.php
[ info ] [ ROUTE ] array (
  'type' => 'module',
  'module' => 
  array (
    0 => 'adminRole',
    1 => 'index',
    2 => 'delete',
  ),
)
[ info ] [ HEADER ] array (
  'accept-language' => 'zh-CN,zh;q=0.9,en;q=0.8',
  'accept-encoding' => 'gzip, deflate, br',
  'referer' => 'http://localhost:8080/',
  'sec-fetch-dest' => 'empty',
  'sec-fetch-mode' => 'cors',
  'sec-fetch-site' => 'cross-site',
  'origin' => 'http://localhost:8080',
  'content-type' => 'application/x-www-form-urlencoded',
  'user-agent' => 'Mozilla/5.0 (Windows NT 10.0; Win64; x64) AppleWebKit/537.36 (KHTML, like Gecko) Chrome/83.0.4103.106 Safari/537.36',
  'dnt' => '1',
  'accept' => 'application/json, text/plain, */*',
  'content-length' => '43',
  'connection' => 'close',
  'host' => '127.0.0.1',
)
[ info ] [ PARAM ] array (
  '{"id":11,"role_name":"111","desc":"111111"}' => '',
)
[ info ] [ RUN ] app\adminRole\controller\Index->delete[ D:\phpstudy_pro\WWW\peanut\th5\application\adminRole\controller\Index.php ]
[ info ] [ DB ] INIT mysql
[ info ] [ CACHE ] INIT File
[ info ] [ LOG ] INIT File
[ sql ] [ DB ] CONNECT:[ UseTime:0.116378s ] mysql:host=118.190.149.14;dbname=peanut;charset=utf8
[ sql ] [ SQL ] SHOW COLUMNS FROM `peanut_role` [ RunTime:0.079374s ]
[ sql ] [ SQL ] DELETE FROM `peanut_role`    WHERE  `id` = 11 [ RunTime:0.098839s ]
[ sql ] [ SQL ] SELECT * FROM `peanut_role` [ RunTime:0.075950s ]
---------------------------------------------------------------
[ 2020-07-04T00:11:24+08:00 ] 127.0.0.1 POST 127.0.0.1/peanut/th5/public/adminNotice/index/index
[è¿è¡Œæ—¶é—´ï¼š0.359624s] [åžåçŽ‡ï¼š2.78req/s] [å†…å­˜æ¶ˆè€—ï¼š2,513.71kb] [æ–‡ä»¶åŠ è½½ï¼š47]
[ info ] [ LANG ] D:\phpstudy_pro\WWW\peanut\th5\thinkphp\lang\zh-cn.php
[ info ] [ ROUTE ] array (
  'type' => 'module',
  'module' => 
  array (
    0 => 'adminNotice',
    1 => 'index',
    2 => 'index',
  ),
)
[ info ] [ HEADER ] array (
  'accept-language' => 'zh-CN,zh;q=0.9,en;q=0.8',
  'accept-encoding' => 'gzip, deflate, br',
  'referer' => 'http://localhost:8080/',
  'sec-fetch-dest' => 'empty',
  'sec-fetch-mode' => 'cors',
  'sec-fetch-site' => 'cross-site',
  'origin' => 'http://localhost:8080',
  'content-type' => 'application/x-www-form-urlencoded',
  'user-agent' => 'Mozilla/5.0 (Windows NT 10.0; Win64; x64) AppleWebKit/537.36 (KHTML, like Gecko) Chrome/83.0.4103.106 Safari/537.36',
  'dnt' => '1',
  'accept' => 'application/json, text/plain, */*',
  'content-length' => '0',
  'connection' => 'close',
  'host' => '127.0.0.1',
)
[ info ] [ PARAM ] array (
)
[ info ] [ RUN ] app\adminNotice\controller\Index->index[ D:\phpstudy_pro\WWW\peanut\th5\application\adminNotice\controller\Index.php ]
[ info ] [ DB ] INIT mysql
[ info ] [ LOG ] INIT File
[ sql ] [ DB ] CONNECT:[ UseTime:0.127375s ] mysql:host=118.190.149.14;dbname=peanut;charset=utf8
[ sql ] [ SQL ] SHOW COLUMNS FROM `peanut_notice` [ RunTime:0.074851s ]
[ sql ] [ SQL ] SELECT * FROM `peanut_notice` [ RunTime:0.080785s ]
---------------------------------------------------------------
[ 2020-07-04T00:11:31+08:00 ] 127.0.0.1 POST 127.0.0.1/peanut/th5/public/adminNotice/index/update
[è¿è¡Œæ—¶é—´ï¼š0.033147s] [åžåçŽ‡ï¼š30.17req/s] [å†…å­˜æ¶ˆè€—ï¼š1,630.76kb] [æ–‡ä»¶åŠ è½½ï¼š40]
[ info ] [ LANG ] D:\phpstudy_pro\WWW\peanut\th5\thinkphp\lang\zh-cn.php
[ info ] [ ROUTE ] array (
  'type' => 'module',
  'module' => 
  array (
    0 => 'adminNotice',
    1 => 'index',
    2 => 'update',
  ),
)
[ info ] [ HEADER ] array (
  'accept-language' => 'zh-CN,zh;q=0.9,en;q=0.8',
  'accept-encoding' => 'gzip, deflate, br',
  'referer' => 'http://localhost:8080/',
  'sec-fetch-dest' => 'empty',
  'sec-fetch-mode' => 'cors',
  'sec-fetch-site' => 'cross-site',
  'origin' => 'http://localhost:8080',
  'content-type' => 'application/x-www-form-urlencoded',
  'user-agent' => 'Mozilla/5.0 (Windows NT 10.0; Win64; x64) AppleWebKit/537.36 (KHTML, like Gecko) Chrome/83.0.4103.106 Safari/537.36',
  'dnt' => '1',
  'accept' => 'application/json, text/plain, */*',
  'content-length' => '67',
  'connection' => 'close',
  'host' => '127.0.0.1',
)
[ info ] [ PARAM ] array (
  '{"id":4,"notice_Publisher":"ddd","notice_cont":"å¥”é©°çƒ­é”€11111"}' => '',
)
[ info ] [ RUN ] app\adminNotice\controller\Index->update[ D:\phpstudy_pro\WWW\peanut\th5\application\adminNotice\controller\Index.php ]
[ info ] [ LOG ] INIT File
---------------------------------------------------------------
[ 2020-07-04T00:11:34+08:00 ] 127.0.0.1 POST 127.0.0.1/peanut/th5/public/adminNotice/index/update
[è¿è¡Œæ—¶é—´ï¼š0.031467s] [åžåçŽ‡ï¼š31.78req/s] [å†…å­˜æ¶ˆè€—ï¼š1,630.76kb] [æ–‡ä»¶åŠ è½½ï¼š40]
[ info ] [ LANG ] D:\phpstudy_pro\WWW\peanut\th5\thinkphp\lang\zh-cn.php
[ info ] [ ROUTE ] array (
  'type' => 'module',
  'module' => 
  array (
    0 => 'adminNotice',
    1 => 'index',
    2 => 'update',
  ),
)
[ info ] [ HEADER ] array (
  'accept-language' => 'zh-CN,zh;q=0.9,en;q=0.8',
  'accept-encoding' => 'gzip, deflate, br',
  'referer' => 'http://localhost:8080/',
  'sec-fetch-dest' => 'empty',
  'sec-fetch-mode' => 'cors',
  'sec-fetch-site' => 'cross-site',
  'origin' => 'http://localhost:8080',
  'content-type' => 'application/x-www-form-urlencoded',
  'user-agent' => 'Mozilla/5.0 (Windows NT 10.0; Win64; x64) AppleWebKit/537.36 (KHTML, like Gecko) Chrome/83.0.4103.106 Safari/537.36',
  'dnt' => '1',
  'accept' => 'application/json, text/plain, */*',
  'content-length' => '67',
  'connection' => 'close',
  'host' => '127.0.0.1',
)
[ info ] [ PARAM ] array (
  '{"id":4,"notice_Publisher":"ddd","notice_cont":"å¥”é©°çƒ­é”€11111"}' => '',
)
[ info ] [ RUN ] app\adminNotice\controller\Index->update[ D:\phpstudy_pro\WWW\peanut\th5\application\adminNotice\controller\Index.php ]
[ info ] [ LOG ] INIT File
---------------------------------------------------------------
[ 2020-07-04T00:11:36+08:00 ] 127.0.0.1 POST 127.0.0.1/peanut/th5/public/adminNotice/index/update
[è¿è¡Œæ—¶é—´ï¼š0.028021s] [åžåçŽ‡ï¼š35.69req/s] [å†…å­˜æ¶ˆè€—ï¼š1,630.76kb] [æ–‡ä»¶åŠ è½½ï¼š40]
[ info ] [ LANG ] D:\phpstudy_pro\WWW\peanut\th5\thinkphp\lang\zh-cn.php
[ info ] [ ROUTE ] array (
  'type' => 'module',
  'module' => 
  array (
    0 => 'adminNotice',
    1 => 'index',
    2 => 'update',
  ),
)
[ info ] [ HEADER ] array (
  'accept-language' => 'zh-CN,zh;q=0.9,en;q=0.8',
  'accept-encoding' => 'gzip, deflate, br',
  'referer' => 'http://localhost:8080/',
  'sec-fetch-dest' => 'empty',
  'sec-fetch-mode' => 'cors',
  'sec-fetch-site' => 'cross-site',
  'origin' => 'http://localhost:8080',
  'content-type' => 'application/x-www-form-urlencoded',
  'user-agent' => 'Mozilla/5.0 (Windows NT 10.0; Win64; x64) AppleWebKit/537.36 (KHTML, like Gecko) Chrome/83.0.4103.106 Safari/537.36',
  'dnt' => '1',
  'accept' => 'application/json, text/plain, */*',
  'content-length' => '67',
  'connection' => 'close',
  'host' => '127.0.0.1',
)
[ info ] [ PARAM ] array (
  '{"id":4,"notice_Publisher":"ddd","notice_cont":"å¥”é©°çƒ­é”€11111"}' => '',
)
[ info ] [ RUN ] app\adminNotice\controller\Index->update[ D:\phpstudy_pro\WWW\peanut\th5\application\adminNotice\controller\Index.php ]
[ info ] [ LOG ] INIT File
---------------------------------------------------------------
[ 2020-07-04T00:11:46+08:00 ] 127.0.0.1 POST 127.0.0.1/peanut/th5/public/adminRole/index/index
[è¿è¡Œæ—¶é—´ï¼š0.353452s] [åžåçŽ‡ï¼š2.83req/s] [å†…å­˜æ¶ˆè€—ï¼š2,513.80kb] [æ–‡ä»¶åŠ è½½ï¼š47]
[ info ] [ LANG ] D:\phpstudy_pro\WWW\peanut\th5\thinkphp\lang\zh-cn.php
[ info ] [ ROUTE ] array (
  'type' => 'module',
  'module' => 
  array (
    0 => 'adminRole',
    1 => 'index',
    2 => 'index',
  ),
)
[ info ] [ HEADER ] array (
  'accept-language' => 'zh-CN,zh;q=0.9,en;q=0.8',
  'accept-encoding' => 'gzip, deflate, br',
  'referer' => 'http://localhost:8080/',
  'sec-fetch-dest' => 'empty',
  'sec-fetch-mode' => 'cors',
  'sec-fetch-site' => 'cross-site',
  'origin' => 'http://localhost:8080',
  'content-type' => 'application/x-www-form-urlencoded',
  'user-agent' => 'Mozilla/5.0 (Windows NT 10.0; Win64; x64) AppleWebKit/537.36 (KHTML, like Gecko) Chrome/83.0.4103.106 Safari/537.36',
  'dnt' => '1',
  'accept' => 'application/json, text/plain, */*',
  'content-length' => '0',
  'connection' => 'close',
  'host' => '127.0.0.1',
)
[ info ] [ PARAM ] array (
)
[ info ] [ RUN ] app\adminRole\controller\Index->index[ D:\phpstudy_pro\WWW\peanut\th5\application\adminRole\controller\Index.php ]
[ info ] [ DB ] INIT mysql
[ info ] [ LOG ] INIT File
[ sql ] [ DB ] CONNECT:[ UseTime:0.124314s ] mysql:host=118.190.149.14;dbname=peanut;charset=utf8
[ sql ] [ SQL ] SHOW COLUMNS FROM `peanut_role` [ RunTime:0.085565s ]
[ sql ] [ SQL ] SELECT * FROM `peanut_role` [ RunTime:0.079634s ]
---------------------------------------------------------------
[ 2020-07-04T00:11:50+08:00 ] 127.0.0.1 POST 127.0.0.1/peanut/th5/public/adminRole/index/delete
[è¿è¡Œæ—¶é—´ï¼š0.503662s] [åžåçŽ‡ï¼š1.99req/s] [å†…å­˜æ¶ˆè€—ï¼š2,578.05kb] [æ–‡ä»¶åŠ è½½ï¼š50]
[ info ] [ LANG ] D:\phpstudy_pro\WWW\peanut\th5\thinkphp\lang\zh-cn.php
[ info ] [ ROUTE ] array (
  'type' => 'module',
  'module' => 
  array (
    0 => 'adminRole',
    1 => 'index',
    2 => 'delete',
  ),
)
[ info ] [ HEADER ] array (
  'accept-language' => 'zh-CN,zh;q=0.9,en;q=0.8',
  'accept-encoding' => 'gzip, deflate, br',
  'referer' => 'http://localhost:8080/',
  'sec-fetch-dest' => 'empty',
  'sec-fetch-mode' => 'cors',
  'sec-fetch-site' => 'cross-site',
  'origin' => 'http://localhost:8080',
  'content-type' => 'application/x-www-form-urlencoded',
  'user-agent' => 'Mozilla/5.0 (Windows NT 10.0; Win64; x64) AppleWebKit/537.36 (KHTML, like Gecko) Chrome/83.0.4103.106 Safari/537.36',
  'dnt' => '1',
  'accept' => 'application/json, text/plain, */*',
  'content-length' => '38',
  'connection' => 'close',
  'host' => '127.0.0.1',
)
[ info ] [ PARAM ] array (
  '{"id":10,"role_name":"111","desc":"1"}' => '',
)
[ info ] [ RUN ] app\adminRole\controller\Index->delete[ D:\phpstudy_pro\WWW\peanut\th5\application\adminRole\controller\Index.php ]
[ info ] [ DB ] INIT mysql
[ info ] [ CACHE ] INIT File
[ info ] [ LOG ] INIT File
[ sql ] [ DB ] CONNECT:[ UseTime:0.140796s ] mysql:host=118.190.149.14;dbname=peanut;charset=utf8
[ sql ] [ SQL ] SHOW COLUMNS FROM `peanut_role` [ RunTime:0.096149s ]
[ sql ] [ SQL ] DELETE FROM `peanut_role`    WHERE  `id` = 10 [ RunTime:0.087533s ]
[ sql ] [ SQL ] SELECT * FROM `peanut_role` [ RunTime:0.083508s ]
---------------------------------------------------------------
[ 2020-07-04T00:12:12+08:00 ] 127.0.0.1 POST 127.0.0.1/peanut/th5/public/adminRole/index/delete
[è¿è¡Œæ—¶é—´ï¼š0.045173s] [åžåçŽ‡ï¼š22.14req/s] [å†…å­˜æ¶ˆè€—ï¼š1,630.67kb] [æ–‡ä»¶åŠ è½½ï¼š40]
[ info ] [ LANG ] D:\phpstudy_pro\WWW\peanut\th5\thinkphp\lang\zh-cn.php
[ info ] [ ROUTE ] array (
  'type' => 'module',
  'module' => 
  array (
    0 => 'adminRole',
    1 => 'index',
    2 => 'delete',
  ),
)
[ info ] [ HEADER ] array (
  'accept-language' => 'zh-CN,zh;q=0.9,en;q=0.8',
  'accept-encoding' => 'gzip, deflate, br',
  'referer' => 'http://localhost:8080/',
  'sec-fetch-dest' => 'empty',
  'sec-fetch-mode' => 'cors',
  'sec-fetch-site' => 'cross-site',
  'origin' => 'http://localhost:8080',
  'content-type' => 'application/x-www-form-urlencoded',
  'user-agent' => 'Mozilla/5.0 (Windows NT 10.0; Win64; x64) AppleWebKit/537.36 (KHTML, like Gecko) Chrome/83.0.4103.106 Safari/537.36',
  'dnt' => '1',
  'accept' => 'application/json, text/plain, */*',
  'content-length' => '51',
  'connection' => 'close',
  'host' => '127.0.0.1',
)
[ info ] [ PARAM ] array (
  '{"id":4,"role_name":"å®¢æœ","desc":"å®¢æœäººå‘˜"}' => '',
)
[ info ] [ RUN ] app\adminRole\controller\Index->delete[ D:\phpstudy_pro\WWW\peanut\th5\application\adminRole\controller\Index.php ]
[ info ] [ LOG ] INIT File
---------------------------------------------------------------
[ 2020-07-04T00:12:32+08:00 ] 127.0.0.1 POST 127.0.0.1/peanut/th5/public/adminNotice/index/index
[è¿è¡Œæ—¶é—´ï¼š1.696490s] [åžåçŽ‡ï¼š0.59req/s] [å†…å­˜æ¶ˆè€—ï¼š2,513.71kb] [æ–‡ä»¶åŠ è½½ï¼š47]
[ info ] [ LANG ] D:\phpstudy_pro\WWW\peanut\th5\thinkphp\lang\zh-cn.php
[ info ] [ ROUTE ] array (
  'type' => 'module',
  'module' => 
  array (
    0 => 'adminNotice',
    1 => 'index',
    2 => 'index',
  ),
)
[ info ] [ HEADER ] array (
  'accept-language' => 'zh-CN,zh;q=0.9,en;q=0.8',
  'accept-encoding' => 'gzip, deflate, br',
  'referer' => 'http://localhost:8080/',
  'sec-fetch-dest' => 'empty',
  'sec-fetch-mode' => 'cors',
  'sec-fetch-site' => 'cross-site',
  'origin' => 'http://localhost:8080',
  'content-type' => 'application/x-www-form-urlencoded',
  'user-agent' => 'Mozilla/5.0 (Windows NT 10.0; Win64; x64) AppleWebKit/537.36 (KHTML, like Gecko) Chrome/83.0.4103.106 Safari/537.36',
  'dnt' => '1',
  'accept' => 'application/json, text/plain, */*',
  'content-length' => '0',
  'connection' => 'close',
  'host' => '127.0.0.1',
)
[ info ] [ PARAM ] array (
)
[ info ] [ RUN ] app\adminNotice\controller\Index->index[ D:\phpstudy_pro\WWW\peanut\th5\application\adminNotice\controller\Index.php ]
[ info ] [ DB ] INIT mysql
[ info ] [ LOG ] INIT File
[ sql ] [ DB ] CONNECT:[ UseTime:1.318647s ] mysql:host=118.190.149.14;dbname=peanut;charset=utf8
[ sql ] [ SQL ] SHOW COLUMNS FROM `peanut_notice` [ RunTime:0.212138s ]
[ sql ] [ SQL ] SELECT * FROM `peanut_notice` [ RunTime:0.113890s ]
---------------------------------------------------------------
[ 2020-07-04T00:12:43+08:00 ] 127.0.0.1 POST 127.0.0.1/peanut/th5/public/adminNotice/index/add
[è¿è¡Œæ—¶é—´ï¼š0.898308s] [åžåçŽ‡ï¼š1.11req/s] [å†…å­˜æ¶ˆè€—ï¼š2,516.57kb] [æ–‡ä»¶åŠ è½½ï¼š47]
[ info ] [ LANG ] D:\phpstudy_pro\WWW\peanut\th5\thinkphp\lang\zh-cn.php
[ info ] [ ROUTE ] array (
  'type' => 'module',
  'module' => 
  array (
    0 => 'adminNotice',
    1 => 'index',
    2 => 'add',
  ),
)
[ info ] [ HEADER ] array (
  'accept-language' => 'zh-CN,zh;q=0.9,en;q=0.8',
  'accept-encoding' => 'gzip, deflate, br',
  'referer' => 'http://localhost:8080/',
  'sec-fetch-dest' => 'empty',
  'sec-fetch-mode' => 'cors',
  'sec-fetch-site' => 'cross-site',
  'origin' => 'http://localhost:8080',
  'content-type' => 'application/x-www-form-urlencoded',
  'user-agent' => 'Mozilla/5.0 (Windows NT 10.0; Win64; x64) AppleWebKit/537.36 (KHTML, like Gecko) Chrome/83.0.4103.106 Safari/537.36',
  'dnt' => '1',
  'accept' => 'application/json, text/plain, */*',
  'content-length' => '93',
  'connection' => 'close',
  'host' => '127.0.0.1',
)
[ info ] [ PARAM ] array (
  '{"publish":"111","noticeCont":"å•Šå•Šå•Šå•Šå•Šå•Šå•Šå•Šå•Šå•Šå•Šå•Šå•Šå•Šå•Šå•Šå•Šå•Šå•Šå•Š"}' => '',
)
[ info ] [ RUN ] app\adminNotice\controller\Index->add[ D:\phpstudy_pro\WWW\peanut\th5\application\adminNotice\controller\Index.php ]
[ info ] [ DB ] INIT mysql
[ info ] [ LOG ] INIT File
[ sql ] [ DB ] CONNECT:[ UseTime:0.250545s ] mysql:host=118.190.149.14;dbname=peanut;charset=utf8
[ sql ] [ SQL ] SHOW COLUMNS FROM `peanut_notice` [ RunTime:0.226085s ]
[ sql ] [ SQL ] INSERT INTO `peanut_notice` (`notice_Publisher` , `notice_cont`) VALUES ('111' , 'å•Šå•Šå•Šå•Šå•Šå•Šå•Šå•Šå•Šå•Šå•Šå•Šå•Šå•Šå•Šå•Šå•Šå•Šå•Šå•Š') [ RunTime:0.154677s ]
[ sql ] [ SQL ] SELECT * FROM `peanut_notice` [ RunTime:0.224080s ]
---------------------------------------------------------------
[ 2020-07-04T00:12:49+08:00 ] 127.0.0.1 POST 127.0.0.1/peanut/th5/public/adminNotice/index/delete
[è¿è¡Œæ—¶é—´ï¼š0.512618s] [åžåçŽ‡ï¼š1.95req/s] [å†…å­˜æ¶ˆè€—ï¼š2,578.36kb] [æ–‡ä»¶åŠ è½½ï¼š50]
[ info ] [ LANG ] D:\phpstudy_pro\WWW\peanut\th5\thinkphp\lang\zh-cn.php
[ info ] [ ROUTE ] array (
  'type' => 'module',
  'module' => 
  array (
    0 => 'adminNotice',
    1 => 'index',
    2 => 'delete',
  ),
)
[ info ] [ HEADER ] array (
  'accept-language' => 'zh-CN,zh;q=0.9,en;q=0.8',
  'accept-encoding' => 'gzip, deflate, br',
  'referer' => 'http://localhost:8080/',
  'sec-fetch-dest' => 'empty',
  'sec-fetch-mode' => 'cors',
  'sec-fetch-site' => 'cross-site',
  'origin' => 'http://localhost:8080',
  'content-type' => 'application/x-www-form-urlencoded',
  'user-agent' => 'Mozilla/5.0 (Windows NT 10.0; Win64; x64) AppleWebKit/537.36 (KHTML, like Gecko) Chrome/83.0.4103.106 Safari/537.36',
  'dnt' => '1',
  'accept' => 'application/json, text/plain, */*',
  'content-length' => '110',
  'connection' => 'close',
  'host' => '127.0.0.1',
)
[ info ] [ PARAM ] array (
  '{"id":8,"notice_Publisher":"111","notice_cont":"å•Šå•Šå•Šå•Šå•Šå•Šå•Šå•Šå•Šå•Šå•Šå•Šå•Šå•Šå•Šå•Šå•Šå•Šå•Šå•Š"}' => '',
)
[ info ] [ RUN ] app\adminNotice\controller\Index->delete[ D:\phpstudy_pro\WWW\peanut\th5\application\adminNotice\controller\Index.php ]
[ info ] [ DB ] INIT mysql
[ info ] [ CACHE ] INIT File
[ info ] [ LOG ] INIT File
[ sql ] [ DB ] CONNECT:[ UseTime:0.186761s ] mysql:host=118.190.149.14;dbname=peanut;charset=utf8
[ sql ] [ SQL ] SHOW COLUMNS FROM `peanut_notice` [ RunTime:0.082651s ]
[ sql ] [ SQL ] DELETE FROM `peanut_notice`    WHERE  `id` = 8 [ RunTime:0.083254s ]
[ sql ] [ SQL ] SELECT * FROM `peanut_notice` [ RunTime:0.082842s ]
---------------------------------------------------------------
[ 2020-07-04T00:13:19+08:00 ] 127.0.0.1 POST 127.0.0.1/peanut/th5/public/adminRole/index/index
[è¿è¡Œæ—¶é—´ï¼š0.375058s] [åžåçŽ‡ï¼š2.67req/s] [å†…å­˜æ¶ˆè€—ï¼š2,513.66kb] [æ–‡ä»¶åŠ è½½ï¼š47]
[ info ] [ LANG ] D:\phpstudy_pro\WWW\peanut\th5\thinkphp\lang\zh-cn.php
[ info ] [ ROUTE ] array (
  'type' => 'module',
  'module' => 
  array (
    0 => 'adminRole',
    1 => 'index',
    2 => 'index',
  ),
)
[ info ] [ HEADER ] array (
  'accept-language' => 'zh-CN,zh;q=0.9,en;q=0.8',
  'accept-encoding' => 'gzip, deflate, br',
  'referer' => 'http://localhost:8080/',
  'sec-fetch-dest' => 'empty',
  'sec-fetch-mode' => 'cors',
  'sec-fetch-site' => 'cross-site',
  'origin' => 'http://localhost:8080',
  'content-type' => 'application/x-www-form-urlencoded',
  'user-agent' => 'Mozilla/5.0 (Windows NT 10.0; Win64; x64) AppleWebKit/537.36 (KHTML, like Gecko) Chrome/83.0.4103.106 Safari/537.36',
  'dnt' => '1',
  'accept' => 'application/json, text/plain, */*',
  'content-length' => '0',
  'connection' => 'close',
  'host' => '127.0.0.1',
)
[ info ] [ PARAM ] array (
)
[ info ] [ RUN ] app\adminRole\controller\Index->index[ D:\phpstudy_pro\WWW\peanut\th5\application\adminRole\controller\Index.php ]
[ info ] [ DB ] INIT mysql
[ info ] [ LOG ] INIT File
[ sql ] [ DB ] CONNECT:[ UseTime:0.134378s ] mysql:host=118.190.149.14;dbname=peanut;charset=utf8
[ sql ] [ SQL ] SHOW COLUMNS FROM `peanut_role` [ RunTime:0.086373s ]
[ sql ] [ SQL ] SELECT * FROM `peanut_role` [ RunTime:0.086431s ]
---------------------------------------------------------------
[ 2020-07-04T16:37:50+08:00 ] 127.0.0.1 POST 127.0.0.1/peanut/th5/public/adminLogin/index/index
[è¿è¡Œæ—¶é—´ï¼š2.109169s] [åžåçŽ‡ï¼š0.47req/s] [å†…å­˜æ¶ˆè€—ï¼š1,757.38kb] [æ–‡ä»¶åŠ è½½ï¼š42]
[ info ] [ LANG ] D:\phpstudy_pro\WWW\peanut\th5\thinkphp\lang\zh-cn.php
[ info ] [ ROUTE ] array (
  'type' => 'module',
  'module' => 
  array (
    0 => 'adminLogin',
    1 => 'index',
    2 => 'index',
  ),
)
[ info ] [ HEADER ] array (
  'accept-language' => 'zh-CN,zh;q=0.9,en;q=0.8',
  'accept-encoding' => 'gzip, deflate, br',
  'referer' => 'http://localhost:8080/',
  'sec-fetch-dest' => 'empty',
  'sec-fetch-mode' => 'cors',
  'sec-fetch-site' => 'cross-site',
  'origin' => 'http://localhost:8080',
  'content-type' => 'application/x-www-form-urlencoded',
  'user-agent' => 'Mozilla/5.0 (Windows NT 10.0; Win64; x64) AppleWebKit/537.36 (KHTML, like Gecko) Chrome/83.0.4103.106 Safari/537.36',
  'dnt' => '1',
  'accept' => 'application/json, text/plain, */*',
  'cache-control' => 'no-cache',
  'pragma' => 'no-cache',
  'content-length' => '39',
  'connection' => 'close',
  'host' => '127.0.0.1',
)
[ info ] [ PARAM ] array (
  '{"userName":"admin","password":"admin"}' => '',
)
[ info ] [ LOG ] INIT File
[ error ] [0]ÓÉÓÚÄ¿±ê¼ÆËã»ú»ý¼«¾Ü¾ø£¬ÎÞ·¨Á¬½Ó¡£
[D:\phpstudy_pro\WWW\peanut\th5\application\adminLogin\controller\Index.php:32]
---------------------------------------------------------------
[ 2020-07-04T16:37:57+08:00 ] 127.0.0.1 POST 127.0.0.1/peanut/th5/public/adminLogin/index/index
[è¿è¡Œæ—¶é—´ï¼š2.064637s] [åžåçŽ‡ï¼š0.48req/s] [å†…å­˜æ¶ˆè€—ï¼š1,757.38kb] [æ–‡ä»¶åŠ è½½ï¼š42]
[ info ] [ LANG ] D:\phpstudy_pro\WWW\peanut\th5\thinkphp\lang\zh-cn.php
[ info ] [ ROUTE ] array (
  'type' => 'module',
  'module' => 
  array (
    0 => 'adminLogin',
    1 => 'index',
    2 => 'index',
  ),
)
[ info ] [ HEADER ] array (
  'accept-language' => 'zh-CN,zh;q=0.9,en;q=0.8',
  'accept-encoding' => 'gzip, deflate, br',
  'referer' => 'http://localhost:8080/',
  'sec-fetch-dest' => 'empty',
  'sec-fetch-mode' => 'cors',
  'sec-fetch-site' => 'cross-site',
  'origin' => 'http://localhost:8080',
  'content-type' => 'application/x-www-form-urlencoded',
  'user-agent' => 'Mozilla/5.0 (Windows NT 10.0; Win64; x64) AppleWebKit/537.36 (KHTML, like Gecko) Chrome/83.0.4103.106 Safari/537.36',
  'dnt' => '1',
  'accept' => 'application/json, text/plain, */*',
  'cache-control' => 'no-cache',
  'pragma' => 'no-cache',
  'content-length' => '39',
  'connection' => 'close',
  'host' => '127.0.0.1',
)
[ info ] [ PARAM ] array (
  '{"userName":"admin","password":"admin"}' => '',
)
[ info ] [ LOG ] INIT File
[ error ] [0]ÓÉÓÚÄ¿±ê¼ÆËã»ú»ý¼«¾Ü¾ø£¬ÎÞ·¨Á¬½Ó¡£
[D:\phpstudy_pro\WWW\peanut\th5\application\adminLogin\controller\Index.php:32]
---------------------------------------------------------------
[ 2020-07-04T16:38:05+08:00 ] 127.0.0.1 POST 127.0.0.1/peanut/th5/public/adminLogin/index/validateToken
[è¿è¡Œæ—¶é—´ï¼š2.103880s] [åžåçŽ‡ï¼š0.48req/s] [å†…å­˜æ¶ˆè€—ï¼š1,757.49kb] [æ–‡ä»¶åŠ è½½ï¼š42]
[ info ] [ LANG ] D:\phpstudy_pro\WWW\peanut\th5\thinkphp\lang\zh-cn.php
[ info ] [ ROUTE ] array (
  'type' => 'module',
  'module' => 
  array (
    0 => 'adminLogin',
    1 => 'index',
    2 => 'validateToken',
  ),
)
[ info ] [ HEADER ] array (
  'accept-language' => 'zh-CN,zh;q=0.9,en;q=0.8',
  'accept-encoding' => 'gzip, deflate, br',
  'referer' => 'http://localhost:8080/',
  'sec-fetch-dest' => 'empty',
  'sec-fetch-mode' => 'cors',
  'sec-fetch-site' => 'cross-site',
  'origin' => 'http://localhost:8080',
  'content-type' => 'application/x-www-form-urlencoded',
  'user-agent' => 'Mozilla/5.0 (Windows NT 10.0; Win64; x64) AppleWebKit/537.36 (KHTML, like Gecko) Chrome/83.0.4103.106 Safari/537.36',
  'dnt' => '1',
  'accept' => 'application/json, text/plain, */*',
  'cache-control' => 'no-cache',
  'pragma' => 'no-cache',
  'content-length' => '44',
  'connection' => 'close',
  'host' => '127.0.0.1',
)
[ info ] [ PARAM ] array (
  '{"token":"70849b4b34ad9cb1877a2eb18655c9c8"}' => '',
)
[ info ] [ LOG ] INIT File
[ error ] [0]ÓÉÓÚÄ¿±ê¼ÆËã»ú»ý¼«¾Ü¾ø£¬ÎÞ·¨Á¬½Ó¡£
[D:\phpstudy_pro\WWW\peanut\th5\application\adminLogin\controller\Index.php:32]
---------------------------------------------------------------
[ 2020-07-04T16:38:15+08:00 ] 127.0.0.1 POST 127.0.0.1/peanut/th5/public/adminLogin/index/index
[è¿è¡Œæ—¶é—´ï¼š2.071584s] [åžåçŽ‡ï¼š0.48req/s] [å†…å­˜æ¶ˆè€—ï¼š1,757.38kb] [æ–‡ä»¶åŠ è½½ï¼š42]
[ info ] [ LANG ] D:\phpstudy_pro\WWW\peanut\th5\thinkphp\lang\zh-cn.php
[ info ] [ ROUTE ] array (
  'type' => 'module',
  'module' => 
  array (
    0 => 'adminLogin',
    1 => 'index',
    2 => 'index',
  ),
)
[ info ] [ HEADER ] array (
  'accept-language' => 'zh-CN,zh;q=0.9,en;q=0.8',
  'accept-encoding' => 'gzip, deflate, br',
  'referer' => 'http://localhost:8080/',
  'sec-fetch-dest' => 'empty',
  'sec-fetch-mode' => 'cors',
  'sec-fetch-site' => 'cross-site',
  'origin' => 'http://localhost:8080',
  'content-type' => 'application/x-www-form-urlencoded',
  'user-agent' => 'Mozilla/5.0 (Windows NT 10.0; Win64; x64) AppleWebKit/537.36 (KHTML, like Gecko) Chrome/83.0.4103.106 Safari/537.36',
  'dnt' => '1',
  'accept' => 'application/json, text/plain, */*',
  'cache-control' => 'no-cache',
  'pragma' => 'no-cache',
  'content-length' => '35',
  'connection' => 'close',
  'host' => '127.0.0.1',
)
[ info ] [ PARAM ] array (
  '{"userName":"111","password":"111"}' => '',
)
[ info ] [ LOG ] INIT File
[ error ] [0]ÓÉÓÚÄ¿±ê¼ÆËã»ú»ý¼«¾Ü¾ø£¬ÎÞ·¨Á¬½Ó¡£
[D:\phpstudy_pro\WWW\peanut\th5\application\adminLogin\controller\Index.php:32]
---------------------------------------------------------------
[ 2020-07-04T16:38:18+08:00 ] 127.0.0.1 POST 127.0.0.1/peanut/th5/public/adminLogin/index/index
[è¿è¡Œæ—¶é—´ï¼š2.063954s] [åžåçŽ‡ï¼š0.48req/s] [å†…å­˜æ¶ˆè€—ï¼š1,757.38kb] [æ–‡ä»¶åŠ è½½ï¼š42]
[ info ] [ LANG ] D:\phpstudy_pro\WWW\peanut\th5\thinkphp\lang\zh-cn.php
[ info ] [ ROUTE ] array (
  'type' => 'module',
  'module' => 
  array (
    0 => 'adminLogin',
    1 => 'index',
    2 => 'index',
  ),
)
[ info ] [ HEADER ] array (
  'accept-language' => 'zh-CN,zh;q=0.9,en;q=0.8',
  'accept-encoding' => 'gzip, deflate, br',
  'referer' => 'http://localhost:8080/',
  'sec-fetch-dest' => 'empty',
  'sec-fetch-mode' => 'cors',
  'sec-fetch-site' => 'cross-site',
  'origin' => 'http://localhost:8080',
  'content-type' => 'application/x-www-form-urlencoded',
  'user-agent' => 'Mozilla/5.0 (Windows NT 10.0; Win64; x64) AppleWebKit/537.36 (KHTML, like Gecko) Chrome/83.0.4103.106 Safari/537.36',
  'dnt' => '1',
  'accept' => 'application/json, text/plain, */*',
  'cache-control' => 'no-cache',
  'pragma' => 'no-cache',
  'content-length' => '35',
  'connection' => 'close',
  'host' => '127.0.0.1',
)
[ info ] [ PARAM ] array (
  '{"userName":"111","password":"111"}' => '',
)
[ info ] [ LOG ] INIT File
[ error ] [0]ÓÉÓÚÄ¿±ê¼ÆËã»ú»ý¼«¾Ü¾ø£¬ÎÞ·¨Á¬½Ó¡£
[D:\phpstudy_pro\WWW\peanut\th5\application\adminLogin\controller\Index.php:32]
---------------------------------------------------------------
[ 2020-07-04T16:38:18+08:00 ] 127.0.0.1 POST 127.0.0.1/peanut/th5/public/adminLogin/index/index
[è¿è¡Œæ—¶é—´ï¼š2.085358s] [åžåçŽ‡ï¼š0.48req/s] [å†…å­˜æ¶ˆè€—ï¼š1,757.38kb] [æ–‡ä»¶åŠ è½½ï¼š42]
[ info ] [ LANG ] D:\phpstudy_pro\WWW\peanut\th5\thinkphp\lang\zh-cn.php
[ info ] [ ROUTE ] array (
  'type' => 'module',
  'module' => 
  array (
    0 => 'adminLogin',
    1 => 'index',
    2 => 'index',
  ),
)
[ info ] [ HEADER ] array (
  'accept-language' => 'zh-CN,zh;q=0.9,en;q=0.8',
  'accept-encoding' => 'gzip, deflate, br',
  'referer' => 'http://localhost:8080/',
  'sec-fetch-dest' => 'empty',
  'sec-fetch-mode' => 'cors',
  'sec-fetch-site' => 'cross-site',
  'origin' => 'http://localhost:8080',
  'content-type' => 'application/x-www-form-urlencoded',
  'user-agent' => 'Mozilla/5.0 (Windows NT 10.0; Win64; x64) AppleWebKit/537.36 (KHTML, like Gecko) Chrome/83.0.4103.106 Safari/537.36',
  'dnt' => '1',
  'accept' => 'application/json, text/plain, */*',
  'cache-control' => 'no-cache',
  'pragma' => 'no-cache',
  'content-length' => '35',
  'connection' => 'close',
  'host' => '127.0.0.1',
)
[ info ] [ PARAM ] array (
  '{"userName":"111","password":"111"}' => '',
)
[ info ] [ LOG ] INIT File
[ error ] [0]ÓÉÓÚÄ¿±ê¼ÆËã»ú»ý¼«¾Ü¾ø£¬ÎÞ·¨Á¬½Ó¡£
[D:\phpstudy_pro\WWW\peanut\th5\application\adminLogin\controller\Index.php:32]
---------------------------------------------------------------
[ 2020-07-04T16:38:26+08:00 ] 127.0.0.1 POST 127.0.0.1/peanut/th5/public/adminLogin/index/index
[è¿è¡Œæ—¶é—´ï¼š0.930651s] [åžåçŽ‡ï¼š1.07req/s] [å†…å­˜æ¶ˆè€—ï¼š2,495.10kb] [æ–‡ä»¶åŠ è½½ï¼š47]
[ info ] [ LANG ] D:\phpstudy_pro\WWW\peanut\th5\thinkphp\lang\zh-cn.php
[ info ] [ ROUTE ] array (
  'type' => 'module',
  'module' => 
  array (
    0 => 'adminLogin',
    1 => 'index',
    2 => 'index',
  ),
)
[ info ] [ HEADER ] array (
  'accept-language' => 'zh-CN,zh;q=0.9,en;q=0.8',
  'accept-encoding' => 'gzip, deflate, br',
  'referer' => 'http://localhost:8080/',
  'sec-fetch-dest' => 'empty',
  'sec-fetch-mode' => 'cors',
  'sec-fetch-site' => 'cross-site',
  'origin' => 'http://localhost:8080',
  'content-type' => 'application/x-www-form-urlencoded',
  'user-agent' => 'Mozilla/5.0 (Windows NT 10.0; Win64; x64) AppleWebKit/537.36 (KHTML, like Gecko) Chrome/83.0.4103.106 Safari/537.36',
  'dnt' => '1',
  'accept' => 'application/json, text/plain, */*',
  'cache-control' => 'no-cache',
  'pragma' => 'no-cache',
  'content-length' => '35',
  'connection' => 'close',
  'host' => '127.0.0.1',
)
[ info ] [ PARAM ] array (
  '{"userName":"111","password":"111"}' => '',
)
[ info ] [ RUN ] app\adminLogin\controller\Index->index[ D:\phpstudy_pro\WWW\peanut\th5\application\adminLogin\controller\Index.php ]
[ info ] [ DB ] INIT mysql
[ info ] [ LOG ] INIT File
[ sql ] [ DB ] CONNECT:[ UseTime:0.335918s ] mysql:host=118.190.149.14;dbname=peanut;charset=utf8
[ sql ] [ SQL ] SHOW COLUMNS FROM `peanut_staff` [ RunTime:0.086432s ]
[ sql ] [ SQL ] SELECT * FROM `peanut_staff` WHERE  `account` = '111'  AND `password` = '111'  AND `state` = '0' LIMIT 1 [ RunTime:0.087706s ]
[ sql ] [ SQL ] SELECT * FROM `peanut_staff` WHERE  `account` = '111'  AND `password` = '111' LIMIT 1 [ RunTime:0.083782s ]
[ sql ] [ SQL ] SELECT * FROM `peanut_staff` WHERE  `account` = '111'  AND `password` = '111' [ RunTime:0.084285s ]
[ sql ] [ SQL ] SELECT `token` FROM `peanut_staff` WHERE  `account` = '111'  AND `password` = '111' LIMIT 1 [ RunTime:0.084252s ]
[ sql ] [ SQL ] UPDATE `peanut_staff`  SET `token`='1375e4d4c22e81d2d8a754e1d98f0eba'  WHERE  `account` = '111'  AND `password` = '111' [ RunTime:0.088303s ]
---------------------------------------------------------------
[ 2020-07-04T16:38:33+08:00 ] 127.0.0.1 POST 127.0.0.1/peanut/th5/public/adminRole/index/index
[è¿è¡Œæ—¶é—´ï¼š0.377553s] [åžåçŽ‡ï¼š2.65req/s] [å†…å­˜æ¶ˆè€—ï¼š2,513.66kb] [æ–‡ä»¶åŠ è½½ï¼š47]
[ info ] [ LANG ] D:\phpstudy_pro\WWW\peanut\th5\thinkphp\lang\zh-cn.php
[ info ] [ ROUTE ] array (
  'type' => 'module',
  'module' => 
  array (
    0 => 'adminRole',
    1 => 'index',
    2 => 'index',
  ),
)
[ info ] [ HEADER ] array (
  'accept-language' => 'zh-CN,zh;q=0.9,en;q=0.8',
  'accept-encoding' => 'gzip, deflate, br',
  'referer' => 'http://localhost:8080/',
  'sec-fetch-dest' => 'empty',
  'sec-fetch-mode' => 'cors',
  'sec-fetch-site' => 'cross-site',
  'origin' => 'http://localhost:8080',
  'content-type' => 'application/x-www-form-urlencoded',
  'user-agent' => 'Mozilla/5.0 (Windows NT 10.0; Win64; x64) AppleWebKit/537.36 (KHTML, like Gecko) Chrome/83.0.4103.106 Safari/537.36',
  'dnt' => '1',
  'accept' => 'application/json, text/plain, */*',
  'content-length' => '0',
  'connection' => 'close',
  'host' => '127.0.0.1',
)
[ info ] [ PARAM ] array (
)
[ info ] [ RUN ] app\adminRole\controller\Index->index[ D:\phpstudy_pro\WWW\peanut\th5\application\adminRole\controller\Index.php ]
[ info ] [ DB ] INIT mysql
[ info ] [ LOG ] INIT File
[ sql ] [ DB ] CONNECT:[ UseTime:0.116226s ] mysql:host=118.190.149.14;dbname=peanut;charset=utf8
[ sql ] [ SQL ] SHOW COLUMNS FROM `peanut_role` [ RunTime:0.077514s ]
[ sql ] [ SQL ] SELECT * FROM `peanut_role` [ RunTime:0.076275s ]
---------------------------------------------------------------
[ 2020-07-04T16:38:37+08:00 ] 127.0.0.1 POST 127.0.0.1/peanut/th5/public/adminRole/index/index
[è¿è¡Œæ—¶é—´ï¼š0.404265s] [åžåçŽ‡ï¼š2.47req/s] [å†…å­˜æ¶ˆè€—ï¼š2,513.66kb] [æ–‡ä»¶åŠ è½½ï¼š47]
[ info ] [ LANG ] D:\phpstudy_pro\WWW\peanut\th5\thinkphp\lang\zh-cn.php
[ info ] [ ROUTE ] array (
  'type' => 'module',
  'module' => 
  array (
    0 => 'adminRole',
    1 => 'index',
    2 => 'index',
  ),
)
[ info ] [ HEADER ] array (
  'accept-language' => 'zh-CN,zh;q=0.9,en;q=0.8',
  'accept-encoding' => 'gzip, deflate, br',
  'referer' => 'http://localhost:8080/',
  'sec-fetch-dest' => 'empty',
  'sec-fetch-mode' => 'cors',
  'sec-fetch-site' => 'cross-site',
  'origin' => 'http://localhost:8080',
  'content-type' => 'application/x-www-form-urlencoded',
  'user-agent' => 'Mozilla/5.0 (Windows NT 10.0; Win64; x64) AppleWebKit/537.36 (KHTML, like Gecko) Chrome/83.0.4103.106 Safari/537.36',
  'dnt' => '1',
  'accept' => 'application/json, text/plain, */*',
  'content-length' => '0',
  'connection' => 'close',
  'host' => '127.0.0.1',
)
[ info ] [ PARAM ] array (
)
[ info ] [ RUN ] app\adminRole\controller\Index->index[ D:\phpstudy_pro\WWW\peanut\th5\application\adminRole\controller\Index.php ]
[ info ] [ DB ] INIT mysql
[ info ] [ LOG ] INIT File
[ sql ] [ DB ] CONNECT:[ UseTime:0.142043s ] mysql:host=118.190.149.14;dbname=peanut;charset=utf8
[ sql ] [ SQL ] SHOW COLUMNS FROM `peanut_role` [ RunTime:0.088032s ]
[ sql ] [ SQL ] SELECT * FROM `peanut_role` [ RunTime:0.089753s ]
---------------------------------------------------------------
[ 2020-07-04T16:38:47+08:00 ] 127.0.0.1 POST 127.0.0.1/peanut/th5/public/adminNotice/index/index
[è¿è¡Œæ—¶é—´ï¼š0.409230s] [åžåçŽ‡ï¼š2.44req/s] [å†…å­˜æ¶ˆè€—ï¼š2,513.71kb] [æ–‡ä»¶åŠ è½½ï¼š47]
[ info ] [ LANG ] D:\phpstudy_pro\WWW\peanut\th5\thinkphp\lang\zh-cn.php
[ info ] [ ROUTE ] array (
  'type' => 'module',
  'module' => 
  array (
    0 => 'adminNotice',
    1 => 'index',
    2 => 'index',
  ),
)
[ info ] [ HEADER ] array (
  'accept-language' => 'zh-CN,zh;q=0.9,en;q=0.8',
  'accept-encoding' => 'gzip, deflate, br',
  'referer' => 'http://localhost:8080/',
  'sec-fetch-dest' => 'empty',
  'sec-fetch-mode' => 'cors',
  'sec-fetch-site' => 'cross-site',
  'origin' => 'http://localhost:8080',
  'content-type' => 'application/x-www-form-urlencoded',
  'user-agent' => 'Mozilla/5.0 (Windows NT 10.0; Win64; x64) AppleWebKit/537.36 (KHTML, like Gecko) Chrome/83.0.4103.106 Safari/537.36',
  'dnt' => '1',
  'accept' => 'application/json, text/plain, */*',
  'content-length' => '0',
  'connection' => 'close',
  'host' => '127.0.0.1',
)
[ info ] [ PARAM ] array (
)
[ info ] [ RUN ] app\adminNotice\controller\Index->index[ D:\phpstudy_pro\WWW\peanut\th5\application\adminNotice\controller\Index.php ]
[ info ] [ DB ] INIT mysql
[ info ] [ LOG ] INIT File
[ sql ] [ DB ] CONNECT:[ UseTime:0.116200s ] mysql:host=118.190.149.14;dbname=peanut;charset=utf8
[ sql ] [ SQL ] SHOW COLUMNS FROM `peanut_notice` [ RunTime:0.073500s ]
[ sql ] [ SQL ] SELECT * FROM `peanut_notice` [ RunTime:0.075070s ]
---------------------------------------------------------------
[ 2020-07-04T16:41:51+08:00 ] 127.0.0.1 POST 127.0.0.1/peanut/th5/public/adminRole/index/index
[è¿è¡Œæ—¶é—´ï¼š0.393293s] [åžåçŽ‡ï¼š2.54req/s] [å†…å­˜æ¶ˆè€—ï¼š2,513.66kb] [æ–‡ä»¶åŠ è½½ï¼š47]
[ info ] [ LANG ] D:\phpstudy_pro\WWW\peanut\th5\thinkphp\lang\zh-cn.php
[ info ] [ ROUTE ] array (
  'type' => 'module',
  'module' => 
  array (
    0 => 'adminRole',
    1 => 'index',
    2 => 'index',
  ),
)
[ info ] [ HEADER ] array (
  'accept-language' => 'zh-CN,zh;q=0.9,en;q=0.8',
  'accept-encoding' => 'gzip, deflate, br',
  'referer' => 'http://localhost:8080/',
  'sec-fetch-dest' => 'empty',
  'sec-fetch-mode' => 'cors',
  'sec-fetch-site' => 'cross-site',
  'origin' => 'http://localhost:8080',
  'content-type' => 'application/x-www-form-urlencoded',
  'user-agent' => 'Mozilla/5.0 (Windows NT 10.0; Win64; x64) AppleWebKit/537.36 (KHTML, like Gecko) Chrome/83.0.4103.106 Safari/537.36',
  'dnt' => '1',
  'accept' => 'application/json, text/plain, */*',
  'content-length' => '0',
  'connection' => 'close',
  'host' => '127.0.0.1',
)
[ info ] [ PARAM ] array (
)
[ info ] [ RUN ] app\adminRole\controller\Index->index[ D:\phpstudy_pro\WWW\peanut\th5\application\adminRole\controller\Index.php ]
[ info ] [ DB ] INIT mysql
[ info ] [ LOG ] INIT File
[ sql ] [ DB ] CONNECT:[ UseTime:0.119763s ] mysql:host=118.190.149.14;dbname=peanut;charset=utf8
[ sql ] [ SQL ] SHOW COLUMNS FROM `peanut_role` [ RunTime:0.081020s ]
[ sql ] [ SQL ] SELECT * FROM `peanut_role` [ RunTime:0.078245s ]
---------------------------------------------------------------
[ 2020-07-04T16:49:22+08:00 ] 127.0.0.1 POST 127.0.0.1/peanut/th5/public/adminNotice/index/index
[è¿è¡Œæ—¶é—´ï¼š0.338060s] [åžåçŽ‡ï¼š2.96req/s] [å†…å­˜æ¶ˆè€—ï¼š2,513.71kb] [æ–‡ä»¶åŠ è½½ï¼š47]
[ info ] [ LANG ] D:\phpstudy_pro\WWW\peanut\th5\thinkphp\lang\zh-cn.php
[ info ] [ ROUTE ] array (
  'type' => 'module',
  'module' => 
  array (
    0 => 'adminNotice',
    1 => 'index',
    2 => 'index',
  ),
)
[ info ] [ HEADER ] array (
  'accept-language' => 'zh-CN,zh;q=0.9,en;q=0.8',
  'accept-encoding' => 'gzip, deflate, br',
  'referer' => 'http://localhost:8080/',
  'sec-fetch-dest' => 'empty',
  'sec-fetch-mode' => 'cors',
  'sec-fetch-site' => 'cross-site',
  'origin' => 'http://localhost:8080',
  'content-type' => 'application/x-www-form-urlencoded',
  'user-agent' => 'Mozilla/5.0 (Windows NT 10.0; Win64; x64) AppleWebKit/537.36 (KHTML, like Gecko) Chrome/83.0.4103.106 Safari/537.36',
  'dnt' => '1',
  'accept' => 'application/json, text/plain, */*',
  'content-length' => '0',
  'connection' => 'close',
  'host' => '127.0.0.1',
)
[ info ] [ PARAM ] array (
)
[ info ] [ RUN ] app\adminNotice\controller\Index->index[ D:\phpstudy_pro\WWW\peanut\th5\application\adminNotice\controller\Index.php ]
[ info ] [ DB ] INIT mysql
[ info ] [ LOG ] INIT File
[ sql ] [ DB ] CONNECT:[ UseTime:0.110519s ] mysql:host=118.190.149.14;dbname=peanut;charset=utf8
[ sql ] [ SQL ] SHOW COLUMNS FROM `peanut_notice` [ RunTime:0.073790s ]
[ sql ] [ SQL ] SELECT * FROM `peanut_notice` [ RunTime:0.079456s ]
---------------------------------------------------------------
[ 2020-07-04T16:52:44+08:00 ] 127.0.0.1 POST 127.0.0.1/peanut/th5/public/adminRole/index/index
[è¿è¡Œæ—¶é—´ï¼š0.314716s] [åžåçŽ‡ï¼š3.18req/s] [å†…å­˜æ¶ˆè€—ï¼š2,513.66kb] [æ–‡ä»¶åŠ è½½ï¼š47]
[ info ] [ LANG ] D:\phpstudy_pro\WWW\peanut\th5\thinkphp\lang\zh-cn.php
[ info ] [ ROUTE ] array (
  'type' => 'module',
  'module' => 
  array (
    0 => 'adminRole',
    1 => 'index',
    2 => 'index',
  ),
)
[ info ] [ HEADER ] array (
  'accept-language' => 'zh-CN,zh;q=0.9,en;q=0.8',
  'accept-encoding' => 'gzip, deflate, br',
  'referer' => 'http://localhost:8080/',
  'sec-fetch-dest' => 'empty',
  'sec-fetch-mode' => 'cors',
  'sec-fetch-site' => 'cross-site',
  'origin' => 'http://localhost:8080',
  'content-type' => 'application/x-www-form-urlencoded',
  'user-agent' => 'Mozilla/5.0 (Windows NT 10.0; Win64; x64) AppleWebKit/537.36 (KHTML, like Gecko) Chrome/83.0.4103.106 Safari/537.36',
  'dnt' => '1',
  'accept' => 'application/json, text/plain, */*',
  'content-length' => '0',
  'connection' => 'close',
  'host' => '127.0.0.1',
)
[ info ] [ PARAM ] array (
)
[ info ] [ RUN ] app\adminRole\controller\Index->index[ D:\phpstudy_pro\WWW\peanut\th5\application\adminRole\controller\Index.php ]
[ info ] [ DB ] INIT mysql
[ info ] [ LOG ] INIT File
[ sql ] [ DB ] CONNECT:[ UseTime:0.105071s ] mysql:host=118.190.149.14;dbname=peanut;charset=utf8
[ sql ] [ SQL ] SHOW COLUMNS FROM `peanut_role` [ RunTime:0.071300s ]
[ sql ] [ SQL ] SELECT * FROM `peanut_role` [ RunTime:0.073349s ]
---------------------------------------------------------------
[ 2020-07-04T17:01:17+08:00 ] 127.0.0.1 GET 127.0.0.1/peanut/th5/public/adminLogin/index/index
[è¿è¡Œæ—¶é—´ï¼š0.539962s] [åžåçŽ‡ï¼š1.85req/s] [å†…å­˜æ¶ˆè€—ï¼š2,522.83kb] [æ–‡ä»¶åŠ è½½ï¼š47]
[ info ] [ LANG ] D:\phpstudy_pro\WWW\peanut\th5\thinkphp\lang\zh-cn.php
[ info ] [ ROUTE ] array (
  'type' => 'module',
  'module' => 
  array (
    0 => 'adminLogin',
    1 => 'index',
    2 => 'index',
  ),
)
[ info ] [ HEADER ] array (
  'cookie' => 'SK_UUID=1588556237312-C8E460769D8000018C57B97013D611CC',
  'accept-language' => 'zh-CN,zh;q=0.9,en;q=0.8',
  'accept-encoding' => 'gzip, deflate, br',
  'sec-fetch-dest' => 'document',
  'sec-fetch-mode' => 'navigate',
  'sec-fetch-site' => 'none',
  'accept' => 'text/html,application/xhtml+xml,application/xml;q=0.9,image/webp,image/apng,*/*;q=0.8,application/signed-exchange;v=b3;q=0.9',
  'user-agent' => 'Mozilla/5.0 (Windows NT 10.0; Win64; x64) AppleWebKit/537.36 (KHTML, like Gecko) Chrome/83.0.4103.106 Safari/537.36',
  'upgrade-insecure-requests' => '1',
  'dnt' => '1',
  'connection' => 'close',
  'host' => '127.0.0.1',
)
[ info ] [ PARAM ] array (
)
[ info ] [ RUN ] app\adminLogin\controller\Index->index[ D:\phpstudy_pro\WWW\peanut\th5\application\adminLogin\controller\Index.php ]
[ info ] [ DB ] INIT mysql
[ info ] [ LOG ] INIT File
[ sql ] [ DB ] CONNECT:[ UseTime:0.133276s ] mysql:host=118.190.149.14;dbname=peanut;charset=utf8
[ sql ] [ SQL ] SHOW COLUMNS FROM `peanut_staff` [ RunTime:0.087180s ]
[ sql ] [ SQL ] SELECT * FROM `peanut_staff` WHERE  `account` IS NULL  AND `password` IS NULL  AND `state` = '0' LIMIT 1 [ RunTime:0.088059s ]
[ sql ] [ SQL ] SELECT * FROM `peanut_staff` WHERE  `account` IS NULL  AND `password` IS NULL LIMIT 1 [ RunTime:0.090769s ]
---------------------------------------------------------------
[ 2020-07-04T17:01:39+08:00 ] 127.0.0.1 GET 127.0.0.1/peanut/th5/public/adminLogin/index/validateToken
[è¿è¡Œæ—¶é—´ï¼š0.099755s] [åžåçŽ‡ï¼š10.02req/s] [å†…å­˜æ¶ˆè€—ï¼š1,636.27kb] [æ–‡ä»¶åŠ è½½ï¼š40]
[ info ] [ LANG ] D:\phpstudy_pro\WWW\peanut\th5\thinkphp\lang\zh-cn.php
[ info ] [ ROUTE ] array (
  'type' => 'module',
  'module' => 
  array (
    0 => 'adminLogin',
    1 => 'index',
    2 => 'validateToken',
  ),
)
[ info ] [ HEADER ] array (
  'cookie' => 'SK_UUID=1588556237312-C8E460769D8000018C57B97013D611CC',
  'accept-language' => 'zh-CN,zh;q=0.9,en;q=0.8',
  'accept-encoding' => 'gzip, deflate, br',
  'sec-fetch-dest' => 'document',
  'sec-fetch-mode' => 'navigate',
  'sec-fetch-site' => 'none',
  'accept' => 'text/html,application/xhtml+xml,application/xml;q=0.9,image/webp,image/apng,*/*;q=0.8,application/signed-exchange;v=b3;q=0.9',
  'user-agent' => 'Mozilla/5.0 (Windows NT 10.0; Win64; x64) AppleWebKit/537.36 (KHTML, like Gecko) Chrome/83.0.4103.106 Safari/537.36',
  'upgrade-insecure-requests' => '1',
  'dnt' => '1',
  'connection' => 'close',
  'host' => '127.0.0.1',
)
[ info ] [ PARAM ] array (
)
[ info ] [ RUN ] app\adminLogin\controller\Index->validateToken[ D:\phpstudy_pro\WWW\peanut\th5\application\adminLogin\controller\Index.php ]
[ info ] [ LOG ] INIT File
---------------------------------------------------------------
[ 2020-07-04T17:06:04+08:00 ] 127.0.0.1 POST 127.0.0.1/peanut/th5/public/adminRole/index/index
[è¿è¡Œæ—¶é—´ï¼š0.379489s] [åžåçŽ‡ï¼š2.64req/s] [å†…å­˜æ¶ˆè€—ï¼š2,514.05kb] [æ–‡ä»¶åŠ è½½ï¼š47]
[ info ] [ LANG ] D:\phpstudy_pro\WWW\peanut\th5\thinkphp\lang\zh-cn.php
[ info ] [ ROUTE ] array (
  'type' => 'module',
  'module' => 
  array (
    0 => 'adminRole',
    1 => 'index',
    2 => 'index',
  ),
)
[ info ] [ HEADER ] array (
  'accept-language' => 'zh-CN,zh;q=0.9,en;q=0.8',
  'accept-encoding' => 'gzip, deflate, br',
  'referer' => 'http://localhost:8080/',
  'sec-fetch-dest' => 'empty',
  'sec-fetch-mode' => 'cors',
  'sec-fetch-site' => 'cross-site',
  'origin' => 'http://localhost:8080',
  'content-type' => 'application/x-www-form-urlencoded',
  'user-agent' => 'Mozilla/5.0 (Windows NT 10.0; Win64; x64) AppleWebKit/537.36 (KHTML, like Gecko) Chrome/83.0.4103.106 Safari/537.36',
  'dnt' => '1',
  'accept' => 'application/json, text/plain, */*',
  'cache-control' => 'no-cache',
  'pragma' => 'no-cache',
  'content-length' => '0',
  'connection' => 'close',
  'host' => '127.0.0.1',
)
[ info ] [ PARAM ] array (
)
[ info ] [ RUN ] app\adminRole\controller\Index->index[ D:\phpstudy_pro\WWW\peanut\th5\application\adminRole\controller\Index.php ]
[ info ] [ DB ] INIT mysql
[ info ] [ LOG ] INIT File
[ sql ] [ DB ] CONNECT:[ UseTime:0.118115s ] mysql:host=118.190.149.14;dbname=peanut;charset=utf8
[ sql ] [ SQL ] SHOW COLUMNS FROM `peanut_role` [ RunTime:0.082092s ]
[ sql ] [ SQL ] SELECT * FROM `peanut_role` [ RunTime:0.089042s ]
