---------------------------------------------------------------
[ 2020-07-06T09:38:58+08:00 ] 127.0.0.1 GET 127.0.0.1/peanut/th5/public/goods/index/getTime
[运行时间：4.664191s] [吞吐率：0.21req/s] [内存消耗：2,547.80kb] [文件加载：47]
[ info ] [ LANG ] D:\phpstudy_pro\WWW\peanut\th5\thinkphp\lang\zh-cn.php
[ info ] [ ROUTE ] array (
  'type' => 'module',
  'module' => 
  array (
    0 => 'goods',
    1 => 'index',
    2 => 'getTime',
  ),
)
[ info ] [ HEADER ] array (
  'accept-language' => 'zh-CN,zh;q=0.9',
  'accept-encoding' => 'gzip, deflate, br',
  'referer' => 'http://localhost:8080/',
  'sec-fetch-dest' => 'empty',
  'sec-fetch-mode' => 'cors',
  'sec-fetch-site' => 'cross-site',
  'origin' => 'http://localhost:8080',
  'user-agent' => 'Mozilla/5.0 (Windows NT 6.1; WOW64) AppleWebKit/537.36 (KHTML, like Gecko) Chrome/81.0.4044.9 Safari/537.36',
  'accept' => 'application/json, text/plain, */*',
  'connection' => 'close',
  'host' => '127.0.0.1',
)
[ info ] [ PARAM ] array (
)
[ info ] [ RUN ] app\goods\controller\Index->getTime[ D:\phpstudy_pro\WWW\peanut\th5\application\goods\controller\Index.php ]
[ info ] [ DB ] INIT mysql
[ info ] [ LOG ] INIT File
[ sql ] [ DB ] CONNECT:[ UseTime:0.101006s ] mysql:host=118.190.149.14;dbname=peanut;charset=utf8
[ sql ] [ SQL ] SHOW COLUMNS FROM `peanut_auction` [ RunTime:0.066004s ]
[ sql ] [ SQL ] SELECT * FROM `peanut_auction` [ RunTime:0.062003s ]
---------------------------------------------------------------
[ 2020-07-06T09:38:58+08:00 ] 127.0.0.1 GET 127.0.0.1/peanut/th5/public/goods/index/getSale
[运行时间：4.665191s] [吞吐率：0.21req/s] [内存消耗：2,582.99kb] [文件加载：47]
[ info ] [ LANG ] D:\phpstudy_pro\WWW\peanut\th5\thinkphp\lang\zh-cn.php
[ info ] [ ROUTE ] array (
  'type' => 'module',
  'module' => 
  array (
    0 => 'goods',
    1 => 'index',
    2 => 'getSale',
  ),
)
[ info ] [ HEADER ] array (
  'accept-language' => 'zh-CN,zh;q=0.9',
  'accept-encoding' => 'gzip, deflate, br',
  'referer' => 'http://localhost:8080/',
  'sec-fetch-dest' => 'empty',
  'sec-fetch-mode' => 'cors',
  'sec-fetch-site' => 'cross-site',
  'origin' => 'http://localhost:8080',
  'user-agent' => 'Mozilla/5.0 (Windows NT 6.1; WOW64) AppleWebKit/537.36 (KHTML, like Gecko) Chrome/81.0.4044.9 Safari/537.36',
  'accept' => 'application/json, text/plain, */*',
  'connection' => 'close',
  'host' => '127.0.0.1',
)
[ info ] [ PARAM ] array (
)
[ info ] [ RUN ] app\goods\controller\Index->getSale[ D:\phpstudy_pro\WWW\peanut\th5\application\goods\controller\Index.php ]
[ info ] [ DB ] INIT mysql
[ info ] [ LOG ] INIT File
[ sql ] [ DB ] CONNECT:[ UseTime:0.109006s ] mysql:host=118.190.149.14;dbname=peanut;charset=utf8
[ sql ] [ SQL ] SHOW COLUMNS FROM `peanut_vehicle` [ RunTime:0.070004s ]
[ sql ] [ SQL ] SELECT * FROM `peanut_vehicle` `v` INNER JOIN `peanut_auction` `a` ON `v`.`auction_id`=`a`.`id` INNER JOIN `peanut_user` `u` ON `u`.`id`=`v`.`sell_id` WHERE  `vehicle_state` = '拍卖中' OR ( `vehicle_state` = '未审核' OR `vehicle_state` = '已拍卖' ) [ RunTime:0.075004s ]
---------------------------------------------------------------
[ 2020-07-06T09:38:58+08:00 ] 127.0.0.1 GET 127.0.0.1/peanut/th5/public/goods/index/getCity
[运行时间：4.667191s] [吞吐率：0.21req/s] [内存消耗：2,550.55kb] [文件加载：47]
[ info ] [ LANG ] D:\phpstudy_pro\WWW\peanut\th5\thinkphp\lang\zh-cn.php
[ info ] [ ROUTE ] array (
  'type' => 'module',
  'module' => 
  array (
    0 => 'goods',
    1 => 'index',
    2 => 'getCity',
  ),
)
[ info ] [ HEADER ] array (
  'accept-language' => 'zh-CN,zh;q=0.9',
  'accept-encoding' => 'gzip, deflate, br',
  'referer' => 'http://localhost:8080/',
  'sec-fetch-dest' => 'empty',
  'sec-fetch-mode' => 'cors',
  'sec-fetch-site' => 'cross-site',
  'origin' => 'http://localhost:8080',
  'user-agent' => 'Mozilla/5.0 (Windows NT 6.1; WOW64) AppleWebKit/537.36 (KHTML, like Gecko) Chrome/81.0.4044.9 Safari/537.36',
  'accept' => 'application/json, text/plain, */*',
  'connection' => 'close',
  'host' => '127.0.0.1',
)
[ info ] [ PARAM ] array (
)
[ info ] [ RUN ] app\goods\controller\Index->getCity[ D:\phpstudy_pro\WWW\peanut\th5\application\goods\controller\Index.php ]
[ info ] [ DB ] INIT mysql
[ info ] [ LOG ] INIT File
[ sql ] [ DB ] CONNECT:[ UseTime:0.114007s ] mysql:host=118.190.149.14;dbname=peanut;charset=utf8
[ sql ] [ SQL ] SHOW COLUMNS FROM `peanut_city` [ RunTime:0.070004s ]
[ sql ] [ SQL ] SELECT * FROM `peanut_city` [ RunTime:0.070004s ]
---------------------------------------------------------------
[ 2020-07-06T09:38:58+08:00 ] 127.0.0.1 GET 127.0.0.1/peanut/th5/public/goods/index/getTab
[运行时间：4.668191s] [吞吐率：0.21req/s] [内存消耗：2,547.48kb] [文件加载：47]
[ info ] [ LANG ] D:\phpstudy_pro\WWW\peanut\th5\thinkphp\lang\zh-cn.php
[ info ] [ ROUTE ] array (
  'type' => 'module',
  'module' => 
  array (
    0 => 'goods',
    1 => 'index',
    2 => 'getTab',
  ),
)
[ info ] [ HEADER ] array (
  'accept-language' => 'zh-CN,zh;q=0.9',
  'accept-encoding' => 'gzip, deflate, br',
  'referer' => 'http://localhost:8080/',
  'sec-fetch-dest' => 'empty',
  'sec-fetch-mode' => 'cors',
  'sec-fetch-site' => 'cross-site',
  'origin' => 'http://localhost:8080',
  'user-agent' => 'Mozilla/5.0 (Windows NT 6.1; WOW64) AppleWebKit/537.36 (KHTML, like Gecko) Chrome/81.0.4044.9 Safari/537.36',
  'accept' => 'application/json, text/plain, */*',
  'connection' => 'close',
  'host' => '127.0.0.1',
)
[ info ] [ PARAM ] array (
)
[ info ] [ RUN ] app\goods\controller\Index->getTab[ D:\phpstudy_pro\WWW\peanut\th5\application\goods\controller\Index.php ]
[ info ] [ DB ] INIT mysql
[ info ] [ LOG ] INIT File
[ sql ] [ DB ] CONNECT:[ UseTime:0.110007s ] mysql:host=118.190.149.14;dbname=peanut;charset=utf8
[ sql ] [ SQL ] SHOW COLUMNS FROM `peanut_tab` [ RunTime:0.072004s ]
[ sql ] [ SQL ] SELECT * FROM `peanut_tab` [ RunTime:0.073004s ]
---------------------------------------------------------------
[ 2020-07-06T09:38:58+08:00 ] 127.0.0.1 GET 127.0.0.1/peanut/th5/public/goods/index/getSeries
[运行时间：4.671191s] [吞吐率：0.21req/s] [内存消耗：2,551.38kb] [文件加载：47]
[ info ] [ LANG ] D:\phpstudy_pro\WWW\peanut\th5\thinkphp\lang\zh-cn.php
[ info ] [ ROUTE ] array (
  'type' => 'module',
  'module' => 
  array (
    0 => 'goods',
    1 => 'index',
    2 => 'getSeries',
  ),
)
[ info ] [ HEADER ] array (
  'accept-language' => 'zh-CN,zh;q=0.9',
  'accept-encoding' => 'gzip, deflate, br',
  'referer' => 'http://localhost:8080/',
  'sec-fetch-dest' => 'empty',
  'sec-fetch-mode' => 'cors',
  'sec-fetch-site' => 'cross-site',
  'origin' => 'http://localhost:8080',
  'user-agent' => 'Mozilla/5.0 (Windows NT 6.1; WOW64) AppleWebKit/537.36 (KHTML, like Gecko) Chrome/81.0.4044.9 Safari/537.36',
  'accept' => 'application/json, text/plain, */*',
  'connection' => 'close',
  'host' => '127.0.0.1',
)
[ info ] [ PARAM ] array (
)
[ info ] [ RUN ] app\goods\controller\Index->getSeries[ D:\phpstudy_pro\WWW\peanut\th5\application\goods\controller\Index.php ]
[ info ] [ DB ] INIT mysql
[ info ] [ LOG ] INIT File
[ sql ] [ DB ] CONNECT:[ UseTime:0.118007s ] mysql:host=118.190.149.14;dbname=peanut;charset=utf8
[ sql ] [ SQL ] SHOW COLUMNS FROM `peanut_series` [ RunTime:0.067004s ]
[ sql ] [ SQL ] SELECT series_id as value,series_name as label,`brand_id` FROM `peanut_series` [ RunTime:0.068004s ]
[ sql ] [ SQL ] SHOW COLUMNS FROM `peanut_brand` [ RunTime:0.085005s ]
[ sql ] [ SQL ] SELECT brand_id as value,brand_name as label FROM `peanut_brand` [ RunTime:0.088001s ]
---------------------------------------------------------------
[ 2020-07-06T09:39:06+08:00 ] 127.0.0.1 GET 127.0.0.1/peanut/th5/public/goods/index/get
[运行时间：0.349020s] [吞吐率：2.87req/s] [内存消耗：2,686.26kb] [文件加载：47]
[ info ] [ LANG ] D:\phpstudy_pro\WWW\peanut\th5\thinkphp\lang\zh-cn.php
[ info ] [ ROUTE ] array (
  'type' => 'module',
  'module' => 
  array (
    0 => 'goods',
    1 => 'index',
    2 => 'get',
  ),
)
[ info ] [ HEADER ] array (
  'accept-language' => 'zh-CN,zh;q=0.9',
  'accept-encoding' => 'gzip, deflate, br',
  'referer' => 'http://localhost:8080/',
  'sec-fetch-dest' => 'empty',
  'sec-fetch-mode' => 'cors',
  'sec-fetch-site' => 'cross-site',
  'origin' => 'http://localhost:8080',
  'user-agent' => 'Mozilla/5.0 (Windows NT 6.1; WOW64) AppleWebKit/537.36 (KHTML, like Gecko) Chrome/81.0.4044.9 Safari/537.36',
  'accept' => 'application/json, text/plain, */*',
  'connection' => 'close',
  'host' => '127.0.0.1',
)
[ info ] [ PARAM ] array (
)
[ info ] [ RUN ] app\goods\controller\Index->get[ D:\phpstudy_pro\WWW\peanut\th5\application\goods\controller\Index.php ]
[ info ] [ DB ] INIT mysql
[ info ] [ LOG ] INIT File
[ sql ] [ DB ] CONNECT:[ UseTime:0.118007s ] mysql:host=118.190.149.14;dbname=peanut;charset=utf8
[ sql ] [ SQL ] SHOW COLUMNS FROM `peanut_vehicle` [ RunTime:0.070004s ]
[ sql ] [ SQL ] SELECT * FROM `peanut_vehicle` `v` INNER JOIN `peanut_series` `s` ON `v`.`series_id`=`s`.`series_id` INNER JOIN `peanut_brand` `b` ON `s`.`brand_id`=`b`.`brand_id` INNER JOIN `peanut_user` `u` ON `u`.`id`=`v`.`sell_id` WHERE  `vehicle_state` = '已上架' OR `vehicle_state` = '已下架' [ RunTime:0.105006s ]
---------------------------------------------------------------
[ 2020-07-06T09:39:53+08:00 ] 127.0.0.1 GET 127.0.0.1/peanut/th5/public/goods/index/getSale
[运行时间：0.300017s] [吞吐率：3.33req/s] [内存消耗：2,583.00kb] [文件加载：47]
[ info ] [ LANG ] D:\phpstudy_pro\WWW\peanut\th5\thinkphp\lang\zh-cn.php
[ info ] [ ROUTE ] array (
  'type' => 'module',
  'module' => 
  array (
    0 => 'goods',
    1 => 'index',
    2 => 'getSale',
  ),
)
[ info ] [ HEADER ] array (
  'accept-language' => 'zh-CN,zh;q=0.9',
  'accept-encoding' => 'gzip, deflate, br',
  'referer' => 'http://localhost:8080/',
  'sec-fetch-dest' => 'empty',
  'sec-fetch-mode' => 'cors',
  'sec-fetch-site' => 'cross-site',
  'origin' => 'http://localhost:8080',
  'user-agent' => 'Mozilla/5.0 (Windows NT 6.1; WOW64) AppleWebKit/537.36 (KHTML, like Gecko) Chrome/81.0.4044.9 Safari/537.36',
  'accept' => 'application/json, text/plain, */*',
  'connection' => 'close',
  'host' => '127.0.0.1',
)
[ info ] [ PARAM ] array (
)
[ info ] [ RUN ] app\goods\controller\Index->getSale[ D:\phpstudy_pro\WWW\peanut\th5\application\goods\controller\Index.php ]
[ info ] [ DB ] INIT mysql
[ info ] [ LOG ] INIT File
[ sql ] [ DB ] CONNECT:[ UseTime:0.117007s ] mysql:host=118.190.149.14;dbname=peanut;charset=utf8
[ sql ] [ SQL ] SHOW COLUMNS FROM `peanut_vehicle` [ RunTime:0.075004s ]
[ sql ] [ SQL ] SELECT * FROM `peanut_vehicle` `v` INNER JOIN `peanut_auction` `a` ON `v`.`auction_id`=`a`.`id` INNER JOIN `peanut_user` `u` ON `u`.`id`=`v`.`sell_id` WHERE  `vehicle_state` = '拍卖中' OR ( `vehicle_state` = '未审核' OR `vehicle_state` = '已拍卖' ) [ RunTime:0.077005s ]
---------------------------------------------------------------
[ 2020-07-06T09:39:53+08:00 ] 127.0.0.1 GET 127.0.0.1/peanut/th5/public/goods/index/getCity
[运行时间：0.302017s] [吞吐率：3.31req/s] [内存消耗：2,550.55kb] [文件加载：47]
[ info ] [ LANG ] D:\phpstudy_pro\WWW\peanut\th5\thinkphp\lang\zh-cn.php
[ info ] [ ROUTE ] array (
  'type' => 'module',
  'module' => 
  array (
    0 => 'goods',
    1 => 'index',
    2 => 'getCity',
  ),
)
[ info ] [ HEADER ] array (
  'accept-language' => 'zh-CN,zh;q=0.9',
  'accept-encoding' => 'gzip, deflate, br',
  'referer' => 'http://localhost:8080/',
  'sec-fetch-dest' => 'empty',
  'sec-fetch-mode' => 'cors',
  'sec-fetch-site' => 'cross-site',
  'origin' => 'http://localhost:8080',
  'user-agent' => 'Mozilla/5.0 (Windows NT 6.1; WOW64) AppleWebKit/537.36 (KHTML, like Gecko) Chrome/81.0.4044.9 Safari/537.36',
  'accept' => 'application/json, text/plain, */*',
  'connection' => 'close',
  'host' => '127.0.0.1',
)
[ info ] [ PARAM ] array (
)
[ info ] [ RUN ] app\goods\controller\Index->getCity[ D:\phpstudy_pro\WWW\peanut\th5\application\goods\controller\Index.php ]
[ info ] [ DB ] INIT mysql
[ info ] [ LOG ] INIT File
[ sql ] [ DB ] CONNECT:[ UseTime:0.109006s ] mysql:host=118.190.149.14;dbname=peanut;charset=utf8
[ sql ] [ SQL ] SHOW COLUMNS FROM `peanut_city` [ RunTime:0.068004s ]
[ sql ] [ SQL ] SELECT * FROM `peanut_city` [ RunTime:0.068004s ]
---------------------------------------------------------------
[ 2020-07-06T09:39:53+08:00 ] 127.0.0.1 GET 127.0.0.1/peanut/th5/public/goods/index/getTime
[运行时间：0.276016s] [吞吐率：3.62req/s] [内存消耗：2,547.81kb] [文件加载：47]
[ info ] [ LANG ] D:\phpstudy_pro\WWW\peanut\th5\thinkphp\lang\zh-cn.php
[ info ] [ ROUTE ] array (
  'type' => 'module',
  'module' => 
  array (
    0 => 'goods',
    1 => 'index',
    2 => 'getTime',
  ),
)
[ info ] [ HEADER ] array (
  'accept-language' => 'zh-CN,zh;q=0.9',
  'accept-encoding' => 'gzip, deflate, br',
  'referer' => 'http://localhost:8080/',
  'sec-fetch-dest' => 'empty',
  'sec-fetch-mode' => 'cors',
  'sec-fetch-site' => 'cross-site',
  'origin' => 'http://localhost:8080',
  'user-agent' => 'Mozilla/5.0 (Windows NT 6.1; WOW64) AppleWebKit/537.36 (KHTML, like Gecko) Chrome/81.0.4044.9 Safari/537.36',
  'accept' => 'application/json, text/plain, */*',
  'connection' => 'close',
  'host' => '127.0.0.1',
)
[ info ] [ PARAM ] array (
)
[ info ] [ RUN ] app\goods\controller\Index->getTime[ D:\phpstudy_pro\WWW\peanut\th5\application\goods\controller\Index.php ]
[ info ] [ DB ] INIT mysql
[ info ] [ LOG ] INIT File
[ sql ] [ DB ] CONNECT:[ UseTime:0.103006s ] mysql:host=118.190.149.14;dbname=peanut;charset=utf8
[ sql ] [ SQL ] SHOW COLUMNS FROM `peanut_auction` [ RunTime:0.065004s ]
[ sql ] [ SQL ] SELECT * FROM `peanut_auction` [ RunTime:0.064004s ]
---------------------------------------------------------------
[ 2020-07-06T09:39:53+08:00 ] 127.0.0.1 GET 127.0.0.1/peanut/th5/public/goods/index/getTab
[运行时间：0.343020s] [吞吐率：2.92req/s] [内存消耗：2,547.48kb] [文件加载：47]
[ info ] [ LANG ] D:\phpstudy_pro\WWW\peanut\th5\thinkphp\lang\zh-cn.php
[ info ] [ ROUTE ] array (
  'type' => 'module',
  'module' => 
  array (
    0 => 'goods',
    1 => 'index',
    2 => 'getTab',
  ),
)
[ info ] [ HEADER ] array (
  'accept-language' => 'zh-CN,zh;q=0.9',
  'accept-encoding' => 'gzip, deflate, br',
  'referer' => 'http://localhost:8080/',
  'sec-fetch-dest' => 'empty',
  'sec-fetch-mode' => 'cors',
  'sec-fetch-site' => 'cross-site',
  'origin' => 'http://localhost:8080',
  'user-agent' => 'Mozilla/5.0 (Windows NT 6.1; WOW64) AppleWebKit/537.36 (KHTML, like Gecko) Chrome/81.0.4044.9 Safari/537.36',
  'accept' => 'application/json, text/plain, */*',
  'connection' => 'close',
  'host' => '127.0.0.1',
)
[ info ] [ PARAM ] array (
)
[ info ] [ RUN ] app\goods\controller\Index->getTab[ D:\phpstudy_pro\WWW\peanut\th5\application\goods\controller\Index.php ]
[ info ] [ DB ] INIT mysql
[ info ] [ LOG ] INIT File
[ sql ] [ DB ] CONNECT:[ UseTime:0.126008s ] mysql:host=118.190.149.14;dbname=peanut;charset=utf8
[ sql ] [ SQL ] SHOW COLUMNS FROM `peanut_tab` [ RunTime:0.077004s ]
[ sql ] [ SQL ] SELECT * FROM `peanut_tab` [ RunTime:0.077004s ]
---------------------------------------------------------------
[ 2020-07-06T09:39:54+08:00 ] 127.0.0.1 GET 127.0.0.1/peanut/th5/public/goods/index/getSeries
[运行时间：0.431025s] [吞吐率：2.32req/s] [内存消耗：2,551.38kb] [文件加载：47]
[ info ] [ LANG ] D:\phpstudy_pro\WWW\peanut\th5\thinkphp\lang\zh-cn.php
[ info ] [ ROUTE ] array (
  'type' => 'module',
  'module' => 
  array (
    0 => 'goods',
    1 => 'index',
    2 => 'getSeries',
  ),
)
[ info ] [ HEADER ] array (
  'accept-language' => 'zh-CN,zh;q=0.9',
  'accept-encoding' => 'gzip, deflate, br',
  'referer' => 'http://localhost:8080/',
  'sec-fetch-dest' => 'empty',
  'sec-fetch-mode' => 'cors',
  'sec-fetch-site' => 'cross-site',
  'origin' => 'http://localhost:8080',
  'user-agent' => 'Mozilla/5.0 (Windows NT 6.1; WOW64) AppleWebKit/537.36 (KHTML, like Gecko) Chrome/81.0.4044.9 Safari/537.36',
  'accept' => 'application/json, text/plain, */*',
  'connection' => 'close',
  'host' => '127.0.0.1',
)
[ info ] [ PARAM ] array (
)
[ info ] [ RUN ] app\goods\controller\Index->getSeries[ D:\phpstudy_pro\WWW\peanut\th5\application\goods\controller\Index.php ]
[ info ] [ DB ] INIT mysql
[ info ] [ LOG ] INIT File
[ sql ] [ DB ] CONNECT:[ UseTime:0.109006s ] mysql:host=118.190.149.14;dbname=peanut;charset=utf8
[ sql ] [ SQL ] SHOW COLUMNS FROM `peanut_series` [ RunTime:0.071004s ]
[ sql ] [ SQL ] SELECT series_id as value,series_name as label,`brand_id` FROM `peanut_series` [ RunTime:0.070004s ]
[ sql ] [ SQL ] SHOW COLUMNS FROM `peanut_brand` [ RunTime:0.070004s ]
[ sql ] [ SQL ] SELECT brand_id as value,brand_name as label FROM `peanut_brand` [ RunTime:0.069004s ]
---------------------------------------------------------------
[ 2020-07-06T09:43:26+08:00 ] 127.0.0.1 GET 127.0.0.1/peanut/th5/public/goods/index/getCity
[运行时间：0.319018s] [吞吐率：3.13req/s] [内存消耗：2,550.55kb] [文件加载：47]
[ info ] [ LANG ] D:\phpstudy_pro\WWW\peanut\th5\thinkphp\lang\zh-cn.php
[ info ] [ ROUTE ] array (
  'type' => 'module',
  'module' => 
  array (
    0 => 'goods',
    1 => 'index',
    2 => 'getCity',
  ),
)
[ info ] [ HEADER ] array (
  'accept-language' => 'zh-CN,zh;q=0.9',
  'accept-encoding' => 'gzip, deflate, br',
  'referer' => 'http://localhost:8080/',
  'sec-fetch-dest' => 'empty',
  'sec-fetch-mode' => 'cors',
  'sec-fetch-site' => 'cross-site',
  'origin' => 'http://localhost:8080',
  'user-agent' => 'Mozilla/5.0 (Windows NT 6.1; WOW64) AppleWebKit/537.36 (KHTML, like Gecko) Chrome/81.0.4044.9 Safari/537.36',
  'accept' => 'application/json, text/plain, */*',
  'connection' => 'close',
  'host' => '127.0.0.1',
)
[ info ] [ PARAM ] array (
)
[ info ] [ RUN ] app\goods\controller\Index->getCity[ D:\phpstudy_pro\WWW\peanut\th5\application\goods\controller\Index.php ]
[ info ] [ DB ] INIT mysql
[ info ] [ LOG ] INIT File
[ sql ] [ DB ] CONNECT:[ UseTime:0.113007s ] mysql:host=118.190.149.14;dbname=peanut;charset=utf8
[ sql ] [ SQL ] SHOW COLUMNS FROM `peanut_city` [ RunTime:0.074004s ]
[ sql ] [ SQL ] SELECT * FROM `peanut_city` [ RunTime:0.076004s ]
---------------------------------------------------------------
[ 2020-07-06T09:43:26+08:00 ] 127.0.0.1 GET 127.0.0.1/peanut/th5/public/goods/index/getSale
[运行时间：0.348020s] [吞吐率：2.87req/s] [内存消耗：2,583.00kb] [文件加载：47]
[ info ] [ LANG ] D:\phpstudy_pro\WWW\peanut\th5\thinkphp\lang\zh-cn.php
[ info ] [ ROUTE ] array (
  'type' => 'module',
  'module' => 
  array (
    0 => 'goods',
    1 => 'index',
    2 => 'getSale',
  ),
)
[ info ] [ HEADER ] array (
  'accept-language' => 'zh-CN,zh;q=0.9',
  'accept-encoding' => 'gzip, deflate, br',
  'referer' => 'http://localhost:8080/',
  'sec-fetch-dest' => 'empty',
  'sec-fetch-mode' => 'cors',
  'sec-fetch-site' => 'cross-site',
  'origin' => 'http://localhost:8080',
  'user-agent' => 'Mozilla/5.0 (Windows NT 6.1; WOW64) AppleWebKit/537.36 (KHTML, like Gecko) Chrome/81.0.4044.9 Safari/537.36',
  'accept' => 'application/json, text/plain, */*',
  'connection' => 'close',
  'host' => '127.0.0.1',
)
[ info ] [ PARAM ] array (
)
[ info ] [ RUN ] app\goods\controller\Index->getSale[ D:\phpstudy_pro\WWW\peanut\th5\application\goods\controller\Index.php ]
[ info ] [ DB ] INIT mysql
[ info ] [ LOG ] INIT File
[ sql ] [ DB ] CONNECT:[ UseTime:0.130007s ] mysql:host=118.190.149.14;dbname=peanut;charset=utf8
[ sql ] [ SQL ] SHOW COLUMNS FROM `peanut_vehicle` [ RunTime:0.084005s ]
[ sql ] [ SQL ] SELECT * FROM `peanut_vehicle` `v` INNER JOIN `peanut_auction` `a` ON `v`.`auction_id`=`a`.`id` INNER JOIN `peanut_user` `u` ON `u`.`id`=`v`.`sell_id` WHERE  `vehicle_state` = '拍卖中' OR ( `vehicle_state` = '未审核' OR `vehicle_state` = '已拍卖' ) [ RunTime:0.084005s ]
---------------------------------------------------------------
[ 2020-07-06T09:43:26+08:00 ] 127.0.0.1 GET 127.0.0.1/peanut/th5/public/goods/index/getTime
[运行时间：0.289017s] [吞吐率：3.46req/s] [内存消耗：2,547.81kb] [文件加载：47]
[ info ] [ LANG ] D:\phpstudy_pro\WWW\peanut\th5\thinkphp\lang\zh-cn.php
[ info ] [ ROUTE ] array (
  'type' => 'module',
  'module' => 
  array (
    0 => 'goods',
    1 => 'index',
    2 => 'getTime',
  ),
)
[ info ] [ HEADER ] array (
  'accept-language' => 'zh-CN,zh;q=0.9',
  'accept-encoding' => 'gzip, deflate, br',
  'referer' => 'http://localhost:8080/',
  'sec-fetch-dest' => 'empty',
  'sec-fetch-mode' => 'cors',
  'sec-fetch-site' => 'cross-site',
  'origin' => 'http://localhost:8080',
  'user-agent' => 'Mozilla/5.0 (Windows NT 6.1; WOW64) AppleWebKit/537.36 (KHTML, like Gecko) Chrome/81.0.4044.9 Safari/537.36',
  'accept' => 'application/json, text/plain, */*',
  'connection' => 'close',
  'host' => '127.0.0.1',
)
[ info ] [ PARAM ] array (
)
[ info ] [ RUN ] app\goods\controller\Index->getTime[ D:\phpstudy_pro\WWW\peanut\th5\application\goods\controller\Index.php ]
[ info ] [ DB ] INIT mysql
[ info ] [ LOG ] INIT File
[ sql ] [ DB ] CONNECT:[ UseTime:0.101006s ] mysql:host=118.190.149.14;dbname=peanut;charset=utf8
[ sql ] [ SQL ] SHOW COLUMNS FROM `peanut_auction` [ RunTime:0.068004s ]
[ sql ] [ SQL ] SELECT * FROM `peanut_auction` [ RunTime:0.066004s ]
---------------------------------------------------------------
[ 2020-07-06T09:43:26+08:00 ] 127.0.0.1 GET 127.0.0.1/peanut/th5/public/goods/index/getTab
[运行时间：0.321019s] [吞吐率：3.12req/s] [内存消耗：2,547.48kb] [文件加载：47]
[ info ] [ LANG ] D:\phpstudy_pro\WWW\peanut\th5\thinkphp\lang\zh-cn.php
[ info ] [ ROUTE ] array (
  'type' => 'module',
  'module' => 
  array (
    0 => 'goods',
    1 => 'index',
    2 => 'getTab',
  ),
)
[ info ] [ HEADER ] array (
  'accept-language' => 'zh-CN,zh;q=0.9',
  'accept-encoding' => 'gzip, deflate, br',
  'referer' => 'http://localhost:8080/',
  'sec-fetch-dest' => 'empty',
  'sec-fetch-mode' => 'cors',
  'sec-fetch-site' => 'cross-site',
  'origin' => 'http://localhost:8080',
  'user-agent' => 'Mozilla/5.0 (Windows NT 6.1; WOW64) AppleWebKit/537.36 (KHTML, like Gecko) Chrome/81.0.4044.9 Safari/537.36',
  'accept' => 'application/json, text/plain, */*',
  'connection' => 'close',
  'host' => '127.0.0.1',
)
[ info ] [ PARAM ] array (
)
[ info ] [ RUN ] app\goods\controller\Index->getTab[ D:\phpstudy_pro\WWW\peanut\th5\application\goods\controller\Index.php ]
[ info ] [ DB ] INIT mysql
[ info ] [ LOG ] INIT File
[ sql ] [ DB ] CONNECT:[ UseTime:0.116007s ] mysql:host=118.190.149.14;dbname=peanut;charset=utf8
[ sql ] [ SQL ] SHOW COLUMNS FROM `peanut_tab` [ RunTime:0.075004s ]
[ sql ] [ SQL ] SELECT * FROM `peanut_tab` [ RunTime:0.075005s ]
---------------------------------------------------------------
[ 2020-07-06T09:43:26+08:00 ] 127.0.0.1 GET 127.0.0.1/peanut/th5/public/goods/index/getSeries
[运行时间：0.426024s] [吞吐率：2.35req/s] [内存消耗：2,551.38kb] [文件加载：47]
[ info ] [ LANG ] D:\phpstudy_pro\WWW\peanut\th5\thinkphp\lang\zh-cn.php
[ info ] [ ROUTE ] array (
  'type' => 'module',
  'module' => 
  array (
    0 => 'goods',
    1 => 'index',
    2 => 'getSeries',
  ),
)
[ info ] [ HEADER ] array (
  'accept-language' => 'zh-CN,zh;q=0.9',
  'accept-encoding' => 'gzip, deflate, br',
  'referer' => 'http://localhost:8080/',
  'sec-fetch-dest' => 'empty',
  'sec-fetch-mode' => 'cors',
  'sec-fetch-site' => 'cross-site',
  'origin' => 'http://localhost:8080',
  'user-agent' => 'Mozilla/5.0 (Windows NT 6.1; WOW64) AppleWebKit/537.36 (KHTML, like Gecko) Chrome/81.0.4044.9 Safari/537.36',
  'accept' => 'application/json, text/plain, */*',
  'connection' => 'close',
  'host' => '127.0.0.1',
)
[ info ] [ PARAM ] array (
)
[ info ] [ RUN ] app\goods\controller\Index->getSeries[ D:\phpstudy_pro\WWW\peanut\th5\application\goods\controller\Index.php ]
[ info ] [ DB ] INIT mysql
[ info ] [ LOG ] INIT File
[ sql ] [ DB ] CONNECT:[ UseTime:0.104006s ] mysql:host=118.190.149.14;dbname=peanut;charset=utf8
[ sql ] [ SQL ] SHOW COLUMNS FROM `peanut_series` [ RunTime:0.067004s ]
[ sql ] [ SQL ] SELECT series_id as value,series_name as label,`brand_id` FROM `peanut_series` [ RunTime:0.069004s ]
[ sql ] [ SQL ] SHOW COLUMNS FROM `peanut_brand` [ RunTime:0.069004s ]
[ sql ] [ SQL ] SELECT brand_id as value,brand_name as label FROM `peanut_brand` [ RunTime:0.068004s ]
---------------------------------------------------------------
[ 2020-07-06T09:51:37+08:00 ] 127.0.0.1 GET 127.0.0.1/peanut/th5/public/goods/index/getCity
[运行时间：1.563036s] [吞吐率：0.64req/s] [内存消耗：2,550.55kb] [文件加载：47]
[ info ] [ LANG ] D:\phpstudy_pro\WWW\peanut\th5\thinkphp\lang\zh-cn.php
[ info ] [ ROUTE ] array (
  'type' => 'module',
  'module' => 
  array (
    0 => 'goods',
    1 => 'index',
    2 => 'getCity',
  ),
)
[ info ] [ HEADER ] array (
  'accept-language' => 'zh-CN,zh;q=0.9',
  'accept-encoding' => 'gzip, deflate, br',
  'referer' => 'http://localhost:8080/',
  'sec-fetch-dest' => 'empty',
  'sec-fetch-mode' => 'cors',
  'sec-fetch-site' => 'cross-site',
  'origin' => 'http://localhost:8080',
  'user-agent' => 'Mozilla/5.0 (Windows NT 6.1; WOW64) AppleWebKit/537.36 (KHTML, like Gecko) Chrome/81.0.4044.9 Safari/537.36',
  'accept' => 'application/json, text/plain, */*',
  'connection' => 'close',
  'host' => '127.0.0.1',
)
[ info ] [ PARAM ] array (
)
[ info ] [ RUN ] app\goods\controller\Index->getCity[ D:\phpstudy_pro\WWW\peanut\th5\application\goods\controller\Index.php ]
[ info ] [ DB ] INIT mysql
[ info ] [ LOG ] INIT File
[ sql ] [ DB ] CONNECT:[ UseTime:0.169010s ] mysql:host=118.190.149.14;dbname=peanut;charset=utf8
[ sql ] [ SQL ] SHOW COLUMNS FROM `peanut_city` [ RunTime:0.068004s ]
[ sql ] [ SQL ] SELECT * FROM `peanut_city` [ RunTime:0.060000s ]
---------------------------------------------------------------
[ 2020-07-06T09:51:37+08:00 ] 127.0.0.1 GET 127.0.0.1/peanut/th5/public/goods/index/getTime
[运行时间：1.563036s] [吞吐率：0.64req/s] [内存消耗：2,547.81kb] [文件加载：47]
[ info ] [ LANG ] D:\phpstudy_pro\WWW\peanut\th5\thinkphp\lang\zh-cn.php
[ info ] [ ROUTE ] array (
  'type' => 'module',
  'module' => 
  array (
    0 => 'goods',
    1 => 'index',
    2 => 'getTime',
  ),
)
[ info ] [ HEADER ] array (
  'accept-language' => 'zh-CN,zh;q=0.9',
  'accept-encoding' => 'gzip, deflate, br',
  'referer' => 'http://localhost:8080/',
  'sec-fetch-dest' => 'empty',
  'sec-fetch-mode' => 'cors',
  'sec-fetch-site' => 'cross-site',
  'origin' => 'http://localhost:8080',
  'user-agent' => 'Mozilla/5.0 (Windows NT 6.1; WOW64) AppleWebKit/537.36 (KHTML, like Gecko) Chrome/81.0.4044.9 Safari/537.36',
  'accept' => 'application/json, text/plain, */*',
  'connection' => 'close',
  'host' => '127.0.0.1',
)
[ info ] [ PARAM ] array (
)
[ info ] [ RUN ] app\goods\controller\Index->getTime[ D:\phpstudy_pro\WWW\peanut\th5\application\goods\controller\Index.php ]
[ info ] [ DB ] INIT mysql
[ info ] [ LOG ] INIT File
[ sql ] [ DB ] CONNECT:[ UseTime:0.182010s ] mysql:host=118.190.149.14;dbname=peanut;charset=utf8
[ sql ] [ SQL ] SHOW COLUMNS FROM `peanut_auction` [ RunTime:0.075004s ]
[ sql ] [ SQL ] SELECT * FROM `peanut_auction` [ RunTime:0.080000s ]
auction` `a` ON `v`.`auction_id`=`a`.`id` INNER JOIN `peanut_user` `u` ON `u`.`id`=`v`.`sell_id` WHERE  `vehicle_state` = '拍卖中' OR ( `vehicle_state` = '未审核' OR `vehicle_state` = '已拍卖' ) [ RunTime:0.080000s ]

---------------------------------------------------------------
[ 2020-07-06T09:51:46+08:00 ] 127.0.0.1 POST 127.0.0.1/peanut/th5/public/adminLogin/index/validateToken
[运行时间：0.024002s] [吞吐率：41.66req/s] [内存消耗：1,340.17kb] [文件加载：35]
[ info ] [ LANG ] D:\phpstudy_pro\WWW\peanut\th5\thinkphp\lang\zh-cn.php
[ info ] [ ROUTE ] array (
  'type' => 'module',
  'module' => 
  array (
    0 => 'adminLogin',
    1 => 'index',
    2 => 'validateToken',
  ),
)
[ info ] [ HEADER ] array (
  'accept-language' => 'zh-CN,zh;q=0.9',
  'accept-encoding' => 'gzip, deflate, br',
  'referer' => 'http://localhost:8080/',
  'sec-fetch-dest' => 'empty',
  'sec-fetch-mode' => 'cors',
  'sec-fetch-site' => 'cross-site',
  'origin' => 'http://localhost:8080',
  'content-type' => 'application/x-www-form-urlencoded',
  'user-agent' => 'Mozilla/5.0 (Windows NT 6.1; WOW64) AppleWebKit/537.36 (KHTML, like Gecko) Chrome/81.0.4044.9 Safari/537.36',
  'accept' => 'application/json, text/plain, */*',
  'content-length' => '14',
  'connection' => 'close',
  'host' => '127.0.0.1',
)
[ info ] [ PARAM ] array (
  '{"token":null}' => '',
)
[ info ] [ LOG ] INIT File
---------------------------------------------------------------
[ 2020-07-06T10:00:59+08:00 ] 127.0.0.1 POST 127.0.0.1/peanut/th5/public/adminLogin/index/validateToken
[运行时间：0.026002s] [吞吐率：38.46req/s] [内存消耗：1,340.17kb] [文件加载：35]
[ info ] [ LANG ] D:\phpstudy_pro\WWW\peanut\th5\thinkphp\lang\zh-cn.php
[ info ] [ ROUTE ] array (
  'type' => 'module',
  'module' => 
  array (
    0 => 'adminLogin',
    1 => 'index',
    2 => 'validateToken',
  ),
)
[ info ] [ HEADER ] array (
  'accept-language' => 'zh-CN,zh;q=0.9',
  'accept-encoding' => 'gzip, deflate, br',
  'referer' => 'http://localhost:8080/',
  'sec-fetch-dest' => 'empty',
  'sec-fetch-mode' => 'cors',
  'sec-fetch-site' => 'cross-site',
  'origin' => 'http://localhost:8080',
  'content-type' => 'application/x-www-form-urlencoded',
  'user-agent' => 'Mozilla/5.0 (Windows NT 6.1; WOW64) AppleWebKit/537.36 (KHTML, like Gecko) Chrome/81.0.4044.9 Safari/537.36',
  'accept' => 'application/json, text/plain, */*',
  'content-length' => '14',
  'connection' => 'close',
  'host' => '127.0.0.1',
)
[ info ] [ PARAM ] array (
  '{"token":null}' => '',
)
[ info ] [ LOG ] INIT File
---------------------------------------------------------------
[ 2020-07-06T10:01:18+08:00 ] 127.0.0.1 POST 127.0.0.1/peanut/th5/public/adminLogin/index/validateToken
[运行时间：0.027001s] [吞吐率：37.04req/s] [内存消耗：1,340.17kb] [文件加载：35]
[ info ] [ LANG ] D:\phpstudy_pro\WWW\peanut\th5\thinkphp\lang\zh-cn.php
[ info ] [ ROUTE ] array (
  'type' => 'module',
  'module' => 
  array (
    0 => 'adminLogin',
    1 => 'index',
    2 => 'validateToken',
  ),
)
[ info ] [ HEADER ] array (
  'accept-language' => 'zh-CN,zh;q=0.9',
  'accept-encoding' => 'gzip, deflate, br',
  'referer' => 'http://localhost:8080/',
  'sec-fetch-dest' => 'empty',
  'sec-fetch-mode' => 'cors',
  'sec-fetch-site' => 'cross-site',
  'origin' => 'http://localhost:8080',
  'content-type' => 'application/x-www-form-urlencoded',
  'user-agent' => 'Mozilla/5.0 (Windows NT 6.1; WOW64) AppleWebKit/537.36 (KHTML, like Gecko) Chrome/81.0.4044.9 Safari/537.36',
  'accept' => 'application/json, text/plain, */*',
  'content-length' => '14',
  'connection' => 'close',
  'host' => '127.0.0.1',
)
[ info ] [ PARAM ] array (
  '{"token":null}' => '',
)
[ info ] [ LOG ] INIT File
---------------------------------------------------------------
[ 2020-07-06T10:01:29+08:00 ] 127.0.0.1 POST 127.0.0.1/peanut/th5/public/adminLogin/index/validateToken
[运行时间：0.042002s] [吞吐率：23.81req/s] [内存消耗：1,340.17kb] [文件加载：35]
[ info ] [ LANG ] D:\phpstudy_pro\WWW\peanut\th5\thinkphp\lang\zh-cn.php
[ info ] [ ROUTE ] array (
  'type' => 'module',
  'module' => 
  array (
    0 => 'adminLogin',
    1 => 'index',
    2 => 'validateToken',
  ),
)
[ info ] [ HEADER ] array (
  'accept-language' => 'zh-CN,zh;q=0.9',
  'accept-encoding' => 'gzip, deflate, br',
  'referer' => 'http://localhost:8080/',
  'sec-fetch-dest' => 'empty',
  'sec-fetch-mode' => 'cors',
  'sec-fetch-site' => 'cross-site',
  'origin' => 'http://localhost:8080',
  'content-type' => 'application/x-www-form-urlencoded',
  'user-agent' => 'Mozilla/5.0 (Windows NT 6.1; WOW64) AppleWebKit/537.36 (KHTML, like Gecko) Chrome/81.0.4044.9 Safari/537.36',
  'accept' => 'application/json, text/plain, */*',
  'content-length' => '14',
  'connection' => 'close',
  'host' => '127.0.0.1',
)
[ info ] [ PARAM ] array (
  '{"token":null}' => '',
)
[ info ] [ LOG ] INIT File
