---------------------------------------------------------------
[ 2020-07-08T09:33:33+08:00 ] 127.0.0.1 POST 127.0.0.1/th5/public/auction/Auction/vehicle
[运行时间：0.339484s] [吞吐率：2.95req/s] [内存消耗：2,544.41kb] [文件加载：48]
[ info ] [ LANG ] E:\phpS\phpstudy_pro\WWW\th5\thinkphp\lang\zh-cn.php
[ info ] [ ROUTE ] array (
  'type' => 'module',
  'module' => 
  array (
    0 => 'auction',
    1 => 'Auction',
    2 => 'vehicle',
  ),
)
[ info ] [ HEADER ] array (
  'accept-language' => 'zh-CN,zh;q=0.9',
  'accept-encoding' => 'gzip, deflate, br',
  'referer' => 'http://localhost:8080/',
  'sec-fetch-dest' => 'empty',
  'sec-fetch-mode' => 'cors',
  'sec-fetch-site' => 'cross-site',
  'origin' => 'http://localhost:8080',
  'content-type' => 'application/x-www-form-urlencoded',
  'user-agent' => 'Mozilla/5.0 (Windows NT 10.0; Win64; x64) AppleWebKit/537.36 (KHTML, like Gecko) Chrome/83.0.4103.116 Safari/537.36',
  'accept' => 'application/json, text/plain, */*',
  'content-length' => '117',
  'connection' => 'close',
  'host' => '127.0.0.1',
)
[ info ] [ PARAM ] array (
  '{"brandID":"","seriesID":"","price":"","timeBaseNum":"","priceBaseNum":"","token":"72ba1418548951c7f00312f2a44a05d2"}' => '',
)
[ info ] [ RUN ] app\auction\controller\Auction->vehicle[ E:\phpS\phpstudy_pro\WWW\th5\application\auction\controller\Auction.php ]
[ info ] [ DB ] INIT mysql
[ info ] [ LOG ] INIT File
[ sql ] [ DB ] CONNECT:[ UseTime:0.108003s ] mysql:host=118.190.149.14;port=3306;dbname=peanut;charset=utf8
[ sql ] [ SQL ] SELECT `v`.*,`a`.* FROM peanut_vehicle v,peanut_brand b,peanut_series s,peanut_auction a WHERE  (  v.series_id=s.series_id and s.brand_id=b.brand_id and v.vehicle_state="拍卖中" and a.id=v.auction_id ) [ RunTime:0.072893s ]
---------------------------------------------------------------
[ 2020-07-08T09:33:34+08:00 ] 127.0.0.1 GET 127.0.0.1/th5/public/auction/Auction/queryCar
[运行时间：0.614887s] [吞吐率：1.63req/s] [内存消耗：2,546.36kb] [文件加载：47]
[ info ] [ LANG ] E:\phpS\phpstudy_pro\WWW\th5\thinkphp\lang\zh-cn.php
[ info ] [ ROUTE ] array (
  'type' => 'module',
  'module' => 
  array (
    0 => 'auction',
    1 => 'Auction',
    2 => 'queryCar',
  ),
)
[ info ] [ HEADER ] array (
  'accept-language' => 'zh-CN,zh;q=0.9',
  'accept-encoding' => 'gzip, deflate, br',
  'referer' => 'http://localhost:8080/',
  'sec-fetch-dest' => 'empty',
  'sec-fetch-mode' => 'cors',
  'sec-fetch-site' => 'cross-site',
  'origin' => 'http://localhost:8080',
  'user-agent' => 'Mozilla/5.0 (Windows NT 10.0; Win64; x64) AppleWebKit/537.36 (KHTML, like Gecko) Chrome/83.0.4103.116 Safari/537.36',
  'accept' => 'application/json, text/plain, */*',
  'connection' => 'close',
  'host' => '127.0.0.1',
)
[ info ] [ PARAM ] array (
)
[ info ] [ RUN ] app\auction\controller\Auction->queryCar[ E:\phpS\phpstudy_pro\WWW\th5\application\auction\controller\Auction.php ]
[ info ] [ DB ] INIT mysql
[ info ] [ LOG ] INIT File
[ sql ] [ DB ] CONNECT:[ UseTime:0.096046s ] mysql:host=118.190.149.14;port=3306;dbname=peanut;charset=utf8
[ sql ] [ SQL ] SHOW COLUMNS FROM `peanut_brand` [ RunTime:0.063441s ]
[ sql ] [ SQL ] SELECT * FROM `peanut_brand` [ RunTime:0.062785s ]
[ sql ] [ SQL ] SHOW COLUMNS FROM `peanut_series` [ RunTime:0.064188s ]
[ sql ] [ SQL ] SELECT * FROM `peanut_series` ORDER BY `sales_volume` DESC LIMIT 5 [ RunTime:0.064418s ]
[ sql ] [ SQL ] SHOW COLUMNS FROM `peanut_price` [ RunTime:0.063369s ]
[ sql ] [ SQL ] SELECT * FROM `peanut_price` [ RunTime:0.064718s ]
---------------------------------------------------------------
[ 2020-07-08T09:33:54+08:00 ] 127.0.0.1 POST 127.0.0.1/th5/public/auction/Auction/vehicle
[运行时间：0.226444s] [吞吐率：4.42req/s] [内存消耗：2,544.42kb] [文件加载：48]
[ info ] [ LANG ] E:\phpS\phpstudy_pro\WWW\th5\thinkphp\lang\zh-cn.php
[ info ] [ ROUTE ] array (
  'type' => 'module',
  'module' => 
  array (
    0 => 'auction',
    1 => 'Auction',
    2 => 'vehicle',
  ),
)
[ info ] [ HEADER ] array (
  'accept-language' => 'zh-CN,zh;q=0.9',
  'accept-encoding' => 'gzip, deflate, br',
  'referer' => 'http://localhost:8080/',
  'sec-fetch-dest' => 'empty',
  'sec-fetch-mode' => 'cors',
  'sec-fetch-site' => 'cross-site',
  'origin' => 'http://localhost:8080',
  'content-type' => 'application/x-www-form-urlencoded',
  'user-agent' => 'Mozilla/5.0 (Windows NT 10.0; Win64; x64) AppleWebKit/537.36 (KHTML, like Gecko) Chrome/83.0.4103.116 Safari/537.36',
  'accept' => 'application/json, text/plain, */*',
  'content-length' => '117',
  'connection' => 'close',
  'host' => '127.0.0.1',
)
[ info ] [ PARAM ] array (
  '{"brandID":"","seriesID":"","price":"","timeBaseNum":"","priceBaseNum":"","token":"72ba1418548951c7f00312f2a44a05d2"}' => '',
)
[ info ] [ RUN ] app\auction\controller\Auction->vehicle[ E:\phpS\phpstudy_pro\WWW\th5\application\auction\controller\Auction.php ]
[ info ] [ DB ] INIT mysql
[ info ] [ LOG ] INIT File
[ sql ] [ DB ] CONNECT:[ UseTime:0.101717s ] mysql:host=118.190.149.14;port=3306;dbname=peanut;charset=utf8
[ sql ] [ SQL ] SELECT `v`.*,`a`.* FROM peanut_vehicle v,peanut_brand b,peanut_series s,peanut_auction a WHERE  (  v.series_id=s.series_id and s.brand_id=b.brand_id and v.vehicle_state="拍卖中" and a.id=v.auction_id ) [ RunTime:0.070080s ]
---------------------------------------------------------------
[ 2020-07-08T09:33:54+08:00 ] 127.0.0.1 GET 127.0.0.1/th5/public/auction/Auction/queryCar
[运行时间：0.549290s] [吞吐率：1.82req/s] [内存消耗：2,546.36kb] [文件加载：47]
[ info ] [ LANG ] E:\phpS\phpstudy_pro\WWW\th5\thinkphp\lang\zh-cn.php
[ info ] [ ROUTE ] array (
  'type' => 'module',
  'module' => 
  array (
    0 => 'auction',
    1 => 'Auction',
    2 => 'queryCar',
  ),
)
[ info ] [ HEADER ] array (
  'accept-language' => 'zh-CN,zh;q=0.9',
  'accept-encoding' => 'gzip, deflate, br',
  'referer' => 'http://localhost:8080/',
  'sec-fetch-dest' => 'empty',
  'sec-fetch-mode' => 'cors',
  'sec-fetch-site' => 'cross-site',
  'origin' => 'http://localhost:8080',
  'user-agent' => 'Mozilla/5.0 (Windows NT 10.0; Win64; x64) AppleWebKit/537.36 (KHTML, like Gecko) Chrome/83.0.4103.116 Safari/537.36',
  'accept' => 'application/json, text/plain, */*',
  'connection' => 'close',
  'host' => '127.0.0.1',
)
[ info ] [ PARAM ] array (
)
[ info ] [ RUN ] app\auction\controller\Auction->queryCar[ E:\phpS\phpstudy_pro\WWW\th5\application\auction\controller\Auction.php ]
[ info ] [ DB ] INIT mysql
[ info ] [ LOG ] INIT File
[ sql ] [ DB ] CONNECT:[ UseTime:0.101118s ] mysql:host=118.190.149.14;port=3306;dbname=peanut;charset=utf8
[ sql ] [ SQL ] SHOW COLUMNS FROM `peanut_brand` [ RunTime:0.066335s ]
[ sql ] [ SQL ] SELECT * FROM `peanut_brand` [ RunTime:0.068732s ]
[ sql ] [ SQL ] SHOW COLUMNS FROM `peanut_series` [ RunTime:0.068142s ]
[ sql ] [ SQL ] SELECT * FROM `peanut_series` ORDER BY `sales_volume` DESC LIMIT 5 [ RunTime:0.067489s ]
[ sql ] [ SQL ] SHOW COLUMNS FROM `peanut_price` [ RunTime:0.069863s ]
[ sql ] [ SQL ] SELECT * FROM `peanut_price` [ RunTime:0.066221s ]
---------------------------------------------------------------
[ 2020-07-08T09:34:02+08:00 ] 127.0.0.1 POST 127.0.0.1/th5/public/auction/Auction/collection
[运行时间：0.056970s] [吞吐率：17.55req/s] [内存消耗：1,737.91kb] [文件加载：40]
[ info ] [ LANG ] E:\phpS\phpstudy_pro\WWW\th5\thinkphp\lang\zh-cn.php
[ info ] [ ROUTE ] array (
  'type' => 'module',
  'module' => 
  array (
    0 => 'auction',
    1 => 'Auction',
    2 => 'collection',
  ),
)
[ info ] [ HEADER ] array (
  'accept-language' => 'zh-CN,zh;q=0.9',
  'accept-encoding' => 'gzip, deflate, br',
  'referer' => 'http://localhost:8080/',
  'sec-fetch-dest' => 'empty',
  'sec-fetch-mode' => 'cors',
  'sec-fetch-site' => 'cross-site',
  'origin' => 'http://localhost:8080',
  'content-type' => 'application/x-www-form-urlencoded',
  'user-agent' => 'Mozilla/5.0 (Windows NT 10.0; Win64; x64) AppleWebKit/537.36 (KHTML, like Gecko) Chrome/83.0.4103.116 Safari/537.36',
  'accept' => 'application/json, text/plain, */*',
  'cache-control' => 'no-cache',
  'pragma' => 'no-cache',
  'content-length' => '78',
  'connection' => 'close',
  'host' => '127.0.0.1',
)
[ info ] [ PARAM ] array (
  '{"vehicleID":1,"flag":0,"sellID":1,"token":"72ba1418548951c7f00312f2a44a05d2"}' => '',
)
[ info ] [ RUN ] app\auction\controller\Auction->collection[ E:\phpS\phpstudy_pro\WWW\th5\application\auction\controller\Auction.php ]
[ info ] [ LOG ] INIT File
---------------------------------------------------------------
[ 2020-07-08T09:34:19+08:00 ] 127.0.0.1 POST 127.0.0.1/th5/public/auction/Auction/vehicle
[运行时间：0.203018s] [吞吐率：4.93req/s] [内存消耗：2,544.70kb] [文件加载：48]
[ info ] [ LANG ] E:\phpS\phpstudy_pro\WWW\th5\thinkphp\lang\zh-cn.php
[ info ] [ ROUTE ] array (
  'type' => 'module',
  'module' => 
  array (
    0 => 'auction',
    1 => 'Auction',
    2 => 'vehicle',
  ),
)
[ info ] [ HEADER ] array (
  'accept-language' => 'zh-CN,zh;q=0.9',
  'accept-encoding' => 'gzip, deflate, br',
  'referer' => 'http://localhost:8080/',
  'sec-fetch-dest' => 'empty',
  'sec-fetch-mode' => 'cors',
  'sec-fetch-site' => 'cross-site',
  'origin' => 'http://localhost:8080',
  'content-type' => 'application/x-www-form-urlencoded',
  'user-agent' => 'Mozilla/5.0 (Windows NT 10.0; Win64; x64) AppleWebKit/537.36 (KHTML, like Gecko) Chrome/83.0.4103.116 Safari/537.36',
  'accept' => 'application/json, text/plain, */*',
  'cache-control' => 'no-cache',
  'pragma' => 'no-cache',
  'content-length' => '117',
  'connection' => 'close',
  'host' => '127.0.0.1',
)
[ info ] [ PARAM ] array (
  '{"brandID":"","seriesID":"","price":"","timeBaseNum":"","priceBaseNum":"","token":"72ba1418548951c7f00312f2a44a05d2"}' => '',
)
[ info ] [ RUN ] app\auction\controller\Auction->vehicle[ E:\phpS\phpstudy_pro\WWW\th5\application\auction\controller\Auction.php ]
[ info ] [ DB ] INIT mysql
[ info ] [ LOG ] INIT File
[ sql ] [ DB ] CONNECT:[ UseTime:0.090959s ] mysql:host=118.190.149.14;port=3306;dbname=peanut;charset=utf8
[ sql ] [ SQL ] SELECT `v`.*,`a`.* FROM peanut_vehicle v,peanut_brand b,peanut_series s,peanut_auction a WHERE  (  v.series_id=s.series_id and s.brand_id=b.brand_id and v.vehicle_state="拍卖中" and a.id=v.auction_id ) [ RunTime:0.062700s ]
---------------------------------------------------------------
[ 2020-07-08T09:34:19+08:00 ] 127.0.0.1 GET 127.0.0.1/th5/public/auction/Auction/queryCar
[运行时间：0.529724s] [吞吐率：1.89req/s] [内存消耗：2,546.76kb] [文件加载：47]
[ info ] [ LANG ] E:\phpS\phpstudy_pro\WWW\th5\thinkphp\lang\zh-cn.php
[ info ] [ ROUTE ] array (
  'type' => 'module',
  'module' => 
  array (
    0 => 'auction',
    1 => 'Auction',
    2 => 'queryCar',
  ),
)
[ info ] [ HEADER ] array (
  'accept-language' => 'zh-CN,zh;q=0.9',
  'accept-encoding' => 'gzip, deflate, br',
  'referer' => 'http://localhost:8080/',
  'sec-fetch-dest' => 'empty',
  'sec-fetch-mode' => 'cors',
  'sec-fetch-site' => 'cross-site',
  'origin' => 'http://localhost:8080',
  'user-agent' => 'Mozilla/5.0 (Windows NT 10.0; Win64; x64) AppleWebKit/537.36 (KHTML, like Gecko) Chrome/83.0.4103.116 Safari/537.36',
  'accept' => 'application/json, text/plain, */*',
  'cache-control' => 'no-cache',
  'pragma' => 'no-cache',
  'connection' => 'close',
  'host' => '127.0.0.1',
)
[ info ] [ PARAM ] array (
)
[ info ] [ RUN ] app\auction\controller\Auction->queryCar[ E:\phpS\phpstudy_pro\WWW\th5\application\auction\controller\Auction.php ]
[ info ] [ DB ] INIT mysql
[ info ] [ LOG ] INIT File
[ sql ] [ DB ] CONNECT:[ UseTime:0.092885s ] mysql:host=118.190.149.14;port=3306;dbname=peanut;charset=utf8
[ sql ] [ SQL ] SHOW COLUMNS FROM `peanut_brand` [ RunTime:0.062121s ]
[ sql ] [ SQL ] SELECT * FROM `peanut_brand` [ RunTime:0.064861s ]
[ sql ] [ SQL ] SHOW COLUMNS FROM `peanut_series` [ RunTime:0.067362s ]
[ sql ] [ SQL ] SELECT * FROM `peanut_series` ORDER BY `sales_volume` DESC LIMIT 5 [ RunTime:0.063461s ]
[ sql ] [ SQL ] SHOW COLUMNS FROM `peanut_price` [ RunTime:0.062790s ]
[ sql ] [ SQL ] SELECT * FROM `peanut_price` [ RunTime:0.066965s ]
---------------------------------------------------------------
[ 2020-07-08T09:34:21+08:00 ] 127.0.0.1 POST 127.0.0.1/th5/public/auction/Auction/collection
[运行时间：0.062643s] [吞吐率：15.96req/s] [内存消耗：1,737.91kb] [文件加载：40]
[ info ] [ LANG ] E:\phpS\phpstudy_pro\WWW\th5\thinkphp\lang\zh-cn.php
[ info ] [ ROUTE ] array (
  'type' => 'module',
  'module' => 
  array (
    0 => 'auction',
    1 => 'Auction',
    2 => 'collection',
  ),
)
[ info ] [ HEADER ] array (
  'accept-language' => 'zh-CN,zh;q=0.9',
  'accept-encoding' => 'gzip, deflate, br',
  'referer' => 'http://localhost:8080/',
  'sec-fetch-dest' => 'empty',
  'sec-fetch-mode' => 'cors',
  'sec-fetch-site' => 'cross-site',
  'origin' => 'http://localhost:8080',
  'content-type' => 'application/x-www-form-urlencoded',
  'user-agent' => 'Mozilla/5.0 (Windows NT 10.0; Win64; x64) AppleWebKit/537.36 (KHTML, like Gecko) Chrome/83.0.4103.116 Safari/537.36',
  'accept' => 'application/json, text/plain, */*',
  'cache-control' => 'no-cache',
  'pragma' => 'no-cache',
  'content-length' => '78',
  'connection' => 'close',
  'host' => '127.0.0.1',
)
[ info ] [ PARAM ] array (
  '{"vehicleID":1,"flag":0,"sellID":1,"token":"72ba1418548951c7f00312f2a44a05d2"}' => '',
)
[ info ] [ RUN ] app\auction\controller\Auction->collection[ E:\phpS\phpstudy_pro\WWW\th5\application\auction\controller\Auction.php ]
[ info ] [ LOG ] INIT File
---------------------------------------------------------------
[ 2020-07-08T09:35:54+08:00 ] 127.0.0.1 POST 127.0.0.1/th5/public/auction/Auction/vehicle
[运行时间：0.240109s] [吞吐率：4.16req/s] [内存消耗：2,544.70kb] [文件加载：48]
[ info ] [ LANG ] E:\phpS\phpstudy_pro\WWW\th5\thinkphp\lang\zh-cn.php
[ info ] [ ROUTE ] array (
  'type' => 'module',
  'module' => 
  array (
    0 => 'auction',
    1 => 'Auction',
    2 => 'vehicle',
  ),
)
[ info ] [ HEADER ] array (
  'accept-language' => 'zh-CN,zh;q=0.9',
  'accept-encoding' => 'gzip, deflate, br',
  'referer' => 'http://localhost:8080/',
  'sec-fetch-dest' => 'empty',
  'sec-fetch-mode' => 'cors',
  'sec-fetch-site' => 'cross-site',
  'origin' => 'http://localhost:8080',
  'content-type' => 'application/x-www-form-urlencoded',
  'user-agent' => 'Mozilla/5.0 (Windows NT 10.0; Win64; x64) AppleWebKit/537.36 (KHTML, like Gecko) Chrome/83.0.4103.116 Safari/537.36',
  'accept' => 'application/json, text/plain, */*',
  'cache-control' => 'no-cache',
  'pragma' => 'no-cache',
  'content-length' => '117',
  'connection' => 'close',
  'host' => '127.0.0.1',
)
[ info ] [ PARAM ] array (
  '{"brandID":"","seriesID":"","price":"","timeBaseNum":"","priceBaseNum":"","token":"72ba1418548951c7f00312f2a44a05d2"}' => '',
)
[ info ] [ RUN ] app\auction\controller\Auction->vehicle[ E:\phpS\phpstudy_pro\WWW\th5\application\auction\controller\Auction.php ]
[ info ] [ DB ] INIT mysql
[ info ] [ LOG ] INIT File
[ sql ] [ DB ] CONNECT:[ UseTime:0.095950s ] mysql:host=118.190.149.14;port=3306;dbname=peanut;charset=utf8
[ sql ] [ SQL ] SELECT `v`.*,`a`.* FROM peanut_vehicle v,peanut_brand b,peanut_series s,peanut_auction a WHERE  (  v.series_id=s.series_id and s.brand_id=b.brand_id and v.vehicle_state="拍卖中" and a.id=v.auction_id ) [ RunTime:0.066077s ]
---------------------------------------------------------------
[ 2020-07-08T09:35:57+08:00 ] 127.0.0.1 POST 127.0.0.1/th5/public/auction/Auction/collection
[运行时间：0.065182s] [吞吐率：15.34req/s] [内存消耗：1,737.91kb] [文件加载：40]
[ info ] [ LANG ] E:\phpS\phpstudy_pro\WWW\th5\thinkphp\lang\zh-cn.php
[ info ] [ ROUTE ] array (
  'type' => 'module',
  'module' => 
  array (
    0 => 'auction',
    1 => 'Auction',
    2 => 'collection',
  ),
)
[ info ] [ HEADER ] array (
  'accept-language' => 'zh-CN,zh;q=0.9',
  'accept-encoding' => 'gzip, deflate, br',
  'referer' => 'http://localhost:8080/',
  'sec-fetch-dest' => 'empty',
  'sec-fetch-mode' => 'cors',
  'sec-fetch-site' => 'cross-site',
  'origin' => 'http://localhost:8080',
  'content-type' => 'application/x-www-form-urlencoded',
  'user-agent' => 'Mozilla/5.0 (Windows NT 10.0; Win64; x64) AppleWebKit/537.36 (KHTML, like Gecko) Chrome/83.0.4103.116 Safari/537.36',
  'accept' => 'application/json, text/plain, */*',
  'cache-control' => 'no-cache',
  'pragma' => 'no-cache',
  'content-length' => '78',
  'connection' => 'close',
  'host' => '127.0.0.1',
)
[ info ] [ PARAM ] array (
  '{"vehicleID":1,"flag":0,"sellID":1,"token":"72ba1418548951c7f00312f2a44a05d2"}' => '',
)
[ info ] [ RUN ] app\auction\controller\Auction->collection[ E:\phpS\phpstudy_pro\WWW\th5\application\auction\controller\Auction.php ]
[ info ] [ LOG ] INIT File
---------------------------------------------------------------
[ 2020-07-08T09:37:02+08:00 ] 127.0.0.1 POST 127.0.0.1/th5/public/login/Login/login
[运行时间：2.089929s] [吞吐率：0.48req/s] [内存消耗：2,479.38kb] [文件加载：47]
[ info ] [ LANG ] E:\phpS\phpstudy_pro\WWW\th5\thinkphp\lang\zh-cn.php
[ info ] [ ROUTE ] array (
  'type' => 'module',
  'module' => 
  array (
    0 => 'login',
    1 => 'Login',
    2 => 'login',
  ),
)
[ info ] [ HEADER ] array (
  'accept-language' => 'zh-CN,zh;q=0.9',
  'accept-encoding' => 'gzip, deflate, br',
  'referer' => 'http://localhost:8080/',
  'sec-fetch-dest' => 'empty',
  'sec-fetch-mode' => 'cors',
  'sec-fetch-site' => 'cross-site',
  'origin' => 'http://localhost:8080',
  'content-type' => 'application/x-www-form-urlencoded',
  'user-agent' => 'Mozilla/5.0 (Windows NT 10.0; Win64; x64) AppleWebKit/537.36 (KHTML, like Gecko) Chrome/83.0.4103.116 Safari/537.36',
  'accept' => 'application/json, text/plain, */*',
  'cache-control' => 'no-cache',
  'pragma' => 'no-cache',
  'content-length' => '67',
  'connection' => 'close',
  'host' => '127.0.0.1',
)
[ info ] [ PARAM ] array (
  '{"acc":"13395059606","phone":"13395059606","password":"qwertyuiop"}' => '',
)
[ info ] [ RUN ] app\login\controller\Login->login[ E:\phpS\phpstudy_pro\WWW\th5\application\login\controller\Login.php ]
[ info ] [ DB ] INIT mysql
[ info ] [ LOG ] INIT File
[ sql ] [ DB ] CONNECT:[ UseTime:0.109009s ] mysql:host=118.190.149.14;port=3306;dbname=peanut;charset=utf8
[ sql ] [ SQL ] SHOW COLUMNS FROM `peanut_user` [ RunTime:0.071599s ]
[ sql ] [ SQL ] SELECT * FROM `peanut_user` WHERE  `acc` = '13395059606'  AND `phone` = 13395059606  AND `password` = '6eea9b7ef19179a06954edd0f6c05ceb' LIMIT 1 [ RunTime:0.071014s ]
[ sql ] [ SQL ] UPDATE `peanut_user`  SET `last_time`='2020-07-08 09:37:02',`token`='b8038154ee954e5f146b3100db01d71e'  WHERE  `phone` = 13395059606 [ RunTime:0.074072s ]
---------------------------------------------------------------
[ 2020-07-08T09:37:07+08:00 ] 127.0.0.1 POST 127.0.0.1/th5/public/auction/Auction/vehicle
[运行时间：0.379623s] [吞吐率：2.63req/s] [内存消耗：2,544.13kb] [文件加载：48]
[ info ] [ LANG ] E:\phpS\phpstudy_pro\WWW\th5\thinkphp\lang\zh-cn.php
[ info ] [ ROUTE ] array (
  'type' => 'module',
  'module' => 
  array (
    0 => 'auction',
    1 => 'Auction',
    2 => 'vehicle',
  ),
)
[ info ] [ HEADER ] array (
  'accept-language' => 'zh-CN,zh;q=0.9',
  'accept-encoding' => 'gzip, deflate, br',
  'referer' => 'http://localhost:8080/',
  'sec-fetch-dest' => 'empty',
  'sec-fetch-mode' => 'cors',
  'sec-fetch-site' => 'cross-site',
  'origin' => 'http://localhost:8080',
  'content-type' => 'application/x-www-form-urlencoded',
  'user-agent' => 'Mozilla/5.0 (Windows NT 10.0; Win64; x64) AppleWebKit/537.36 (KHTML, like Gecko) Chrome/83.0.4103.116 Safari/537.36',
  'accept' => 'application/json, text/plain, */*',
  'cache-control' => 'no-cache',
  'pragma' => 'no-cache',
  'content-length' => '117',
  'connection' => 'close',
  'host' => '127.0.0.1',
)
[ info ] [ PARAM ] array (
  '{"brandID":"","seriesID":"","price":"","timeBaseNum":"","priceBaseNum":"","token":"b8038154ee954e5f146b3100db01d71e"}' => '',
)
[ info ] [ RUN ] app\auction\controller\Auction->vehicle[ E:\phpS\phpstudy_pro\WWW\th5\application\auction\controller\Auction.php ]
[ info ] [ DB ] INIT mysql
[ info ] [ LOG ] INIT File
[ sql ] [ DB ] CONNECT:[ UseTime:0.109252s ] mysql:host=118.190.149.14;port=3306;dbname=peanut;charset=utf8
[ sql ] [ SQL ] SELECT `v`.*,`a`.* FROM peanut_vehicle v,peanut_brand b,peanut_series s,peanut_auction a WHERE  (  v.series_id=s.series_id and s.brand_id=b.brand_id and v.vehicle_state="拍卖中" and a.id=v.auction_id ) [ RunTime:0.075383s ]
[ sql ] [ SQL ] SHOW COLUMNS FROM `peanut_collection` [ RunTime:0.075366s ]
[ sql ] [ SQL ] SELECT * FROM `peanut_collection` WHERE  (  user_id = 15 ) [ RunTime:0.073931s ]
---------------------------------------------------------------
[ 2020-07-08T09:37:07+08:00 ] 127.0.0.1 GET 127.0.0.1/th5/public/auction/Auction/queryCar
[运行时间：0.522758s] [吞吐率：1.91req/s] [内存消耗：2,546.76kb] [文件加载：47]
[ info ] [ LANG ] E:\phpS\phpstudy_pro\WWW\th5\thinkphp\lang\zh-cn.php
[ info ] [ ROUTE ] array (
  'type' => 'module',
  'module' => 
  array (
    0 => 'auction',
    1 => 'Auction',
    2 => 'queryCar',
  ),
)
[ info ] [ HEADER ] array (
  'accept-language' => 'zh-CN,zh;q=0.9',
  'accept-encoding' => 'gzip, deflate, br',
  'referer' => 'http://localhost:8080/',
  'sec-fetch-dest' => 'empty',
  'sec-fetch-mode' => 'cors',
  'sec-fetch-site' => 'cross-site',
  'origin' => 'http://localhost:8080',
  'user-agent' => 'Mozilla/5.0 (Windows NT 10.0; Win64; x64) AppleWebKit/537.36 (KHTML, like Gecko) Chrome/83.0.4103.116 Safari/537.36',
  'accept' => 'application/json, text/plain, */*',
  'cache-control' => 'no-cache',
  'pragma' => 'no-cache',
  'connection' => 'close',
  'host' => '127.0.0.1',
)
[ info ] [ PARAM ] array (
)
[ info ] [ RUN ] app\auction\controller\Auction->queryCar[ E:\phpS\phpstudy_pro\WWW\th5\application\auction\controller\Auction.php ]
[ info ] [ DB ] INIT mysql
[ info ] [ LOG ] INIT File
[ sql ] [ DB ] CONNECT:[ UseTime:0.093640s ] mysql:host=118.190.149.14;port=3306;dbname=peanut;charset=utf8
[ sql ] [ SQL ] SHOW COLUMNS FROM `peanut_brand` [ RunTime:0.062609s ]
[ sql ] [ SQL ] SELECT * FROM `peanut_brand` [ RunTime:0.062377s ]
[ sql ] [ SQL ] SHOW COLUMNS FROM `peanut_series` [ RunTime:0.063441s ]
[ sql ] [ SQL ] SELECT * FROM `peanut_series` ORDER BY `sales_volume` DESC LIMIT 5 [ RunTime:0.065678s ]
[ sql ] [ SQL ] SHOW COLUMNS FROM `peanut_price` [ RunTime:0.063395s ]
[ sql ] [ SQL ] SELECT * FROM `peanut_price` [ RunTime:0.062669s ]
---------------------------------------------------------------
[ 2020-07-08T09:37:11+08:00 ] 127.0.0.1 POST 127.0.0.1/th5/public/auction/Auction/collection
[运行时间：0.527900s] [吞吐率：1.89req/s] [内存消耗：2,514.24kb] [文件加载：47]
[ info ] [ LANG ] E:\phpS\phpstudy_pro\WWW\th5\thinkphp\lang\zh-cn.php
[ info ] [ ROUTE ] array (
  'type' => 'module',
  'module' => 
  array (
    0 => 'auction',
    1 => 'Auction',
    2 => 'collection',
  ),
)
[ info ] [ HEADER ] array (
  'accept-language' => 'zh-CN,zh;q=0.9',
  'accept-encoding' => 'gzip, deflate, br',
  'referer' => 'http://localhost:8080/',
  'sec-fetch-dest' => 'empty',
  'sec-fetch-mode' => 'cors',
  'sec-fetch-site' => 'cross-site',
  'origin' => 'http://localhost:8080',
  'content-type' => 'application/x-www-form-urlencoded',
  'user-agent' => 'Mozilla/5.0 (Windows NT 10.0; Win64; x64) AppleWebKit/537.36 (KHTML, like Gecko) Chrome/83.0.4103.116 Safari/537.36',
  'accept' => 'application/json, text/plain, */*',
  'cache-control' => 'no-cache',
  'pragma' => 'no-cache',
  'content-length' => '78',
  'connection' => 'close',
  'host' => '127.0.0.1',
)
[ info ] [ PARAM ] array (
  '{"vehicleID":1,"flag":0,"sellID":1,"token":"b8038154ee954e5f146b3100db01d71e"}' => '',
)
[ info ] [ RUN ] app\auction\controller\Auction->collection[ E:\phpS\phpstudy_pro\WWW\th5\application\auction\controller\Auction.php ]
[ info ] [ DB ] INIT mysql
[ info ] [ LOG ] INIT File
[ sql ] [ DB ] CONNECT:[ UseTime:0.122427s ] mysql:host=118.190.149.14;port=3306;dbname=peanut;charset=utf8
[ sql ] [ SQL ] SHOW COLUMNS FROM `peanut_collection` [ RunTime:0.082004s ]
[ sql ] [ SQL ] INSERT INTO `peanut_collection` (`vehicle_id` , `user_id`) VALUES (1 , 15) [ RunTime:0.084600s ]
[ sql ] [ SQL ] SHOW COLUMNS FROM `peanut_collection_category` [ RunTime:0.080794s ]
[ sql ] [ SQL ] INSERT INTO `peanut_collection_category` (`collection_id` , `sell_id`) VALUES (19 , 1) [ RunTime:0.082924s ]
---------------------------------------------------------------
[ 2020-07-08T09:38:46+08:00 ] 127.0.0.1 POST 127.0.0.1/th5/public/auction/Auction/Price
[运行时间：0.481009s] [吞吐率：2.08req/s] [内存消耗：2,595.81kb] [文件加载：52]
[ info ] [ LANG ] E:\phpS\phpstudy_pro\WWW\th5\thinkphp\lang\zh-cn.php
[ info ] [ ROUTE ] array (
  'type' => 'module',
  'module' => 
  array (
    0 => 'auction',
    1 => 'Auction',
    2 => 'Price',
  ),
)
[ info ] [ HEADER ] array (
  'accept-language' => 'zh-CN,zh;q=0.9',
  'accept-encoding' => 'gzip, deflate, br',
  'referer' => 'http://localhost:8080/',
  'sec-fetch-dest' => 'empty',
  'sec-fetch-mode' => 'cors',
  'sec-fetch-site' => 'cross-site',
  'origin' => 'http://localhost:8080',
  'content-type' => 'application/x-www-form-urlencoded',
  'user-agent' => 'Mozilla/5.0 (Windows NT 10.0; Win64; x64) AppleWebKit/537.36 (KHTML, like Gecko) Chrome/83.0.4103.116 Safari/537.36',
  'accept' => 'application/json, text/plain, */*',
  'cache-control' => 'no-cache',
  'pragma' => 'no-cache',
  'content-length' => '73',
  'connection' => 'close',
  'host' => '127.0.0.1',
)
[ info ] [ PARAM ] array (
  '{"id":1,"price":67,"token":"b8038154ee954e5f146b3100db01d71e","sellID":1}' => '',
)
[ info ] [ RUN ] app\auction\controller\Auction->Price[ E:\phpS\phpstudy_pro\WWW\th5\application\auction\controller\Auction.php ]
[ info ] [ DB ] INIT mysql
[ info ] [ LOG ] INIT File
[ sql ] [ DB ] CONNECT:[ UseTime:0.102793s ] mysql:host=118.190.149.14;port=3306;dbname=peanut;charset=utf8
[ sql ] [ SQL ] SHOW COLUMNS FROM `peanut_user` [ RunTime:0.067986s ]
[ sql ] [ SQL ] SELECT `money` FROM `peanut_user` WHERE  (  id = 15 ) [ RunTime:0.067439s ]
[ sql ] [ SQL ] SHOW COLUMNS FROM `peanut_collection` [ RunTime:0.067920s ]
[ sql ] [ SQL ] SELECT * FROM `peanut_collection` WHERE  (  id = 1 ) [ RunTime:0.067191s ]
[ error ] [8]Trying to get property 'id' of non-object[E:\phpS\phpstudy_pro\WWW\th5\application\auction\controller\Auction.php:265]
---------------------------------------------------------------
[ 2020-07-08T09:39:18+08:00 ] 127.0.0.1 POST 127.0.0.1/th5/public/auction/Auction/vehicle
[运行时间：0.350197s] [吞吐率：2.86req/s] [内存消耗：2,544.21kb] [文件加载：48]
[ info ] [ LANG ] E:\phpS\phpstudy_pro\WWW\th5\thinkphp\lang\zh-cn.php
[ info ] [ ROUTE ] array (
  'type' => 'module',
  'module' => 
  array (
    0 => 'auction',
    1 => 'Auction',
    2 => 'vehicle',
  ),
)
[ info ] [ HEADER ] array (
  'accept-language' => 'zh-CN,zh;q=0.9',
  'accept-encoding' => 'gzip, deflate, br',
  'referer' => 'http://localhost:8080/',
  'sec-fetch-dest' => 'empty',
  'sec-fetch-mode' => 'cors',
  'sec-fetch-site' => 'cross-site',
  'origin' => 'http://localhost:8080',
  'content-type' => 'application/x-www-form-urlencoded',
  'user-agent' => 'Mozilla/5.0 (Windows NT 10.0; Win64; x64) AppleWebKit/537.36 (KHTML, like Gecko) Chrome/83.0.4103.116 Safari/537.36',
  'accept' => 'application/json, text/plain, */*',
  'cache-control' => 'no-cache',
  'pragma' => 'no-cache',
  'content-length' => '117',
  'connection' => 'close',
  'host' => '127.0.0.1',
)
[ info ] [ PARAM ] array (
  '{"brandID":"","seriesID":"","price":"","timeBaseNum":"","priceBaseNum":"","token":"b8038154ee954e5f146b3100db01d71e"}' => '',
)
[ info ] [ RUN ] app\auction\controller\Auction->vehicle[ E:\phpS\phpstudy_pro\WWW\th5\application\auction\controller\Auction.php ]
[ info ] [ DB ] INIT mysql
[ info ] [ LOG ] INIT File
[ sql ] [ DB ] CONNECT:[ UseTime:0.100465s ] mysql:host=118.190.149.14;port=3306;dbname=peanut;charset=utf8
[ sql ] [ SQL ] SELECT `v`.*,`a`.* FROM peanut_vehicle v,peanut_brand b,peanut_series s,peanut_auction a WHERE  (  v.series_id=s.series_id and s.brand_id=b.brand_id and v.vehicle_state="拍卖中" and a.id=v.auction_id ) [ RunTime:0.071213s ]
[ sql ] [ SQL ] SHOW COLUMNS FROM `peanut_collection` [ RunTime:0.066951s ]
[ sql ] [ SQL ] SELECT * FROM `peanut_collection` WHERE  (  user_id = 15 ) [ RunTime:0.069673s ]
---------------------------------------------------------------
[ 2020-07-08T09:39:18+08:00 ] 127.0.0.1 GET 127.0.0.1/th5/public/auction/Auction/queryCar
[运行时间：0.564938s] [吞吐率：1.77req/s] [内存消耗：2,546.76kb] [文件加载：47]
[ info ] [ LANG ] E:\phpS\phpstudy_pro\WWW\th5\thinkphp\lang\zh-cn.php
[ info ] [ ROUTE ] array (
  'type' => 'module',
  'module' => 
  array (
    0 => 'auction',
    1 => 'Auction',
    2 => 'queryCar',
  ),
)
[ info ] [ HEADER ] array (
  'accept-language' => 'zh-CN,zh;q=0.9',
  'accept-encoding' => 'gzip, deflate, br',
  'referer' => 'http://localhost:8080/',
  'sec-fetch-dest' => 'empty',
  'sec-fetch-mode' => 'cors',
  'sec-fetch-site' => 'cross-site',
  'origin' => 'http://localhost:8080',
  'user-agent' => 'Mozilla/5.0 (Windows NT 10.0; Win64; x64) AppleWebKit/537.36 (KHTML, like Gecko) Chrome/83.0.4103.116 Safari/537.36',
  'accept' => 'application/json, text/plain, */*',
  'cache-control' => 'no-cache',
  'pragma' => 'no-cache',
  'connection' => 'close',
  'host' => '127.0.0.1',
)
[ info ] [ PARAM ] array (
)
[ info ] [ RUN ] app\auction\controller\Auction->queryCar[ E:\phpS\phpstudy_pro\WWW\th5\application\auction\controller\Auction.php ]
[ info ] [ DB ] INIT mysql
[ info ] [ LOG ] INIT File
[ sql ] [ DB ] CONNECT:[ UseTime:0.106175s ] mysql:host=118.190.149.14;port=3306;dbname=peanut;charset=utf8
[ sql ] [ SQL ] SHOW COLUMNS FROM `peanut_brand` [ RunTime:0.071672s ]
[ sql ] [ SQL ] SELECT * FROM `peanut_brand` [ RunTime:0.067805s ]
[ sql ] [ SQL ] SHOW COLUMNS FROM `peanut_series` [ RunTime:0.068148s ]
[ sql ] [ SQL ] SELECT * FROM `peanut_series` ORDER BY `sales_volume` DESC LIMIT 5 [ RunTime:0.068521s ]
[ sql ] [ SQL ] SHOW COLUMNS FROM `peanut_price` [ RunTime:0.069102s ]
[ sql ] [ SQL ] SELECT * FROM `peanut_price` [ RunTime:0.068779s ]
---------------------------------------------------------------
[ 2020-07-08T09:39:21+08:00 ] 127.0.0.1 POST 127.0.0.1/th5/public/auction/Auction/Price
[运行时间：0.510286s] [吞吐率：1.96req/s] [内存消耗：2,493.30kb] [文件加载：46]
[ info ] [ LANG ] E:\phpS\phpstudy_pro\WWW\th5\thinkphp\lang\zh-cn.php
[ info ] [ ROUTE ] array (
  'type' => 'module',
  'module' => 
  array (
    0 => 'auction',
    1 => 'Auction',
    2 => 'Price',
  ),
)
[ info ] [ HEADER ] array (
  'accept-language' => 'zh-CN,zh;q=0.9',
  'accept-encoding' => 'gzip, deflate, br',
  'referer' => 'http://localhost:8080/',
  'sec-fetch-dest' => 'empty',
  'sec-fetch-mode' => 'cors',
  'sec-fetch-site' => 'cross-site',
  'origin' => 'http://localhost:8080',
  'content-type' => 'application/x-www-form-urlencoded',
  'user-agent' => 'Mozilla/5.0 (Windows NT 10.0; Win64; x64) AppleWebKit/537.36 (KHTML, like Gecko) Chrome/83.0.4103.116 Safari/537.36',
  'accept' => 'application/json, text/plain, */*',
  'cache-control' => 'no-cache',
  'pragma' => 'no-cache',
  'content-length' => '73',
  'connection' => 'close',
  'host' => '127.0.0.1',
)
[ info ] [ PARAM ] array (
  '{"id":1,"price":67,"token":"b8038154ee954e5f146b3100db01d71e","sellID":1}' => '',
)
[ info ] [ RUN ] app\auction\controller\Auction->Price[ E:\phpS\phpstudy_pro\WWW\th5\application\auction\controller\Auction.php ]
[ info ] [ DB ] INIT mysql
[ info ] [ LOG ] INIT File
[ sql ] [ DB ] CONNECT:[ UseTime:0.098584s ] mysql:host=118.190.149.14;port=3306;dbname=peanut;charset=utf8
[ sql ] [ SQL ] SHOW COLUMNS FROM `peanut_user` [ RunTime:0.066530s ]
[ sql ] [ SQL ] SELECT `money` FROM `peanut_user` WHERE  (  id = 15 ) [ RunTime:0.065924s ]
[ sql ] [ SQL ] SHOW COLUMNS FROM `peanut_collection` [ RunTime:0.067646s ]
[ sql ] [ SQL ] SELECT * FROM `peanut_collection` WHERE  (  id = 1 ) [ RunTime:0.067446s ]
---------------------------------------------------------------
[ 2020-07-08T09:39:23+08:00 ] 127.0.0.1 POST 127.0.0.1/th5/public/personal/Personal/personal
[运行时间：0.475887s] [吞吐率：2.10req/s] [内存消耗：2,505.03kb] [文件加载：47]
[ info ] [ LANG ] E:\phpS\phpstudy_pro\WWW\th5\thinkphp\lang\zh-cn.php
[ info ] [ ROUTE ] array (
  'type' => 'module',
  'module' => 
  array (
    0 => 'personal',
    1 => 'Personal',
    2 => 'personal',
  ),
)
[ info ] [ HEADER ] array (
  'accept-language' => 'zh-CN,zh;q=0.9',
  'accept-encoding' => 'gzip, deflate, br',
  'referer' => 'http://localhost:8080/',
  'sec-fetch-dest' => 'empty',
  'sec-fetch-mode' => 'cors',
  'sec-fetch-site' => 'cross-site',
  'origin' => 'http://localhost:8080',
  'content-type' => 'application/x-www-form-urlencoded',
  'user-agent' => 'Mozilla/5.0 (Windows NT 10.0; Win64; x64) AppleWebKit/537.36 (KHTML, like Gecko) Chrome/83.0.4103.116 Safari/537.36',
  'accept' => 'application/json, text/plain, */*',
  'cache-control' => 'no-cache',
  'pragma' => 'no-cache',
  'content-length' => '44',
  'connection' => 'close',
  'host' => '127.0.0.1',
)
[ info ] [ PARAM ] array (
  '{"token":"b8038154ee954e5f146b3100db01d71e"}' => '',
)
[ info ] [ RUN ] app\personal\controller\Personal->personal[ E:\phpS\phpstudy_pro\WWW\th5\application\personal\controller\Personal.php ]
[ info ] [ DB ] INIT mysql
[ info ] [ LOG ] INIT File
[ sql ] [ DB ] CONNECT:[ UseTime:0.120888s ] mysql:host=118.190.149.14;port=3306;dbname=peanut;charset=utf8
[ sql ] [ SQL ] SHOW COLUMNS FROM `peanut_user` [ RunTime:0.080125s ]
[ sql ] [ SQL ] SELECT * FROM `peanut_user` WHERE  `id` = 15 LIMIT 1 [ RunTime:0.082313s ]
---------------------------------------------------------------
[ 2020-07-08T09:40:16+08:00 ] 127.0.0.1 POST 127.0.0.1/th5/public/auction/Auction/vehicle
[运行时间：0.379742s] [吞吐率：2.63req/s] [内存消耗：2,544.21kb] [文件加载：48]
[ info ] [ LANG ] E:\phpS\phpstudy_pro\WWW\th5\thinkphp\lang\zh-cn.php
[ info ] [ ROUTE ] array (
  'type' => 'module',
  'module' => 
  array (
    0 => 'auction',
    1 => 'Auction',
    2 => 'vehicle',
  ),
)
[ info ] [ HEADER ] array (
  'accept-language' => 'zh-CN,zh;q=0.9',
  'accept-encoding' => 'gzip, deflate, br',
  'referer' => 'http://localhost:8080/',
  'sec-fetch-dest' => 'empty',
  'sec-fetch-mode' => 'cors',
  'sec-fetch-site' => 'cross-site',
  'origin' => 'http://localhost:8080',
  'content-type' => 'application/x-www-form-urlencoded',
  'user-agent' => 'Mozilla/5.0 (Windows NT 10.0; Win64; x64) AppleWebKit/537.36 (KHTML, like Gecko) Chrome/83.0.4103.116 Safari/537.36',
  'accept' => 'application/json, text/plain, */*',
  'cache-control' => 'no-cache',
  'pragma' => 'no-cache',
  'content-length' => '117',
  'connection' => 'close',
  'host' => '127.0.0.1',
)
[ info ] [ PARAM ] array (
  '{"brandID":"","seriesID":"","price":"","timeBaseNum":"","priceBaseNum":"","token":"b8038154ee954e5f146b3100db01d71e"}' => '',
)
[ info ] [ RUN ] app\auction\controller\Auction->vehicle[ E:\phpS\phpstudy_pro\WWW\th5\application\auction\controller\Auction.php ]
[ info ] [ DB ] INIT mysql
[ info ] [ LOG ] INIT File
[ sql ] [ DB ] CONNECT:[ UseTime:0.103228s ] mysql:host=118.190.149.14;port=3306;dbname=peanut;charset=utf8
[ sql ] [ SQL ] SELECT `v`.*,`a`.* FROM peanut_vehicle v,peanut_brand b,peanut_series s,peanut_auction a WHERE  (  v.series_id=s.series_id and s.brand_id=b.brand_id and v.vehicle_state="拍卖中" and a.id=v.auction_id ) [ RunTime:0.075865s ]
[ sql ] [ SQL ] SHOW COLUMNS FROM `peanut_collection` [ RunTime:0.069585s ]
[ sql ] [ SQL ] SELECT * FROM `peanut_collection` WHERE  (  user_id = 15 ) [ RunTime:0.068018s ]
---------------------------------------------------------------
[ 2020-07-08T09:40:16+08:00 ] 127.0.0.1 GET 127.0.0.1/th5/public/auction/Auction/queryCar
[运行时间：0.670721s] [吞吐率：1.49req/s] [内存消耗：2,546.76kb] [文件加载：47]
[ info ] [ LANG ] E:\phpS\phpstudy_pro\WWW\th5\thinkphp\lang\zh-cn.php
[ info ] [ ROUTE ] array (
  'type' => 'module',
  'module' => 
  array (
    0 => 'auction',
    1 => 'Auction',
    2 => 'queryCar',
  ),
)
[ info ] [ HEADER ] array (
  'accept-language' => 'zh-CN,zh;q=0.9',
  'accept-encoding' => 'gzip, deflate, br',
  'referer' => 'http://localhost:8080/',
  'sec-fetch-dest' => 'empty',
  'sec-fetch-mode' => 'cors',
  'sec-fetch-site' => 'cross-site',
  'origin' => 'http://localhost:8080',
  'user-agent' => 'Mozilla/5.0 (Windows NT 10.0; Win64; x64) AppleWebKit/537.36 (KHTML, like Gecko) Chrome/83.0.4103.116 Safari/537.36',
  'accept' => 'application/json, text/plain, */*',
  'cache-control' => 'no-cache',
  'pragma' => 'no-cache',
  'connection' => 'close',
  'host' => '127.0.0.1',
)
[ info ] [ PARAM ] array (
)
[ info ] [ RUN ] app\auction\controller\Auction->queryCar[ E:\phpS\phpstudy_pro\WWW\th5\application\auction\controller\Auction.php ]
[ info ] [ DB ] INIT mysql
[ info ] [ LOG ] INIT File
[ sql ] [ DB ] CONNECT:[ UseTime:0.119843s ] mysql:host=118.190.149.14;port=3306;dbname=peanut;charset=utf8
[ sql ] [ SQL ] SHOW COLUMNS FROM `peanut_brand` [ RunTime:0.082831s ]
[ sql ] [ SQL ] SELECT * FROM `peanut_brand` [ RunTime:0.078971s ]
[ sql ] [ SQL ] SHOW COLUMNS FROM `peanut_series` [ RunTime:0.086587s ]
[ sql ] [ SQL ] SELECT * FROM `peanut_series` ORDER BY `sales_volume` DESC LIMIT 5 [ RunTime:0.080653s ]
[ sql ] [ SQL ] SHOW COLUMNS FROM `peanut_price` [ RunTime:0.080470s ]
[ sql ] [ SQL ] SELECT * FROM `peanut_price` [ RunTime:0.081938s ]
---------------------------------------------------------------
[ 2020-07-08T09:40:23+08:00 ] 127.0.0.1 POST 127.0.0.1/th5/public/auction/Auction/Price
[运行时间：0.446643s] [吞吐率：2.24req/s] [内存消耗：2,494.16kb] [文件加载：46]
[ info ] [ LANG ] E:\phpS\phpstudy_pro\WWW\th5\thinkphp\lang\zh-cn.php
[ info ] [ ROUTE ] array (
  'type' => 'module',
  'module' => 
  array (
    0 => 'auction',
    1 => 'Auction',
    2 => 'Price',
  ),
)
[ info ] [ HEADER ] array (
  'accept-language' => 'zh-CN,zh;q=0.9',
  'accept-encoding' => 'gzip, deflate, br',
  'referer' => 'http://localhost:8080/',
  'sec-fetch-dest' => 'empty',
  'sec-fetch-mode' => 'cors',
  'sec-fetch-site' => 'cross-site',
  'origin' => 'http://localhost:8080',
  'content-type' => 'application/x-www-form-urlencoded',
  'user-agent' => 'Mozilla/5.0 (Windows NT 10.0; Win64; x64) AppleWebKit/537.36 (KHTML, like Gecko) Chrome/83.0.4103.116 Safari/537.36',
  'accept' => 'application/json, text/plain, */*',
  'cache-control' => 'no-cache',
  'pragma' => 'no-cache',
  'content-length' => '73',
  'connection' => 'close',
  'host' => '127.0.0.1',
)
[ info ] [ PARAM ] array (
  '{"id":1,"price":67,"token":"b8038154ee954e5f146b3100db01d71e","sellID":1}' => '',
)
[ info ] [ RUN ] app\auction\controller\Auction->Price[ E:\phpS\phpstudy_pro\WWW\th5\application\auction\controller\Auction.php ]
[ info ] [ DB ] INIT mysql
[ info ] [ LOG ] INIT File
[ sql ] [ DB ] CONNECT:[ UseTime:0.103494s ] mysql:host=118.190.149.14;port=3306;dbname=peanut;charset=utf8
[ sql ] [ SQL ] SHOW COLUMNS FROM `peanut_user` [ RunTime:0.069490s ]
[ sql ] [ SQL ] SELECT `money` FROM `peanut_user` WHERE  (  id = 15 ) [ RunTime:0.068422s ]
[ sql ] [ SQL ] SHOW COLUMNS FROM `peanut_collection` [ RunTime:0.070271s ]
[ sql ] [ SQL ] SELECT * FROM `peanut_collection` WHERE  (  vehicle_id = 1 ) [ RunTime:0.071980s ]
---------------------------------------------------------------
[ 2020-07-08T09:40:25+08:00 ] 127.0.0.1 POST 127.0.0.1/th5/public/personal/Personal/personal
[运行时间：0.322693s] [吞吐率：3.10req/s] [内存消耗：2,505.03kb] [文件加载：47]
[ info ] [ LANG ] E:\phpS\phpstudy_pro\WWW\th5\thinkphp\lang\zh-cn.php
[ info ] [ ROUTE ] array (
  'type' => 'module',
  'module' => 
  array (
    0 => 'personal',
    1 => 'Personal',
    2 => 'personal',
  ),
)
[ info ] [ HEADER ] array (
  'accept-language' => 'zh-CN,zh;q=0.9',
  'accept-encoding' => 'gzip, deflate, br',
  'referer' => 'http://localhost:8080/',
  'sec-fetch-dest' => 'empty',
  'sec-fetch-mode' => 'cors',
  'sec-fetch-site' => 'cross-site',
  'origin' => 'http://localhost:8080',
  'content-type' => 'application/x-www-form-urlencoded',
  'user-agent' => 'Mozilla/5.0 (Windows NT 10.0; Win64; x64) AppleWebKit/537.36 (KHTML, like Gecko) Chrome/83.0.4103.116 Safari/537.36',
  'accept' => 'application/json, text/plain, */*',
  'cache-control' => 'no-cache',
  'pragma' => 'no-cache',
  'content-length' => '44',
  'connection' => 'close',
  'host' => '127.0.0.1',
)
[ info ] [ PARAM ] array (
  '{"token":"b8038154ee954e5f146b3100db01d71e"}' => '',
)
[ info ] [ RUN ] app\personal\controller\Personal->personal[ E:\phpS\phpstudy_pro\WWW\th5\application\personal\controller\Personal.php ]
[ info ] [ DB ] INIT mysql
[ info ] [ LOG ] INIT File
[ sql ] [ DB ] CONNECT:[ UseTime:0.108817s ] mysql:host=118.190.149.14;port=3306;dbname=peanut;charset=utf8
[ sql ] [ SQL ] SHOW COLUMNS FROM `peanut_user` [ RunTime:0.072090s ]
[ sql ] [ SQL ] SELECT * FROM `peanut_user` WHERE  `id` = 15 LIMIT 1 [ RunTime:0.072825s ]
---------------------------------------------------------------
[ 2020-07-08T09:48:34+08:00 ] 127.0.0.1 GET 127.0.0.1/th5/public/auction/Auction/queryCar
[运行时间：0.024828s] [吞吐率：40.28req/s] [内存消耗：1,329.32kb] [文件加载：35]
[ info ] [ LANG ] E:\phpS\phpstudy_pro\WWW\th5\thinkphp\lang\zh-cn.php
[ info ] [ ROUTE ] array (
  'type' => 'module',
  'module' => 
  array (
    0 => 'auction',
    1 => 'Auction',
    2 => 'queryCar',
  ),
)
[ info ] [ HEADER ] array (
  'accept-language' => 'zh-CN,zh;q=0.9',
  'accept-encoding' => 'gzip, deflate, br',
  'referer' => 'http://localhost:8080/',
  'sec-fetch-dest' => 'empty',
  'sec-fetch-mode' => 'cors',
  'sec-fetch-site' => 'cross-site',
  'origin' => 'http://localhost:8080',
  'user-agent' => 'Mozilla/5.0 (Windows NT 10.0; Win64; x64) AppleWebKit/537.36 (KHTML, like Gecko) Chrome/83.0.4103.116 Safari/537.36',
  'accept' => 'application/json, text/plain, */*',
  'cache-control' => 'no-cache',
  'pragma' => 'no-cache',
  'connection' => 'close',
  'host' => '127.0.0.1',
)
[ info ] [ PARAM ] array (
)
[ info ] [ LOG ] INIT File
[ error ] [0]语法解析错误: syntax error, unexpected '' (T_ENCAPSED_AND_WHITESPACE), expecting '-' or identifier (T_STRING) or variable (T_VARIABLE) or number (T_NUM_STRING)[E:\phpS\phpstudy_pro\WWW\th5\application\auction\controller\Auction.php:264]
---------------------------------------------------------------
[ 2020-07-08T09:48:34+08:00 ] 127.0.0.1 POST 127.0.0.1/th5/public/auction/Auction/vehicle
[运行时间：0.025877s] [吞吐率：38.64req/s] [内存消耗：1,329.52kb] [文件加载：35]
[ info ] [ LANG ] E:\phpS\phpstudy_pro\WWW\th5\thinkphp\lang\zh-cn.php
[ info ] [ ROUTE ] array (
  'type' => 'module',
  'module' => 
  array (
    0 => 'auction',
    1 => 'Auction',
    2 => 'vehicle',
  ),
)
[ info ] [ HEADER ] array (
  'accept-language' => 'zh-CN,zh;q=0.9',
  'accept-encoding' => 'gzip, deflate, br',
  'referer' => 'http://localhost:8080/',
  'sec-fetch-dest' => 'empty',
  'sec-fetch-mode' => 'cors',
  'sec-fetch-site' => 'cross-site',
  'origin' => 'http://localhost:8080',
  'content-type' => 'application/x-www-form-urlencoded',
  'user-agent' => 'Mozilla/5.0 (Windows NT 10.0; Win64; x64) AppleWebKit/537.36 (KHTML, like Gecko) Chrome/83.0.4103.116 Safari/537.36',
  'accept' => 'application/json, text/plain, */*',
  'cache-control' => 'no-cache',
  'pragma' => 'no-cache',
  'content-length' => '117',
  'connection' => 'close',
  'host' => '127.0.0.1',
)
[ info ] [ PARAM ] array (
  '{"brandID":"","seriesID":"","price":"","timeBaseNum":"","priceBaseNum":"","token":"b8038154ee954e5f146b3100db01d71e"}' => '',
)
[ info ] [ LOG ] INIT File
[ error ] [0]语法解析错误: syntax error, unexpected '' (T_ENCAPSED_AND_WHITESPACE), expecting '-' or identifier (T_STRING) or variable (T_VARIABLE) or number (T_NUM_STRING)[E:\phpS\phpstudy_pro\WWW\th5\application\auction\controller\Auction.php:264]
---------------------------------------------------------------
[ 2020-07-08T09:48:38+08:00 ] 127.0.0.1 GET 127.0.0.1/th5/public/auction/Auction/queryCar
[运行时间：0.025215s] [吞吐率：39.66req/s] [内存消耗：1,329.32kb] [文件加载：35]
[ info ] [ LANG ] E:\phpS\phpstudy_pro\WWW\th5\thinkphp\lang\zh-cn.php
[ info ] [ ROUTE ] array (
  'type' => 'module',
  'module' => 
  array (
    0 => 'auction',
    1 => 'Auction',
    2 => 'queryCar',
  ),
)
[ info ] [ HEADER ] array (
  'accept-language' => 'zh-CN,zh;q=0.9',
  'accept-encoding' => 'gzip, deflate, br',
  'referer' => 'http://localhost:8080/',
  'sec-fetch-dest' => 'empty',
  'sec-fetch-mode' => 'cors',
  'sec-fetch-site' => 'cross-site',
  'origin' => 'http://localhost:8080',
  'user-agent' => 'Mozilla/5.0 (Windows NT 10.0; Win64; x64) AppleWebKit/537.36 (KHTML, like Gecko) Chrome/83.0.4103.116 Safari/537.36',
  'accept' => 'application/json, text/plain, */*',
  'cache-control' => 'no-cache',
  'pragma' => 'no-cache',
  'connection' => 'close',
  'host' => '127.0.0.1',
)
[ info ] [ PARAM ] array (
)
[ info ] [ LOG ] INIT File
[ error ] [0]语法解析错误: syntax error, unexpected '' (T_ENCAPSED_AND_WHITESPACE), expecting '-' or identifier (T_STRING) or variable (T_VARIABLE) or number (T_NUM_STRING)[E:\phpS\phpstudy_pro\WWW\th5\application\auction\controller\Auction.php:264]
---------------------------------------------------------------
[ 2020-07-08T09:48:38+08:00 ] 127.0.0.1 POST 127.0.0.1/th5/public/auction/Auction/vehicle
[运行时间：0.021906s] [吞吐率：45.65req/s] [内存消耗：1,329.52kb] [文件加载：35]
[ info ] [ LANG ] E:\phpS\phpstudy_pro\WWW\th5\thinkphp\lang\zh-cn.php
[ info ] [ ROUTE ] array (
  'type' => 'module',
  'module' => 
  array (
    0 => 'auction',
    1 => 'Auction',
    2 => 'vehicle',
  ),
)
[ info ] [ HEADER ] array (
  'accept-language' => 'zh-CN,zh;q=0.9',
  'accept-encoding' => 'gzip, deflate, br',
  'referer' => 'http://localhost:8080/',
  'sec-fetch-dest' => 'empty',
  'sec-fetch-mode' => 'cors',
  'sec-fetch-site' => 'cross-site',
  'origin' => 'http://localhost:8080',
  'content-type' => 'application/x-www-form-urlencoded',
  'user-agent' => 'Mozilla/5.0 (Windows NT 10.0; Win64; x64) AppleWebKit/537.36 (KHTML, like Gecko) Chrome/83.0.4103.116 Safari/537.36',
  'accept' => 'application/json, text/plain, */*',
  'cache-control' => 'no-cache',
  'pragma' => 'no-cache',
  'content-length' => '117',
  'connection' => 'close',
  'host' => '127.0.0.1',
)
[ info ] [ PARAM ] array (
  '{"brandID":"","seriesID":"","price":"","timeBaseNum":"","priceBaseNum":"","token":"b8038154ee954e5f146b3100db01d71e"}' => '',
)
[ info ] [ LOG ] INIT File
[ error ] [0]语法解析错误: syntax error, unexpected '' (T_ENCAPSED_AND_WHITESPACE), expecting '-' or identifier (T_STRING) or variable (T_VARIABLE) or number (T_NUM_STRING)[E:\phpS\phpstudy_pro\WWW\th5\application\auction\controller\Auction.php:264]
---------------------------------------------------------------
[ 2020-07-08T09:49:08+08:00 ] 127.0.0.1 GET 127.0.0.1/th5/public/auction/Auction/queryCar
[运行时间：0.024948s] [吞吐率：40.08req/s] [内存消耗：1,329.32kb] [文件加载：35]
[ info ] [ LANG ] E:\phpS\phpstudy_pro\WWW\th5\thinkphp\lang\zh-cn.php
[ info ] [ ROUTE ] array (
  'type' => 'module',
  'module' => 
  array (
    0 => 'auction',
    1 => 'Auction',
    2 => 'queryCar',
  ),
)
[ info ] [ HEADER ] array (
  'accept-language' => 'zh-CN,zh;q=0.9',
  'accept-encoding' => 'gzip, deflate, br',
  'referer' => 'http://localhost:8080/',
  'sec-fetch-dest' => 'empty',
  'sec-fetch-mode' => 'cors',
  'sec-fetch-site' => 'cross-site',
  'origin' => 'http://localhost:8080',
  'user-agent' => 'Mozilla/5.0 (Windows NT 10.0; Win64; x64) AppleWebKit/537.36 (KHTML, like Gecko) Chrome/83.0.4103.116 Safari/537.36',
  'accept' => 'application/json, text/plain, */*',
  'cache-control' => 'no-cache',
  'pragma' => 'no-cache',
  'connection' => 'close',
  'host' => '127.0.0.1',
)
[ info ] [ PARAM ] array (
)
[ info ] [ LOG ] INIT File
[ error ] [0]语法解析错误: syntax error, unexpected '' (T_ENCAPSED_AND_WHITESPACE), expecting '-' or identifier (T_STRING) or variable (T_VARIABLE) or number (T_NUM_STRING)[E:\phpS\phpstudy_pro\WWW\th5\application\auction\controller\Auction.php:264]
---------------------------------------------------------------
[ 2020-07-08T09:49:08+08:00 ] 127.0.0.1 POST 127.0.0.1/th5/public/auction/Auction/vehicle
[运行时间：0.024148s] [吞吐率：41.41req/s] [内存消耗：1,329.52kb] [文件加载：35]
[ info ] [ LANG ] E:\phpS\phpstudy_pro\WWW\th5\thinkphp\lang\zh-cn.php
[ info ] [ ROUTE ] array (
  'type' => 'module',
  'module' => 
  array (
    0 => 'auction',
    1 => 'Auction',
    2 => 'vehicle',
  ),
)
[ info ] [ HEADER ] array (
  'accept-language' => 'zh-CN,zh;q=0.9',
  'accept-encoding' => 'gzip, deflate, br',
  'referer' => 'http://localhost:8080/',
  'sec-fetch-dest' => 'empty',
  'sec-fetch-mode' => 'cors',
  'sec-fetch-site' => 'cross-site',
  'origin' => 'http://localhost:8080',
  'content-type' => 'application/x-www-form-urlencoded',
  'user-agent' => 'Mozilla/5.0 (Windows NT 10.0; Win64; x64) AppleWebKit/537.36 (KHTML, like Gecko) Chrome/83.0.4103.116 Safari/537.36',
  'accept' => 'application/json, text/plain, */*',
  'cache-control' => 'no-cache',
  'pragma' => 'no-cache',
  'content-length' => '117',
  'connection' => 'close',
  'host' => '127.0.0.1',
)
[ info ] [ PARAM ] array (
  '{"brandID":"","seriesID":"","price":"","timeBaseNum":"","priceBaseNum":"","token":"b8038154ee954e5f146b3100db01d71e"}' => '',
)
[ info ] [ LOG ] INIT File
[ error ] [0]语法解析错误: syntax error, unexpected '' (T_ENCAPSED_AND_WHITESPACE), expecting '-' or identifier (T_STRING) or variable (T_VARIABLE) or number (T_NUM_STRING)[E:\phpS\phpstudy_pro\WWW\th5\application\auction\controller\Auction.php:264]
---------------------------------------------------------------
[ 2020-07-08T09:49:50+08:00 ] 127.0.0.1 GET 127.0.0.1/th5/public/auction/Auction/queryCar
[运行时间：0.023944s] [吞吐率：41.76req/s] [内存消耗：1,329.32kb] [文件加载：35]
[ info ] [ LANG ] E:\phpS\phpstudy_pro\WWW\th5\thinkphp\lang\zh-cn.php
[ info ] [ ROUTE ] array (
  'type' => 'module',
  'module' => 
  array (
    0 => 'auction',
    1 => 'Auction',
    2 => 'queryCar',
  ),
)
[ info ] [ HEADER ] array (
  'accept-language' => 'zh-CN,zh;q=0.9',
  'accept-encoding' => 'gzip, deflate, br',
  'referer' => 'http://localhost:8080/',
  'sec-fetch-dest' => 'empty',
  'sec-fetch-mode' => 'cors',
  'sec-fetch-site' => 'cross-site',
  'origin' => 'http://localhost:8080',
  'user-agent' => 'Mozilla/5.0 (Windows NT 10.0; Win64; x64) AppleWebKit/537.36 (KHTML, like Gecko) Chrome/83.0.4103.116 Safari/537.36',
  'accept' => 'application/json, text/plain, */*',
  'cache-control' => 'no-cache',
  'pragma' => 'no-cache',
  'connection' => 'close',
  'host' => '127.0.0.1',
)
[ info ] [ PARAM ] array (
)
[ info ] [ LOG ] INIT File
[ error ] [0]语法解析错误: syntax error, unexpected '' (T_ENCAPSED_AND_WHITESPACE), expecting '-' or identifier (T_STRING) or variable (T_VARIABLE) or number (T_NUM_STRING)[E:\phpS\phpstudy_pro\WWW\th5\application\auction\controller\Auction.php:264]
---------------------------------------------------------------
[ 2020-07-08T09:49:50+08:00 ] 127.0.0.1 POST 127.0.0.1/th5/public/auction/Auction/vehicle
[运行时间：0.026921s] [吞吐率：37.15req/s] [内存消耗：1,329.52kb] [文件加载：35]
[ info ] [ LANG ] E:\phpS\phpstudy_pro\WWW\th5\thinkphp\lang\zh-cn.php
[ info ] [ ROUTE ] array (
  'type' => 'module',
  'module' => 
  array (
    0 => 'auction',
    1 => 'Auction',
    2 => 'vehicle',
  ),
)
[ info ] [ HEADER ] array (
  'accept-language' => 'zh-CN,zh;q=0.9',
  'accept-encoding' => 'gzip, deflate, br',
  'referer' => 'http://localhost:8080/',
  'sec-fetch-dest' => 'empty',
  'sec-fetch-mode' => 'cors',
  'sec-fetch-site' => 'cross-site',
  'origin' => 'http://localhost:8080',
  'content-type' => 'application/x-www-form-urlencoded',
  'user-agent' => 'Mozilla/5.0 (Windows NT 10.0; Win64; x64) AppleWebKit/537.36 (KHTML, like Gecko) Chrome/83.0.4103.116 Safari/537.36',
  'accept' => 'application/json, text/plain, */*',
  'cache-control' => 'no-cache',
  'pragma' => 'no-cache',
  'content-length' => '117',
  'connection' => 'close',
  'host' => '127.0.0.1',
)
[ info ] [ PARAM ] array (
  '{"brandID":"","seriesID":"","price":"","timeBaseNum":"","priceBaseNum":"","token":"b8038154ee954e5f146b3100db01d71e"}' => '',
)
[ info ] [ LOG ] INIT File
[ error ] [0]语法解析错误: syntax error, unexpected '' (T_ENCAPSED_AND_WHITESPACE), expecting '-' or identifier (T_STRING) or variable (T_VARIABLE) or number (T_NUM_STRING)[E:\phpS\phpstudy_pro\WWW\th5\application\auction\controller\Auction.php:264]
---------------------------------------------------------------
[ 2020-07-08T09:50:32+08:00 ] 127.0.0.1 POST 127.0.0.1/th5/public/auction/Auction/vehicle
[运行时间：0.400899s] [吞吐率：2.49req/s] [内存消耗：2,544.19kb] [文件加载：48]
[ info ] [ LANG ] E:\phpS\phpstudy_pro\WWW\th5\thinkphp\lang\zh-cn.php
[ info ] [ ROUTE ] array (
  'type' => 'module',
  'module' => 
  array (
    0 => 'auction',
    1 => 'Auction',
    2 => 'vehicle',
  ),
)
[ info ] [ HEADER ] array (
  'accept-language' => 'zh-CN,zh;q=0.9',
  'accept-encoding' => 'gzip, deflate, br',
  'referer' => 'http://localhost:8080/',
  'sec-fetch-dest' => 'empty',
  'sec-fetch-mode' => 'cors',
  'sec-fetch-site' => 'cross-site',
  'origin' => 'http://localhost:8080',
  'content-type' => 'application/x-www-form-urlencoded',
  'user-agent' => 'Mozilla/5.0 (Windows NT 10.0; Win64; x64) AppleWebKit/537.36 (KHTML, like Gecko) Chrome/83.0.4103.116 Safari/537.36',
  'accept' => 'application/json, text/plain, */*',
  'cache-control' => 'no-cache',
  'pragma' => 'no-cache',
  'content-length' => '117',
  'connection' => 'close',
  'host' => '127.0.0.1',
)
[ info ] [ PARAM ] array (
  '{"brandID":"","seriesID":"","price":"","timeBaseNum":"","priceBaseNum":"","token":"b8038154ee954e5f146b3100db01d71e"}' => '',
)
[ info ] [ RUN ] app\auction\controller\Auction->vehicle[ E:\phpS\phpstudy_pro\WWW\th5\application\auction\controller\Auction.php ]
[ info ] [ DB ] INIT mysql
[ info ] [ LOG ] INIT File
[ sql ] [ DB ] CONNECT:[ UseTime:0.121024s ] mysql:host=118.190.149.14;port=3306;dbname=peanut;charset=utf8
[ sql ] [ SQL ] SELECT `v`.*,`a`.* FROM peanut_vehicle v,peanut_brand b,peanut_series s,peanut_auction a WHERE  (  v.series_id=s.series_id and s.brand_id=b.brand_id and v.vehicle_state="拍卖中" and a.id=v.auction_id ) [ RunTime:0.078050s ]
[ sql ] [ SQL ] SHOW COLUMNS FROM `peanut_collection` [ RunTime:0.078115s ]
[ sql ] [ SQL ] SELECT * FROM `peanut_collection` WHERE  (  user_id = 15 ) [ RunTime:0.078025s ]
---------------------------------------------------------------
[ 2020-07-08T09:50:32+08:00 ] 127.0.0.1 GET 127.0.0.1/th5/public/auction/Auction/queryCar
[运行时间：0.573204s] [吞吐率：1.74req/s] [内存消耗：2,546.73kb] [文件加载：47]
[ info ] [ LANG ] E:\phpS\phpstudy_pro\WWW\th5\thinkphp\lang\zh-cn.php
[ info ] [ ROUTE ] array (
  'type' => 'module',
  'module' => 
  array (
    0 => 'auction',
    1 => 'Auction',
    2 => 'queryCar',
  ),
)
[ info ] [ HEADER ] array (
  'accept-language' => 'zh-CN,zh;q=0.9',
  'accept-encoding' => 'gzip, deflate, br',
  'referer' => 'http://localhost:8080/',
  'sec-fetch-dest' => 'empty',
  'sec-fetch-mode' => 'cors',
  'sec-fetch-site' => 'cross-site',
  'origin' => 'http://localhost:8080',
  'user-agent' => 'Mozilla/5.0 (Windows NT 10.0; Win64; x64) AppleWebKit/537.36 (KHTML, like Gecko) Chrome/83.0.4103.116 Safari/537.36',
  'accept' => 'application/json, text/plain, */*',
  'cache-control' => 'no-cache',
  'pragma' => 'no-cache',
  'connection' => 'close',
  'host' => '127.0.0.1',
)
[ info ] [ PARAM ] array (
)
[ info ] [ RUN ] app\auction\controller\Auction->queryCar[ E:\phpS\phpstudy_pro\WWW\th5\application\auction\controller\Auction.php ]
[ info ] [ DB ] INIT mysql
[ info ] [ LOG ] INIT File
[ sql ] [ DB ] CONNECT:[ UseTime:0.103545s ] mysql:host=118.190.149.14;port=3306;dbname=peanut;charset=utf8
[ sql ] [ SQL ] SHOW COLUMNS FROM `peanut_brand` [ RunTime:0.069630s ]
[ sql ] [ SQL ] SELECT * FROM `peanut_brand` [ RunTime:0.071368s ]
[ sql ] [ SQL ] SHOW COLUMNS FROM `peanut_series` [ RunTime:0.072543s ]
[ sql ] [ SQL ] SELECT * FROM `peanut_series` ORDER BY `sales_volume` DESC LIMIT 5 [ RunTime:0.069742s ]
[ sql ] [ SQL ] SHOW COLUMNS FROM `peanut_price` [ RunTime:0.070968s ]
[ sql ] [ SQL ] SELECT * FROM `peanut_price` [ RunTime:0.072947s ]
---------------------------------------------------------------
[ 2020-07-08T09:50:36+08:00 ] 127.0.0.1 POST 127.0.0.1/th5/public/auction/Auction/Price
[运行时间：0.457955s] [吞吐率：2.18req/s] [内存消耗：2,493.04kb] [文件加载：46]
[ info ] [ LANG ] E:\phpS\phpstudy_pro\WWW\th5\thinkphp\lang\zh-cn.php
[ info ] [ ROUTE ] array (
  'type' => 'module',
  'module' => 
  array (
    0 => 'auction',
    1 => 'Auction',
    2 => 'Price',
  ),
)
[ info ] [ HEADER ] array (
  'accept-language' => 'zh-CN,zh;q=0.9',
  'accept-encoding' => 'gzip, deflate, br',
  'referer' => 'http://localhost:8080/',
  'sec-fetch-dest' => 'empty',
  'sec-fetch-mode' => 'cors',
  'sec-fetch-site' => 'cross-site',
  'origin' => 'http://localhost:8080',
  'content-type' => 'application/x-www-form-urlencoded',
  'user-agent' => 'Mozilla/5.0 (Windows NT 10.0; Win64; x64) AppleWebKit/537.36 (KHTML, like Gecko) Chrome/83.0.4103.116 Safari/537.36',
  'accept' => 'application/json, text/plain, */*',
  'cache-control' => 'no-cache',
  'pragma' => 'no-cache',
  'content-length' => '73',
  'connection' => 'close',
  'host' => '127.0.0.1',
)
[ info ] [ PARAM ] array (
  '{"id":1,"price":67,"token":"b8038154ee954e5f146b3100db01d71e","sellID":1}' => '',
)
[ info ] [ RUN ] app\auction\controller\Auction->Price[ E:\phpS\phpstudy_pro\WWW\th5\application\auction\controller\Auction.php ]
[ info ] [ DB ] INIT mysql
[ info ] [ LOG ] INIT File
[ sql ] [ DB ] CONNECT:[ UseTime:0.110783s ] mysql:host=118.190.149.14;port=3306;dbname=peanut;charset=utf8
[ sql ] [ SQL ] SHOW COLUMNS FROM `peanut_user` [ RunTime:0.072035s ]
[ sql ] [ SQL ] SELECT `money` FROM `peanut_user` WHERE  (  id = 15 ) [ RunTime:0.069149s ]
[ sql ] [ SQL ] SHOW COLUMNS FROM `peanut_collection` [ RunTime:0.070782s ]
[ sql ] [ SQL ] SELECT * FROM `peanut_collection` WHERE  (  vehicle_id = 1 ) [ RunTime:0.072652s ]
---------------------------------------------------------------
[ 2020-07-08T09:50:38+08:00 ] 127.0.0.1 POST 127.0.0.1/th5/public/personal/Personal/personal
[运行时间：0.370636s] [吞吐率：2.70req/s] [内存消耗：2,505.03kb] [文件加载：47]
[ info ] [ LANG ] E:\phpS\phpstudy_pro\WWW\th5\thinkphp\lang\zh-cn.php
[ info ] [ ROUTE ] array (
  'type' => 'module',
  'module' => 
  array (
    0 => 'personal',
    1 => 'Personal',
    2 => 'personal',
  ),
)
[ info ] [ HEADER ] array (
  'accept-language' => 'zh-CN,zh;q=0.9',
  'accept-encoding' => 'gzip, deflate, br',
  'referer' => 'http://localhost:8080/',
  'sec-fetch-dest' => 'empty',
  'sec-fetch-mode' => 'cors',
  'sec-fetch-site' => 'cross-site',
  'origin' => 'http://localhost:8080',
  'content-type' => 'application/x-www-form-urlencoded',
  'user-agent' => 'Mozilla/5.0 (Windows NT 10.0; Win64; x64) AppleWebKit/537.36 (KHTML, like Gecko) Chrome/83.0.4103.116 Safari/537.36',
  'accept' => 'application/json, text/plain, */*',
  'cache-control' => 'no-cache',
  'pragma' => 'no-cache',
  'content-length' => '44',
  'connection' => 'close',
  'host' => '127.0.0.1',
)
[ info ] [ PARAM ] array (
  '{"token":"b8038154ee954e5f146b3100db01d71e"}' => '',
)
[ info ] [ RUN ] app\personal\controller\Personal->personal[ E:\phpS\phpstudy_pro\WWW\th5\application\personal\controller\Personal.php ]
[ info ] [ DB ] INIT mysql
[ info ] [ LOG ] INIT File
[ sql ] [ DB ] CONNECT:[ UseTime:0.131001s ] mysql:host=118.190.149.14;port=3306;dbname=peanut;charset=utf8
[ sql ] [ SQL ] SHOW COLUMNS FROM `peanut_user` [ RunTime:0.107840s ]
[ sql ] [ SQL ] SELECT * FROM `peanut_user` WHERE  `id` = 15 LIMIT 1 [ RunTime:0.070383s ]
---------------------------------------------------------------
[ 2020-07-08T09:51:08+08:00 ] 127.0.0.1 POST 127.0.0.1/th5/public/auction/Auction/vehicle
[运行时间：0.376576s] [吞吐率：2.66req/s] [内存消耗：2,544.23kb] [文件加载：48]
[ info ] [ LANG ] E:\phpS\phpstudy_pro\WWW\th5\thinkphp\lang\zh-cn.php
[ info ] [ ROUTE ] array (
  'type' => 'module',
  'module' => 
  array (
    0 => 'auction',
    1 => 'Auction',
    2 => 'vehicle',
  ),
)
[ info ] [ HEADER ] array (
  'accept-language' => 'zh-CN,zh;q=0.9',
  'accept-encoding' => 'gzip, deflate, br',
  'referer' => 'http://localhost:8080/',
  'sec-fetch-dest' => 'empty',
  'sec-fetch-mode' => 'cors',
  'sec-fetch-site' => 'cross-site',
  'origin' => 'http://localhost:8080',
  'content-type' => 'application/x-www-form-urlencoded',
  'user-agent' => 'Mozilla/5.0 (Windows NT 10.0; Win64; x64) AppleWebKit/537.36 (KHTML, like Gecko) Chrome/83.0.4103.116 Safari/537.36',
  'accept' => 'application/json, text/plain, */*',
  'cache-control' => 'no-cache',
  'pragma' => 'no-cache',
  'content-length' => '117',
  'connection' => 'close',
  'host' => '127.0.0.1',
)
[ info ] [ PARAM ] array (
  '{"brandID":"","seriesID":"","price":"","timeBaseNum":"","priceBaseNum":"","token":"b8038154ee954e5f146b3100db01d71e"}' => '',
)
[ info ] [ RUN ] app\auction\controller\Auction->vehicle[ E:\phpS\phpstudy_pro\WWW\th5\application\auction\controller\Auction.php ]
[ info ] [ DB ] INIT mysql
[ info ] [ LOG ] INIT File
[ sql ] [ DB ] CONNECT:[ UseTime:0.106750s ] mysql:host=118.190.149.14;port=3306;dbname=peanut;charset=utf8
[ sql ] [ SQL ] SELECT `v`.*,`a`.* FROM peanut_vehicle v,peanut_brand b,peanut_series s,peanut_auction a WHERE  (  v.series_id=s.series_id and s.brand_id=b.brand_id and v.vehicle_state="拍卖中" and a.id=v.auction_id ) [ RunTime:0.070667s ]
[ sql ] [ SQL ] SHOW COLUMNS FROM `peanut_collection` [ RunTime:0.069686s ]
[ sql ] [ SQL ] SELECT * FROM `peanut_collection` WHERE  (  user_id = 15 ) [ RunTime:0.069619s ]
---------------------------------------------------------------
[ 2020-07-08T09:51:08+08:00 ] 127.0.0.1 GET 127.0.0.1/th5/public/auction/Auction/queryCar
[运行时间：0.634247s] [吞吐率：1.58req/s] [内存消耗：2,546.78kb] [文件加载：47]
[ info ] [ LANG ] E:\phpS\phpstudy_pro\WWW\th5\thinkphp\lang\zh-cn.php
[ info ] [ ROUTE ] array (
  'type' => 'module',
  'module' => 
  array (
    0 => 'auction',
    1 => 'Auction',
    2 => 'queryCar',
  ),
)
[ info ] [ HEADER ] array (
  'accept-language' => 'zh-CN,zh;q=0.9',
  'accept-encoding' => 'gzip, deflate, br',
  'referer' => 'http://localhost:8080/',
  'sec-fetch-dest' => 'empty',
  'sec-fetch-mode' => 'cors',
  'sec-fetch-site' => 'cross-site',
  'origin' => 'http://localhost:8080',
  'user-agent' => 'Mozilla/5.0 (Windows NT 10.0; Win64; x64) AppleWebKit/537.36 (KHTML, like Gecko) Chrome/83.0.4103.116 Safari/537.36',
  'accept' => 'application/json, text/plain, */*',
  'cache-control' => 'no-cache',
  'pragma' => 'no-cache',
  'connection' => 'close',
  'host' => '127.0.0.1',
)
[ info ] [ PARAM ] array (
)
[ info ] [ RUN ] app\auction\controller\Auction->queryCar[ E:\phpS\phpstudy_pro\WWW\th5\application\auction\controller\Auction.php ]
[ info ] [ DB ] INIT mysql
[ info ] [ LOG ] INIT File
[ sql ] [ DB ] CONNECT:[ UseTime:0.116720s ] mysql:host=118.190.149.14;port=3306;dbname=peanut;charset=utf8
[ sql ] [ SQL ] SHOW COLUMNS FROM `peanut_brand` [ RunTime:0.077784s ]
[ sql ] [ SQL ] SELECT * FROM `peanut_brand` [ RunTime:0.076811s ]
[ sql ] [ SQL ] SHOW COLUMNS FROM `peanut_series` [ RunTime:0.078487s ]
[ sql ] [ SQL ] SELECT * FROM `peanut_series` ORDER BY `sales_volume` DESC LIMIT 5 [ RunTime:0.076529s ]
[ sql ] [ SQL ] SHOW COLUMNS FROM `peanut_price` [ RunTime:0.078567s ]
[ sql ] [ SQL ] SELECT * FROM `peanut_price` [ RunTime:0.076587s ]
---------------------------------------------------------------
[ 2020-07-08T09:51:11+08:00 ] 127.0.0.1 POST 127.0.0.1/th5/public/auction/Auction/vehicle
[运行时间：0.344021s] [吞吐率：2.91req/s] [内存消耗：2,544.23kb] [文件加载：48]
[ info ] [ LANG ] E:\phpS\phpstudy_pro\WWW\th5\thinkphp\lang\zh-cn.php
[ info ] [ ROUTE ] array (
  'type' => 'module',
  'module' => 
  array (
    0 => 'auction',
    1 => 'Auction',
    2 => 'vehicle',
  ),
)
[ info ] [ HEADER ] array (
  'accept-language' => 'zh-CN,zh;q=0.9',
  'accept-encoding' => 'gzip, deflate, br',
  'referer' => 'http://localhost:8080/',
  'sec-fetch-dest' => 'empty',
  'sec-fetch-mode' => 'cors',
  'sec-fetch-site' => 'cross-site',
  'origin' => 'http://localhost:8080',
  'content-type' => 'application/x-www-form-urlencoded',
  'user-agent' => 'Mozilla/5.0 (Windows NT 10.0; Win64; x64) AppleWebKit/537.36 (KHTML, like Gecko) Chrome/83.0.4103.116 Safari/537.36',
  'accept' => 'application/json, text/plain, */*',
  'cache-control' => 'no-cache',
  'pragma' => 'no-cache',
  'content-length' => '117',
  'connection' => 'close',
  'host' => '127.0.0.1',
)
[ info ] [ PARAM ] array (
  '{"brandID":"","seriesID":"","price":"","timeBaseNum":"","priceBaseNum":"","token":"b8038154ee954e5f146b3100db01d71e"}' => '',
)
[ info ] [ RUN ] app\auction\controller\Auction->vehicle[ E:\phpS\phpstudy_pro\WWW\th5\application\auction\controller\Auction.php ]
[ info ] [ DB ] INIT mysql
[ info ] [ LOG ] INIT File
[ sql ] [ DB ] CONNECT:[ UseTime:0.099263s ] mysql:host=118.190.149.14;port=3306;dbname=peanut;charset=utf8
[ sql ] [ SQL ] SELECT `v`.*,`a`.* FROM peanut_vehicle v,peanut_brand b,peanut_series s,peanut_auction a WHERE  (  v.series_id=s.series_id and s.brand_id=b.brand_id and v.vehicle_state="拍卖中" and a.id=v.auction_id ) [ RunTime:0.070601s ]
[ sql ] [ SQL ] SHOW COLUMNS FROM `peanut_collection` [ RunTime:0.066412s ]
[ sql ] [ SQL ] SELECT * FROM `peanut_collection` WHERE  (  user_id = 15 ) [ RunTime:0.068801s ]
---------------------------------------------------------------
[ 2020-07-08T09:51:11+08:00 ] 127.0.0.1 GET 127.0.0.1/th5/public/auction/Auction/queryCar
[运行时间：0.568574s] [吞吐率：1.76req/s] [内存消耗：2,546.78kb] [文件加载：47]
[ info ] [ LANG ] E:\phpS\phpstudy_pro\WWW\th5\thinkphp\lang\zh-cn.php
[ info ] [ ROUTE ] array (
  'type' => 'module',
  'module' => 
  array (
    0 => 'auction',
    1 => 'Auction',
    2 => 'queryCar',
  ),
)
[ info ] [ HEADER ] array (
  'accept-language' => 'zh-CN,zh;q=0.9',
  'accept-encoding' => 'gzip, deflate, br',
  'referer' => 'http://localhost:8080/',
  'sec-fetch-dest' => 'empty',
  'sec-fetch-mode' => 'cors',
  'sec-fetch-site' => 'cross-site',
  'origin' => 'http://localhost:8080',
  'user-agent' => 'Mozilla/5.0 (Windows NT 10.0; Win64; x64) AppleWebKit/537.36 (KHTML, like Gecko) Chrome/83.0.4103.116 Safari/537.36',
  'accept' => 'application/json, text/plain, */*',
  'cache-control' => 'no-cache',
  'pragma' => 'no-cache',
  'connection' => 'close',
  'host' => '127.0.0.1',
)
[ info ] [ PARAM ] array (
)
[ info ] [ RUN ] app\auction\controller\Auction->queryCar[ E:\phpS\phpstudy_pro\WWW\th5\application\auction\controller\Auction.php ]
[ info ] [ DB ] INIT mysql
[ info ] [ LOG ] INIT File
[ sql ] [ DB ] CONNECT:[ UseTime:0.105597s ] mysql:host=118.190.149.14;port=3306;dbname=peanut;charset=utf8
[ sql ] [ SQL ] SHOW COLUMNS FROM `peanut_brand` [ RunTime:0.068987s ]
[ sql ] [ SQL ] SELECT * FROM `peanut_brand` [ RunTime:0.068684s ]
[ sql ] [ SQL ] SHOW COLUMNS FROM `peanut_series` [ RunTime:0.071086s ]
[ sql ] [ SQL ] SELECT * FROM `peanut_series` ORDER BY `sales_volume` DESC LIMIT 5 [ RunTime:0.069827s ]
[ sql ] [ SQL ] SHOW COLUMNS FROM `peanut_price` [ RunTime:0.069235s ]
[ sql ] [ SQL ] SELECT * FROM `peanut_price` [ RunTime:0.070585s ]
---------------------------------------------------------------
[ 2020-07-08T09:51:15+08:00 ] 127.0.0.1 POST 127.0.0.1/th5/public/auction/Auction/Price
[运行时间：0.505039s] [吞吐率：1.98req/s] [内存消耗：2,493.16kb] [文件加载：46]
[ info ] [ LANG ] E:\phpS\phpstudy_pro\WWW\th5\thinkphp\lang\zh-cn.php
[ info ] [ ROUTE ] array (
  'type' => 'module',
  'module' => 
  array (
    0 => 'auction',
    1 => 'Auction',
    2 => 'Price',
  ),
)
[ info ] [ HEADER ] array (
  'accept-language' => 'zh-CN,zh;q=0.9',
  'accept-encoding' => 'gzip, deflate, br',
  'referer' => 'http://localhost:8080/',
  'sec-fetch-dest' => 'empty',
  'sec-fetch-mode' => 'cors',
  'sec-fetch-site' => 'cross-site',
  'origin' => 'http://localhost:8080',
  'content-type' => 'application/x-www-form-urlencoded',
  'user-agent' => 'Mozilla/5.0 (Windows NT 10.0; Win64; x64) AppleWebKit/537.36 (KHTML, like Gecko) Chrome/83.0.4103.116 Safari/537.36',
  'accept' => 'application/json, text/plain, */*',
  'cache-control' => 'no-cache',
  'pragma' => 'no-cache',
  'content-length' => '73',
  'connection' => 'close',
  'host' => '127.0.0.1',
)
[ info ] [ PARAM ] array (
  '{"id":1,"price":67,"token":"b8038154ee954e5f146b3100db01d71e","sellID":1}' => '',
)
[ info ] [ RUN ] app\auction\controller\Auction->Price[ E:\phpS\phpstudy_pro\WWW\th5\application\auction\controller\Auction.php ]
[ info ] [ DB ] INIT mysql
[ info ] [ LOG ] INIT File
[ sql ] [ DB ] CONNECT:[ UseTime:0.117718s ] mysql:host=118.190.149.14;port=3306;dbname=peanut;charset=utf8
[ sql ] [ SQL ] SHOW COLUMNS FROM `peanut_user` [ RunTime:0.078468s ]
[ sql ] [ SQL ] SELECT `money` FROM `peanut_user` WHERE  (  id = 15 ) [ RunTime:0.078862s ]
[ sql ] [ SQL ] SHOW COLUMNS FROM `peanut_collection` [ RunTime:0.077929s ]
[ sql ] [ SQL ] SELECT * FROM `peanut_collection` WHERE  (  vehicle_id = 1 ) [ RunTime:0.077417s ]
---------------------------------------------------------------
[ 2020-07-08T09:51:17+08:00 ] 127.0.0.1 POST 127.0.0.1/th5/public/personal/Personal/personal
[运行时间：0.272592s] [吞吐率：3.67req/s] [内存消耗：2,505.03kb] [文件加载：47]
[ info ] [ LANG ] E:\phpS\phpstudy_pro\WWW\th5\thinkphp\lang\zh-cn.php
[ info ] [ ROUTE ] array (
  'type' => 'module',
  'module' => 
  array (
    0 => 'personal',
    1 => 'Personal',
    2 => 'personal',
  ),
)
[ info ] [ HEADER ] array (
  'accept-language' => 'zh-CN,zh;q=0.9',
  'accept-encoding' => 'gzip, deflate, br',
  'referer' => 'http://localhost:8080/',
  'sec-fetch-dest' => 'empty',
  'sec-fetch-mode' => 'cors',
  'sec-fetch-site' => 'cross-site',
  'origin' => 'http://localhost:8080',
  'content-type' => 'application/x-www-form-urlencoded',
  'user-agent' => 'Mozilla/5.0 (Windows NT 10.0; Win64; x64) AppleWebKit/537.36 (KHTML, like Gecko) Chrome/83.0.4103.116 Safari/537.36',
  'accept' => 'application/json, text/plain, */*',
  'cache-control' => 'no-cache',
  'pragma' => 'no-cache',
  'content-length' => '44',
  'connection' => 'close',
  'host' => '127.0.0.1',
)
[ info ] [ PARAM ] array (
  '{"token":"b8038154ee954e5f146b3100db01d71e"}' => '',
)
[ info ] [ RUN ] app\personal\controller\Personal->personal[ E:\phpS\phpstudy_pro\WWW\th5\application\personal\controller\Personal.php ]
[ info ] [ DB ] INIT mysql
[ info ] [ LOG ] INIT File
[ sql ] [ DB ] CONNECT:[ UseTime:0.093434s ] mysql:host=118.190.149.14;port=3306;dbname=peanut;charset=utf8
[ sql ] [ SQL ] SHOW COLUMNS FROM `peanut_user` [ RunTime:0.063630s ]
[ sql ] [ SQL ] SELECT * FROM `peanut_user` WHERE  `id` = 15 LIMIT 1 [ RunTime:0.063960s ]
---------------------------------------------------------------
[ 2020-07-08T09:57:29+08:00 ] 127.0.0.1 POST 127.0.0.1/th5/public/auction/Auction/vehicle
[运行时间：0.386496s] [吞吐率：2.59req/s] [内存消耗：2,544.23kb] [文件加载：48]
[ info ] [ LANG ] E:\phpS\phpstudy_pro\WWW\th5\thinkphp\lang\zh-cn.php
[ info ] [ ROUTE ] array (
  'type' => 'module',
  'module' => 
  array (
    0 => 'auction',
    1 => 'Auction',
    2 => 'vehicle',
  ),
)
[ info ] [ HEADER ] array (
  'accept-language' => 'zh-CN,zh;q=0.9',
  'accept-encoding' => 'gzip, deflate, br',
  'referer' => 'http://localhost:8080/',
  'sec-fetch-dest' => 'empty',
  'sec-fetch-mode' => 'cors',
  'sec-fetch-site' => 'cross-site',
  'origin' => 'http://localhost:8080',
  'content-type' => 'application/x-www-form-urlencoded',
  'user-agent' => 'Mozilla/5.0 (Windows NT 10.0; Win64; x64) AppleWebKit/537.36 (KHTML, like Gecko) Chrome/83.0.4103.116 Safari/537.36',
  'accept' => 'application/json, text/plain, */*',
  'cache-control' => 'no-cache',
  'pragma' => 'no-cache',
  'content-length' => '117',
  'connection' => 'close',
  'host' => '127.0.0.1',
)
[ info ] [ PARAM ] array (
  '{"brandID":"","seriesID":"","price":"","timeBaseNum":"","priceBaseNum":"","token":"b8038154ee954e5f146b3100db01d71e"}' => '',
)
[ info ] [ RUN ] app\auction\controller\Auction->vehicle[ E:\phpS\phpstudy_pro\WWW\th5\application\auction\controller\Auction.php ]
[ info ] [ DB ] INIT mysql
[ info ] [ LOG ] INIT File
[ sql ] [ DB ] CONNECT:[ UseTime:0.103946s ] mysql:host=118.190.149.14;port=3306;dbname=peanut;charset=utf8
[ sql ] [ SQL ] SELECT `v`.*,`a`.* FROM peanut_vehicle v,peanut_brand b,peanut_series s,peanut_auction a WHERE  (  v.series_id=s.series_id and s.brand_id=b.brand_id and v.vehicle_state="拍卖中" and a.id=v.auction_id ) [ RunTime:0.068509s ]
[ sql ] [ SQL ] SHOW COLUMNS FROM `peanut_collection` [ RunTime:0.075241s ]
[ sql ] [ SQL ] SELECT * FROM `peanut_collection` WHERE  (  user_id = 15 ) [ RunTime:0.065835s ]
---------------------------------------------------------------
[ 2020-07-08T09:57:30+08:00 ] 127.0.0.1 GET 127.0.0.1/th5/public/auction/Auction/queryCar
[运行时间：0.605073s] [吞吐率：1.65req/s] [内存消耗：2,546.78kb] [文件加载：47]
[ info ] [ LANG ] E:\phpS\phpstudy_pro\WWW\th5\thinkphp\lang\zh-cn.php
[ info ] [ ROUTE ] array (
  'type' => 'module',
  'module' => 
  array (
    0 => 'auction',
    1 => 'Auction',
    2 => 'queryCar',
  ),
)
[ info ] [ HEADER ] array (
  'accept-language' => 'zh-CN,zh;q=0.9',
  'accept-encoding' => 'gzip, deflate, br',
  'referer' => 'http://localhost:8080/',
  'sec-fetch-dest' => 'empty',
  'sec-fetch-mode' => 'cors',
  'sec-fetch-site' => 'cross-site',
  'origin' => 'http://localhost:8080',
  'user-agent' => 'Mozilla/5.0 (Windows NT 10.0; Win64; x64) AppleWebKit/537.36 (KHTML, like Gecko) Chrome/83.0.4103.116 Safari/537.36',
  'accept' => 'application/json, text/plain, */*',
  'cache-control' => 'no-cache',
  'pragma' => 'no-cache',
  'connection' => 'close',
  'host' => '127.0.0.1',
)
[ info ] [ PARAM ] array (
)
[ info ] [ RUN ] app\auction\controller\Auction->queryCar[ E:\phpS\phpstudy_pro\WWW\th5\application\auction\controller\Auction.php ]
[ info ] [ DB ] INIT mysql
[ info ] [ LOG ] INIT File
[ sql ] [ DB ] CONNECT:[ UseTime:0.105276s ] mysql:host=118.190.149.14;port=3306;dbname=peanut;charset=utf8
[ sql ] [ SQL ] SHOW COLUMNS FROM `peanut_brand` [ RunTime:0.069650s ]
[ sql ] [ SQL ] SELECT * FROM `peanut_brand` [ RunTime:0.078449s ]
[ sql ] [ SQL ] SHOW COLUMNS FROM `peanut_series` [ RunTime:0.069809s ]
[ sql ] [ SQL ] SELECT * FROM `peanut_series` ORDER BY `sales_volume` DESC LIMIT 5 [ RunTime:0.071159s ]
[ sql ] [ SQL ] SHOW COLUMNS FROM `peanut_price` [ RunTime:0.068443s ]
[ sql ] [ SQL ] SELECT * FROM `peanut_price` [ RunTime:0.068277s ]
---------------------------------------------------------------
[ 2020-07-08T09:57:36+08:00 ] 127.0.0.1 POST 127.0.0.1/th5/public/auction/Auction/Price
[运行时间：1.123419s] [吞吐率：0.89req/s] [内存消耗：2,531.34kb] [文件加载：48]
[ info ] [ LANG ] E:\phpS\phpstudy_pro\WWW\th5\thinkphp\lang\zh-cn.php
[ info ] [ ROUTE ] array (
  'type' => 'module',
  'module' => 
  array (
    0 => 'auction',
    1 => 'Auction',
    2 => 'Price',
  ),
)
[ info ] [ HEADER ] array (
  'accept-language' => 'zh-CN,zh;q=0.9',
  'accept-encoding' => 'gzip, deflate, br',
  'referer' => 'http://localhost:8080/',
  'sec-fetch-dest' => 'empty',
  'sec-fetch-mode' => 'cors',
  'sec-fetch-site' => 'cross-site',
  'origin' => 'http://localhost:8080',
  'content-type' => 'application/x-www-form-urlencoded',
  'user-agent' => 'Mozilla/5.0 (Windows NT 10.0; Win64; x64) AppleWebKit/537.36 (KHTML, like Gecko) Chrome/83.0.4103.116 Safari/537.36',
  'accept' => 'application/json, text/plain, */*',
  'cache-control' => 'no-cache',
  'pragma' => 'no-cache',
  'content-length' => '73',
  'connection' => 'close',
  'host' => '127.0.0.1',
)
[ info ] [ PARAM ] array (
  '{"id":1,"price":67,"token":"b8038154ee954e5f146b3100db01d71e","sellID":1}' => '',
)
[ info ] [ RUN ] app\auction\controller\Auction->Price[ E:\phpS\phpstudy_pro\WWW\th5\application\auction\controller\Auction.php ]
[ info ] [ DB ] INIT mysql
[ info ] [ LOG ] INIT File
[ sql ] [ DB ] CONNECT:[ UseTime:0.104622s ] mysql:host=118.190.149.14;port=3306;dbname=peanut;charset=utf8
[ sql ] [ SQL ] SHOW COLUMNS FROM `peanut_user` [ RunTime:0.069801s ]
[ sql ] [ SQL ] SELECT `money` FROM `peanut_user` WHERE  (  id = 15 ) [ RunTime:0.069992s ]
[ sql ] [ SQL ] SHOW COLUMNS FROM `peanut_collection` [ RunTime:0.075764s ]
[ sql ] [ SQL ] SELECT * FROM `peanut_collection` WHERE  (  vehicle_id = 1 ) [ RunTime:0.069935s ]
[ sql ] [ SQL ] UPDATE `peanut_user`  SET `money`=2.4000004090061E+17  WHERE  (  id = 15 ) [ RunTime:0.070361s ]
[ sql ] [ SQL ] SHOW COLUMNS FROM `peanut_vehicle` [ RunTime:0.072265s ]
[ sql ] [ SQL ] UPDATE `peanut_vehicle`  SET `price`=67,`buy_id`=15,`vehicle_state`='已拍卖'  WHERE  (  vehicle_id = 1 ) [ RunTime:0.071038s ]
[ sql ] [ SQL ] SHOW COLUMNS FROM `peanut_order` [ RunTime:0.071162s ]
[ sql ] [ SQL ] INSERT INTO `peanut_order` (`order_num` , `sell_id` , `buy_id` , `vehicle_id` , `transaction_time` , `state`) VALUES ('HS159417345575' , 1 , 15 , 1 , '2020-07-08 09:57:35' , '待验收') [ RunTime:0.073626s ]
[ sql ] [ SQL ] DELETE FROM `peanut_collection`    WHERE  (  vehicle_id = 1 ) [ RunTime:0.069477s ]
[ sql ] [ SQL ] SHOW COLUMNS FROM `peanut_collection_category` [ RunTime:0.071092s ]
[ sql ] [ SQL ] DELETE FROM `peanut_collection_category`    WHERE  (   1=2  or collection_id = 1 or collection_id = 19 ) [ RunTime:0.072371s ]
---------------------------------------------------------------
[ 2020-07-08T09:57:38+08:00 ] 127.0.0.1 POST 127.0.0.1/th5/public/personal/Personal/personal
[运行时间：0.305819s] [吞吐率：3.27req/s] [内存消耗：2,505.03kb] [文件加载：47]
[ info ] [ LANG ] E:\phpS\phpstudy_pro\WWW\th5\thinkphp\lang\zh-cn.php
[ info ] [ ROUTE ] array (
  'type' => 'module',
  'module' => 
  array (
    0 => 'personal',
    1 => 'Personal',
    2 => 'personal',
  ),
)
[ info ] [ HEADER ] array (
  'accept-language' => 'zh-CN,zh;q=0.9',
  'accept-encoding' => 'gzip, deflate, br',
  'referer' => 'http://localhost:8080/',
  'sec-fetch-dest' => 'empty',
  'sec-fetch-mode' => 'cors',
  'sec-fetch-site' => 'cross-site',
  'origin' => 'http://localhost:8080',
  'content-type' => 'application/x-www-form-urlencoded',
  'user-agent' => 'Mozilla/5.0 (Windows NT 10.0; Win64; x64) AppleWebKit/537.36 (KHTML, like Gecko) Chrome/83.0.4103.116 Safari/537.36',
  'accept' => 'application/json, text/plain, */*',
  'cache-control' => 'no-cache',
  'pragma' => 'no-cache',
  'content-length' => '44',
  'connection' => 'close',
  'host' => '127.0.0.1',
)
[ info ] [ PARAM ] array (
  '{"token":"b8038154ee954e5f146b3100db01d71e"}' => '',
)
[ info ] [ RUN ] app\personal\controller\Personal->personal[ E:\phpS\phpstudy_pro\WWW\th5\application\personal\controller\Personal.php ]
[ info ] [ DB ] INIT mysql
[ info ] [ LOG ] INIT File
[ sql ] [ DB ] CONNECT:[ UseTime:0.101596s ] mysql:host=118.190.149.14;port=3306;dbname=peanut;charset=utf8
[ sql ] [ SQL ] SHOW COLUMNS FROM `peanut_user` [ RunTime:0.067877s ]
[ sql ] [ SQL ] SELECT * FROM `peanut_user` WHERE  `id` = 15 LIMIT 1 [ RunTime:0.067112s ]
---------------------------------------------------------------
[ 2020-07-08T09:58:01+08:00 ] 127.0.0.1 POST 127.0.0.1/th5/public/auction/Auction/vehicle
[运行时间：0.408054s] [吞吐率：2.45req/s] [内存消耗：2,544.16kb] [文件加载：48]
[ info ] [ LANG ] E:\phpS\phpstudy_pro\WWW\th5\thinkphp\lang\zh-cn.php
[ info ] [ ROUTE ] array (
  'type' => 'module',
  'module' => 
  array (
    0 => 'auction',
    1 => 'Auction',
    2 => 'vehicle',
  ),
)
[ info ] [ HEADER ] array (
  'accept-language' => 'zh-CN,zh;q=0.9',
  'accept-encoding' => 'gzip, deflate, br',
  'referer' => 'http://localhost:8080/',
  'sec-fetch-dest' => 'empty',
  'sec-fetch-mode' => 'cors',
  'sec-fetch-site' => 'cross-site',
  'origin' => 'http://localhost:8080',
  'content-type' => 'application/x-www-form-urlencoded',
  'user-agent' => 'Mozilla/5.0 (Windows NT 10.0; Win64; x64) AppleWebKit/537.36 (KHTML, like Gecko) Chrome/83.0.4103.116 Safari/537.36',
  'accept' => 'application/json, text/plain, */*',
  'cache-control' => 'no-cache',
  'pragma' => 'no-cache',
  'content-length' => '117',
  'connection' => 'close',
  'host' => '127.0.0.1',
)
[ info ] [ PARAM ] array (
  '{"brandID":"","seriesID":"","price":"","timeBaseNum":"","priceBaseNum":"","token":"b8038154ee954e5f146b3100db01d71e"}' => '',
)
[ info ] [ RUN ] app\auction\controller\Auction->vehicle[ E:\phpS\phpstudy_pro\WWW\th5\application\auction\controller\Auction.php ]
[ info ] [ DB ] INIT mysql
[ info ] [ LOG ] INIT File
[ sql ] [ DB ] CONNECT:[ UseTime:0.110695s ] mysql:host=118.190.149.14;port=3306;dbname=peanut;charset=utf8
[ sql ] [ SQL ] SELECT `v`.*,`a`.* FROM peanut_vehicle v,peanut_brand b,peanut_series s,peanut_auction a WHERE  (  v.series_id=s.series_id and s.brand_id=b.brand_id and v.vehicle_state="拍卖中" and a.id=v.auction_id ) [ RunTime:0.075946s ]
[ sql ] [ SQL ] SHOW COLUMNS FROM `peanut_collection` [ RunTime:0.073979s ]
[ sql ] [ SQL ] SELECT * FROM `peanut_collection` WHERE  (  user_id = 15 ) [ RunTime:0.074062s ]
---------------------------------------------------------------
[ 2020-07-08T09:58:02+08:00 ] 127.0.0.1 GET 127.0.0.1/th5/public/auction/Auction/queryCar
[运行时间：0.577218s] [吞吐率：1.73req/s] [内存消耗：2,546.78kb] [文件加载：47]
[ info ] [ LANG ] E:\phpS\phpstudy_pro\WWW\th5\thinkphp\lang\zh-cn.php
[ info ] [ ROUTE ] array (
  'type' => 'module',
  'module' => 
  array (
    0 => 'auction',
    1 => 'Auction',
    2 => 'queryCar',
  ),
)
[ info ] [ HEADER ] array (
  'accept-language' => 'zh-CN,zh;q=0.9',
  'accept-encoding' => 'gzip, deflate, br',
  'referer' => 'http://localhost:8080/',
  'sec-fetch-dest' => 'empty',
  'sec-fetch-mode' => 'cors',
  'sec-fetch-site' => 'cross-site',
  'origin' => 'http://localhost:8080',
  'user-agent' => 'Mozilla/5.0 (Windows NT 10.0; Win64; x64) AppleWebKit/537.36 (KHTML, like Gecko) Chrome/83.0.4103.116 Safari/537.36',
  'accept' => 'application/json, text/plain, */*',
  'cache-control' => 'no-cache',
  'pragma' => 'no-cache',
  'connection' => 'close',
  'host' => '127.0.0.1',
)
[ info ] [ PARAM ] array (
)
[ info ] [ RUN ] app\auction\controller\Auction->queryCar[ E:\phpS\phpstudy_pro\WWW\th5\application\auction\controller\Auction.php ]
[ info ] [ DB ] INIT mysql
[ info ] [ LOG ] INIT File
[ sql ] [ DB ] CONNECT:[ UseTime:0.100125s ] mysql:host=118.190.149.14;port=3306;dbname=peanut;charset=utf8
[ sql ] [ SQL ] SHOW COLUMNS FROM `peanut_brand` [ RunTime:0.069542s ]
[ sql ] [ SQL ] SELECT * FROM `peanut_brand` [ RunTime:0.068353s ]
[ sql ] [ SQL ] SHOW COLUMNS FROM `peanut_series` [ RunTime:0.067137s ]
[ sql ] [ SQL ] SELECT * FROM `peanut_series` ORDER BY `sales_volume` DESC LIMIT 5 [ RunTime:0.066000s ]
[ sql ] [ SQL ] SHOW COLUMNS FROM `peanut_price` [ RunTime:0.067222s ]
[ sql ] [ SQL ] SELECT * FROM `peanut_price` [ RunTime:0.067705s ]
---------------------------------------------------------------
[ 2020-07-08T09:58:24+08:00 ] 127.0.0.1 POST 127.0.0.1/th5/public/auction/Auction/vehicle
[运行时间：0.366987s] [吞吐率：2.72req/s] [内存消耗：2,544.16kb] [文件加载：48]
[ info ] [ LANG ] E:\phpS\phpstudy_pro\WWW\th5\thinkphp\lang\zh-cn.php
[ info ] [ ROUTE ] array (
  'type' => 'module',
  'module' => 
  array (
    0 => 'auction',
    1 => 'Auction',
    2 => 'vehicle',
  ),
)
[ info ] [ HEADER ] array (
  'accept-language' => 'zh-CN,zh;q=0.9',
  'accept-encoding' => 'gzip, deflate, br',
  'referer' => 'http://localhost:8080/',
  'sec-fetch-dest' => 'empty',
  'sec-fetch-mode' => 'cors',
  'sec-fetch-site' => 'cross-site',
  'origin' => 'http://localhost:8080',
  'content-type' => 'application/x-www-form-urlencoded',
  'user-agent' => 'Mozilla/5.0 (Windows NT 10.0; Win64; x64) AppleWebKit/537.36 (KHTML, like Gecko) Chrome/83.0.4103.116 Safari/537.36',
  'accept' => 'application/json, text/plain, */*',
  'cache-control' => 'no-cache',
  'pragma' => 'no-cache',
  'content-length' => '117',
  'connection' => 'close',
  'host' => '127.0.0.1',
)
[ info ] [ PARAM ] array (
  '{"brandID":"","seriesID":"","price":"","timeBaseNum":"","priceBaseNum":"","token":"b8038154ee954e5f146b3100db01d71e"}' => '',
)
[ info ] [ RUN ] app\auction\controller\Auction->vehicle[ E:\phpS\phpstudy_pro\WWW\th5\application\auction\controller\Auction.php ]
[ info ] [ DB ] INIT mysql
[ info ] [ LOG ] INIT File
[ sql ] [ DB ] CONNECT:[ UseTime:0.105653s ] mysql:host=118.190.149.14;port=3306;dbname=peanut;charset=utf8
[ sql ] [ SQL ] SELECT `v`.*,`a`.* FROM peanut_vehicle v,peanut_brand b,peanut_series s,peanut_auction a WHERE  (  v.series_id=s.series_id and s.brand_id=b.brand_id and v.vehicle_state="拍卖中" and a.id=v.auction_id ) [ RunTime:0.070596s ]
[ sql ] [ SQL ] SHOW COLUMNS FROM `peanut_collection` [ RunTime:0.070410s ]
[ sql ] [ SQL ] SELECT * FROM `peanut_collection` WHERE  (  user_id = 15 ) [ RunTime:0.069818s ]
---------------------------------------------------------------
[ 2020-07-08T09:58:24+08:00 ] 127.0.0.1 GET 127.0.0.1/th5/public/auction/Auction/queryCar
[运行时间：0.609460s] [吞吐率：1.64req/s] [内存消耗：2,546.78kb] [文件加载：47]
[ info ] [ LANG ] E:\phpS\phpstudy_pro\WWW\th5\thinkphp\lang\zh-cn.php
[ info ] [ ROUTE ] array (
  'type' => 'module',
  'module' => 
  array (
    0 => 'auction',
    1 => 'Auction',
    2 => 'queryCar',
  ),
)
[ info ] [ HEADER ] array (
  'accept-language' => 'zh-CN,zh;q=0.9',
  'accept-encoding' => 'gzip, deflate, br',
  'referer' => 'http://localhost:8080/',
  'sec-fetch-dest' => 'empty',
  'sec-fetch-mode' => 'cors',
  'sec-fetch-site' => 'cross-site',
  'origin' => 'http://localhost:8080',
  'user-agent' => 'Mozilla/5.0 (Windows NT 10.0; Win64; x64) AppleWebKit/537.36 (KHTML, like Gecko) Chrome/83.0.4103.116 Safari/537.36',
  'accept' => 'application/json, text/plain, */*',
  'cache-control' => 'no-cache',
  'pragma' => 'no-cache',
  'connection' => 'close',
  'host' => '127.0.0.1',
)
[ info ] [ PARAM ] array (
)
[ info ] [ RUN ] app\auction\controller\Auction->queryCar[ E:\phpS\phpstudy_pro\WWW\th5\application\auction\controller\Auction.php ]
[ info ] [ DB ] INIT mysql
[ info ] [ LOG ] INIT File
[ sql ] [ DB ] CONNECT:[ UseTime:0.113156s ] mysql:host=118.190.149.14;port=3306;dbname=peanut;charset=utf8
[ sql ] [ SQL ] SHOW COLUMNS FROM `peanut_brand` [ RunTime:0.074745s ]
[ sql ] [ SQL ] SELECT * FROM `peanut_brand` [ RunTime:0.076482s ]
[ sql ] [ SQL ] SHOW COLUMNS FROM `peanut_series` [ RunTime:0.075157s ]
[ sql ] [ SQL ] SELECT * FROM `peanut_series` ORDER BY `sales_volume` DESC LIMIT 5 [ RunTime:0.074457s ]
[ sql ] [ SQL ] SHOW COLUMNS FROM `peanut_price` [ RunTime:0.075439s ]
[ sql ] [ SQL ] SELECT * FROM `peanut_price` [ RunTime:0.075776s ]
---------------------------------------------------------------
[ 2020-07-08T10:01:36+08:00 ] 127.0.0.1 POST 127.0.0.1/th5/public/auction/Auction/vehicle
[运行时间：0.396010s] [吞吐率：2.53req/s] [内存消耗：2,544.16kb] [文件加载：48]
[ info ] [ LANG ] E:\phpS\phpstudy_pro\WWW\th5\thinkphp\lang\zh-cn.php
[ info ] [ ROUTE ] array (
  'type' => 'module',
  'module' => 
  array (
    0 => 'auction',
    1 => 'Auction',
    2 => 'vehicle',
  ),
)
[ info ] [ HEADER ] array (
  'accept-language' => 'zh-CN,zh;q=0.9',
  'accept-encoding' => 'gzip, deflate, br',
  'referer' => 'http://localhost:8080/',
  'sec-fetch-dest' => 'empty',
  'sec-fetch-mode' => 'cors',
  'sec-fetch-site' => 'cross-site',
  'origin' => 'http://localhost:8080',
  'content-type' => 'application/x-www-form-urlencoded',
  'user-agent' => 'Mozilla/5.0 (Windows NT 10.0; Win64; x64) AppleWebKit/537.36 (KHTML, like Gecko) Chrome/83.0.4103.116 Safari/537.36',
  'accept' => 'application/json, text/plain, */*',
  'cache-control' => 'no-cache',
  'pragma' => 'no-cache',
  'content-length' => '117',
  'connection' => 'close',
  'host' => '127.0.0.1',
)
[ info ] [ PARAM ] array (
  '{"brandID":"","seriesID":"","price":"","timeBaseNum":"","priceBaseNum":"","token":"b8038154ee954e5f146b3100db01d71e"}' => '',
)
[ info ] [ RUN ] app\auction\controller\Auction->vehicle[ E:\phpS\phpstudy_pro\WWW\th5\application\auction\controller\Auction.php ]
[ info ] [ DB ] INIT mysql
[ info ] [ LOG ] INIT File
[ sql ] [ DB ] CONNECT:[ UseTime:0.114866s ] mysql:host=118.190.149.14;port=3306;dbname=peanut;charset=utf8
[ sql ] [ SQL ] SELECT `v`.*,`a`.* FROM peanut_vehicle v,peanut_brand b,peanut_series s,peanut_auction a WHERE  (  v.series_id=s.series_id and s.brand_id=b.brand_id and v.vehicle_state="拍卖中" and a.id=v.auction_id ) [ RunTime:0.069333s ]
[ sql ] [ SQL ] SHOW COLUMNS FROM `peanut_collection` [ RunTime:0.067651s ]
[ sql ] [ SQL ] SELECT * FROM `peanut_collection` WHERE  (  user_id = 15 ) [ RunTime:0.070343s ]
---------------------------------------------------------------
[ 2020-07-08T10:01:44+08:00 ] 127.0.0.1 POST 127.0.0.1/th5/public/auction/Auction/vehicle
[运行时间：0.377994s] [吞吐率：2.65req/s] [内存消耗：2,544.16kb] [文件加载：48]
[ info ] [ LANG ] E:\phpS\phpstudy_pro\WWW\th5\thinkphp\lang\zh-cn.php
[ info ] [ ROUTE ] array (
  'type' => 'module',
  'module' => 
  array (
    0 => 'auction',
    1 => 'Auction',
    2 => 'vehicle',
  ),
)
[ info ] [ HEADER ] array (
  'accept-language' => 'zh-CN,zh;q=0.9',
  'accept-encoding' => 'gzip, deflate, br',
  'referer' => 'http://localhost:8080/',
  'sec-fetch-dest' => 'empty',
  'sec-fetch-mode' => 'cors',
  'sec-fetch-site' => 'cross-site',
  'origin' => 'http://localhost:8080',
  'content-type' => 'application/x-www-form-urlencoded',
  'user-agent' => 'Mozilla/5.0 (Windows NT 10.0; Win64; x64) AppleWebKit/537.36 (KHTML, like Gecko) Chrome/83.0.4103.116 Safari/537.36',
  'accept' => 'application/json, text/plain, */*',
  'cache-control' => 'no-cache',
  'pragma' => 'no-cache',
  'content-length' => '117',
  'connection' => 'close',
  'host' => '127.0.0.1',
)
[ info ] [ PARAM ] array (
  '{"brandID":"","seriesID":"","price":"","timeBaseNum":"","priceBaseNum":"","token":"b8038154ee954e5f146b3100db01d71e"}' => '',
)
[ info ] [ RUN ] app\auction\controller\Auction->vehicle[ E:\phpS\phpstudy_pro\WWW\th5\application\auction\controller\Auction.php ]
[ info ] [ DB ] INIT mysql
[ info ] [ LOG ] INIT File
[ sql ] [ DB ] CONNECT:[ UseTime:0.107516s ] mysql:host=118.190.149.14;port=3306;dbname=peanut;charset=utf8
[ sql ] [ SQL ] SELECT `v`.*,`a`.* FROM peanut_vehicle v,peanut_brand b,peanut_series s,peanut_auction a WHERE  (  v.series_id=s.series_id and s.brand_id=b.brand_id and v.vehicle_state="拍卖中" and a.id=v.auction_id ) [ RunTime:0.070902s ]
[ sql ] [ SQL ] SHOW COLUMNS FROM `peanut_collection` [ RunTime:0.069616s ]
[ sql ] [ SQL ] SELECT * FROM `peanut_collection` WHERE  (  user_id = 15 ) [ RunTime:0.069628s ]
---------------------------------------------------------------
[ 2020-07-08T10:03:18+08:00 ] 127.0.0.1 POST 127.0.0.1/th5/public/auction/Auction/vehicle
[运行时间：0.380728s] [吞吐率：2.63req/s] [内存消耗：2,544.16kb] [文件加载：48]
[ info ] [ LANG ] E:\phpS\phpstudy_pro\WWW\th5\thinkphp\lang\zh-cn.php
[ info ] [ ROUTE ] array (
  'type' => 'module',
  'module' => 
  array (
    0 => 'auction',
    1 => 'Auction',
    2 => 'vehicle',
  ),
)
[ info ] [ HEADER ] array (
  'accept-language' => 'zh-CN,zh;q=0.9',
  'accept-encoding' => 'gzip, deflate, br',
  'referer' => 'http://localhost:8080/',
  'sec-fetch-dest' => 'empty',
  'sec-fetch-mode' => 'cors',
  'sec-fetch-site' => 'cross-site',
  'origin' => 'http://localhost:8080',
  'content-type' => 'application/x-www-form-urlencoded',
  'user-agent' => 'Mozilla/5.0 (Windows NT 10.0; Win64; x64) AppleWebKit/537.36 (KHTML, like Gecko) Chrome/83.0.4103.116 Safari/537.36',
  'accept' => 'application/json, text/plain, */*',
  'cache-control' => 'no-cache',
  'pragma' => 'no-cache',
  'content-length' => '117',
  'connection' => 'close',
  'host' => '127.0.0.1',
)
[ info ] [ PARAM ] array (
  '{"brandID":"","seriesID":"","price":"","timeBaseNum":"","priceBaseNum":"","token":"b8038154ee954e5f146b3100db01d71e"}' => '',
)
[ info ] [ RUN ] app\auction\controller\Auction->vehicle[ E:\phpS\phpstudy_pro\WWW\th5\application\auction\controller\Auction.php ]
[ info ] [ DB ] INIT mysql
[ info ] [ LOG ] INIT File
[ sql ] [ DB ] CONNECT:[ UseTime:0.115462s ] mysql:host=118.190.149.14;port=3306;dbname=peanut;charset=utf8
[ sql ] [ SQL ] SELECT `v`.*,`a`.* FROM peanut_vehicle v,peanut_brand b,peanut_series s,peanut_auction a WHERE  (  v.series_id=s.series_id and s.brand_id=b.brand_id and v.vehicle_state="拍卖中" and a.id=v.auction_id ) [ RunTime:0.078059s ]
[ sql ] [ SQL ] SHOW COLUMNS FROM `peanut_collection` [ RunTime:0.074530s ]
[ sql ] [ SQL ] SELECT * FROM `peanut_collection` WHERE  (  user_id = 15 ) [ RunTime:0.073671s ]
---------------------------------------------------------------
[ 2020-07-08T10:03:18+08:00 ] 127.0.0.1 GET 127.0.0.1/th5/public/auction/Auction/queryCar
[运行时间：0.490889s] [吞吐率：2.04req/s] [内存消耗：2,546.78kb] [文件加载：47]
[ info ] [ LANG ] E:\phpS\phpstudy_pro\WWW\th5\thinkphp\lang\zh-cn.php
[ info ] [ ROUTE ] array (
  'type' => 'module',
  'module' => 
  array (
    0 => 'auction',
    1 => 'Auction',
    2 => 'queryCar',
  ),
)
[ info ] [ HEADER ] array (
  'accept-language' => 'zh-CN,zh;q=0.9',
  'accept-encoding' => 'gzip, deflate, br',
  'referer' => 'http://localhost:8080/',
  'sec-fetch-dest' => 'empty',
  'sec-fetch-mode' => 'cors',
  'sec-fetch-site' => 'cross-site',
  'origin' => 'http://localhost:8080',
  'user-agent' => 'Mozilla/5.0 (Windows NT 10.0; Win64; x64) AppleWebKit/537.36 (KHTML, like Gecko) Chrome/83.0.4103.116 Safari/537.36',
  'accept' => 'application/json, text/plain, */*',
  'cache-control' => 'no-cache',
  'pragma' => 'no-cache',
  'connection' => 'close',
  'host' => '127.0.0.1',
)
[ info ] [ PARAM ] array (
)
[ info ] [ RUN ] app\auction\controller\Auction->queryCar[ E:\phpS\phpstudy_pro\WWW\th5\application\auction\controller\Auction.php ]
[ info ] [ DB ] INIT mysql
[ info ] [ LOG ] INIT File
[ sql ] [ DB ] CONNECT:[ UseTime:0.088537s ] mysql:host=118.190.149.14;port=3306;dbname=peanut;charset=utf8
[ sql ] [ SQL ] SHOW COLUMNS FROM `peanut_brand` [ RunTime:0.059867s ]
[ sql ] [ SQL ] SELECT * FROM `peanut_brand` [ RunTime:0.059867s ]
[ sql ] [ SQL ] SHOW COLUMNS FROM `peanut_series` [ RunTime:0.059154s ]
[ sql ] [ SQL ] SELECT * FROM `peanut_series` ORDER BY `sales_volume` DESC LIMIT 5 [ RunTime:0.059078s ]
[ sql ] [ SQL ] SHOW COLUMNS FROM `peanut_price` [ RunTime:0.059858s ]
[ sql ] [ SQL ] SELECT * FROM `peanut_price` [ RunTime:0.061939s ]
---------------------------------------------------------------
[ 2020-07-08T10:03:21+08:00 ] 127.0.0.1 POST 127.0.0.1/th5/public/auction/Auction/collection
[运行时间：0.433840s] [吞吐率：2.30req/s] [内存消耗：2,514.27kb] [文件加载：47]
[ info ] [ LANG ] E:\phpS\phpstudy_pro\WWW\th5\thinkphp\lang\zh-cn.php
[ info ] [ ROUTE ] array (
  'type' => 'module',
  'module' => 
  array (
    0 => 'auction',
    1 => 'Auction',
    2 => 'collection',
  ),
)
[ info ] [ HEADER ] array (
  'accept-language' => 'zh-CN,zh;q=0.9',
  'accept-encoding' => 'gzip, deflate, br',
  'referer' => 'http://localhost:8080/',
  'sec-fetch-dest' => 'empty',
  'sec-fetch-mode' => 'cors',
  'sec-fetch-site' => 'cross-site',
  'origin' => 'http://localhost:8080',
  'content-type' => 'application/x-www-form-urlencoded',
  'user-agent' => 'Mozilla/5.0 (Windows NT 10.0; Win64; x64) AppleWebKit/537.36 (KHTML, like Gecko) Chrome/83.0.4103.116 Safari/537.36',
  'accept' => 'application/json, text/plain, */*',
  'cache-control' => 'no-cache',
  'pragma' => 'no-cache',
  'content-length' => '78',
  'connection' => 'close',
  'host' => '127.0.0.1',
)
[ info ] [ PARAM ] array (
  '{"vehicleID":1,"flag":0,"sellID":1,"token":"b8038154ee954e5f146b3100db01d71e"}' => '',
)
[ info ] [ RUN ] app\auction\controller\Auction->collection[ E:\phpS\phpstudy_pro\WWW\th5\application\auction\controller\Auction.php ]
[ info ] [ DB ] INIT mysql
[ info ] [ LOG ] INIT File
[ sql ] [ DB ] CONNECT:[ UseTime:0.097878s ] mysql:host=118.190.149.14;port=3306;dbname=peanut;charset=utf8
[ sql ] [ SQL ] SHOW COLUMNS FROM `peanut_collection` [ RunTime:0.063231s ]
[ sql ] [ SQL ] INSERT INTO `peanut_collection` (`vehicle_id` , `user_id`) VALUES (1 , 15) [ RunTime:0.068295s ]
[ sql ] [ SQL ] SHOW COLUMNS FROM `peanut_collection_category` [ RunTime:0.063656s ]
[ sql ] [ SQL ] INSERT INTO `peanut_collection_category` (`collection_id` , `sell_id`) VALUES (20 , 1) [ RunTime:0.067574s ]
