---------------------------------------------------------------
[ 2020-07-10T10:34:48+08:00 ] 127.0.0.1 POST 127.0.0.1/peanut/th5/public/login/Login/validateToken
[运行时间：0.095006s] [吞吐率：10.53req/s] [内存消耗：1,621.76kb] [文件加载：40]
[ info ] [ LANG ] D:\phpstudy_pro\WWW\peanut\th5\thinkphp\lang\zh-cn.php
[ info ] [ ROUTE ] array (
  'type' => 'module',
  'module' => 
  array (
    0 => 'login',
    1 => 'Login',
    2 => 'validateToken',
  ),
)
[ info ] [ HEADER ] array (
  'accept-language' => 'zh-CN,zh;q=0.9',
  'accept-encoding' => 'gzip, deflate, br',
  'referer' => 'http://localhost:8080/',
  'sec-fetch-dest' => 'empty',
  'sec-fetch-mode' => 'cors',
  'sec-fetch-site' => 'cross-site',
  'origin' => 'http://localhost:8080',
  'user-agent' => 'Mozilla/5.0 (Windows NT 6.1; WOW64) AppleWebKit/537.36 (KHTML, like Gecko) Chrome/81.0.4044.9 Safari/537.36',
  'access-token' => '9c190b588c16c079792c4f927a0acf01',
  'accept' => 'application/json, text/plain, */*',
  'content-length' => '0',
  'connection' => 'close',
  'host' => '127.0.0.1',
)
[ info ] [ PARAM ] array (
)
[ info ] [ RUN ] app\login\controller\Login->validateToken[ D:\phpstudy_pro\WWW\peanut\th5\application\login\controller\Login.php ]
[ info ] [ LOG ] INIT File
---------------------------------------------------------------
[ 2020-07-10T10:34:48+08:00 ] 127.0.0.1 POST 127.0.0.1/peanut/th5/public/detail/index/get
[运行时间：0.435025s] [吞吐率：2.30req/s] [内存消耗：2,522.57kb] [文件加载：47]
[ info ] [ LANG ] D:\phpstudy_pro\WWW\peanut\th5\thinkphp\lang\zh-cn.php
[ info ] [ ROUTE ] array (
  'type' => 'module',
  'module' => 
  array (
    0 => 'detail',
    1 => 'index',
    2 => 'get',
  ),
)
[ info ] [ HEADER ] array (
  'accept-language' => 'zh-CN,zh;q=0.9',
  'accept-encoding' => 'gzip, deflate, br',
  'referer' => 'http://localhost:8080/',
  'sec-fetch-dest' => 'empty',
  'sec-fetch-mode' => 'cors',
  'sec-fetch-site' => 'cross-site',
  'origin' => 'http://localhost:8080',
  'content-type' => 'application/x-www-form-urlencoded',
  'user-agent' => 'Mozilla/5.0 (Windows NT 6.1; WOW64) AppleWebKit/537.36 (KHTML, like Gecko) Chrome/81.0.4044.9 Safari/537.36',
  'accept' => 'application/json, text/plain, */*',
  'content-length' => '10',
  'connection' => 'close',
  'host' => '127.0.0.1',
)
[ info ] [ PARAM ] array (
  '{"id":"1"}' => '',
)
[ info ] [ RUN ] app\detail\controller\Index->get[ D:\phpstudy_pro\WWW\peanut\th5\application\detail\controller\Index.php ]
[ info ] [ DB ] INIT mysql
[ info ] [ LOG ] INIT File
[ sql ] [ DB ] CONNECT:[ UseTime:0.110006s ] mysql:host=118.190.149.14;port=3306;dbname=peanut;charset=utf8
[ sql ] [ SQL ] SHOW COLUMNS FROM `peanut_vehicle` [ RunTime:0.070004s ]
[ sql ] [ SQL ] SELECT * FROM `peanut_vehicle` `v` INNER JOIN `peanut_city` `c` ON `v`.`city_id`=`c`.`city_id` INNER JOIN `peanut_user` `u` ON `u`.`id`=`v`.`sell_id` WHERE  `v`.`vehicle_id` = '1' [ RunTime:0.070004s ]
---------------------------------------------------------------
[ 2020-07-10T10:34:49+08:00 ] 127.0.0.1 GET 127.0.0.1/peanut/th5/public/homepage/Homepage/getcity
[运行时间：0.326018s] [吞吐率：3.07req/s] [内存消耗：2,522.98kb] [文件加载：47]
[ info ] [ LANG ] D:\phpstudy_pro\WWW\peanut\th5\thinkphp\lang\zh-cn.php
[ info ] [ ROUTE ] array (
  'type' => 'module',
  'module' => 
  array (
    0 => 'homepage',
    1 => 'Homepage',
    2 => 'getcity',
  ),
)
[ info ] [ HEADER ] array (
  'accept-language' => 'zh-CN,zh;q=0.9',
  'accept-encoding' => 'gzip, deflate, br',
  'referer' => 'http://localhost:8080/',
  'sec-fetch-dest' => 'empty',
  'sec-fetch-mode' => 'cors',
  'sec-fetch-site' => 'cross-site',
  'origin' => 'http://localhost:8080',
  'user-agent' => 'Mozilla/5.0 (Windows NT 6.1; WOW64) AppleWebKit/537.36 (KHTML, like Gecko) Chrome/81.0.4044.9 Safari/537.36',
  'accept' => 'application/json, text/plain, */*',
  'connection' => 'close',
  'host' => '127.0.0.1',
)
[ info ] [ PARAM ] array (
)
[ info ] [ RUN ] app\homepage\controller\Homepage->getcity[ D:\phpstudy_pro\WWW\peanut\th5\application\homepage\controller\Homepage.php ]
[ info ] [ DB ] INIT mysql
[ info ] [ LOG ] INIT File
[ sql ] [ DB ] CONNECT:[ UseTime:0.109006s ] mysql:host=118.190.149.14;port=3306;dbname=peanut;charset=utf8
[ sql ] [ SQL ] SHOW COLUMNS FROM `peanut_city` [ RunTime:0.073004s ]
[ sql ] [ SQL ] SELECT * FROM `peanut_city` [ RunTime:0.072004s ]
---------------------------------------------------------------
[ 2020-07-10T10:34:49+08:00 ] 127.0.0.1 POST 127.0.0.1/peanut/th5/public/detail/index/isloginAnd
[运行时间：0.364021s] [吞吐率：2.75req/s] [内存消耗：2,518.25kb] [文件加载：47]
[ info ] [ LANG ] D:\phpstudy_pro\WWW\peanut\th5\thinkphp\lang\zh-cn.php
[ info ] [ ROUTE ] array (
  'type' => 'module',
  'module' => 
  array (
    0 => 'detail',
    1 => 'index',
    2 => 'isloginAnd',
  ),
)
[ info ] [ HEADER ] array (
  'accept-language' => 'zh-CN,zh;q=0.9',
  'accept-encoding' => 'gzip, deflate, br',
  'referer' => 'http://localhost:8080/',
  'sec-fetch-dest' => 'empty',
  'sec-fetch-mode' => 'cors',
  'sec-fetch-site' => 'cross-site',
  'origin' => 'http://localhost:8080',
  'content-type' => 'application/x-www-form-urlencoded',
  'user-agent' => 'Mozilla/5.0 (Windows NT 6.1; WOW64) AppleWebKit/537.36 (KHTML, like Gecko) Chrome/81.0.4044.9 Safari/537.36',
  'accept' => 'application/json, text/plain, */*',
  'content-length' => '19',
  'connection' => 'close',
  'host' => '127.0.0.1',
)
[ info ] [ PARAM ] array (
  '{"id":15,"vid":"1"}' => '',
)
[ info ] [ RUN ] app\detail\controller\Index->isloginAnd[ D:\phpstudy_pro\WWW\peanut\th5\application\detail\controller\Index.php ]
[ info ] [ DB ] INIT mysql
[ info ] [ LOG ] INIT File
[ sql ] [ DB ] CONNECT:[ UseTime:0.116007s ] mysql:host=118.190.149.14;port=3306;dbname=peanut;charset=utf8
[ sql ] [ SQL ] SHOW COLUMNS FROM `peanut_collection` [ RunTime:0.119007s ]
[ sql ] [ SQL ] SELECT * FROM `peanut_collection` WHERE  `user_id` = 15  AND `vehicle_id` = 1 LIMIT 1 [ RunTime:0.073004s ]
---------------------------------------------------------------
[ 2020-07-10T10:34:49+08:00 ] 127.0.0.1 POST 127.0.0.1/peanut/th5/public/detail/index/remark
[运行时间：0.290017s] [吞吐率：3.45req/s] [内存消耗：2,518.95kb] [文件加载：47]
[ info ] [ LANG ] D:\phpstudy_pro\WWW\peanut\th5\thinkphp\lang\zh-cn.php
[ info ] [ ROUTE ] array (
  'type' => 'module',
  'module' => 
  array (
    0 => 'detail',
    1 => 'index',
    2 => 'remark',
  ),
)
[ info ] [ HEADER ] array (
  'accept-language' => 'zh-CN,zh;q=0.9',
  'accept-encoding' => 'gzip, deflate, br',
  'referer' => 'http://localhost:8080/',
  'sec-fetch-dest' => 'empty',
  'sec-fetch-mode' => 'cors',
  'sec-fetch-site' => 'cross-site',
  'origin' => 'http://localhost:8080',
  'content-type' => 'application/x-www-form-urlencoded',
  'user-agent' => 'Mozilla/5.0 (Windows NT 6.1; WOW64) AppleWebKit/537.36 (KHTML, like Gecko) Chrome/81.0.4044.9 Safari/537.36',
  'accept' => 'application/json, text/plain, */*',
  'content-length' => '9',
  'connection' => 'close',
  'host' => '127.0.0.1',
)
[ info ] [ PARAM ] array (
  '{"uid":5}' => '',
)
[ info ] [ RUN ] app\detail\controller\Index->remark[ D:\phpstudy_pro\WWW\peanut\th5\application\detail\controller\Index.php ]
[ info ] [ DB ] INIT mysql
[ info ] [ LOG ] INIT File
[ sql ] [ DB ] CONNECT:[ UseTime:0.100006s ] mysql:host=118.190.149.14;port=3306;dbname=peanut;charset=utf8
[ sql ] [ SQL ] SHOW COLUMNS FROM `peanut_comment` [ RunTime:0.063004s ]
[ sql ] [ SQL ] SELECT * FROM `peanut_comment` `c` INNER JOIN `peanut_user` `u` ON `u`.`id`=`c`.`user_id` WHERE  `c`.`sell_id` = 5 [ RunTime:0.064003s ]
---------------------------------------------------------------
[ 2020-07-10T10:34:50+08:00 ] 127.0.0.1 POST 127.0.0.1/peanut/th5/public/homepage/Homepage/getuserinfo
[运行时间：0.264015s] [吞吐率：3.79req/s] [内存消耗：2,526.10kb] [文件加载：47]
[ info ] [ LANG ] D:\phpstudy_pro\WWW\peanut\th5\thinkphp\lang\zh-cn.php
[ info ] [ ROUTE ] array (
  'type' => 'module',
  'module' => 
  array (
    0 => 'homepage',
    1 => 'Homepage',
    2 => 'getuserinfo',
  ),
)
[ info ] [ HEADER ] array (
  'accept-language' => 'zh-CN,zh;q=0.9',
  'accept-encoding' => 'gzip, deflate, br',
  'referer' => 'http://localhost:8080/',
  'sec-fetch-dest' => 'empty',
  'sec-fetch-mode' => 'cors',
  'sec-fetch-site' => 'cross-site',
  'origin' => 'http://localhost:8080',
  'content-type' => 'application/x-www-form-urlencoded',
  'user-agent' => 'Mozilla/5.0 (Windows NT 6.1; WOW64) AppleWebKit/537.36 (KHTML, like Gecko) Chrome/81.0.4044.9 Safari/537.36',
  'accept' => 'application/json, text/plain, */*',
  'content-length' => '48',
  'connection' => 'close',
  'host' => '127.0.0.1',
)
[ info ] [ PARAM ] array (
  '{"usertoken":"9c190b588c16c079792c4f927a0acf01"}' => '',
)
[ info ] [ RUN ] app\homepage\controller\Homepage->getuserinfo[ D:\phpstudy_pro\WWW\peanut\th5\application\homepage\controller\Homepage.php ]
[ info ] [ DB ] INIT mysql
[ info ] [ LOG ] INIT File
[ sql ] [ DB ] CONNECT:[ UseTime:0.101006s ] mysql:host=118.190.149.14;port=3306;dbname=peanut;charset=utf8
[ sql ] [ SQL ] SHOW COLUMNS FROM `peanut_user` [ RunTime:0.067004s ]
[ sql ] [ SQL ] SELECT * FROM `peanut_user` WHERE  `id` = 15 LIMIT 1 [ RunTime:0.067004s ]
---------------------------------------------------------------
[ 2020-07-10T10:34:50+08:00 ] 127.0.0.1 POST 127.0.0.1/peanut/th5/public/login/Login/validateToken
[运行时间：0.033002s] [吞吐率：30.30req/s] [内存消耗：1,621.77kb] [文件加载：40]
[ info ] [ LANG ] D:\phpstudy_pro\WWW\peanut\th5\thinkphp\lang\zh-cn.php
[ info ] [ ROUTE ] array (
  'type' => 'module',
  'module' => 
  array (
    0 => 'login',
    1 => 'Login',
    2 => 'validateToken',
  ),
)
[ info ] [ HEADER ] array (
  'accept-language' => 'zh-CN,zh;q=0.9',
  'accept-encoding' => 'gzip, deflate, br',
  'referer' => 'http://localhost:8080/',
  'sec-fetch-dest' => 'empty',
  'sec-fetch-mode' => 'cors',
  'sec-fetch-site' => 'cross-site',
  'origin' => 'http://localhost:8080',
  'user-agent' => 'Mozilla/5.0 (Windows NT 6.1; WOW64) AppleWebKit/537.36 (KHTML, like Gecko) Chrome/81.0.4044.9 Safari/537.36',
  'access-token' => '9c190b588c16c079792c4f927a0acf01',
  'accept' => 'application/json, text/plain, */*',
  'content-length' => '0',
  'connection' => 'close',
  'host' => '127.0.0.1',
)
[ info ] [ PARAM ] array (
)
[ info ] [ RUN ] app\login\controller\Login->validateToken[ D:\phpstudy_pro\WWW\peanut\th5\application\login\controller\Login.php ]
[ info ] [ LOG ] INIT File
---------------------------------------------------------------
[ 2020-07-10T10:34:50+08:00 ] 127.0.0.1 POST 127.0.0.1/peanut/th5/public/detail/index/like
[运行时间：0.307017s] [吞吐率：3.26req/s] [内存消耗：2,523.59kb] [文件加载：47]
[ info ] [ LANG ] D:\phpstudy_pro\WWW\peanut\th5\thinkphp\lang\zh-cn.php
[ info ] [ ROUTE ] array (
  'type' => 'module',
  'module' => 
  array (
    0 => 'detail',
    1 => 'index',
    2 => 'like',
  ),
)
[ info ] [ HEADER ] array (
  'accept-language' => 'zh-CN,zh;q=0.9',
  'accept-encoding' => 'gzip, deflate, br',
  'referer' => 'http://localhost:8080/',
  'sec-fetch-dest' => 'empty',
  'sec-fetch-mode' => 'cors',
  'sec-fetch-site' => 'cross-site',
  'origin' => 'http://localhost:8080',
  'content-type' => 'application/x-www-form-urlencoded',
  'user-agent' => 'Mozilla/5.0 (Windows NT 6.1; WOW64) AppleWebKit/537.36 (KHTML, like Gecko) Chrome/81.0.4044.9 Safari/537.36',
  'accept' => 'application/json, text/plain, */*',
  'content-length' => '9',
  'connection' => 'close',
  'host' => '127.0.0.1',
)
[ info ] [ PARAM ] array (
  '{"tid":1}' => '',
)
[ info ] [ RUN ] app\detail\controller\Index->like[ D:\phpstudy_pro\WWW\peanut\th5\application\detail\controller\Index.php ]
[ info ] [ DB ] INIT mysql
[ info ] [ LOG ] INIT File
[ sql ] [ DB ] CONNECT:[ UseTime:0.113007s ] mysql:host=118.190.149.14;port=3306;dbname=peanut;charset=utf8
[ sql ] [ SQL ] SHOW COLUMNS FROM `peanut_vehicle` [ RunTime:0.077004s ]
[ sql ] [ SQL ] SELECT * FROM `peanut_vehicle` WHERE  `tab_id` = 1  AND `vehicle_state` = '已上架' LIMIT 4 [ RunTime:0.076004s ]
---------------------------------------------------------------
[ 2020-07-10T10:34:50+08:00 ] 127.0.0.1 POST 127.0.0.1/peanut/th5/public/detail/index/isloginAnd
[运行时间：0.260015s] [吞吐率：3.85req/s] [内存消耗：2,518.25kb] [文件加载：47]
[ info ] [ LANG ] D:\phpstudy_pro\WWW\peanut\th5\thinkphp\lang\zh-cn.php
[ info ] [ ROUTE ] array (
  'type' => 'module',
  'module' => 
  array (
    0 => 'detail',
    1 => 'index',
    2 => 'isloginAnd',
  ),
)
[ info ] [ HEADER ] array (
  'accept-language' => 'zh-CN,zh;q=0.9',
  'accept-encoding' => 'gzip, deflate, br',
  'referer' => 'http://localhost:8080/',
  'sec-fetch-dest' => 'empty',
  'sec-fetch-mode' => 'cors',
  'sec-fetch-site' => 'cross-site',
  'origin' => 'http://localhost:8080',
  'content-type' => 'application/x-www-form-urlencoded',
  'user-agent' => 'Mozilla/5.0 (Windows NT 6.1; WOW64) AppleWebKit/537.36 (KHTML, like Gecko) Chrome/81.0.4044.9 Safari/537.36',
  'accept' => 'application/json, text/plain, */*',
  'content-length' => '19',
  'connection' => 'close',
  'host' => '127.0.0.1',
)
[ info ] [ PARAM ] array (
  '{"id":15,"vid":"1"}' => '',
)
[ info ] [ RUN ] app\detail\controller\Index->isloginAnd[ D:\phpstudy_pro\WWW\peanut\th5\application\detail\controller\Index.php ]
[ info ] [ DB ] INIT mysql
[ info ] [ LOG ] INIT File
[ sql ] [ DB ] CONNECT:[ UseTime:0.097006s ] mysql:host=118.190.149.14;port=3306;dbname=peanut;charset=utf8
[ sql ] [ SQL ] SHOW COLUMNS FROM `peanut_collection` [ RunTime:0.065004s ]
[ sql ] [ SQL ] SELECT * FROM `peanut_collection` WHERE  `user_id` = 15  AND `vehicle_id` = 1 LIMIT 1 [ RunTime:0.067004s ]
---------------------------------------------------------------
[ 2020-07-10T10:35:00+08:00 ] 127.0.0.1 POST 127.0.0.1/peanut/th5/public/homepage/Homepage/getuserinfo
[运行时间：0.284017s] [吞吐率：3.52req/s] [内存消耗：2,526.10kb] [文件加载：47]
[ info ] [ LANG ] D:\phpstudy_pro\WWW\peanut\th5\thinkphp\lang\zh-cn.php
[ info ] [ ROUTE ] array (
  'type' => 'module',
  'module' => 
  array (
    0 => 'homepage',
    1 => 'Homepage',
    2 => 'getuserinfo',
  ),
)
[ info ] [ HEADER ] array (
  'accept-language' => 'zh-CN,zh;q=0.9',
  'accept-encoding' => 'gzip, deflate, br',
  'referer' => 'http://localhost:8080/',
  'sec-fetch-dest' => 'empty',
  'sec-fetch-mode' => 'cors',
  'sec-fetch-site' => 'cross-site',
  'origin' => 'http://localhost:8080',
  'content-type' => 'application/x-www-form-urlencoded',
  'user-agent' => 'Mozilla/5.0 (Windows NT 6.1; WOW64) AppleWebKit/537.36 (KHTML, like Gecko) Chrome/81.0.4044.9 Safari/537.36',
  'accept' => 'application/json, text/plain, */*',
  'content-length' => '48',
  'connection' => 'close',
  'host' => '127.0.0.1',
)
[ info ] [ PARAM ] array (
  '{"usertoken":"9c190b588c16c079792c4f927a0acf01"}' => '',
)
[ info ] [ RUN ] app\homepage\controller\Homepage->getuserinfo[ D:\phpstudy_pro\WWW\peanut\th5\application\homepage\controller\Homepage.php ]
[ info ] [ DB ] INIT mysql
[ info ] [ LOG ] INIT File
[ sql ] [ DB ] CONNECT:[ UseTime:0.110006s ] mysql:host=118.190.149.14;port=3306;dbname=peanut;charset=utf8
[ sql ] [ SQL ] SHOW COLUMNS FROM `peanut_user` [ RunTime:0.072004s ]
[ sql ] [ SQL ] SELECT * FROM `peanut_user` WHERE  `id` = 15 LIMIT 1 [ RunTime:0.072004s ]
---------------------------------------------------------------
[ 2020-07-10T10:35:00+08:00 ] 127.0.0.1 GET 127.0.0.1/peanut/th5/public/buyCar/Buycar/queryCar
[运行时间：0.617035s] [吞吐率：1.62req/s] [内存消耗：2,510.02kb] [文件加载：47]
[ info ] [ LANG ] D:\phpstudy_pro\WWW\peanut\th5\thinkphp\lang\zh-cn.php
[ info ] [ ROUTE ] array (
  'type' => 'module',
  'module' => 
  array (
    0 => 'buyCar',
    1 => 'Buycar',
    2 => 'queryCar',
  ),
)
[ info ] [ HEADER ] array (
  'accept-language' => 'zh-CN,zh;q=0.9',
  'accept-encoding' => 'gzip, deflate, br',
  'referer' => 'http://localhost:8080/',
  'sec-fetch-dest' => 'empty',
  'sec-fetch-mode' => 'cors',
  'sec-fetch-site' => 'cross-site',
  'origin' => 'http://localhost:8080',
  'user-agent' => 'Mozilla/5.0 (Windows NT 6.1; WOW64) AppleWebKit/537.36 (KHTML, like Gecko) Chrome/81.0.4044.9 Safari/537.36',
  'accept' => 'application/json, text/plain, */*',
  'connection' => 'close',
  'host' => '127.0.0.1',
)
[ info ] [ PARAM ] array (
)
[ info ] [ RUN ] app\buyCar\controller\Buycar->queryCar[ D:\phpstudy_pro\WWW\peanut\th5\application\buyCar\controller\Buycar.php ]
[ info ] [ DB ] INIT mysql
[ info ] [ LOG ] INIT File
[ sql ] [ DB ] CONNECT:[ UseTime:0.123007s ] mysql:host=118.190.149.14;port=3306;dbname=peanut;charset=utf8
[ sql ] [ SQL ] SHOW COLUMNS FROM `peanut_brand` [ RunTime:0.066004s ]
[ sql ] [ SQL ] SELECT * FROM `peanut_brand` [ RunTime:0.100006s ]
[ sql ] [ SQL ] SHOW COLUMNS FROM `peanut_series` [ RunTime:0.096005s ]
[ sql ] [ SQL ] SELECT * FROM `peanut_series` ORDER BY `sales_volume` DESC LIMIT 5 [ RunTime:0.070004s ]
[ sql ] [ SQL ] SHOW COLUMNS FROM `peanut_price` [ RunTime:0.067004s ]
[ sql ] [ SQL ] SELECT * FROM `peanut_price` [ RunTime:0.066004s ]
---------------------------------------------------------------
[ 2020-07-10T10:35:01+08:00 ] 127.0.0.1 POST 127.0.0.1/peanut/th5/public/buyCar/Buycar/vehicle
[运行时间：0.219013s] [吞吐率：4.57req/s] [内存消耗：2,547.45kb] [文件加载：48]
[ info ] [ LANG ] D:\phpstudy_pro\WWW\peanut\th5\thinkphp\lang\zh-cn.php
[ info ] [ ROUTE ] array (
  'type' => 'module',
  'module' => 
  array (
    0 => 'buyCar',
    1 => 'Buycar',
    2 => 'vehicle',
  ),
)
[ info ] [ HEADER ] array (
  'accept-language' => 'zh-CN,zh;q=0.9',
  'accept-encoding' => 'gzip, deflate, br',
  'referer' => 'http://localhost:8080/',
  'sec-fetch-dest' => 'empty',
  'sec-fetch-mode' => 'cors',
  'sec-fetch-site' => 'cross-site',
  'origin' => 'http://localhost:8080',
  'content-type' => 'application/x-www-form-urlencoded',
  'user-agent' => 'Mozilla/5.0 (Windows NT 6.1; WOW64) AppleWebKit/537.36 (KHTML, like Gecko) Chrome/81.0.4044.9 Safari/537.36',
  'accept' => 'application/json, text/plain, */*',
  'content-length' => '95',
  'connection' => 'close',
  'host' => '127.0.0.1',
)
[ info ] [ PARAM ] array (
  '{"brandID":0,"seriesID":0,"price":"","timeBaseNum":"","priceBaseNum":"","search":"","citID":""}' => '',
)
[ info ] [ RUN ] app\buyCar\controller\Buycar->vehicle[ D:\phpstudy_pro\WWW\peanut\th5\application\buyCar\controller\Buycar.php ]
[ info ] [ DB ] INIT mysql
[ info ] [ LOG ] INIT File
[ sql ] [ DB ] CONNECT:[ UseTime:0.093005s ] mysql:host=118.190.149.14;port=3306;dbname=peanut;charset=utf8
[ sql ] [ SQL ] SELECT `v`.* FROM peanut_vehicle v,peanut_brand b,peanut_series s WHERE  (  v.series_id=s.series_id and s.brand_id=b.brand_id and v.vehicle_state="已上架" ) [ RunTime:0.061004s ]
---------------------------------------------------------------
[ 2020-07-10T10:35:01+08:00 ] 127.0.0.1 GET 127.0.0.1/peanut/th5/public/homepage/Homepage/getcity
[运行时间：0.281016s] [吞吐率：3.56req/s] [内存消耗：2,522.98kb] [文件加载：47]
[ info ] [ LANG ] D:\phpstudy_pro\WWW\peanut\th5\thinkphp\lang\zh-cn.php
[ info ] [ ROUTE ] array (
  'type' => 'module',
  'module' => 
  array (
    0 => 'homepage',
    1 => 'Homepage',
    2 => 'getcity',
  ),
)
[ info ] [ HEADER ] array (
  'accept-language' => 'zh-CN,zh;q=0.9',
  'accept-encoding' => 'gzip, deflate, br',
  'referer' => 'http://localhost:8080/',
  'sec-fetch-dest' => 'empty',
  'sec-fetch-mode' => 'cors',
  'sec-fetch-site' => 'cross-site',
  'origin' => 'http://localhost:8080',
  'user-agent' => 'Mozilla/5.0 (Windows NT 6.1; WOW64) AppleWebKit/537.36 (KHTML, like Gecko) Chrome/81.0.4044.9 Safari/537.36',
  'accept' => 'application/json, text/plain, */*',
  'connection' => 'close',
  'host' => '127.0.0.1',
)
[ info ] [ PARAM ] array (
)
[ info ] [ RUN ] app\homepage\controller\Homepage->getcity[ D:\phpstudy_pro\WWW\peanut\th5\application\homepage\controller\Homepage.php ]
[ info ] [ DB ] INIT mysql
[ info ] [ LOG ] INIT File
[ sql ] [ DB ] CONNECT:[ UseTime:0.103006s ] mysql:host=118.190.149.14;port=3306;dbname=peanut;charset=utf8
[ sql ] [ SQL ] SHOW COLUMNS FROM `peanut_city` [ RunTime:0.067004s ]
[ sql ] [ SQL ] SELECT * FROM `peanut_city` [ RunTime:0.072004s ]
---------------------------------------------------------------
[ 2020-07-10T10:35:06+08:00 ] 127.0.0.1 GET 127.0.0.1/peanut/th5/public/homepage/Homepage/getcity
[运行时间：0.281017s] [吞吐率：3.56req/s] [内存消耗：2,522.98kb] [文件加载：47]
[ info ] [ LANG ] D:\phpstudy_pro\WWW\peanut\th5\thinkphp\lang\zh-cn.php
[ info ] [ ROUTE ] array (
  'type' => 'module',
  'module' => 
  array (
    0 => 'homepage',
    1 => 'Homepage',
    2 => 'getcity',
  ),
)
[ info ] [ HEADER ] array (
  'accept-language' => 'zh-CN,zh;q=0.9',
  'accept-encoding' => 'gzip, deflate, br',
  'referer' => 'http://localhost:8080/',
  'sec-fetch-dest' => 'empty',
  'sec-fetch-mode' => 'cors',
  'sec-fetch-site' => 'cross-site',
  'origin' => 'http://localhost:8080',
  'user-agent' => 'Mozilla/5.0 (Windows NT 6.1; WOW64) AppleWebKit/537.36 (KHTML, like Gecko) Chrome/81.0.4044.9 Safari/537.36',
  'accept' => 'application/json, text/plain, */*',
  'connection' => 'close',
  'host' => '127.0.0.1',
)
[ info ] [ PARAM ] array (
)
[ info ] [ RUN ] app\homepage\controller\Homepage->getcity[ D:\phpstudy_pro\WWW\peanut\th5\application\homepage\controller\Homepage.php ]
[ info ] [ DB ] INIT mysql
[ info ] [ LOG ] INIT File
[ sql ] [ DB ] CONNECT:[ UseTime:0.103006s ] mysql:host=118.190.149.14;port=3306;dbname=peanut;charset=utf8
[ sql ] [ SQL ] SHOW COLUMNS FROM `peanut_city` [ RunTime:0.068003s ]
[ sql ] [ SQL ] SELECT * FROM `peanut_city` [ RunTime:0.067004s ]
---------------------------------------------------------------
[ 2020-07-10T10:35:06+08:00 ] 127.0.0.1 GET 127.0.0.1/peanut/th5/public/auction/Auction/queryCar
[运行时间：0.490028s] [吞吐率：2.04req/s] [内存消耗：2,528.42kb] [文件加载：47]
[ info ] [ LANG ] D:\phpstudy_pro\WWW\peanut\th5\thinkphp\lang\zh-cn.php
[ info ] [ ROUTE ] array (
  'type' => 'module',
  'module' => 
  array (
    0 => 'auction',
    1 => 'Auction',
    2 => 'queryCar',
  ),
)
[ info ] [ HEADER ] array (
  'accept-language' => 'zh-CN,zh;q=0.9',
  'accept-encoding' => 'gzip, deflate, br',
  'referer' => 'http://localhost:8080/',
  'sec-fetch-dest' => 'empty',
  'sec-fetch-mode' => 'cors',
  'sec-fetch-site' => 'cross-site',
  'origin' => 'http://localhost:8080',
  'user-agent' => 'Mozilla/5.0 (Windows NT 6.1; WOW64) AppleWebKit/537.36 (KHTML, like Gecko) Chrome/81.0.4044.9 Safari/537.36',
  'accept' => 'application/json, text/plain, */*',
  'connection' => 'close',
  'host' => '127.0.0.1',
)
[ info ] [ PARAM ] array (
)
[ info ] [ RUN ] app\auction\controller\Auction->queryCar[ D:\phpstudy_pro\WWW\peanut\th5\application\auction\controller\Auction.php ]
[ info ] [ DB ] INIT mysql
[ info ] [ LOG ] INIT File
[ sql ] [ DB ] CONNECT:[ UseTime:0.092005s ] mysql:host=118.190.149.14;port=3306;dbname=peanut;charset=utf8
[ sql ] [ SQL ] SHOW COLUMNS FROM `peanut_brand` [ RunTime:0.060004s ]
[ sql ] [ SQL ] SELECT * FROM `peanut_brand` [ RunTime:0.060003s ]
[ sql ] [ SQL ] SHOW COLUMNS FROM `peanut_series` [ RunTime:0.059004s ]
[ sql ] [ SQL ] SELECT * FROM `peanut_series` ORDER BY `sales_volume` DESC LIMIT 5 [ RunTime:0.059003s ]
[ sql ] [ SQL ] SHOW COLUMNS FROM `peanut_price` [ RunTime:0.060003s ]
[ sql ] [ SQL ] SELECT * FROM `peanut_price` [ RunTime:0.058004s ]
---------------------------------------------------------------
[ 2020-07-10T10:35:07+08:00 ] 127.0.0.1 POST 127.0.0.1/peanut/th5/public/homepage/Homepage/getuserinfo
[运行时间：0.291017s] [吞吐率：3.44req/s] [内存消耗：2,526.10kb] [文件加载：47]
[ info ] [ LANG ] D:\phpstudy_pro\WWW\peanut\th5\thinkphp\lang\zh-cn.php
[ info ] [ ROUTE ] array (
  'type' => 'module',
  'module' => 
  array (
    0 => 'homepage',
    1 => 'Homepage',
    2 => 'getuserinfo',
  ),
)
[ info ] [ HEADER ] array (
  'accept-language' => 'zh-CN,zh;q=0.9',
  'accept-encoding' => 'gzip, deflate, br',
  'referer' => 'http://localhost:8080/',
  'sec-fetch-dest' => 'empty',
  'sec-fetch-mode' => 'cors',
  'sec-fetch-site' => 'cross-site',
  'origin' => 'http://localhost:8080',
  'content-type' => 'application/x-www-form-urlencoded',
  'user-agent' => 'Mozilla/5.0 (Windows NT 6.1; WOW64) AppleWebKit/537.36 (KHTML, like Gecko) Chrome/81.0.4044.9 Safari/537.36',
  'accept' => 'application/json, text/plain, */*',
  'content-length' => '48',
  'connection' => 'close',
  'host' => '127.0.0.1',
)
[ info ] [ PARAM ] array (
  '{"usertoken":"9c190b588c16c079792c4f927a0acf01"}' => '',
)
[ info ] [ RUN ] app\homepage\controller\Homepage->getuserinfo[ D:\phpstudy_pro\WWW\peanut\th5\application\homepage\controller\Homepage.php ]
[ info ] [ DB ] INIT mysql
[ info ] [ LOG ] INIT File
[ sql ] [ DB ] CONNECT:[ UseTime:0.104006s ] mysql:host=118.190.149.14;port=3306;dbname=peanut;charset=utf8
[ sql ] [ SQL ] SHOW COLUMNS FROM `peanut_user` [ RunTime:0.068004s ]
[ sql ] [ SQL ] SELECT * FROM `peanut_user` WHERE  `id` = 15 LIMIT 1 [ RunTime:0.070004s ]
---------------------------------------------------------------
[ 2020-07-10T10:35:07+08:00 ] 127.0.0.1 POST 127.0.0.1/peanut/th5/public/auction/Auction/vehicle
[运行时间：0.254015s] [吞吐率：3.94req/s] [内存消耗：2,531.26kb] [文件加载：53]
[ info ] [ LANG ] D:\phpstudy_pro\WWW\peanut\th5\thinkphp\lang\zh-cn.php
[ info ] [ ROUTE ] array (
  'type' => 'module',
  'module' => 
  array (
    0 => 'auction',
    1 => 'Auction',
    2 => 'vehicle',
  ),
)
[ info ] [ HEADER ] array (
  'accept-language' => 'zh-CN,zh;q=0.9',
  'accept-encoding' => 'gzip, deflate, br',
  'referer' => 'http://localhost:8080/',
  'sec-fetch-dest' => 'empty',
  'sec-fetch-mode' => 'cors',
  'sec-fetch-site' => 'cross-site',
  'origin' => 'http://localhost:8080',
  'content-type' => 'application/x-www-form-urlencoded',
  'user-agent' => 'Mozilla/5.0 (Windows NT 6.1; WOW64) AppleWebKit/537.36 (KHTML, like Gecko) Chrome/81.0.4044.9 Safari/537.36',
  'accept' => 'application/json, text/plain, */*',
  'content-length' => '121',
  'connection' => 'close',
  'host' => '127.0.0.1',
)
[ info ] [ PARAM ] array (
  '{"brandID":"","seriesID":"","price":"","timeBaseNum":"","priceBaseNum":"","token":"\\"bc053b6f5c98d9f4f54585aed609c8ec\\""}' => '',
)
[ info ] [ RUN ] app\auction\controller\Auction->vehicle[ D:\phpstudy_pro\WWW\peanut\th5\application\auction\controller\Auction.php ]
[ info ] [ DB ] INIT mysql
[ info ] [ LOG ] INIT File
[ sql ] [ DB ] CONNECT:[ UseTime:0.114006s ] mysql:host=118.190.149.14;port=3306;dbname=peanut;charset=utf8
[ error ] [10501]SQLSTATE[42S22]: Column not found: 1054 Unknown column 'a.sell_id' in 'where clause'[D:\phpstudy_pro\WWW\peanut\th5\thinkphp\library\think\db\Connection.php:385]
---------------------------------------------------------------
[ 2020-07-10T10:35:16+08:00 ] 127.0.0.1 GET 127.0.0.1/peanut/th5/public/homepage/Homepage/getcity
[运行时间：0.311018s] [吞吐率：3.22req/s] [内存消耗：2,522.98kb] [文件加载：47]
[ info ] [ LANG ] D:\phpstudy_pro\WWW\peanut\th5\thinkphp\lang\zh-cn.php
[ info ] [ ROUTE ] array (
  'type' => 'module',
  'module' => 
  array (
    0 => 'homepage',
    1 => 'Homepage',
    2 => 'getcity',
  ),
)
[ info ] [ HEADER ] array (
  'accept-language' => 'zh-CN,zh;q=0.9',
  'accept-encoding' => 'gzip, deflate, br',
  'referer' => 'http://localhost:8080/',
  'sec-fetch-dest' => 'empty',
  'sec-fetch-mode' => 'cors',
  'sec-fetch-site' => 'cross-site',
  'origin' => 'http://localhost:8080',
  'user-agent' => 'Mozilla/5.0 (Windows NT 6.1; WOW64) AppleWebKit/537.36 (KHTML, like Gecko) Chrome/81.0.4044.9 Safari/537.36',
  'accept' => 'application/json, text/plain, */*',
  'connection' => 'close',
  'host' => '127.0.0.1',
)
[ info ] [ PARAM ] array (
)
[ info ] [ RUN ] app\homepage\controller\Homepage->getcity[ D:\phpstudy_pro\WWW\peanut\th5\application\homepage\controller\Homepage.php ]
[ info ] [ DB ] INIT mysql
[ info ] [ LOG ] INIT File
[ sql ] [ DB ] CONNECT:[ UseTime:0.121007s ] mysql:host=118.190.149.14;port=3306;dbname=peanut;charset=utf8
[ sql ] [ SQL ] SHOW COLUMNS FROM `peanut_city` [ RunTime:0.070004s ]
[ sql ] [ SQL ] SELECT * FROM `peanut_city` [ RunTime:0.073004s ]
---------------------------------------------------------------
[ 2020-07-10T10:35:17+08:00 ] 127.0.0.1 GET 127.0.0.1/peanut/th5/public/auction/Auction/queryCar
[运行时间：0.682039s] [吞吐率：1.47req/s] [内存消耗：2,528.42kb] [文件加载：47]
[ info ] [ LANG ] D:\phpstudy_pro\WWW\peanut\th5\thinkphp\lang\zh-cn.php
[ info ] [ ROUTE ] array (
  'type' => 'module',
  'module' => 
  array (
    0 => 'auction',
    1 => 'Auction',
    2 => 'queryCar',
  ),
)
[ info ] [ HEADER ] array (
  'accept-language' => 'zh-CN,zh;q=0.9',
  'accept-encoding' => 'gzip, deflate, br',
  'referer' => 'http://localhost:8080/',
  'sec-fetch-dest' => 'empty',
  'sec-fetch-mode' => 'cors',
  'sec-fetch-site' => 'cross-site',
  'origin' => 'http://localhost:8080',
  'user-agent' => 'Mozilla/5.0 (Windows NT 6.1; WOW64) AppleWebKit/537.36 (KHTML, like Gecko) Chrome/81.0.4044.9 Safari/537.36',
  'accept' => 'application/json, text/plain, */*',
  'connection' => 'close',
  'host' => '127.0.0.1',
)
[ info ] [ PARAM ] array (
)
[ info ] [ RUN ] app\auction\controller\Auction->queryCar[ D:\phpstudy_pro\WWW\peanut\th5\application\auction\controller\Auction.php ]
[ info ] [ DB ] INIT mysql
[ info ] [ LOG ] INIT File
[ sql ] [ DB ] CONNECT:[ UseTime:0.115007s ] mysql:host=118.190.149.14;port=3306;dbname=peanut;charset=utf8
[ sql ] [ SQL ] SHOW COLUMNS FROM `peanut_brand` [ RunTime:0.076004s ]
[ sql ] [ SQL ] SELECT * FROM `peanut_brand` [ RunTime:0.090005s ]
[ sql ] [ SQL ] SHOW COLUMNS FROM `peanut_series` [ RunTime:0.100006s ]
[ sql ] [ SQL ] SELECT * FROM `peanut_series` ORDER BY `sales_volume` DESC LIMIT 5 [ RunTime:0.075004s ]
[ sql ] [ SQL ] SHOW COLUMNS FROM `peanut_price` [ RunTime:0.078005s ]
[ sql ] [ SQL ] SELECT * FROM `peanut_price` [ RunTime:0.078004s ]
---------------------------------------------------------------
[ 2020-07-10T10:35:17+08:00 ] 127.0.0.1 POST 127.0.0.1/peanut/th5/public/homepage/Homepage/getuserinfo
[运行时间：0.293016s] [吞吐率：3.41req/s] [内存消耗：2,526.10kb] [文件加载：47]
[ info ] [ LANG ] D:\phpstudy_pro\WWW\peanut\th5\thinkphp\lang\zh-cn.php
[ info ] [ ROUTE ] array (
  'type' => 'module',
  'module' => 
  array (
    0 => 'homepage',
    1 => 'Homepage',
    2 => 'getuserinfo',
  ),
)
[ info ] [ HEADER ] array (
  'accept-language' => 'zh-CN,zh;q=0.9',
  'accept-encoding' => 'gzip, deflate, br',
  'referer' => 'http://localhost:8080/',
  'sec-fetch-dest' => 'empty',
  'sec-fetch-mode' => 'cors',
  'sec-fetch-site' => 'cross-site',
  'origin' => 'http://localhost:8080',
  'content-type' => 'application/x-www-form-urlencoded',
  'user-agent' => 'Mozilla/5.0 (Windows NT 6.1; WOW64) AppleWebKit/537.36 (KHTML, like Gecko) Chrome/81.0.4044.9 Safari/537.36',
  'accept' => 'application/json, text/plain, */*',
  'content-length' => '48',
  'connection' => 'close',
  'host' => '127.0.0.1',
)
[ info ] [ PARAM ] array (
  '{"usertoken":"9c190b588c16c079792c4f927a0acf01"}' => '',
)
[ info ] [ RUN ] app\homepage\controller\Homepage->getuserinfo[ D:\phpstudy_pro\WWW\peanut\th5\application\homepage\controller\Homepage.php ]
[ info ] [ DB ] INIT mysql
[ info ] [ LOG ] INIT File
[ sql ] [ DB ] CONNECT:[ UseTime:0.109006s ] mysql:host=118.190.149.14;port=3306;dbname=peanut;charset=utf8
[ sql ] [ SQL ] SHOW COLUMNS FROM `peanut_user` [ RunTime:0.075005s ]
[ sql ] [ SQL ] SELECT * FROM `peanut_user` WHERE  `id` = 15 LIMIT 1 [ RunTime:0.074004s ]
---------------------------------------------------------------
[ 2020-07-10T10:35:18+08:00 ] 127.0.0.1 POST 127.0.0.1/peanut/th5/public/auction/Auction/vehicle
[运行时间：0.187011s] [吞吐率：5.35req/s] [内存消耗：2,531.26kb] [文件加载：53]
[ info ] [ LANG ] D:\phpstudy_pro\WWW\peanut\th5\thinkphp\lang\zh-cn.php
[ info ] [ ROUTE ] array (
  'type' => 'module',
  'module' => 
  array (
    0 => 'auction',
    1 => 'Auction',
    2 => 'vehicle',
  ),
)
[ info ] [ HEADER ] array (
  'accept-language' => 'zh-CN,zh;q=0.9',
  'accept-encoding' => 'gzip, deflate, br',
  'referer' => 'http://localhost:8080/',
  'sec-fetch-dest' => 'empty',
  'sec-fetch-mode' => 'cors',
  'sec-fetch-site' => 'cross-site',
  'origin' => 'http://localhost:8080',
  'content-type' => 'application/x-www-form-urlencoded',
  'user-agent' => 'Mozilla/5.0 (Windows NT 6.1; WOW64) AppleWebKit/537.36 (KHTML, like Gecko) Chrome/81.0.4044.9 Safari/537.36',
  'accept' => 'application/json, text/plain, */*',
  'content-length' => '121',
  'connection' => 'close',
  'host' => '127.0.0.1',
)
[ info ] [ PARAM ] array (
  '{"brandID":"","seriesID":"","price":"","timeBaseNum":"","priceBaseNum":"","token":"\\"bc053b6f5c98d9f4f54585aed609c8ec\\""}' => '',
)
[ info ] [ RUN ] app\auction\controller\Auction->vehicle[ D:\phpstudy_pro\WWW\peanut\th5\application\auction\controller\Auction.php ]
[ info ] [ DB ] INIT mysql
[ info ] [ LOG ] INIT File
[ sql ] [ DB ] CONNECT:[ UseTime:0.107007s ] mysql:host=118.190.149.14;port=3306;dbname=peanut;charset=utf8
[ error ] [10501]SQLSTATE[42S22]: Column not found: 1054 Unknown column 'a.sell_id' in 'where clause'[D:\phpstudy_pro\WWW\peanut\th5\thinkphp\library\think\db\Connection.php:385]
