---------------------------------------------------------------
[ 2020-07-11T16:39:06+08:00 ] 127.0.0.1 POST 127.0.0.1/peanut/th5/public/alogin/index/validateToken
[运行时间：0.036002s] [吞吐率：27.78req/s] [内存消耗：1,620.48kb] [文件加载：40]
[ info ] [ LANG ] D:\phpstudy_pro\WWW\peanut\th5\thinkphp\lang\zh-cn.php
[ info ] [ ROUTE ] array (
  'type' => 'module',
  'module' => 
  array (
    0 => 'alogin',
    1 => 'index',
    2 => 'validateToken',
  ),
)
[ info ] [ HEADER ] array (
  'accept-language' => 'zh-CN,zh;q=0.9',
  'accept-encoding' => 'gzip, deflate, br',
  'referer' => 'http://localhost:8080/',
  'sec-fetch-dest' => 'empty',
  'sec-fetch-mode' => 'cors',
  'sec-fetch-site' => 'cross-site',
  'origin' => 'http://localhost:8080',
  'user-agent' => 'Mozilla/5.0 (Windows NT 6.1; WOW64) AppleWebKit/537.36 (KHTML, like Gecko) Chrome/81.0.4044.9 Safari/537.36',
  'access-token' => '767337a0f5aa25ceef69fba59d6cb00a',
  'accept' => 'application/json, text/plain, */*',
  'content-length' => '0',
  'connection' => 'close',
  'host' => '127.0.0.1',
)
[ info ] [ PARAM ] array (
)
[ info ] [ RUN ] app\alogin\controller\Index->validateToken[ D:\phpstudy_pro\WWW\peanut\th5\application\alogin\controller\Index.php ]
[ info ] [ LOG ] INIT File
---------------------------------------------------------------
[ 2020-07-11T16:39:06+08:00 ] 127.0.0.1 POST 127.0.0.1/peanut/th5/public/info/Center/get
[运行时间：0.311018s] [吞吐率：3.22req/s] [内存消耗：2,529.05kb] [文件加载：48]
[ info ] [ LANG ] D:\phpstudy_pro\WWW\peanut\th5\thinkphp\lang\zh-cn.php
[ info ] [ ROUTE ] array (
  'type' => 'module',
  'module' => 
  array (
    0 => 'info',
    1 => 'Center',
    2 => 'get',
  ),
)
[ info ] [ HEADER ] array (
  'accept-language' => 'zh-CN,zh;q=0.9',
  'accept-encoding' => 'gzip, deflate, br',
  'referer' => 'http://localhost:8080/',
  'sec-fetch-dest' => 'empty',
  'sec-fetch-mode' => 'cors',
  'sec-fetch-site' => 'cross-site',
  'origin' => 'http://localhost:8080',
  'content-type' => 'application/x-www-form-urlencoded',
  'user-agent' => 'Mozilla/5.0 (Windows NT 6.1; WOW64) AppleWebKit/537.36 (KHTML, like Gecko) Chrome/81.0.4044.9 Safari/537.36',
  'accept' => 'application/json, text/plain, */*',
  'content-length' => '44',
  'connection' => 'close',
  'host' => '127.0.0.1',
)
[ info ] [ PARAM ] array (
  '{"token":"767337a0f5aa25ceef69fba59d6cb00a"}' => '',
)
[ info ] [ RUN ] app\info\controller\Center->get[ D:\phpstudy_pro\WWW\peanut\th5\application\info\controller\Center.php ]
[ info ] [ DB ] INIT mysql
[ info ] [ LOG ] INIT File
[ sql ] [ DB ] CONNECT:[ UseTime:0.108006s ] mysql:host=118.190.149.14;port=3306;dbname=peanut;charset=utf8
[ sql ] [ SQL ] SHOW COLUMNS FROM `peanut_staff` [ RunTime:0.072004s ]
[ sql ] [ SQL ] SELECT `s`.*,`r`.`role_name` FROM `peanut_staff` `s` INNER JOIN `peanut_role` `r` ON `r`.`id`=`s`.`role_id` WHERE  `s`.`id` = 15 [ RunTime:0.072004s ]
---------------------------------------------------------------
[ 2020-07-11T16:39:06+08:00 ] 127.0.0.1 GET 127.0.0.1/peanut/th5/public/info/Center/chat
[运行时间：0.397022s] [吞吐率：2.52req/s] [内存消耗：2,661.85kb] [文件加载：49]
[ info ] [ LANG ] D:\phpstudy_pro\WWW\peanut\th5\thinkphp\lang\zh-cn.php
[ info ] [ ROUTE ] array (
  'type' => 'module',
  'module' => 
  array (
    0 => 'info',
    1 => 'Center',
    2 => 'chat',
  ),
)
[ info ] [ HEADER ] array (
  'accept-language' => 'zh-CN,zh;q=0.9',
  'accept-encoding' => 'gzip, deflate, br',
  'referer' => 'http://localhost:8080/',
  'sec-fetch-dest' => 'empty',
  'sec-fetch-mode' => 'cors',
  'sec-fetch-site' => 'cross-site',
  'origin' => 'http://localhost:8080',
  'user-agent' => 'Mozilla/5.0 (Windows NT 6.1; WOW64) AppleWebKit/537.36 (KHTML, like Gecko) Chrome/81.0.4044.9 Safari/537.36',
  'accept' => 'application/json, text/plain, */*',
  'connection' => 'close',
  'host' => '127.0.0.1',
)
[ info ] [ PARAM ] array (
)
[ info ] [ RUN ] app\info\controller\Center->chat[ D:\phpstudy_pro\WWW\peanut\th5\application\info\controller\Center.php ]
[ info ] [ DB ] INIT mysql
[ info ] [ LOG ] INIT File
[ sql ] [ DB ] CONNECT:[ UseTime:0.133008s ] mysql:host=118.190.149.14;port=3306;dbname=peanut;charset=utf8
[ sql ] [ SQL ] SHOW COLUMNS FROM `peanut_chat` [ RunTime:0.089005s ]
[ sql ] [ SQL ] SELECT * FROM `peanut_chat` `c` INNER JOIN `peanut_user` `u` ON `u`.`id`=c.sender or u.id = c.receiver WHERE  (  c.receiver='adminServer' or c.sender='adminServer' ) [ RunTime:0.127007s ]
---------------------------------------------------------------
[ 2020-07-11T16:39:07+08:00 ] 127.0.0.1 POST 127.0.0.1/peanut/th5/public/info/Center/getMenu
[运行时间：0.395220s] [吞吐率：2.53req/s] [内存消耗：2,532.70kb] [文件加载：48]
[ info ] [ LANG ] D:\phpstudy_pro\WWW\peanut\th5\thinkphp\lang\zh-cn.php
[ info ] [ ROUTE ] array (
  'type' => 'module',
  'module' => 
  array (
    0 => 'info',
    1 => 'Center',
    2 => 'getMenu',
  ),
)
[ info ] [ HEADER ] array (
  'accept-language' => 'zh-CN,zh;q=0.9',
  'accept-encoding' => 'gzip, deflate, br',
  'referer' => 'http://localhost:8080/',
  'sec-fetch-dest' => 'empty',
  'sec-fetch-mode' => 'cors',
  'sec-fetch-site' => 'cross-site',
  'origin' => 'http://localhost:8080',
  'content-type' => 'application/x-www-form-urlencoded',
  'user-agent' => 'Mozilla/5.0 (Windows NT 6.1; WOW64) AppleWebKit/537.36 (KHTML, like Gecko) Chrome/81.0.4044.9 Safari/537.36',
  'accept' => 'application/json, text/plain, */*',
  'content-length' => '9',
  'connection' => 'close',
  'host' => '127.0.0.1',
)
[ info ] [ PARAM ] array (
  '{"rid":1}' => '',
)
[ info ] [ RUN ] app\info\controller\Center->getMenu[ D:\phpstudy_pro\WWW\peanut\th5\application\info\controller\Center.php ]
[ info ] [ DB ] INIT mysql
[ info ] [ LOG ] INIT File
[ sql ] [ DB ] CONNECT:[ UseTime:0.100006s ] mysql:host=118.190.149.14;port=3306;dbname=peanut;charset=utf8
[ sql ] [ SQL ] SHOW COLUMNS FROM `peanut_jurisdiction` [ RunTime:0.067004s ]
[ sql ] [ SQL ] SELECT * FROM `peanut_jurisdiction` WHERE  `role_id` = 1 [ RunTime:0.067004s ]
[ sql ] [ SQL ] SHOW COLUMNS FROM `peanut_menu` [ RunTime:0.066004s ]
[ sql ] [ SQL ] SELECT * FROM `peanut_menu` [ RunTime:0.060201s ]
---------------------------------------------------------------
[ 2020-07-11T16:39:11+08:00 ] 127.0.0.1 GET 127.0.0.1/peanut/th5/public/homepage/Homepage/getcity
[运行时间：0.280016s] [吞吐率：3.57req/s] [内存消耗：2,522.98kb] [文件加载：47]
[ info ] [ LANG ] D:\phpstudy_pro\WWW\peanut\th5\thinkphp\lang\zh-cn.php
[ info ] [ ROUTE ] array (
  'type' => 'module',
  'module' => 
  array (
    0 => 'homepage',
    1 => 'Homepage',
    2 => 'getcity',
  ),
)
[ info ] [ HEADER ] array (
  'accept-language' => 'zh-CN,zh;q=0.9',
  'accept-encoding' => 'gzip, deflate, br',
  'referer' => 'http://localhost:8080/',
  'sec-fetch-dest' => 'empty',
  'sec-fetch-mode' => 'cors',
  'sec-fetch-site' => 'cross-site',
  'origin' => 'http://localhost:8080',
  'user-agent' => 'Mozilla/5.0 (Windows NT 6.1; WOW64) AppleWebKit/537.36 (KHTML, like Gecko) Chrome/81.0.4044.9 Safari/537.36',
  'accept' => 'application/json, text/plain, */*',
  'connection' => 'close',
  'host' => '127.0.0.1',
)
[ info ] [ PARAM ] array (
)
[ info ] [ RUN ] app\homepage\controller\Homepage->getcity[ D:\phpstudy_pro\WWW\peanut\th5\application\homepage\controller\Homepage.php ]
[ info ] [ DB ] INIT mysql
[ info ] [ LOG ] INIT File
[ sql ] [ DB ] CONNECT:[ UseTime:0.102006s ] mysql:host=118.190.149.14;port=3306;dbname=peanut;charset=utf8
[ sql ] [ SQL ] SHOW COLUMNS FROM `peanut_city` [ RunTime:0.067004s ]
[ sql ] [ SQL ] SELECT * FROM `peanut_city` [ RunTime:0.068004s ]
---------------------------------------------------------------
[ 2020-07-11T16:39:11+08:00 ] 127.0.0.1 POST 127.0.0.1/peanut/th5/public/homepage/Homepage/getuserinfo
[运行时间：0.330019s] [吞吐率：3.03req/s] [内存消耗：2,526.11kb] [文件加载：47]
[ info ] [ LANG ] D:\phpstudy_pro\WWW\peanut\th5\thinkphp\lang\zh-cn.php
[ info ] [ ROUTE ] array (
  'type' => 'module',
  'module' => 
  array (
    0 => 'homepage',
    1 => 'Homepage',
    2 => 'getuserinfo',
  ),
)
[ info ] [ HEADER ] array (
  'accept-language' => 'zh-CN,zh;q=0.9',
  'accept-encoding' => 'gzip, deflate, br',
  'referer' => 'http://localhost:8080/',
  'sec-fetch-dest' => 'empty',
  'sec-fetch-mode' => 'cors',
  'sec-fetch-site' => 'cross-site',
  'origin' => 'http://localhost:8080',
  'content-type' => 'application/x-www-form-urlencoded',
  'user-agent' => 'Mozilla/5.0 (Windows NT 6.1; WOW64) AppleWebKit/537.36 (KHTML, like Gecko) Chrome/81.0.4044.9 Safari/537.36',
  'accept' => 'application/json, text/plain, */*',
  'content-length' => '48',
  'connection' => 'close',
  'host' => '127.0.0.1',
)
[ info ] [ PARAM ] array (
  '{"usertoken":"e4f4968bd20cf72a10c5adde61a7c4d1"}' => '',
)
[ info ] [ RUN ] app\homepage\controller\Homepage->getuserinfo[ D:\phpstudy_pro\WWW\peanut\th5\application\homepage\controller\Homepage.php ]
[ info ] [ DB ] INIT mysql
[ info ] [ LOG ] INIT File
[ sql ] [ DB ] CONNECT:[ UseTime:0.120007s ] mysql:host=118.190.149.14;port=3306;dbname=peanut;charset=utf8
[ sql ] [ SQL ] SHOW COLUMNS FROM `peanut_user` [ RunTime:0.083005s ]
[ sql ] [ SQL ] SELECT * FROM `peanut_user` WHERE  `id` = 15 LIMIT 1 [ RunTime:0.083005s ]
---------------------------------------------------------------
[ 2020-07-11T16:39:11+08:00 ] 127.0.0.1 GET 127.0.0.1/peanut/th5/public/auction/Auction/queryCar
[运行时间：0.610035s] [吞吐率：1.64req/s] [内存消耗：2,547.37kb] [文件加载：47]
[ info ] [ LANG ] D:\phpstudy_pro\WWW\peanut\th5\thinkphp\lang\zh-cn.php
[ info ] [ ROUTE ] array (
  'type' => 'module',
  'module' => 
  array (
    0 => 'auction',
    1 => 'Auction',
    2 => 'queryCar',
  ),
)
[ info ] [ HEADER ] array (
  'accept-language' => 'zh-CN,zh;q=0.9',
  'accept-encoding' => 'gzip, deflate, br',
  'referer' => 'http://localhost:8080/',
  'sec-fetch-dest' => 'empty',
  'sec-fetch-mode' => 'cors',
  'sec-fetch-site' => 'cross-site',
  'origin' => 'http://localhost:8080',
  'user-agent' => 'Mozilla/5.0 (Windows NT 6.1; WOW64) AppleWebKit/537.36 (KHTML, like Gecko) Chrome/81.0.4044.9 Safari/537.36',
  'accept' => 'application/json, text/plain, */*',
  'connection' => 'close',
  'host' => '127.0.0.1',
)
[ info ] [ PARAM ] array (
)
[ info ] [ RUN ] app\auction\controller\Auction->queryCar[ D:\phpstudy_pro\WWW\peanut\th5\application\auction\controller\Auction.php ]
[ info ] [ DB ] INIT mysql
[ info ] [ LOG ] INIT File
[ sql ] [ DB ] CONNECT:[ UseTime:0.125007s ] mysql:host=118.190.149.14;port=3306;dbname=peanut;charset=utf8
[ sql ] [ SQL ] SHOW COLUMNS FROM `peanut_brand` [ RunTime:0.071004s ]
[ sql ] [ SQL ] SELECT * FROM `peanut_brand` [ RunTime:0.075004s ]
[ sql ] [ SQL ] SHOW COLUMNS FROM `peanut_series` [ RunTime:0.074005s ]
[ sql ] [ SQL ] SELECT * FROM `peanut_series` ORDER BY `sales_volume` DESC LIMIT 5 [ RunTime:0.080004s ]
[ sql ] [ SQL ] SHOW COLUMNS FROM `peanut_price` [ RunTime:0.071004s ]
[ sql ] [ SQL ] SELECT * FROM `peanut_price` [ RunTime:0.072004s ]
---------------------------------------------------------------
[ 2020-07-11T16:39:12+08:00 ] 127.0.0.1 POST 127.0.0.1/peanut/th5/public/auction/Auction/vehicle
[运行时间：0.265201s] [吞吐率：3.77req/s] [内存消耗：2,551.70kb] [文件加载：48]
[ info ] [ LANG ] D:\phpstudy_pro\WWW\peanut\th5\thinkphp\lang\zh-cn.php
[ info ] [ ROUTE ] array (
  'type' => 'module',
  'module' => 
  array (
    0 => 'auction',
    1 => 'Auction',
    2 => 'vehicle',
  ),
)
[ info ] [ HEADER ] array (
  'accept-language' => 'zh-CN,zh;q=0.9',
  'accept-encoding' => 'gzip, deflate, br',
  'referer' => 'http://localhost:8080/',
  'sec-fetch-dest' => 'empty',
  'sec-fetch-mode' => 'cors',
  'sec-fetch-site' => 'cross-site',
  'origin' => 'http://localhost:8080',
  'content-type' => 'application/x-www-form-urlencoded',
  'user-agent' => 'Mozilla/5.0 (Windows NT 6.1; WOW64) AppleWebKit/537.36 (KHTML, like Gecko) Chrome/81.0.4044.9 Safari/537.36',
  'accept' => 'application/json, text/plain, */*',
  'content-length' => '121',
  'connection' => 'close',
  'host' => '127.0.0.1',
)
[ info ] [ PARAM ] array (
  '{"brandID":"","seriesID":"","price":"","timeBaseNum":"","priceBaseNum":"","token":"\\"767337a0f5aa25ceef69fba59d6cb00a\\""}' => '',
)
[ info ] [ RUN ] app\auction\controller\Auction->vehicle[ D:\phpstudy_pro\WWW\peanut\th5\application\auction\controller\Auction.php ]
[ info ] [ DB ] INIT mysql
[ info ] [ LOG ] INIT File
[ sql ] [ DB ] CONNECT:[ UseTime:0.109200s ] mysql:host=118.190.149.14;port=3306;dbname=peanut;charset=utf8
[ sql ] [ SQL ] SELECT `v`.*,`a`.*,u.id userID FROM peanut_vehicle v,peanut_brand b,peanut_series s,peanut_auction a,peanut_user u WHERE  (  v.series_id=s.series_id and s.brand_id=b.brand_id and v.vehicle_state="拍卖中" and a.id=v.auction_id and v.sell_id=u.id ) [ RunTime:0.078001s ]
---------------------------------------------------------------
[ 2020-07-11T16:39:24+08:00 ] 127.0.0.1 GET 127.0.0.1/peanut/th5/public/homepage/Homepage/getcity
[运行时间：0.295017s] [吞吐率：3.39req/s] [内存消耗：2,522.98kb] [文件加载：47]
[ info ] [ LANG ] D:\phpstudy_pro\WWW\peanut\th5\thinkphp\lang\zh-cn.php
[ info ] [ ROUTE ] array (
  'type' => 'module',
  'module' => 
  array (
    0 => 'homepage',
    1 => 'Homepage',
    2 => 'getcity',
  ),
)
[ info ] [ HEADER ] array (
  'accept-language' => 'zh-CN,zh;q=0.9',
  'accept-encoding' => 'gzip, deflate, br',
  'referer' => 'http://localhost:8080/',
  'sec-fetch-dest' => 'empty',
  'sec-fetch-mode' => 'cors',
  'sec-fetch-site' => 'cross-site',
  'origin' => 'http://localhost:8080',
  'user-agent' => 'Mozilla/5.0 (Windows NT 6.1; WOW64) AppleWebKit/537.36 (KHTML, like Gecko) Chrome/81.0.4044.9 Safari/537.36',
  'accept' => 'application/json, text/plain, */*',
  'connection' => 'close',
  'host' => '127.0.0.1',
)
[ info ] [ PARAM ] array (
)
[ info ] [ RUN ] app\homepage\controller\Homepage->getcity[ D:\phpstudy_pro\WWW\peanut\th5\application\homepage\controller\Homepage.php ]
[ info ] [ DB ] INIT mysql
[ info ] [ LOG ] INIT File
[ sql ] [ DB ] CONNECT:[ UseTime:0.101006s ] mysql:host=118.190.149.14;port=3306;dbname=peanut;charset=utf8
[ sql ] [ SQL ] SHOW COLUMNS FROM `peanut_city` [ RunTime:0.075004s ]
[ sql ] [ SQL ] SELECT * FROM `peanut_city` [ RunTime:0.067004s ]
---------------------------------------------------------------
[ 2020-07-11T16:39:24+08:00 ] 127.0.0.1 POST 127.0.0.1/peanut/th5/public/homepage/Homepage/getuserinfo
[运行时间：0.324019s] [吞吐率：3.09req/s] [内存消耗：2,526.11kb] [文件加载：47]
[ info ] [ LANG ] D:\phpstudy_pro\WWW\peanut\th5\thinkphp\lang\zh-cn.php
[ info ] [ ROUTE ] array (
  'type' => 'module',
  'module' => 
  array (
    0 => 'homepage',
    1 => 'Homepage',
    2 => 'getuserinfo',
  ),
)
[ info ] [ HEADER ] array (
  'accept-language' => 'zh-CN,zh;q=0.9',
  'accept-encoding' => 'gzip, deflate, br',
  'referer' => 'http://localhost:8080/',
  'sec-fetch-dest' => 'empty',
  'sec-fetch-mode' => 'cors',
  'sec-fetch-site' => 'cross-site',
  'origin' => 'http://localhost:8080',
  'content-type' => 'application/x-www-form-urlencoded',
  'user-agent' => 'Mozilla/5.0 (Windows NT 6.1; WOW64) AppleWebKit/537.36 (KHTML, like Gecko) Chrome/81.0.4044.9 Safari/537.36',
  'accept' => 'application/json, text/plain, */*',
  'content-length' => '48',
  'connection' => 'close',
  'host' => '127.0.0.1',
)
[ info ] [ PARAM ] array (
  '{"usertoken":"e4f4968bd20cf72a10c5adde61a7c4d1"}' => '',
)
[ info ] [ RUN ] app\homepage\controller\Homepage->getuserinfo[ D:\phpstudy_pro\WWW\peanut\th5\application\homepage\controller\Homepage.php ]
[ info ] [ DB ] INIT mysql
[ info ] [ LOG ] INIT File
[ sql ] [ DB ] CONNECT:[ UseTime:0.107006s ] mysql:host=118.190.149.14;port=3306;dbname=peanut;charset=utf8
[ sql ] [ SQL ] SHOW COLUMNS FROM `peanut_user` [ RunTime:0.075004s ]
[ sql ] [ SQL ] SELECT * FROM `peanut_user` WHERE  `id` = 15 LIMIT 1 [ RunTime:0.094006s ]
---------------------------------------------------------------
[ 2020-07-11T16:39:24+08:00 ] 127.0.0.1 GET 127.0.0.1/peanut/th5/public/buyCar/Buycar/queryCar
[运行时间：0.559032s] [吞吐率：1.79req/s] [内存消耗：2,510.10kb] [文件加载：47]
[ info ] [ LANG ] D:\phpstudy_pro\WWW\peanut\th5\thinkphp\lang\zh-cn.php
[ info ] [ ROUTE ] array (
  'type' => 'module',
  'module' => 
  array (
    0 => 'buyCar',
    1 => 'Buycar',
    2 => 'queryCar',
  ),
)
[ info ] [ HEADER ] array (
  'accept-language' => 'zh-CN,zh;q=0.9',
  'accept-encoding' => 'gzip, deflate, br',
  'referer' => 'http://localhost:8080/',
  'sec-fetch-dest' => 'empty',
  'sec-fetch-mode' => 'cors',
  'sec-fetch-site' => 'cross-site',
  'origin' => 'http://localhost:8080',
  'user-agent' => 'Mozilla/5.0 (Windows NT 6.1; WOW64) AppleWebKit/537.36 (KHTML, like Gecko) Chrome/81.0.4044.9 Safari/537.36',
  'accept' => 'application/json, text/plain, */*',
  'connection' => 'close',
  'host' => '127.0.0.1',
)
[ info ] [ PARAM ] array (
)
[ info ] [ RUN ] app\buyCar\controller\Buycar->queryCar[ D:\phpstudy_pro\WWW\peanut\th5\application\buyCar\controller\Buycar.php ]
[ info ] [ DB ] INIT mysql
[ info ] [ LOG ] INIT File
[ sql ] [ DB ] CONNECT:[ UseTime:0.114007s ] mysql:host=118.190.149.14;port=3306;dbname=peanut;charset=utf8
[ sql ] [ SQL ] SHOW COLUMNS FROM `peanut_brand` [ RunTime:0.067004s ]
[ sql ] [ SQL ] SELECT * FROM `peanut_brand` [ RunTime:0.072004s ]
[ sql ] [ SQL ] SHOW COLUMNS FROM `peanut_series` [ RunTime:0.072004s ]
[ sql ] [ SQL ] SELECT * FROM `peanut_series` ORDER BY `sales_volume` DESC LIMIT 5 [ RunTime:0.069004s ]
[ sql ] [ SQL ] SHOW COLUMNS FROM `peanut_price` [ RunTime:0.066004s ]
[ sql ] [ SQL ] SELECT * FROM `peanut_price` [ RunTime:0.066003s ]
---------------------------------------------------------------
[ 2020-07-11T16:39:25+08:00 ] 127.0.0.1 POST 127.0.0.1/peanut/th5/public/buyCar/Buycar/vehicle
[运行时间：0.208206s] [吞吐率：4.80req/s] [内存消耗：2,547.63kb] [文件加载：48]
[ info ] [ LANG ] D:\phpstudy_pro\WWW\peanut\th5\thinkphp\lang\zh-cn.php
[ info ] [ ROUTE ] array (
  'type' => 'module',
  'module' => 
  array (
    0 => 'buyCar',
    1 => 'Buycar',
    2 => 'vehicle',
  ),
)
[ info ] [ HEADER ] array (
  'accept-language' => 'zh-CN,zh;q=0.9',
  'accept-encoding' => 'gzip, deflate, br',
  'referer' => 'http://localhost:8080/',
  'sec-fetch-dest' => 'empty',
  'sec-fetch-mode' => 'cors',
  'sec-fetch-site' => 'cross-site',
  'origin' => 'http://localhost:8080',
  'content-type' => 'application/x-www-form-urlencoded',
  'user-agent' => 'Mozilla/5.0 (Windows NT 6.1; WOW64) AppleWebKit/537.36 (KHTML, like Gecko) Chrome/81.0.4044.9 Safari/537.36',
  'accept' => 'application/json, text/plain, */*',
  'content-length' => '95',
  'connection' => 'close',
  'host' => '127.0.0.1',
)
[ info ] [ PARAM ] array (
  '{"brandID":0,"seriesID":0,"price":"","timeBaseNum":"","priceBaseNum":"","search":"","citID":""}' => '',
)
[ info ] [ RUN ] app\buyCar\controller\Buycar->vehicle[ D:\phpstudy_pro\WWW\peanut\th5\application\buyCar\controller\Buycar.php ]
[ info ] [ DB ] INIT mysql
[ info ] [ LOG ] INIT File
[ sql ] [ DB ] CONNECT:[ UseTime:0.096803s ] mysql:host=118.190.149.14;port=3306;dbname=peanut;charset=utf8
[ sql ] [ SQL ] SELECT `v`.* FROM peanut_vehicle v,peanut_brand b,peanut_series s WHERE  (  v.series_id=s.series_id and s.brand_id=b.brand_id and v.vehicle_state="已上架" ) [ RunTime:0.083401s ]
---------------------------------------------------------------
[ 2020-07-11T16:39:31+08:00 ] 127.0.0.1 POST 127.0.0.1/peanut/th5/public/homepage/Homepage/getuserinfo
[运行时间：0.283016s] [吞吐率：3.53req/s] [内存消耗：2,526.11kb] [文件加载：47]
[ info ] [ LANG ] D:\phpstudy_pro\WWW\peanut\th5\thinkphp\lang\zh-cn.php
[ info ] [ ROUTE ] array (
  'type' => 'module',
  'module' => 
  array (
    0 => 'homepage',
    1 => 'Homepage',
    2 => 'getuserinfo',
  ),
)
[ info ] [ HEADER ] array (
  'accept-language' => 'zh-CN,zh;q=0.9',
  'accept-encoding' => 'gzip, deflate, br',
  'referer' => 'http://localhost:8080/',
  'sec-fetch-dest' => 'empty',
  'sec-fetch-mode' => 'cors',
  'sec-fetch-site' => 'cross-site',
  'origin' => 'http://localhost:8080',
  'content-type' => 'application/x-www-form-urlencoded',
  'user-agent' => 'Mozilla/5.0 (Windows NT 6.1; WOW64) AppleWebKit/537.36 (KHTML, like Gecko) Chrome/81.0.4044.9 Safari/537.36',
  'accept' => 'application/json, text/plain, */*',
  'content-length' => '48',
  'connection' => 'close',
  'host' => '127.0.0.1',
)
[ info ] [ PARAM ] array (
  '{"usertoken":"e4f4968bd20cf72a10c5adde61a7c4d1"}' => '',
)
[ info ] [ RUN ] app\homepage\controller\Homepage->getuserinfo[ D:\phpstudy_pro\WWW\peanut\th5\application\homepage\controller\Homepage.php ]
[ info ] [ DB ] INIT mysql
[ info ] [ LOG ] INIT File
[ sql ] [ DB ] CONNECT:[ UseTime:0.104006s ] mysql:host=118.190.149.14;port=3306;dbname=peanut;charset=utf8
[ sql ] [ SQL ] SHOW COLUMNS FROM `peanut_user` [ RunTime:0.068004s ]
[ sql ] [ SQL ] SELECT * FROM `peanut_user` WHERE  `id` = 15 LIMIT 1 [ RunTime:0.070004s ]
---------------------------------------------------------------
[ 2020-07-11T16:39:31+08:00 ] 127.0.0.1 GET 127.0.0.1/peanut/th5/public/homepage/Homepage/getcity
[运行时间：0.294017s] [吞吐率：3.40req/s] [内存消耗：2,522.98kb] [文件加载：47]
[ info ] [ LANG ] D:\phpstudy_pro\WWW\peanut\th5\thinkphp\lang\zh-cn.php
[ info ] [ ROUTE ] array (
  'type' => 'module',
  'module' => 
  array (
    0 => 'homepage',
    1 => 'Homepage',
    2 => 'getcity',
  ),
)
[ info ] [ HEADER ] array (
  'accept-language' => 'zh-CN,zh;q=0.9',
  'accept-encoding' => 'gzip, deflate, br',
  'referer' => 'http://localhost:8080/',
  'sec-fetch-dest' => 'empty',
  'sec-fetch-mode' => 'cors',
  'sec-fetch-site' => 'cross-site',
  'origin' => 'http://localhost:8080',
  'user-agent' => 'Mozilla/5.0 (Windows NT 6.1; WOW64) AppleWebKit/537.36 (KHTML, like Gecko) Chrome/81.0.4044.9 Safari/537.36',
  'accept' => 'application/json, text/plain, */*',
  'connection' => 'close',
  'host' => '127.0.0.1',
)
[ info ] [ PARAM ] array (
)
[ info ] [ RUN ] app\homepage\controller\Homepage->getcity[ D:\phpstudy_pro\WWW\peanut\th5\application\homepage\controller\Homepage.php ]
[ info ] [ DB ] INIT mysql
[ info ] [ LOG ] INIT File
[ sql ] [ DB ] CONNECT:[ UseTime:0.103006s ] mysql:host=118.190.149.14;port=3306;dbname=peanut;charset=utf8
[ sql ] [ SQL ] SHOW COLUMNS FROM `peanut_city` [ RunTime:0.070004s ]
[ sql ] [ SQL ] SELECT * FROM `peanut_city` [ RunTime:0.067004s ]
---------------------------------------------------------------
[ 2020-07-11T16:39:31+08:00 ] 127.0.0.1 GET 127.0.0.1/peanut/th5/public/sellcar/Sellcar/getSeries
[运行时间：0.415623s] [吞吐率：2.41req/s] [内存消耗：2,508.31kb] [文件加载：47]
[ info ] [ LANG ] D:\phpstudy_pro\WWW\peanut\th5\thinkphp\lang\zh-cn.php
[ info ] [ ROUTE ] array (
  'type' => 'module',
  'module' => 
  array (
    0 => 'sellcar',
    1 => 'Sellcar',
    2 => 'getSeries',
  ),
)
[ info ] [ HEADER ] array (
  'accept-language' => 'zh-CN,zh;q=0.9',
  'accept-encoding' => 'gzip, deflate, br',
  'referer' => 'http://localhost:8080/',
  'sec-fetch-dest' => 'empty',
  'sec-fetch-mode' => 'cors',
  'sec-fetch-site' => 'cross-site',
  'origin' => 'http://localhost:8080',
  'user-agent' => 'Mozilla/5.0 (Windows NT 6.1; WOW64) AppleWebKit/537.36 (KHTML, like Gecko) Chrome/81.0.4044.9 Safari/537.36',
  'accept' => 'application/json, text/plain, */*',
  'connection' => 'close',
  'host' => '127.0.0.1',
)
[ info ] [ PARAM ] array (
)
[ info ] [ RUN ] app\sellcar\controller\Sellcar->getSeries[ D:\phpstudy_pro\WWW\peanut\th5\application\sellcar\controller\Sellcar.php ]
[ info ] [ DB ] INIT mysql
[ info ] [ LOG ] INIT File
[ sql ] [ DB ] CONNECT:[ UseTime:0.101006s ] mysql:host=118.190.149.14;port=3306;dbname=peanut;charset=utf8
[ sql ] [ SQL ] SHOW COLUMNS FROM `peanut_series` [ RunTime:0.069004s ]
[ sql ] [ SQL ] SELECT series_id as value,series_name as label,`brand_id` FROM `peanut_series` [ RunTime:0.070004s ]
[ sql ] [ SQL ] SHOW COLUMNS FROM `peanut_brand` [ RunTime:0.072004s ]
[ sql ] [ SQL ] SELECT brand_id as value,brand_name as label FROM `peanut_brand` [ RunTime:0.065603s ]
---------------------------------------------------------------
[ 2020-07-11T16:39:32+08:00 ] 127.0.0.1 GET 127.0.0.1/peanut/th5/public/sellcar/Sellcar/getcartab
[运行时间：0.274214s] [吞吐率：3.65req/s] [内存消耗：2,504.52kb] [文件加载：47]
[ info ] [ LANG ] D:\phpstudy_pro\WWW\peanut\th5\thinkphp\lang\zh-cn.php
[ info ] [ ROUTE ] array (
  'type' => 'module',
  'module' => 
  array (
    0 => 'sellcar',
    1 => 'Sellcar',
    2 => 'getcartab',
  ),
)
[ info ] [ HEADER ] array (
  'accept-language' => 'zh-CN,zh;q=0.9',
  'accept-encoding' => 'gzip, deflate, br',
  'referer' => 'http://localhost:8080/',
  'sec-fetch-dest' => 'empty',
  'sec-fetch-mode' => 'cors',
  'sec-fetch-site' => 'cross-site',
  'origin' => 'http://localhost:8080',
  'user-agent' => 'Mozilla/5.0 (Windows NT 6.1; WOW64) AppleWebKit/537.36 (KHTML, like Gecko) Chrome/81.0.4044.9 Safari/537.36',
  'accept' => 'application/json, text/plain, */*',
  'connection' => 'close',
  'host' => '127.0.0.1',
)
[ info ] [ PARAM ] array (
)
[ info ] [ RUN ] app\sellcar\controller\Sellcar->getcartab[ D:\phpstudy_pro\WWW\peanut\th5\application\sellcar\controller\Sellcar.php ]
[ info ] [ DB ] INIT mysql
[ info ] [ LOG ] INIT File
[ sql ] [ DB ] CONNECT:[ UseTime:0.105006s ] mysql:host=118.190.149.14;port=3306;dbname=peanut;charset=utf8
[ sql ] [ SQL ] SHOW COLUMNS FROM `peanut_tab` [ RunTime:0.072004s ]
[ sql ] [ SQL ] SELECT * FROM `peanut_tab` [ RunTime:0.070202s ]
---------------------------------------------------------------
[ 2020-07-11T16:39:32+08:00 ] 127.0.0.1 GET 127.0.0.1/peanut/th5/public/sellcar/Sellcar/getsellcity
[运行时间：0.286214s] [吞吐率：3.49req/s] [内存消耗：2,507.59kb] [文件加载：47]
[ info ] [ LANG ] D:\phpstudy_pro\WWW\peanut\th5\thinkphp\lang\zh-cn.php
[ info ] [ ROUTE ] array (
  'type' => 'module',
  'module' => 
  array (
    0 => 'sellcar',
    1 => 'Sellcar',
    2 => 'getsellcity',
  ),
)
[ info ] [ HEADER ] array (
  'accept-language' => 'zh-CN,zh;q=0.9',
  'accept-encoding' => 'gzip, deflate, br',
  'referer' => 'http://localhost:8080/',
  'sec-fetch-dest' => 'empty',
  'sec-fetch-mode' => 'cors',
  'sec-fetch-site' => 'cross-site',
  'origin' => 'http://localhost:8080',
  'user-agent' => 'Mozilla/5.0 (Windows NT 6.1; WOW64) AppleWebKit/537.36 (KHTML, like Gecko) Chrome/81.0.4044.9 Safari/537.36',
  'accept' => 'application/json, text/plain, */*',
  'connection' => 'close',
  'host' => '127.0.0.1',
)
[ info ] [ PARAM ] array (
)
[ info ] [ RUN ] app\sellcar\controller\Sellcar->getsellcity[ D:\phpstudy_pro\WWW\peanut\th5\application\sellcar\controller\Sellcar.php ]
[ info ] [ DB ] INIT mysql
[ info ] [ LOG ] INIT File
[ sql ] [ DB ] CONNECT:[ UseTime:0.112007s ] mysql:host=118.190.149.14;port=3306;dbname=peanut;charset=utf8
[ sql ] [ SQL ] SHOW COLUMNS FROM `peanut_city` [ RunTime:0.072004s ]
[ sql ] [ SQL ] SELECT * FROM `peanut_city` [ RunTime:0.069202s ]
---------------------------------------------------------------
[ 2020-07-11T16:39:38+08:00 ] 127.0.0.1 POST 127.0.0.1/peanut/th5/public/homepage/Homepage/getuserinfo
[运行时间：0.311017s] [吞吐率：3.22req/s] [内存消耗：2,526.11kb] [文件加载：47]
[ info ] [ LANG ] D:\phpstudy_pro\WWW\peanut\th5\thinkphp\lang\zh-cn.php
[ info ] [ ROUTE ] array (
  'type' => 'module',
  'module' => 
  array (
    0 => 'homepage',
    1 => 'Homepage',
    2 => 'getuserinfo',
  ),
)
[ info ] [ HEADER ] array (
  'accept-language' => 'zh-CN,zh;q=0.9',
  'accept-encoding' => 'gzip, deflate, br',
  'referer' => 'http://localhost:8080/',
  'sec-fetch-dest' => 'empty',
  'sec-fetch-mode' => 'cors',
  'sec-fetch-site' => 'cross-site',
  'origin' => 'http://localhost:8080',
  'content-type' => 'application/x-www-form-urlencoded',
  'user-agent' => 'Mozilla/5.0 (Windows NT 6.1; WOW64) AppleWebKit/537.36 (KHTML, like Gecko) Chrome/81.0.4044.9 Safari/537.36',
  'accept' => 'application/json, text/plain, */*',
  'content-length' => '48',
  'connection' => 'close',
  'host' => '127.0.0.1',
)
[ info ] [ PARAM ] array (
  '{"usertoken":"e4f4968bd20cf72a10c5adde61a7c4d1"}' => '',
)
[ info ] [ RUN ] app\homepage\controller\Homepage->getuserinfo[ D:\phpstudy_pro\WWW\peanut\th5\application\homepage\controller\Homepage.php ]
[ info ] [ DB ] INIT mysql
[ info ] [ LOG ] INIT File
[ sql ] [ DB ] CONNECT:[ UseTime:0.104006s ] mysql:host=118.190.149.14;port=3306;dbname=peanut;charset=utf8
[ sql ] [ SQL ] SHOW COLUMNS FROM `peanut_user` [ RunTime:0.072004s ]
[ sql ] [ SQL ] SELECT * FROM `peanut_user` WHERE  `id` = 15 LIMIT 1 [ RunTime:0.069004s ]
---------------------------------------------------------------
[ 2020-07-11T16:39:38+08:00 ] 127.0.0.1 GET 127.0.0.1/peanut/th5/public/homepage/Homepage/getcity
[运行时间：0.344019s] [吞吐率：2.91req/s] [内存消耗：2,522.98kb] [文件加载：47]
[ info ] [ LANG ] D:\phpstudy_pro\WWW\peanut\th5\thinkphp\lang\zh-cn.php
[ info ] [ ROUTE ] array (
  'type' => 'module',
  'module' => 
  array (
    0 => 'homepage',
    1 => 'Homepage',
    2 => 'getcity',
  ),
)
[ info ] [ HEADER ] array (
  'accept-language' => 'zh-CN,zh;q=0.9',
  'accept-encoding' => 'gzip, deflate, br',
  'referer' => 'http://localhost:8080/',
  'sec-fetch-dest' => 'empty',
  'sec-fetch-mode' => 'cors',
  'sec-fetch-site' => 'cross-site',
  'origin' => 'http://localhost:8080',
  'user-agent' => 'Mozilla/5.0 (Windows NT 6.1; WOW64) AppleWebKit/537.36 (KHTML, like Gecko) Chrome/81.0.4044.9 Safari/537.36',
  'accept' => 'application/json, text/plain, */*',
  'connection' => 'close',
  'host' => '127.0.0.1',
)
[ info ] [ PARAM ] array (
)
[ info ] [ RUN ] app\homepage\controller\Homepage->getcity[ D:\phpstudy_pro\WWW\peanut\th5\application\homepage\controller\Homepage.php ]
[ info ] [ DB ] INIT mysql
[ info ] [ LOG ] INIT File
[ sql ] [ DB ] CONNECT:[ UseTime:0.124007s ] mysql:host=118.190.149.14;port=3306;dbname=peanut;charset=utf8
[ sql ] [ SQL ] SHOW COLUMNS FROM `peanut_city` [ RunTime:0.083005s ]
[ sql ] [ SQL ] SELECT * FROM `peanut_city` [ RunTime:0.084005s ]
---------------------------------------------------------------
[ 2020-07-11T16:39:39+08:00 ] 127.0.0.1 GET 127.0.0.1/peanut/th5/public/buyCar/Buycar/queryCar
[运行时间：0.669038s] [吞吐率：1.49req/s] [内存消耗：2,510.10kb] [文件加载：47]
[ info ] [ LANG ] D:\phpstudy_pro\WWW\peanut\th5\thinkphp\lang\zh-cn.php
[ info ] [ ROUTE ] array (
  'type' => 'module',
  'module' => 
  array (
    0 => 'buyCar',
    1 => 'Buycar',
    2 => 'queryCar',
  ),
)
[ info ] [ HEADER ] array (
  'accept-language' => 'zh-CN,zh;q=0.9',
  'accept-encoding' => 'gzip, deflate, br',
  'referer' => 'http://localhost:8080/',
  'sec-fetch-dest' => 'empty',
  'sec-fetch-mode' => 'cors',
  'sec-fetch-site' => 'cross-site',
  'origin' => 'http://localhost:8080',
  'user-agent' => 'Mozilla/5.0 (Windows NT 6.1; WOW64) AppleWebKit/537.36 (KHTML, like Gecko) Chrome/81.0.4044.9 Safari/537.36',
  'accept' => 'application/json, text/plain, */*',
  'connection' => 'close',
  'host' => '127.0.0.1',
)
[ info ] [ PARAM ] array (
)
[ info ] [ RUN ] app\buyCar\controller\Buycar->queryCar[ D:\phpstudy_pro\WWW\peanut\th5\application\buyCar\controller\Buycar.php ]
[ info ] [ DB ] INIT mysql
[ info ] [ LOG ] INIT File
[ sql ] [ DB ] CONNECT:[ UseTime:0.126007s ] mysql:host=118.190.149.14;port=3306;dbname=peanut;charset=utf8
[ sql ] [ SQL ] SHOW COLUMNS FROM `peanut_brand` [ RunTime:0.084005s ]
[ sql ] [ SQL ] SELECT * FROM `peanut_brand` [ RunTime:0.083005s ]
[ sql ] [ SQL ] SHOW COLUMNS FROM `peanut_series` [ RunTime:0.082005s ]
[ sql ] [ SQL ] SELECT * FROM `peanut_series` ORDER BY `sales_volume` DESC LIMIT 5 [ RunTime:0.083004s ]
[ sql ] [ SQL ] SHOW COLUMNS FROM `peanut_price` [ RunTime:0.083005s ]
[ sql ] [ SQL ] SELECT * FROM `peanut_price` [ RunTime:0.084005s ]
---------------------------------------------------------------
[ 2020-07-11T16:39:40+08:00 ] 127.0.0.1 GET 127.0.0.1/peanut/th5/public/buyCar/Buycar/queryCar
[运行时间：0.522030s] [吞吐率：1.92req/s] [内存消耗：2,510.10kb] [文件加载：47]
[ info ] [ LANG ] D:\phpstudy_pro\WWW\peanut\th5\thinkphp\lang\zh-cn.php
[ info ] [ ROUTE ] array (
  'type' => 'module',
  'module' => 
  array (
    0 => 'buyCar',
    1 => 'Buycar',
    2 => 'queryCar',
  ),
)
[ info ] [ HEADER ] array (
  'accept-language' => 'zh-CN,zh;q=0.9',
  'accept-encoding' => 'gzip, deflate, br',
  'referer' => 'http://localhost:8080/',
  'sec-fetch-dest' => 'empty',
  'sec-fetch-mode' => 'cors',
  'sec-fetch-site' => 'cross-site',
  'origin' => 'http://localhost:8080',
  'user-agent' => 'Mozilla/5.0 (Windows NT 6.1; WOW64) AppleWebKit/537.36 (KHTML, like Gecko) Chrome/81.0.4044.9 Safari/537.36',
  'accept' => 'application/json, text/plain, */*',
  'connection' => 'close',
  'host' => '127.0.0.1',
)
[ info ] [ PARAM ] array (
)
[ info ] [ RUN ] app\buyCar\controller\Buycar->queryCar[ D:\phpstudy_pro\WWW\peanut\th5\application\buyCar\controller\Buycar.php ]
[ info ] [ DB ] INIT mysql
[ info ] [ LOG ] INIT File
[ sql ] [ DB ] CONNECT:[ UseTime:0.093005s ] mysql:host=118.190.149.14;port=3306;dbname=peanut;charset=utf8
[ sql ] [ SQL ] SHOW COLUMNS FROM `peanut_brand` [ RunTime:0.063004s ]
[ sql ] [ SQL ] SELECT * FROM `peanut_brand` [ RunTime:0.064004s ]
[ sql ] [ SQL ] SHOW COLUMNS FROM `peanut_series` [ RunTime:0.062003s ]
[ sql ] [ SQL ] SELECT * FROM `peanut_series` ORDER BY `sales_volume` DESC LIMIT 5 [ RunTime:0.067004s ]
[ sql ] [ SQL ] SHOW COLUMNS FROM `peanut_price` [ RunTime:0.061004s ]
[ sql ] [ SQL ] SELECT * FROM `peanut_price` [ RunTime:0.060003s ]
---------------------------------------------------------------
[ 2020-07-11T16:39:40+08:00 ] 127.0.0.1 POST 127.0.0.1/peanut/th5/public/homepage/Homepage/getuserinfo
[运行时间：0.284016s] [吞吐率：3.52req/s] [内存消耗：2,526.11kb] [文件加载：47]
[ info ] [ LANG ] D:\phpstudy_pro\WWW\peanut\th5\thinkphp\lang\zh-cn.php
[ info ] [ ROUTE ] array (
  'type' => 'module',
  'module' => 
  array (
    0 => 'homepage',
    1 => 'Homepage',
    2 => 'getuserinfo',
  ),
)
[ info ] [ HEADER ] array (
  'accept-language' => 'zh-CN,zh;q=0.9',
  'accept-encoding' => 'gzip, deflate, br',
  'referer' => 'http://localhost:8080/',
  'sec-fetch-dest' => 'empty',
  'sec-fetch-mode' => 'cors',
  'sec-fetch-site' => 'cross-site',
  'origin' => 'http://localhost:8080',
  'content-type' => 'application/x-www-form-urlencoded',
  'user-agent' => 'Mozilla/5.0 (Windows NT 6.1; WOW64) AppleWebKit/537.36 (KHTML, like Gecko) Chrome/81.0.4044.9 Safari/537.36',
  'accept' => 'application/json, text/plain, */*',
  'content-length' => '48',
  'connection' => 'close',
  'host' => '127.0.0.1',
)
[ info ] [ PARAM ] array (
  '{"usertoken":"e4f4968bd20cf72a10c5adde61a7c4d1"}' => '',
)
[ info ] [ RUN ] app\homepage\controller\Homepage->getuserinfo[ D:\phpstudy_pro\WWW\peanut\th5\application\homepage\controller\Homepage.php ]
[ info ] [ DB ] INIT mysql
[ info ] [ LOG ] INIT File
[ sql ] [ DB ] CONNECT:[ UseTime:0.097006s ] mysql:host=118.190.149.14;port=3306;dbname=peanut;charset=utf8
[ sql ] [ SQL ] SHOW COLUMNS FROM `peanut_user` [ RunTime:0.065003s ]
[ sql ] [ SQL ] SELECT * FROM `peanut_user` WHERE  `id` = 15 LIMIT 1 [ RunTime:0.063004s ]
---------------------------------------------------------------
[ 2020-07-11T16:39:40+08:00 ] 127.0.0.1 GET 127.0.0.1/peanut/th5/public/homepage/Homepage/getcity
[运行时间：0.293017s] [吞吐率：3.41req/s] [内存消耗：2,522.98kb] [文件加载：47]
[ info ] [ LANG ] D:\phpstudy_pro\WWW\peanut\th5\thinkphp\lang\zh-cn.php
[ info ] [ ROUTE ] array (
  'type' => 'module',
  'module' => 
  array (
    0 => 'homepage',
    1 => 'Homepage',
    2 => 'getcity',
  ),
)
[ info ] [ HEADER ] array (
  'accept-language' => 'zh-CN,zh;q=0.9',
  'accept-encoding' => 'gzip, deflate, br',
  'referer' => 'http://localhost:8080/',
  'sec-fetch-dest' => 'empty',
  'sec-fetch-mode' => 'cors',
  'sec-fetch-site' => 'cross-site',
  'origin' => 'http://localhost:8080',
  'user-agent' => 'Mozilla/5.0 (Windows NT 6.1; WOW64) AppleWebKit/537.36 (KHTML, like Gecko) Chrome/81.0.4044.9 Safari/537.36',
  'accept' => 'application/json, text/plain, */*',
  'connection' => 'close',
  'host' => '127.0.0.1',
)
[ info ] [ PARAM ] array (
)
[ info ] [ RUN ] app\homepage\controller\Homepage->getcity[ D:\phpstudy_pro\WWW\peanut\th5\application\homepage\controller\Homepage.php ]
[ info ] [ DB ] INIT mysql
[ info ] [ LOG ] INIT File
[ sql ] [ DB ] CONNECT:[ UseTime:0.104006s ] mysql:host=118.190.149.14;port=3306;dbname=peanut;charset=utf8
[ sql ] [ SQL ] SHOW COLUMNS FROM `peanut_city` [ RunTime:0.069004s ]
[ sql ] [ SQL ] SELECT * FROM `peanut_city` [ RunTime:0.070004s ]
---------------------------------------------------------------
[ 2020-07-11T16:39:40+08:00 ] 127.0.0.1 POST 127.0.0.1/peanut/th5/public/buyCar/Buycar/vehicle
[运行时间：0.213012s] [吞吐率：4.69req/s] [内存消耗：2,505.41kb] [文件加载：48]
[ info ] [ LANG ] D:\phpstudy_pro\WWW\peanut\th5\thinkphp\lang\zh-cn.php
[ info ] [ ROUTE ] array (
  'type' => 'module',
  'module' => 
  array (
    0 => 'buyCar',
    1 => 'Buycar',
    2 => 'vehicle',
  ),
)
[ info ] [ HEADER ] array (
  'accept-language' => 'zh-CN,zh;q=0.9',
  'accept-encoding' => 'gzip, deflate, br',
  'referer' => 'http://localhost:8080/',
  'sec-fetch-dest' => 'empty',
  'sec-fetch-mode' => 'cors',
  'sec-fetch-site' => 'cross-site',
  'origin' => 'http://localhost:8080',
  'content-type' => 'application/x-www-form-urlencoded',
  'user-agent' => 'Mozilla/5.0 (Windows NT 6.1; WOW64) AppleWebKit/537.36 (KHTML, like Gecko) Chrome/81.0.4044.9 Safari/537.36',
  'accept' => 'application/json, text/plain, */*',
  'content-length' => '97',
  'connection' => 'close',
  'host' => '127.0.0.1',
)
[ info ] [ PARAM ] array (
  '{"brandID":0,"seriesID":0,"price":"","timeBaseNum":"","priceBaseNum":"","search":"","citID":"21"}' => '',
)
[ info ] [ RUN ] app\buyCar\controller\Buycar->vehicle[ D:\phpstudy_pro\WWW\peanut\th5\application\buyCar\controller\Buycar.php ]
[ info ] [ DB ] INIT mysql
[ info ] [ LOG ] INIT File
[ sql ] [ DB ] CONNECT:[ UseTime:0.104006s ] mysql:host=118.190.149.14;port=3306;dbname=peanut;charset=utf8
[ sql ] [ SQL ] SELECT `v`.* FROM peanut_vehicle v,peanut_brand b,peanut_series s WHERE  (  v.series_id=s.series_id and s.brand_id=b.brand_id and v.vehicle_state="已上架" and v.city_id=21 ) [ RunTime:0.067004s ]
---------------------------------------------------------------
[ 2020-07-11T16:39:46+08:00 ] 127.0.0.1 POST 127.0.0.1/peanut/th5/public/homepage/Homepage/getuserinfo
[运行时间：0.321019s] [吞吐率：3.12req/s] [内存消耗：2,526.11kb] [文件加载：47]
[ info ] [ LANG ] D:\phpstudy_pro\WWW\peanut\th5\thinkphp\lang\zh-cn.php
[ info ] [ ROUTE ] array (
  'type' => 'module',
  'module' => 
  array (
    0 => 'homepage',
    1 => 'Homepage',
    2 => 'getuserinfo',
  ),
)
[ info ] [ HEADER ] array (
  'accept-language' => 'zh-CN,zh;q=0.9',
  'accept-encoding' => 'gzip, deflate, br',
  'referer' => 'http://localhost:8080/',
  'sec-fetch-dest' => 'empty',
  'sec-fetch-mode' => 'cors',
  'sec-fetch-site' => 'cross-site',
  'origin' => 'http://localhost:8080',
  'content-type' => 'application/x-www-form-urlencoded',
  'user-agent' => 'Mozilla/5.0 (Windows NT 6.1; WOW64) AppleWebKit/537.36 (KHTML, like Gecko) Chrome/81.0.4044.9 Safari/537.36',
  'accept' => 'application/json, text/plain, */*',
  'content-length' => '48',
  'connection' => 'close',
  'host' => '127.0.0.1',
)
[ info ] [ PARAM ] array (
  '{"usertoken":"e4f4968bd20cf72a10c5adde61a7c4d1"}' => '',
)
[ info ] [ RUN ] app\homepage\controller\Homepage->getuserinfo[ D:\phpstudy_pro\WWW\peanut\th5\application\homepage\controller\Homepage.php ]
[ info ] [ DB ] INIT mysql
[ info ] [ LOG ] INIT File
[ sql ] [ DB ] CONNECT:[ UseTime:0.112007s ] mysql:host=118.190.149.14;port=3306;dbname=peanut;charset=utf8
[ sql ] [ SQL ] SHOW COLUMNS FROM `peanut_user` [ RunTime:0.074004s ]
[ sql ] [ SQL ] SELECT * FROM `peanut_user` WHERE  `id` = 15 LIMIT 1 [ RunTime:0.077004s ]
---------------------------------------------------------------
[ 2020-07-11T16:39:46+08:00 ] 127.0.0.1 GET 127.0.0.1/peanut/th5/public/homepage/Homepage/getcity
[运行时间：0.343020s] [吞吐率：2.92req/s] [内存消耗：2,522.98kb] [文件加载：47]
[ info ] [ LANG ] D:\phpstudy_pro\WWW\peanut\th5\thinkphp\lang\zh-cn.php
[ info ] [ ROUTE ] array (
  'type' => 'module',
  'module' => 
  array (
    0 => 'homepage',
    1 => 'Homepage',
    2 => 'getcity',
  ),
)
[ info ] [ HEADER ] array (
  'accept-language' => 'zh-CN,zh;q=0.9',
  'accept-encoding' => 'gzip, deflate, br',
  'referer' => 'http://localhost:8080/',
  'sec-fetch-dest' => 'empty',
  'sec-fetch-mode' => 'cors',
  'sec-fetch-site' => 'cross-site',
  'origin' => 'http://localhost:8080',
  'user-agent' => 'Mozilla/5.0 (Windows NT 6.1; WOW64) AppleWebKit/537.36 (KHTML, like Gecko) Chrome/81.0.4044.9 Safari/537.36',
  'accept' => 'application/json, text/plain, */*',
  'connection' => 'close',
  'host' => '127.0.0.1',
)
[ info ] [ PARAM ] array (
)
[ info ] [ RUN ] app\homepage\controller\Homepage->getcity[ D:\phpstudy_pro\WWW\peanut\th5\application\homepage\controller\Homepage.php ]
[ info ] [ DB ] INIT mysql
[ info ] [ LOG ] INIT File
[ sql ] [ DB ] CONNECT:[ UseTime:0.127007s ] mysql:host=118.190.149.14;port=3306;dbname=peanut;charset=utf8
[ sql ] [ SQL ] SHOW COLUMNS FROM `peanut_city` [ RunTime:0.085005s ]
[ sql ] [ SQL ] SELECT * FROM `peanut_city` [ RunTime:0.089005s ]
---------------------------------------------------------------
[ 2020-07-11T16:39:46+08:00 ] 127.0.0.1 GET 127.0.0.1/peanut/th5/public/buyCar/Buycar/queryCar
[运行时间：0.631036s] [吞吐率：1.58req/s] [内存消耗：2,510.10kb] [文件加载：47]
[ info ] [ LANG ] D:\phpstudy_pro\WWW\peanut\th5\thinkphp\lang\zh-cn.php
[ info ] [ ROUTE ] array (
  'type' => 'module',
  'module' => 
  array (
    0 => 'buyCar',
    1 => 'Buycar',
    2 => 'queryCar',
  ),
)
[ info ] [ HEADER ] array (
  'accept-language' => 'zh-CN,zh;q=0.9',
  'accept-encoding' => 'gzip, deflate, br',
  'referer' => 'http://localhost:8080/',
  'sec-fetch-dest' => 'empty',
  'sec-fetch-mode' => 'cors',
  'sec-fetch-site' => 'cross-site',
  'origin' => 'http://localhost:8080',
  'user-agent' => 'Mozilla/5.0 (Windows NT 6.1; WOW64) AppleWebKit/537.36 (KHTML, like Gecko) Chrome/81.0.4044.9 Safari/537.36',
  'accept' => 'application/json, text/plain, */*',
  'connection' => 'close',
  'host' => '127.0.0.1',
)
[ info ] [ PARAM ] array (
)
[ info ] [ RUN ] app\buyCar\controller\Buycar->queryCar[ D:\phpstudy_pro\WWW\peanut\th5\application\buyCar\controller\Buycar.php ]
[ info ] [ DB ] INIT mysql
[ info ] [ LOG ] INIT File
[ sql ] [ DB ] CONNECT:[ UseTime:0.109006s ] mysql:host=118.190.149.14;port=3306;dbname=peanut;charset=utf8
[ sql ] [ SQL ] SHOW COLUMNS FROM `peanut_brand` [ RunTime:0.084005s ]
[ sql ] [ SQL ] SELECT * FROM `peanut_brand` [ RunTime:0.073004s ]
[ sql ] [ SQL ] SHOW COLUMNS FROM `peanut_series` [ RunTime:0.076004s ]
[ sql ] [ SQL ] SELECT * FROM `peanut_series` ORDER BY `sales_volume` DESC LIMIT 5 [ RunTime:0.076005s ]
[ sql ] [ SQL ] SHOW COLUMNS FROM `peanut_price` [ RunTime:0.087005s ]
[ sql ] [ SQL ] SELECT * FROM `peanut_price` [ RunTime:0.078004s ]
---------------------------------------------------------------
[ 2020-07-11T16:39:47+08:00 ] 127.0.0.1 POST 127.0.0.1/peanut/th5/public/buyCar/Buycar/vehicle
[运行时间：0.247014s] [吞吐率：4.05req/s] [内存消耗：2,506.02kb] [文件加载：48]
[ info ] [ LANG ] D:\phpstudy_pro\WWW\peanut\th5\thinkphp\lang\zh-cn.php
[ info ] [ ROUTE ] array (
  'type' => 'module',
  'module' => 
  array (
    0 => 'buyCar',
    1 => 'Buycar',
    2 => 'vehicle',
  ),
)
[ info ] [ HEADER ] array (
  'accept-language' => 'zh-CN,zh;q=0.9',
  'accept-encoding' => 'gzip, deflate, br',
  'referer' => 'http://localhost:8080/',
  'sec-fetch-dest' => 'empty',
  'sec-fetch-mode' => 'cors',
  'sec-fetch-site' => 'cross-site',
  'origin' => 'http://localhost:8080',
  'content-type' => 'application/x-www-form-urlencoded',
  'user-agent' => 'Mozilla/5.0 (Windows NT 6.1; WOW64) AppleWebKit/537.36 (KHTML, like Gecko) Chrome/81.0.4044.9 Safari/537.36',
  'accept' => 'application/json, text/plain, */*',
  'content-length' => '96',
  'connection' => 'close',
  'host' => '127.0.0.1',
)
[ info ] [ PARAM ] array (
  '{"brandID":0,"seriesID":0,"price":"","timeBaseNum":"","priceBaseNum":"","search":"","citID":"4"}' => '',
)
[ info ] [ RUN ] app\buyCar\controller\Buycar->vehicle[ D:\phpstudy_pro\WWW\peanut\th5\application\buyCar\controller\Buycar.php ]
[ info ] [ DB ] INIT mysql
[ info ] [ LOG ] INIT File
[ sql ] [ DB ] CONNECT:[ UseTime:0.124007s ] mysql:host=118.190.149.14;port=3306;dbname=peanut;charset=utf8
[ sql ] [ SQL ] SELECT `v`.* FROM peanut_vehicle v,peanut_brand b,peanut_series s WHERE  (  v.series_id=s.series_id and s.brand_id=b.brand_id and v.vehicle_state="已上架" and v.city_id=4 ) [ RunTime:0.085005s ]
---------------------------------------------------------------
[ 2020-07-11T16:39:55+08:00 ] 127.0.0.1 GET 127.0.0.1/peanut/th5/public/buyCar/Buycar/queryCar
[运行时间：0.560032s] [吞吐率：1.79req/s] [内存消耗：2,510.10kb] [文件加载：47]
[ info ] [ LANG ] D:\phpstudy_pro\WWW\peanut\th5\thinkphp\lang\zh-cn.php
[ info ] [ ROUTE ] array (
  'type' => 'module',
  'module' => 
  array (
    0 => 'buyCar',
    1 => 'Buycar',
    2 => 'queryCar',
  ),
)
[ info ] [ HEADER ] array (
  'accept-language' => 'zh-CN,zh;q=0.9',
  'accept-encoding' => 'gzip, deflate, br',
  'referer' => 'http://localhost:8080/',
  'sec-fetch-dest' => 'empty',
  'sec-fetch-mode' => 'cors',
  'sec-fetch-site' => 'cross-site',
  'origin' => 'http://localhost:8080',
  'user-agent' => 'Mozilla/5.0 (Windows NT 6.1; WOW64) AppleWebKit/537.36 (KHTML, like Gecko) Chrome/81.0.4044.9 Safari/537.36',
  'accept' => 'application/json, text/plain, */*',
  'connection' => 'close',
  'host' => '127.0.0.1',
)
[ info ] [ PARAM ] array (
)
[ info ] [ RUN ] app\buyCar\controller\Buycar->queryCar[ D:\phpstudy_pro\WWW\peanut\th5\application\buyCar\controller\Buycar.php ]
[ info ] [ DB ] INIT mysql
[ info ] [ LOG ] INIT File
[ sql ] [ DB ] CONNECT:[ UseTime:0.101006s ] mysql:host=118.190.149.14;port=3306;dbname=peanut;charset=utf8
[ sql ] [ SQL ] SHOW COLUMNS FROM `peanut_brand` [ RunTime:0.066004s ]
[ sql ] [ SQL ] SELECT * FROM `peanut_brand` [ RunTime:0.066003s ]
[ sql ] [ SQL ] SHOW COLUMNS FROM `peanut_series` [ RunTime:0.066004s ]
[ sql ] [ SQL ] SELECT * FROM `peanut_series` ORDER BY `sales_volume` DESC LIMIT 5 [ RunTime:0.068004s ]
[ sql ] [ SQL ] SHOW COLUMNS FROM `peanut_price` [ RunTime:0.067004s ]
[ sql ] [ SQL ] SELECT * FROM `peanut_price` [ RunTime:0.067004s ]
---------------------------------------------------------------
[ 2020-07-11T16:39:55+08:00 ] 127.0.0.1 POST 127.0.0.1/peanut/th5/public/homepage/Homepage/getuserinfo
[运行时间：0.307017s] [吞吐率：3.26req/s] [内存消耗：2,526.11kb] [文件加载：47]
[ info ] [ LANG ] D:\phpstudy_pro\WWW\peanut\th5\thinkphp\lang\zh-cn.php
[ info ] [ ROUTE ] array (
  'type' => 'module',
  'module' => 
  array (
    0 => 'homepage',
    1 => 'Homepage',
    2 => 'getuserinfo',
  ),
)
[ info ] [ HEADER ] array (
  'accept-language' => 'zh-CN,zh;q=0.9',
  'accept-encoding' => 'gzip, deflate, br',
  'referer' => 'http://localhost:8080/',
  'sec-fetch-dest' => 'empty',
  'sec-fetch-mode' => 'cors',
  'sec-fetch-site' => 'cross-site',
  'origin' => 'http://localhost:8080',
  'content-type' => 'application/x-www-form-urlencoded',
  'user-agent' => 'Mozilla/5.0 (Windows NT 6.1; WOW64) AppleWebKit/537.36 (KHTML, like Gecko) Chrome/81.0.4044.9 Safari/537.36',
  'accept' => 'application/json, text/plain, */*',
  'content-length' => '48',
  'connection' => 'close',
  'host' => '127.0.0.1',
)
[ info ] [ PARAM ] array (
  '{"usertoken":"e4f4968bd20cf72a10c5adde61a7c4d1"}' => '',
)
[ info ] [ RUN ] app\homepage\controller\Homepage->getuserinfo[ D:\phpstudy_pro\WWW\peanut\th5\application\homepage\controller\Homepage.php ]
[ info ] [ DB ] INIT mysql
[ info ] [ LOG ] INIT File
[ sql ] [ DB ] CONNECT:[ UseTime:0.105006s ] mysql:host=118.190.149.14;port=3306;dbname=peanut;charset=utf8
[ sql ] [ SQL ] SHOW COLUMNS FROM `peanut_user` [ RunTime:0.070004s ]
[ sql ] [ SQL ] SELECT * FROM `peanut_user` WHERE  `id` = 15 LIMIT 1 [ RunTime:0.070004s ]
---------------------------------------------------------------
[ 2020-07-11T16:39:55+08:00 ] 127.0.0.1 GET 127.0.0.1/peanut/th5/public/homepage/Homepage/getcity
[运行时间：0.303017s] [吞吐率：3.30req/s] [内存消耗：2,522.98kb] [文件加载：47]
[ info ] [ LANG ] D:\phpstudy_pro\WWW\peanut\th5\thinkphp\lang\zh-cn.php
[ info ] [ ROUTE ] array (
  'type' => 'module',
  'module' => 
  array (
    0 => 'homepage',
    1 => 'Homepage',
    2 => 'getcity',
  ),
)
[ info ] [ HEADER ] array (
  'accept-language' => 'zh-CN,zh;q=0.9',
  'accept-encoding' => 'gzip, deflate, br',
  'referer' => 'http://localhost:8080/',
  'sec-fetch-dest' => 'empty',
  'sec-fetch-mode' => 'cors',
  'sec-fetch-site' => 'cross-site',
  'origin' => 'http://localhost:8080',
  'user-agent' => 'Mozilla/5.0 (Windows NT 6.1; WOW64) AppleWebKit/537.36 (KHTML, like Gecko) Chrome/81.0.4044.9 Safari/537.36',
  'accept' => 'application/json, text/plain, */*',
  'connection' => 'close',
  'host' => '127.0.0.1',
)
[ info ] [ PARAM ] array (
)
[ info ] [ RUN ] app\homepage\controller\Homepage->getcity[ D:\phpstudy_pro\WWW\peanut\th5\application\homepage\controller\Homepage.php ]
[ info ] [ DB ] INIT mysql
[ info ] [ LOG ] INIT File
[ sql ] [ DB ] CONNECT:[ UseTime:0.102006s ] mysql:host=118.190.149.14;port=3306;dbname=peanut;charset=utf8
[ sql ] [ SQL ] SHOW COLUMNS FROM `peanut_city` [ RunTime:0.069004s ]
[ sql ] [ SQL ] SELECT * FROM `peanut_city` [ RunTime:0.071004s ]
---------------------------------------------------------------
[ 2020-07-11T16:39:56+08:00 ] 127.0.0.1 POST 127.0.0.1/peanut/th5/public/buyCar/Buycar/vehicle
[运行时间：0.233014s] [吞吐率：4.29req/s] [内存消耗：2,505.41kb] [文件加载：48]
[ info ] [ LANG ] D:\phpstudy_pro\WWW\peanut\th5\thinkphp\lang\zh-cn.php
[ info ] [ ROUTE ] array (
  'type' => 'module',
  'module' => 
  array (
    0 => 'buyCar',
    1 => 'Buycar',
    2 => 'vehicle',
  ),
)
[ info ] [ HEADER ] array (
  'accept-language' => 'zh-CN,zh;q=0.9',
  'accept-encoding' => 'gzip, deflate, br',
  'referer' => 'http://localhost:8080/',
  'sec-fetch-dest' => 'empty',
  'sec-fetch-mode' => 'cors',
  'sec-fetch-site' => 'cross-site',
  'origin' => 'http://localhost:8080',
  'content-type' => 'application/x-www-form-urlencoded',
  'user-agent' => 'Mozilla/5.0 (Windows NT 6.1; WOW64) AppleWebKit/537.36 (KHTML, like Gecko) Chrome/81.0.4044.9 Safari/537.36',
  'accept' => 'application/json, text/plain, */*',
  'content-length' => '96',
  'connection' => 'close',
  'host' => '127.0.0.1',
)
[ info ] [ PARAM ] array (
  '{"brandID":0,"seriesID":0,"price":"","timeBaseNum":"","priceBaseNum":"","search":"","citID":"6"}' => '',
)
[ info ] [ RUN ] app\buyCar\controller\Buycar->vehicle[ D:\phpstudy_pro\WWW\peanut\th5\application\buyCar\controller\Buycar.php ]
[ info ] [ DB ] INIT mysql
[ info ] [ LOG ] INIT File
[ sql ] [ DB ] CONNECT:[ UseTime:0.110006s ] mysql:host=118.190.149.14;port=3306;dbname=peanut;charset=utf8
[ sql ] [ SQL ] SELECT `v`.* FROM peanut_vehicle v,peanut_brand b,peanut_series s WHERE  (  v.series_id=s.series_id and s.brand_id=b.brand_id and v.vehicle_state="已上架" and v.city_id=6 ) [ RunTime:0.073005s ]
---------------------------------------------------------------
[ 2020-07-11T16:40:02+08:00 ] 127.0.0.1 GET 127.0.0.1/peanut/th5/public/homepage/Homepage/getcity
[运行时间：0.266015s] [吞吐率：3.76req/s] [内存消耗：2,522.98kb] [文件加载：47]
[ info ] [ LANG ] D:\phpstudy_pro\WWW\peanut\th5\thinkphp\lang\zh-cn.php
[ info ] [ ROUTE ] array (
  'type' => 'module',
  'module' => 
  array (
    0 => 'homepage',
    1 => 'Homepage',
    2 => 'getcity',
  ),
)
[ info ] [ HEADER ] array (
  'accept-language' => 'zh-CN,zh;q=0.9',
  'accept-encoding' => 'gzip, deflate, br',
  'referer' => 'http://localhost:8080/',
  'sec-fetch-dest' => 'empty',
  'sec-fetch-mode' => 'cors',
  'sec-fetch-site' => 'cross-site',
  'origin' => 'http://localhost:8080',
  'user-agent' => 'Mozilla/5.0 (Windows NT 6.1; WOW64) AppleWebKit/537.36 (KHTML, like Gecko) Chrome/81.0.4044.9 Safari/537.36',
  'accept' => 'application/json, text/plain, */*',
  'connection' => 'close',
  'host' => '127.0.0.1',
)
[ info ] [ PARAM ] array (
)
[ info ] [ RUN ] app\homepage\controller\Homepage->getcity[ D:\phpstudy_pro\WWW\peanut\th5\application\homepage\controller\Homepage.php ]
[ info ] [ DB ] INIT mysql
[ info ] [ LOG ] INIT File
[ sql ] [ DB ] CONNECT:[ UseTime:0.094005s ] mysql:host=118.190.149.14;port=3306;dbname=peanut;charset=utf8
[ sql ] [ SQL ] SHOW COLUMNS FROM `peanut_city` [ RunTime:0.063004s ]
[ sql ] [ SQL ] SELECT * FROM `peanut_city` [ RunTime:0.064004s ]
---------------------------------------------------------------
[ 2020-07-11T16:40:02+08:00 ] 127.0.0.1 POST 127.0.0.1/peanut/th5/public/homepage/Homepage/getuserinfo
[运行时间：0.329019s] [吞吐率：3.04req/s] [内存消耗：2,526.11kb] [文件加载：47]
[ info ] [ LANG ] D:\phpstudy_pro\WWW\peanut\th5\thinkphp\lang\zh-cn.php
[ info ] [ ROUTE ] array (
  'type' => 'module',
  'module' => 
  array (
    0 => 'homepage',
    1 => 'Homepage',
    2 => 'getuserinfo',
  ),
)
[ info ] [ HEADER ] array (
  'accept-language' => 'zh-CN,zh;q=0.9',
  'accept-encoding' => 'gzip, deflate, br',
  'referer' => 'http://localhost:8080/',
  'sec-fetch-dest' => 'empty',
  'sec-fetch-mode' => 'cors',
  'sec-fetch-site' => 'cross-site',
  'origin' => 'http://localhost:8080',
  'content-type' => 'application/x-www-form-urlencoded',
  'user-agent' => 'Mozilla/5.0 (Windows NT 6.1; WOW64) AppleWebKit/537.36 (KHTML, like Gecko) Chrome/81.0.4044.9 Safari/537.36',
  'accept' => 'application/json, text/plain, */*',
  'content-length' => '48',
  'connection' => 'close',
  'host' => '127.0.0.1',
)
[ info ] [ PARAM ] array (
  '{"usertoken":"e4f4968bd20cf72a10c5adde61a7c4d1"}' => '',
)
[ info ] [ RUN ] app\homepage\controller\Homepage->getuserinfo[ D:\phpstudy_pro\WWW\peanut\th5\application\homepage\controller\Homepage.php ]
[ info ] [ DB ] INIT mysql
[ info ] [ LOG ] INIT File
[ sql ] [ DB ] CONNECT:[ UseTime:0.115006s ] mysql:host=118.190.149.14;port=3306;dbname=peanut;charset=utf8
[ sql ] [ SQL ] SHOW COLUMNS FROM `peanut_user` [ RunTime:0.080005s ]
[ sql ] [ SQL ] SELECT * FROM `peanut_user` WHERE  `id` = 15 LIMIT 1 [ RunTime:0.081004s ]
---------------------------------------------------------------
[ 2020-07-11T16:40:02+08:00 ] 127.0.0.1 GET 127.0.0.1/peanut/th5/public/buyCar/Buycar/queryCar
[运行时间：0.546031s] [吞吐率：1.83req/s] [内存消耗：2,510.10kb] [文件加载：47]
[ info ] [ LANG ] D:\phpstudy_pro\WWW\peanut\th5\thinkphp\lang\zh-cn.php
[ info ] [ ROUTE ] array (
  'type' => 'module',
  'module' => 
  array (
    0 => 'buyCar',
    1 => 'Buycar',
    2 => 'queryCar',
  ),
)
[ info ] [ HEADER ] array (
  'accept-language' => 'zh-CN,zh;q=0.9',
  'accept-encoding' => 'gzip, deflate, br',
  'referer' => 'http://localhost:8080/',
  'sec-fetch-dest' => 'empty',
  'sec-fetch-mode' => 'cors',
  'sec-fetch-site' => 'cross-site',
  'origin' => 'http://localhost:8080',
  'user-agent' => 'Mozilla/5.0 (Windows NT 6.1; WOW64) AppleWebKit/537.36 (KHTML, like Gecko) Chrome/81.0.4044.9 Safari/537.36',
  'accept' => 'application/json, text/plain, */*',
  'connection' => 'close',
  'host' => '127.0.0.1',
)
[ info ] [ PARAM ] array (
)
[ info ] [ RUN ] app\buyCar\controller\Buycar->queryCar[ D:\phpstudy_pro\WWW\peanut\th5\application\buyCar\controller\Buycar.php ]
[ info ] [ DB ] INIT mysql
[ info ] [ LOG ] INIT File
[ sql ] [ DB ] CONNECT:[ UseTime:0.104006s ] mysql:host=118.190.149.14;port=3306;dbname=peanut;charset=utf8
[ sql ] [ SQL ] SHOW COLUMNS FROM `peanut_brand` [ RunTime:0.068004s ]
[ sql ] [ SQL ] SELECT * FROM `peanut_brand` [ RunTime:0.071004s ]
[ sql ] [ SQL ] SHOW COLUMNS FROM `peanut_series` [ RunTime:0.070004s ]
[ sql ] [ SQL ] SELECT * FROM `peanut_series` ORDER BY `sales_volume` DESC LIMIT 5 [ RunTime:0.069004s ]
[ sql ] [ SQL ] SHOW COLUMNS FROM `peanut_price` [ RunTime:0.069004s ]
[ sql ] [ SQL ] SELECT * FROM `peanut_price` [ RunTime:0.070004s ]
---------------------------------------------------------------
[ 2020-07-11T16:40:02+08:00 ] 127.0.0.1 POST 127.0.0.1/peanut/th5/public/buyCar/Buycar/vehicle
[运行时间：0.257015s] [吞吐率：3.89req/s] [内存消耗：2,515.79kb] [文件加载：48]
[ info ] [ LANG ] D:\phpstudy_pro\WWW\peanut\th5\thinkphp\lang\zh-cn.php
[ info ] [ ROUTE ] array (
  'type' => 'module',
  'module' => 
  array (
    0 => 'buyCar',
    1 => 'Buycar',
    2 => 'vehicle',
  ),
)
[ info ] [ HEADER ] array (
  'accept-language' => 'zh-CN,zh;q=0.9',
  'accept-encoding' => 'gzip, deflate, br',
  'referer' => 'http://localhost:8080/',
  'sec-fetch-dest' => 'empty',
  'sec-fetch-mode' => 'cors',
  'sec-fetch-site' => 'cross-site',
  'origin' => 'http://localhost:8080',
  'content-type' => 'application/x-www-form-urlencoded',
  'user-agent' => 'Mozilla/5.0 (Windows NT 6.1; WOW64) AppleWebKit/537.36 (KHTML, like Gecko) Chrome/81.0.4044.9 Safari/537.36',
  'accept' => 'application/json, text/plain, */*',
  'content-length' => '96',
  'connection' => 'close',
  'host' => '127.0.0.1',
)
[ info ] [ PARAM ] array (
  '{"brandID":0,"seriesID":0,"price":"","timeBaseNum":"","priceBaseNum":"","search":"","citID":"1"}' => '',
)
[ info ] [ RUN ] app\buyCar\controller\Buycar->vehicle[ D:\phpstudy_pro\WWW\peanut\th5\application\buyCar\controller\Buycar.php ]
[ info ] [ DB ] INIT mysql
[ info ] [ LOG ] INIT File
[ sql ] [ DB ] CONNECT:[ UseTime:0.130008s ] mysql:host=118.190.149.14;port=3306;dbname=peanut;charset=utf8
[ sql ] [ SQL ] SELECT `v`.* FROM peanut_vehicle v,peanut_brand b,peanut_series s WHERE  (  v.series_id=s.series_id and s.brand_id=b.brand_id and v.vehicle_state="已上架" and v.city_id=1 ) [ RunTime:0.084004s ]
