---------------------------------------------------------------
[ 2020-07-12T10:09:32+08:00 ] 127.0.0.1 GET 127.0.0.1/nodejs/peanut/th5/public/homepage/Homepage/getreccar
[运行时间：0.685576s] [吞吐率：1.46req/s] [内存消耗：2,529.41kb] [文件加载：47]
[ info ] [ LANG ] D:\phpstudy_pro\WWW\nodejs\peanut\th5\thinkphp\lang\zh-cn.php
[ info ] [ ROUTE ] array (
  'type' => 'module',
  'module' => 
  array (
    0 => 'homepage',
    1 => 'Homepage',
    2 => 'getreccar',
  ),
)
[ info ] [ HEADER ] array (
  'accept-language' => 'zh-CN,zh;q=0.9',
  'accept-encoding' => 'gzip, deflate, br',
  'referer' => 'http://localhost:8080/',
  'sec-fetch-dest' => 'empty',
  'sec-fetch-mode' => 'cors',
  'sec-fetch-site' => 'cross-site',
  'origin' => 'http://localhost:8080',
  'user-agent' => 'Mozilla/5.0 (Windows NT 10.0; Win64; x64) AppleWebKit/537.36 (KHTML, like Gecko) Chrome/83.0.4103.116 Safari/537.36',
  'accept' => 'application/json, text/plain, */*',
  'connection' => 'close',
  'host' => '127.0.0.1',
)
[ info ] [ PARAM ] array (
)
[ info ] [ RUN ] app\homepage\controller\Homepage->getreccar[ D:\phpstudy_pro\WWW\nodejs\peanut\th5\application\homepage\controller\Homepage.php ]
[ info ] [ DB ] INIT mysql
[ info ] [ LOG ] INIT File
[ sql ] [ DB ] CONNECT:[ UseTime:0.093395s ] mysql:host=118.190.149.14;port=3306;dbname=peanut;charset=utf8
[ sql ] [ SQL ] SHOW COLUMNS FROM `peanut_vehicle` [ RunTime:0.058917s ]
[ sql ] [ SQL ] SELECT * FROM `peanut_vehicle` LIMIT 8 [ RunTime:0.059611s ]
---------------------------------------------------------------
[ 2020-07-12T10:09:32+08:00 ] 127.0.0.1 GET 127.0.0.1/nodejs/peanut/th5/public/homepage/Homepage/getcity
[运行时间：0.687413s] [吞吐率：1.45req/s] [内存消耗：2,524.81kb] [文件加载：47]
[ info ] [ LANG ] D:\phpstudy_pro\WWW\nodejs\peanut\th5\thinkphp\lang\zh-cn.php
[ info ] [ ROUTE ] array (
  'type' => 'module',
  'module' => 
  array (
    0 => 'homepage',
    1 => 'Homepage',
    2 => 'getcity',
  ),
)
[ info ] [ HEADER ] array (
  'accept-language' => 'zh-CN,zh;q=0.9',
  'accept-encoding' => 'gzip, deflate, br',
  'referer' => 'http://localhost:8080/',
  'sec-fetch-dest' => 'empty',
  'sec-fetch-mode' => 'cors',
  'sec-fetch-site' => 'cross-site',
  'origin' => 'http://localhost:8080',
  'user-agent' => 'Mozilla/5.0 (Windows NT 10.0; Win64; x64) AppleWebKit/537.36 (KHTML, like Gecko) Chrome/83.0.4103.116 Safari/537.36',
  'accept' => 'application/json, text/plain, */*',
  'connection' => 'close',
  'host' => '127.0.0.1',
)
[ info ] [ PARAM ] array (
)
[ info ] [ RUN ] app\homepage\controller\Homepage->getcity[ D:\phpstudy_pro\WWW\nodejs\peanut\th5\application\homepage\controller\Homepage.php ]
[ info ] [ DB ] INIT mysql
[ info ] [ LOG ] INIT File
[ sql ] [ DB ] CONNECT:[ UseTime:0.107311s ] mysql:host=118.190.149.14;port=3306;dbname=peanut;charset=utf8
[ sql ] [ SQL ] SHOW COLUMNS FROM `peanut_city` [ RunTime:0.070649s ]
[ sql ] [ SQL ] SELECT * FROM `peanut_city` [ RunTime:0.070536s ]
---------------------------------------------------------------
[ 2020-07-12T10:09:32+08:00 ] 127.0.0.1 POST 127.0.0.1/nodejs/peanut/th5/public/anotice/index/index
[运行时间：0.698724s] [吞吐率：1.43req/s] [内存消耗：2,501.40kb] [文件加载：47]
[ info ] [ LANG ] D:\phpstudy_pro\WWW\nodejs\peanut\th5\thinkphp\lang\zh-cn.php
[ info ] [ ROUTE ] array (
  'type' => 'module',
  'module' => 
  array (
    0 => 'anotice',
    1 => 'index',
    2 => 'index',
  ),
)
[ info ] [ HEADER ] array (
  'accept-language' => 'zh-CN,zh;q=0.9',
  'accept-encoding' => 'gzip, deflate, br',
  'referer' => 'http://localhost:8080/',
  'sec-fetch-dest' => 'empty',
  'sec-fetch-mode' => 'cors',
  'sec-fetch-site' => 'cross-site',
  'origin' => 'http://localhost:8080',
  'content-type' => 'application/x-www-form-urlencoded',
  'user-agent' => 'Mozilla/5.0 (Windows NT 10.0; Win64; x64) AppleWebKit/537.36 (KHTML, like Gecko) Chrome/83.0.4103.116 Safari/537.36',
  'accept' => 'application/json, text/plain, */*',
  'content-length' => '0',
  'connection' => 'close',
  'host' => '127.0.0.1',
)
[ info ] [ PARAM ] array (
)
[ info ] [ RUN ] app\anotice\controller\Index->index[ D:\phpstudy_pro\WWW\nodejs\peanut\th5\application\anotice\controller\Index.php ]
[ info ] [ DB ] INIT mysql
[ info ] [ LOG ] INIT File
[ sql ] [ DB ] CONNECT:[ UseTime:0.109494s ] mysql:host=118.190.149.14;port=3306;dbname=peanut;charset=utf8
[ sql ] [ SQL ] SHOW COLUMNS FROM `peanut_notice` [ RunTime:0.072225s ]
[ sql ] [ SQL ] SELECT * FROM `peanut_notice` [ RunTime:0.073833s ]
---------------------------------------------------------------
[ 2020-07-12T10:09:32+08:00 ] 127.0.0.1 GET 127.0.0.1/nodejs/peanut/th5/public/homepage/Homepage/carprice
[运行时间：0.711032s] [吞吐率：1.41req/s] [内存消耗：2,521.92kb] [文件加载：47]
[ info ] [ LANG ] D:\phpstudy_pro\WWW\nodejs\peanut\th5\thinkphp\lang\zh-cn.php
[ info ] [ ROUTE ] array (
  'type' => 'module',
  'module' => 
  array (
    0 => 'homepage',
    1 => 'Homepage',
    2 => 'carprice',
  ),
)
[ info ] [ HEADER ] array (
  'accept-language' => 'zh-CN,zh;q=0.9',
  'accept-encoding' => 'gzip, deflate, br',
  'referer' => 'http://localhost:8080/',
  'sec-fetch-dest' => 'empty',
  'sec-fetch-mode' => 'cors',
  'sec-fetch-site' => 'cross-site',
  'origin' => 'http://localhost:8080',
  'user-agent' => 'Mozilla/5.0 (Windows NT 10.0; Win64; x64) AppleWebKit/537.36 (KHTML, like Gecko) Chrome/83.0.4103.116 Safari/537.36',
  'accept' => 'application/json, text/plain, */*',
  'connection' => 'close',
  'host' => '127.0.0.1',
)
[ info ] [ PARAM ] array (
)
[ info ] [ RUN ] app\homepage\controller\Homepage->carprice[ D:\phpstudy_pro\WWW\nodejs\peanut\th5\application\homepage\controller\Homepage.php ]
[ info ] [ DB ] INIT mysql
[ info ] [ LOG ] INIT File
[ sql ] [ DB ] CONNECT:[ UseTime:0.116581s ] mysql:host=118.190.149.14;port=3306;dbname=peanut;charset=utf8
[ sql ] [ SQL ] SHOW COLUMNS FROM `peanut_price` [ RunTime:0.080976s ]
[ sql ] [ SQL ] SELECT * FROM `peanut_price` [ RunTime:0.076409s ]
---------------------------------------------------------------
[ 2020-07-12T10:09:32+08:00 ] 127.0.0.1 GET 127.0.0.1/nodejs/peanut/th5/public/homepage/Homepage/carstyle
[运行时间：0.726957s] [吞吐率：1.38req/s] [内存消耗：2,522.77kb] [文件加载：47]
[ info ] [ LANG ] D:\phpstudy_pro\WWW\nodejs\peanut\th5\thinkphp\lang\zh-cn.php
[ info ] [ ROUTE ] array (
  'type' => 'module',
  'module' => 
  array (
    0 => 'homepage',
    1 => 'Homepage',
    2 => 'carstyle',
  ),
)
[ info ] [ HEADER ] array (
  'accept-language' => 'zh-CN,zh;q=0.9',
  'accept-encoding' => 'gzip, deflate, br',
  'referer' => 'http://localhost:8080/',
  'sec-fetch-dest' => 'empty',
  'sec-fetch-mode' => 'cors',
  'sec-fetch-site' => 'cross-site',
  'origin' => 'http://localhost:8080',
  'user-agent' => 'Mozilla/5.0 (Windows NT 10.0; Win64; x64) AppleWebKit/537.36 (KHTML, like Gecko) Chrome/83.0.4103.116 Safari/537.36',
  'accept' => 'application/json, text/plain, */*',
  'connection' => 'close',
  'host' => '127.0.0.1',
)
[ info ] [ PARAM ] array (
)
[ info ] [ RUN ] app\homepage\controller\Homepage->carstyle[ D:\phpstudy_pro\WWW\nodejs\peanut\th5\application\homepage\controller\Homepage.php ]
[ info ] [ DB ] INIT mysql
[ info ] [ LOG ] INIT File
[ sql ] [ DB ] CONNECT:[ UseTime:0.123040s ] mysql:host=118.190.149.14;port=3306;dbname=peanut;charset=utf8
[ sql ] [ SQL ] SHOW COLUMNS FROM `peanut_style` [ RunTime:0.084574s ]
[ sql ] [ SQL ] SELECT * FROM `peanut_style` [ RunTime:0.082207s ]
---------------------------------------------------------------
[ 2020-07-12T10:11:24+08:00 ] 127.0.0.1 POST 127.0.0.1/nodejs/peanut/th5/public/login/Login/login
[运行时间：0.689902s] [吞吐率：1.45req/s] [内存消耗：2,481.82kb] [文件加载：47]
[ info ] [ LANG ] D:\phpstudy_pro\WWW\nodejs\peanut\th5\thinkphp\lang\zh-cn.php
[ info ] [ ROUTE ] array (
  'type' => 'module',
  'module' => 
  array (
    0 => 'login',
    1 => 'Login',
    2 => 'login',
  ),
)
[ info ] [ HEADER ] array (
  'accept-language' => 'zh-CN,zh;q=0.9',
  'accept-encoding' => 'gzip, deflate, br',
  'referer' => 'http://localhost:8080/',
  'sec-fetch-dest' => 'empty',
  'sec-fetch-mode' => 'cors',
  'sec-fetch-site' => 'cross-site',
  'origin' => 'http://localhost:8080',
  'content-type' => 'application/x-www-form-urlencoded',
  'user-agent' => 'Mozilla/5.0 (Windows NT 10.0; Win64; x64) AppleWebKit/537.36 (KHTML, like Gecko) Chrome/83.0.4103.116 Safari/537.36',
  'accept' => 'application/json, text/plain, */*',
  'content-length' => '67',
  'connection' => 'close',
  'host' => '127.0.0.1',
)
[ info ] [ PARAM ] array (
  '{"acc":"13385059606","phone":"13385059606","password":"qwertyuiop"}' => '',
)
[ info ] [ RUN ] app\login\controller\Login->login[ D:\phpstudy_pro\WWW\nodejs\peanut\th5\application\login\controller\Login.php ]
[ info ] [ DB ] INIT mysql
[ info ] [ LOG ] INIT File
[ sql ] [ DB ] CONNECT:[ UseTime:0.106746s ] mysql:host=118.190.149.14;port=3306;dbname=peanut;charset=utf8
[ sql ] [ SQL ] SHOW COLUMNS FROM `peanut_user` [ RunTime:0.070771s ]
[ sql ] [ SQL ] SELECT * FROM `peanut_user` WHERE  `acc` = '13385059606'  AND `phone` = 13385059606  AND `password` = '6eea9b7ef19179a06954edd0f6c05ceb' LIMIT 1 [ RunTime:0.075432s ]
[ sql ] [ SQL ] UPDATE `peanut_user`  SET `last_time`='2020-07-12 10:11:23',`token`='392851fe1f8884c5f353a55539fabbd7'  WHERE  `phone` = 13385059606 [ RunTime:0.073721s ]
---------------------------------------------------------------
[ 2020-07-12T10:11:24+08:00 ] 127.0.0.1 POST 127.0.0.1/nodejs/peanut/th5/public/homepage/Homepage/getuserinfo
[运行时间：0.267096s] [吞吐率：3.74req/s] [内存消耗：2,528.21kb] [文件加载：47]
[ info ] [ LANG ] D:\phpstudy_pro\WWW\nodejs\peanut\th5\thinkphp\lang\zh-cn.php
[ info ] [ ROUTE ] array (
  'type' => 'module',
  'module' => 
  array (
    0 => 'homepage',
    1 => 'Homepage',
    2 => 'getuserinfo',
  ),
)
[ info ] [ HEADER ] array (
  'accept-language' => 'zh-CN,zh;q=0.9',
  'accept-encoding' => 'gzip, deflate, br',
  'referer' => 'http://localhost:8080/',
  'sec-fetch-dest' => 'empty',
  'sec-fetch-mode' => 'cors',
  'sec-fetch-site' => 'cross-site',
  'origin' => 'http://localhost:8080',
  'content-type' => 'application/x-www-form-urlencoded',
  'user-agent' => 'Mozilla/5.0 (Windows NT 10.0; Win64; x64) AppleWebKit/537.36 (KHTML, like Gecko) Chrome/83.0.4103.116 Safari/537.36',
  'accept' => 'application/json, text/plain, */*',
  'content-length' => '48',
  'connection' => 'close',
  'host' => '127.0.0.1',
)
[ info ] [ PARAM ] array (
  '{"usertoken":"392851fe1f8884c5f353a55539fabbd7"}' => '',
)
[ info ] [ RUN ] app\homepage\controller\Homepage->getuserinfo[ D:\phpstudy_pro\WWW\nodejs\peanut\th5\application\homepage\controller\Homepage.php ]
[ info ] [ DB ] INIT mysql
[ info ] [ LOG ] INIT File
[ sql ] [ DB ] CONNECT:[ UseTime:0.096022s ] mysql:host=118.190.149.14;port=3306;dbname=peanut;charset=utf8
[ sql ] [ SQL ] SHOW COLUMNS FROM `peanut_user` [ RunTime:0.067948s ]
[ sql ] [ SQL ] SELECT * FROM `peanut_user` WHERE  `id` = 16 LIMIT 1 [ RunTime:0.064532s ]
---------------------------------------------------------------
[ 2020-07-12T10:11:24+08:00 ] 127.0.0.1 POST 127.0.0.1/nodejs/peanut/th5/public/anotice/index/index
[运行时间：0.276735s] [吞吐率：3.61req/s] [内存消耗：2,501.40kb] [文件加载：47]
[ info ] [ LANG ] D:\phpstudy_pro\WWW\nodejs\peanut\th5\thinkphp\lang\zh-cn.php
[ info ] [ ROUTE ] array (
  'type' => 'module',
  'module' => 
  array (
    0 => 'anotice',
    1 => 'index',
    2 => 'index',
  ),
)
[ info ] [ HEADER ] array (
  'accept-language' => 'zh-CN,zh;q=0.9',
  'accept-encoding' => 'gzip, deflate, br',
  'referer' => 'http://localhost:8080/',
  'sec-fetch-dest' => 'empty',
  'sec-fetch-mode' => 'cors',
  'sec-fetch-site' => 'cross-site',
  'origin' => 'http://localhost:8080',
  'content-type' => 'application/x-www-form-urlencoded',
  'user-agent' => 'Mozilla/5.0 (Windows NT 10.0; Win64; x64) AppleWebKit/537.36 (KHTML, like Gecko) Chrome/83.0.4103.116 Safari/537.36',
  'accept' => 'application/json, text/plain, */*',
  'content-length' => '0',
  'connection' => 'close',
  'host' => '127.0.0.1',
)
[ info ] [ PARAM ] array (
)
[ info ] [ RUN ] app\anotice\controller\Index->index[ D:\phpstudy_pro\WWW\nodejs\peanut\th5\application\anotice\controller\Index.php ]
[ info ] [ DB ] INIT mysql
[ info ] [ LOG ] INIT File
[ sql ] [ DB ] CONNECT:[ UseTime:0.101857s ] mysql:host=118.190.149.14;port=3306;dbname=peanut;charset=utf8
[ sql ] [ SQL ] SHOW COLUMNS FROM `peanut_notice` [ RunTime:0.070485s ]
[ sql ] [ SQL ] SELECT * FROM `peanut_notice` [ RunTime:0.067489s ]
---------------------------------------------------------------
[ 2020-07-12T10:11:24+08:00 ] 127.0.0.1 GET 127.0.0.1/nodejs/peanut/th5/public/homepage/Homepage/carbran
[运行时间：0.281085s] [吞吐率：3.56req/s] [内存消耗：2,524.33kb] [文件加载：47]
[ info ] [ LANG ] D:\phpstudy_pro\WWW\nodejs\peanut\th5\thinkphp\lang\zh-cn.php
[ info ] [ ROUTE ] array (
  'type' => 'module',
  'module' => 
  array (
    0 => 'homepage',
    1 => 'Homepage',
    2 => 'carbran',
  ),
)
[ info ] [ HEADER ] array (
  'accept-language' => 'zh-CN,zh;q=0.9',
  'accept-encoding' => 'gzip, deflate, br',
  'referer' => 'http://localhost:8080/',
  'sec-fetch-dest' => 'empty',
  'sec-fetch-mode' => 'cors',
  'sec-fetch-site' => 'cross-site',
  'origin' => 'http://localhost:8080',
  'user-agent' => 'Mozilla/5.0 (Windows NT 10.0; Win64; x64) AppleWebKit/537.36 (KHTML, like Gecko) Chrome/83.0.4103.116 Safari/537.36',
  'accept' => 'application/json, text/plain, */*',
  'connection' => 'close',
  'host' => '127.0.0.1',
)
[ info ] [ PARAM ] array (
)
[ info ] [ RUN ] app\homepage\controller\Homepage->carbran[ D:\phpstudy_pro\WWW\nodejs\peanut\th5\application\homepage\controller\Homepage.php ]
[ info ] [ DB ] INIT mysql
[ info ] [ LOG ] INIT File
[ sql ] [ DB ] CONNECT:[ UseTime:0.104458s ] mysql:host=118.190.149.14;port=3306;dbname=peanut;charset=utf8
[ sql ] [ SQL ] SHOW COLUMNS FROM `peanut_brand` [ RunTime:0.068117s ]
[ sql ] [ SQL ] SELECT * FROM `peanut_brand` [ RunTime:0.071091s ]
---------------------------------------------------------------
[ 2020-07-12T10:11:24+08:00 ] 127.0.0.1 GET 127.0.0.1/nodejs/peanut/th5/public/homepage/Homepage/getcity
[运行时间：0.294999s] [吞吐率：3.39req/s] [内存消耗：2,524.81kb] [文件加载：47]
[ info ] [ LANG ] D:\phpstudy_pro\WWW\nodejs\peanut\th5\thinkphp\lang\zh-cn.php
[ info ] [ ROUTE ] array (
  'type' => 'module',
  'module' => 
  array (
    0 => 'homepage',
    1 => 'Homepage',
    2 => 'getcity',
  ),
)
[ info ] [ HEADER ] array (
  'accept-language' => 'zh-CN,zh;q=0.9',
  'accept-encoding' => 'gzip, deflate, br',
  'referer' => 'http://localhost:8080/',
  'sec-fetch-dest' => 'empty',
  'sec-fetch-mode' => 'cors',
  'sec-fetch-site' => 'cross-site',
  'origin' => 'http://localhost:8080',
  'user-agent' => 'Mozilla/5.0 (Windows NT 10.0; Win64; x64) AppleWebKit/537.36 (KHTML, like Gecko) Chrome/83.0.4103.116 Safari/537.36',
  'accept' => 'application/json, text/plain, */*',
  'connection' => 'close',
  'host' => '127.0.0.1',
)
[ info ] [ PARAM ] array (
)
[ info ] [ RUN ] app\homepage\controller\Homepage->getcity[ D:\phpstudy_pro\WWW\nodejs\peanut\th5\application\homepage\controller\Homepage.php ]
[ info ] [ DB ] INIT mysql
[ info ] [ LOG ] INIT File
[ sql ] [ DB ] CONNECT:[ UseTime:0.105927s ] mysql:host=118.190.149.14;port=3306;dbname=peanut;charset=utf8
[ sql ] [ SQL ] SHOW COLUMNS FROM `peanut_city` [ RunTime:0.070232s ]
[ sql ] [ SQL ] SELECT * FROM `peanut_city` [ RunTime:0.070339s ]
---------------------------------------------------------------
[ 2020-07-12T10:11:24+08:00 ] 127.0.0.1 GET 127.0.0.1/nodejs/peanut/th5/public/homepage/Homepage/carstyle
[运行时间：0.303749s] [吞吐率：3.29req/s] [内存消耗：2,522.77kb] [文件加载：47]
[ info ] [ LANG ] D:\phpstudy_pro\WWW\nodejs\peanut\th5\thinkphp\lang\zh-cn.php
[ info ] [ ROUTE ] array (
  'type' => 'module',
  'module' => 
  array (
    0 => 'homepage',
    1 => 'Homepage',
    2 => 'carstyle',
  ),
)
[ info ] [ HEADER ] array (
  'accept-language' => 'zh-CN,zh;q=0.9',
  'accept-encoding' => 'gzip, deflate, br',
  'referer' => 'http://localhost:8080/',
  'sec-fetch-dest' => 'empty',
  'sec-fetch-mode' => 'cors',
  'sec-fetch-site' => 'cross-site',
  'origin' => 'http://localhost:8080',
  'user-agent' => 'Mozilla/5.0 (Windows NT 10.0; Win64; x64) AppleWebKit/537.36 (KHTML, like Gecko) Chrome/83.0.4103.116 Safari/537.36',
  'accept' => 'application/json, text/plain, */*',
  'connection' => 'close',
  'host' => '127.0.0.1',
)
[ info ] [ PARAM ] array (
)
[ info ] [ RUN ] app\homepage\controller\Homepage->carstyle[ D:\phpstudy_pro\WWW\nodejs\peanut\th5\application\homepage\controller\Homepage.php ]
[ info ] [ DB ] INIT mysql
[ info ] [ LOG ] INIT File
[ sql ] [ DB ] CONNECT:[ UseTime:0.110986s ] mysql:host=118.190.149.14;port=3306;dbname=peanut;charset=utf8
[ sql ] [ SQL ] SHOW COLUMNS FROM `peanut_style` [ RunTime:0.073926s ]
[ sql ] [ SQL ] SELECT * FROM `peanut_style` [ RunTime:0.073239s ]
---------------------------------------------------------------
[ 2020-07-12T10:11:24+08:00 ] 127.0.0.1 GET 127.0.0.1/nodejs/peanut/th5/public/homepage/Homepage/carprice
[运行时间：0.311587s] [吞吐率：3.21req/s] [内存消耗：2,521.92kb] [文件加载：47]
[ info ] [ LANG ] D:\phpstudy_pro\WWW\nodejs\peanut\th5\thinkphp\lang\zh-cn.php
[ info ] [ ROUTE ] array (
  'type' => 'module',
  'module' => 
  array (
    0 => 'homepage',
    1 => 'Homepage',
    2 => 'carprice',
  ),
)
[ info ] [ HEADER ] array (
  'accept-language' => 'zh-CN,zh;q=0.9',
  'accept-encoding' => 'gzip, deflate, br',
  'referer' => 'http://localhost:8080/',
  'sec-fetch-dest' => 'empty',
  'sec-fetch-mode' => 'cors',
  'sec-fetch-site' => 'cross-site',
  'origin' => 'http://localhost:8080',
  'user-agent' => 'Mozilla/5.0 (Windows NT 10.0; Win64; x64) AppleWebKit/537.36 (KHTML, like Gecko) Chrome/83.0.4103.116 Safari/537.36',
  'accept' => 'application/json, text/plain, */*',
  'connection' => 'close',
  'host' => '127.0.0.1',
)
[ info ] [ PARAM ] array (
)
[ info ] [ RUN ] app\homepage\controller\Homepage->carprice[ D:\phpstudy_pro\WWW\nodejs\peanut\th5\application\homepage\controller\Homepage.php ]
[ info ] [ DB ] INIT mysql
[ info ] [ LOG ] INIT File
[ sql ] [ DB ] CONNECT:[ UseTime:0.117112s ] mysql:host=118.190.149.14;port=3306;dbname=peanut;charset=utf8
[ sql ] [ SQL ] SHOW COLUMNS FROM `peanut_price` [ RunTime:0.077640s ]
[ sql ] [ SQL ] SELECT * FROM `peanut_price` [ RunTime:0.077526s ]
---------------------------------------------------------------
[ 2020-07-12T10:11:24+08:00 ] 127.0.0.1 GET 127.0.0.1/nodejs/peanut/th5/public/homepage/Homepage/getreccar
[运行时间：0.280920s] [吞吐率：3.56req/s] [内存消耗：2,529.41kb] [文件加载：47]
[ info ] [ LANG ] D:\phpstudy_pro\WWW\nodejs\peanut\th5\thinkphp\lang\zh-cn.php
[ info ] [ ROUTE ] array (
  'type' => 'module',
  'module' => 
  array (
    0 => 'homepage',
    1 => 'Homepage',
    2 => 'getreccar',
  ),
)
[ info ] [ HEADER ] array (
  'accept-language' => 'zh-CN,zh;q=0.9',
  'accept-encoding' => 'gzip, deflate, br',
  'referer' => 'http://localhost:8080/',
  'sec-fetch-dest' => 'empty',
  'sec-fetch-mode' => 'cors',
  'sec-fetch-site' => 'cross-site',
  'origin' => 'http://localhost:8080',
  'user-agent' => 'Mozilla/5.0 (Windows NT 10.0; Win64; x64) AppleWebKit/537.36 (KHTML, like Gecko) Chrome/83.0.4103.116 Safari/537.36',
  'accept' => 'application/json, text/plain, */*',
  'connection' => 'close',
  'host' => '127.0.0.1',
)
[ info ] [ PARAM ] array (
)
[ info ] [ RUN ] app\homepage\controller\Homepage->getreccar[ D:\phpstudy_pro\WWW\nodejs\peanut\th5\application\homepage\controller\Homepage.php ]
[ info ] [ DB ] INIT mysql
[ info ] [ LOG ] INIT File
[ sql ] [ DB ] CONNECT:[ UseTime:0.102823s ] mysql:host=118.190.149.14;port=3306;dbname=peanut;charset=utf8
[ sql ] [ SQL ] SHOW COLUMNS FROM `peanut_vehicle` [ RunTime:0.068489s ]
[ sql ] [ SQL ] SELECT * FROM `peanut_vehicle` LIMIT 8 [ RunTime:0.069236s ]
---------------------------------------------------------------
[ 2020-07-12T10:11:27+08:00 ] 127.0.0.1 POST 127.0.0.1/nodejs/peanut/th5/public/homepage/Homepage/getuserinfo
[运行时间：0.278730s] [吞吐率：3.59req/s] [内存消耗：2,528.21kb] [文件加载：47]
[ info ] [ LANG ] D:\phpstudy_pro\WWW\nodejs\peanut\th5\thinkphp\lang\zh-cn.php
[ info ] [ ROUTE ] array (
  'type' => 'module',
  'module' => 
  array (
    0 => 'homepage',
    1 => 'Homepage',
    2 => 'getuserinfo',
  ),
)
[ info ] [ HEADER ] array (
  'accept-language' => 'zh-CN,zh;q=0.9',
  'accept-encoding' => 'gzip, deflate, br',
  'referer' => 'http://localhost:8080/',
  'sec-fetch-dest' => 'empty',
  'sec-fetch-mode' => 'cors',
  'sec-fetch-site' => 'cross-site',
  'origin' => 'http://localhost:8080',
  'content-type' => 'application/x-www-form-urlencoded',
  'user-agent' => 'Mozilla/5.0 (Windows NT 10.0; Win64; x64) AppleWebKit/537.36 (KHTML, like Gecko) Chrome/83.0.4103.116 Safari/537.36',
  'accept' => 'application/json, text/plain, */*',
  'content-length' => '48',
  'connection' => 'close',
  'host' => '127.0.0.1',
)
[ info ] [ PARAM ] array (
  '{"usertoken":"392851fe1f8884c5f353a55539fabbd7"}' => '',
)
[ info ] [ RUN ] app\homepage\controller\Homepage->getuserinfo[ D:\phpstudy_pro\WWW\nodejs\peanut\th5\application\homepage\controller\Homepage.php ]
[ info ] [ DB ] INIT mysql
[ info ] [ LOG ] INIT File
[ sql ] [ DB ] CONNECT:[ UseTime:0.093868s ] mysql:host=118.190.149.14;port=3306;dbname=peanut;charset=utf8
[ sql ] [ SQL ] SHOW COLUMNS FROM `peanut_user` [ RunTime:0.062549s ]
[ sql ] [ SQL ] SELECT * FROM `peanut_user` WHERE  `id` = 16 LIMIT 1 [ RunTime:0.062886s ]
---------------------------------------------------------------
[ 2020-07-12T10:11:27+08:00 ] 127.0.0.1 GET 127.0.0.1/nodejs/peanut/th5/public/homepage/Homepage/getcity
[运行时间：0.320815s] [吞吐率：3.12req/s] [内存消耗：2,524.81kb] [文件加载：47]
[ info ] [ LANG ] D:\phpstudy_pro\WWW\nodejs\peanut\th5\thinkphp\lang\zh-cn.php
[ info ] [ ROUTE ] array (
  'type' => 'module',
  'module' => 
  array (
    0 => 'homepage',
    1 => 'Homepage',
    2 => 'getcity',
  ),
)
[ info ] [ HEADER ] array (
  'accept-language' => 'zh-CN,zh;q=0.9',
  'accept-encoding' => 'gzip, deflate, br',
  'referer' => 'http://localhost:8080/',
  'sec-fetch-dest' => 'empty',
  'sec-fetch-mode' => 'cors',
  'sec-fetch-site' => 'cross-site',
  'origin' => 'http://localhost:8080',
  'user-agent' => 'Mozilla/5.0 (Windows NT 10.0; Win64; x64) AppleWebKit/537.36 (KHTML, like Gecko) Chrome/83.0.4103.116 Safari/537.36',
  'accept' => 'application/json, text/plain, */*',
  'connection' => 'close',
  'host' => '127.0.0.1',
)
[ info ] [ PARAM ] array (
)
[ info ] [ RUN ] app\homepage\controller\Homepage->getcity[ D:\phpstudy_pro\WWW\nodejs\peanut\th5\application\homepage\controller\Homepage.php ]
[ info ] [ DB ] INIT mysql
[ info ] [ LOG ] INIT File
[ sql ] [ DB ] CONNECT:[ UseTime:0.115248s ] mysql:host=118.190.149.14;port=3306;dbname=peanut;charset=utf8
[ sql ] [ SQL ] SHOW COLUMNS FROM `peanut_city` [ RunTime:0.076966s ]
[ sql ] [ SQL ] SELECT * FROM `peanut_city` [ RunTime:0.076061s ]
---------------------------------------------------------------
[ 2020-07-12T10:11:27+08:00 ] 127.0.0.1 GET 127.0.0.1/nodejs/peanut/th5/public/sellcar/Sellcar/getcartab
[运行时间：0.322920s] [吞吐率：3.10req/s] [内存消耗：2,508.92kb] [文件加载：47]
[ info ] [ LANG ] D:\phpstudy_pro\WWW\nodejs\peanut\th5\thinkphp\lang\zh-cn.php
[ info ] [ ROUTE ] array (
  'type' => 'module',
  'module' => 
  array (
    0 => 'sellcar',
    1 => 'Sellcar',
    2 => 'getcartab',
  ),
)
[ info ] [ HEADER ] array (
  'accept-language' => 'zh-CN,zh;q=0.9',
  'accept-encoding' => 'gzip, deflate, br',
  'referer' => 'http://localhost:8080/',
  'sec-fetch-dest' => 'empty',
  'sec-fetch-mode' => 'cors',
  'sec-fetch-site' => 'cross-site',
  'origin' => 'http://localhost:8080',
  'user-agent' => 'Mozilla/5.0 (Windows NT 10.0; Win64; x64) AppleWebKit/537.36 (KHTML, like Gecko) Chrome/83.0.4103.116 Safari/537.36',
  'accept' => 'application/json, text/plain, */*',
  'connection' => 'close',
  'host' => '127.0.0.1',
)
[ info ] [ PARAM ] array (
)
[ info ] [ RUN ] app\sellcar\controller\Sellcar->getcartab[ D:\phpstudy_pro\WWW\nodejs\peanut\th5\application\sellcar\controller\Sellcar.php ]
[ info ] [ DB ] INIT mysql
[ info ] [ LOG ] INIT File
[ sql ] [ DB ] CONNECT:[ UseTime:0.101550s ] mysql:host=118.190.149.14;port=3306;dbname=peanut;charset=utf8
[ sql ] [ SQL ] SHOW COLUMNS FROM `peanut_tab` [ RunTime:0.066161s ]
[ sql ] [ SQL ] SELECT * FROM `peanut_tab` [ RunTime:0.066918s ]
---------------------------------------------------------------
[ 2020-07-12T10:11:27+08:00 ] 127.0.0.1 GET 127.0.0.1/nodejs/peanut/th5/public/sellcar/Sellcar/showaction
[运行时间：0.321746s] [吞吐率：3.11req/s] [内存消耗：2,509.23kb] [文件加载：47]
[ info ] [ LANG ] D:\phpstudy_pro\WWW\nodejs\peanut\th5\thinkphp\lang\zh-cn.php
[ info ] [ ROUTE ] array (
  'type' => 'module',
  'module' => 
  array (
    0 => 'sellcar',
    1 => 'Sellcar',
    2 => 'showaction',
  ),
)
[ info ] [ HEADER ] array (
  'accept-language' => 'zh-CN,zh;q=0.9',
  'accept-encoding' => 'gzip, deflate, br',
  'referer' => 'http://localhost:8080/',
  'sec-fetch-dest' => 'empty',
  'sec-fetch-mode' => 'cors',
  'sec-fetch-site' => 'cross-site',
  'origin' => 'http://localhost:8080',
  'user-agent' => 'Mozilla/5.0 (Windows NT 10.0; Win64; x64) AppleWebKit/537.36 (KHTML, like Gecko) Chrome/83.0.4103.116 Safari/537.36',
  'accept' => 'application/json, text/plain, */*',
  'connection' => 'close',
  'host' => '127.0.0.1',
)
[ info ] [ PARAM ] array (
)
[ info ] [ RUN ] app\sellcar\controller\Sellcar->showaction[ D:\phpstudy_pro\WWW\nodejs\peanut\th5\application\sellcar\controller\Sellcar.php ]
[ info ] [ DB ] INIT mysql
[ info ] [ LOG ] INIT File
[ sql ] [ DB ] CONNECT:[ UseTime:0.105721s ] mysql:host=118.190.149.14;port=3306;dbname=peanut;charset=utf8
[ sql ] [ SQL ] SHOW COLUMNS FROM `peanut_auction` [ RunTime:0.069201s ]
[ sql ] [ SQL ] SELECT * FROM `peanut_auction` [ RunTime:0.071047s ]
---------------------------------------------------------------
[ 2020-07-12T10:11:27+08:00 ] 127.0.0.1 GET 127.0.0.1/nodejs/peanut/th5/public/sellcar/Sellcar/getsellcity
[运行时间：0.346846s] [吞吐率：2.88req/s] [内存消耗：2,511.97kb] [文件加载：47]
[ info ] [ LANG ] D:\phpstudy_pro\WWW\nodejs\peanut\th5\thinkphp\lang\zh-cn.php
[ info ] [ ROUTE ] array (
  'type' => 'module',
  'module' => 
  array (
    0 => 'sellcar',
    1 => 'Sellcar',
    2 => 'getsellcity',
  ),
)
[ info ] [ HEADER ] array (
  'accept-language' => 'zh-CN,zh;q=0.9',
  'accept-encoding' => 'gzip, deflate, br',
  'referer' => 'http://localhost:8080/',
  'sec-fetch-dest' => 'empty',
  'sec-fetch-mode' => 'cors',
  'sec-fetch-site' => 'cross-site',
  'origin' => 'http://localhost:8080',
  'user-agent' => 'Mozilla/5.0 (Windows NT 10.0; Win64; x64) AppleWebKit/537.36 (KHTML, like Gecko) Chrome/83.0.4103.116 Safari/537.36',
  'accept' => 'application/json, text/plain, */*',
  'connection' => 'close',
  'host' => '127.0.0.1',
)
[ info ] [ PARAM ] array (
)
[ info ] [ RUN ] app\sellcar\controller\Sellcar->getsellcity[ D:\phpstudy_pro\WWW\nodejs\peanut\th5\application\sellcar\controller\Sellcar.php ]
[ info ] [ DB ] INIT mysql
[ info ] [ LOG ] INIT File
[ sql ] [ DB ] CONNECT:[ UseTime:0.115841s ] mysql:host=118.190.149.14;port=3306;dbname=peanut;charset=utf8
[ sql ] [ SQL ] SHOW COLUMNS FROM `peanut_city` [ RunTime:0.075927s ]
[ sql ] [ SQL ] SELECT * FROM `peanut_city` [ RunTime:0.076725s ]
---------------------------------------------------------------
[ 2020-07-12T10:11:27+08:00 ] 127.0.0.1 GET 127.0.0.1/nodejs/peanut/th5/public/sellcar/Sellcar/getSeries
[运行时间：0.480987s] [吞吐率：2.08req/s] [内存消耗：2,512.72kb] [文件加载：47]
[ info ] [ LANG ] D:\phpstudy_pro\WWW\nodejs\peanut\th5\thinkphp\lang\zh-cn.php
[ info ] [ ROUTE ] array (
  'type' => 'module',
  'module' => 
  array (
    0 => 'sellcar',
    1 => 'Sellcar',
    2 => 'getSeries',
  ),
)
[ info ] [ HEADER ] array (
  'accept-language' => 'zh-CN,zh;q=0.9',
  'accept-encoding' => 'gzip, deflate, br',
  'referer' => 'http://localhost:8080/',
  'sec-fetch-dest' => 'empty',
  'sec-fetch-mode' => 'cors',
  'sec-fetch-site' => 'cross-site',
  'origin' => 'http://localhost:8080',
  'user-agent' => 'Mozilla/5.0 (Windows NT 10.0; Win64; x64) AppleWebKit/537.36 (KHTML, like Gecko) Chrome/83.0.4103.116 Safari/537.36',
  'accept' => 'application/json, text/plain, */*',
  'connection' => 'close',
  'host' => '127.0.0.1',
)
[ info ] [ PARAM ] array (
)
[ info ] [ RUN ] app\sellcar\controller\Sellcar->getSeries[ D:\phpstudy_pro\WWW\nodejs\peanut\th5\application\sellcar\controller\Sellcar.php ]
[ info ] [ DB ] INIT mysql
[ info ] [ LOG ] INIT File
[ sql ] [ DB ] CONNECT:[ UseTime:0.107412s ] mysql:host=118.190.149.14;port=3306;dbname=peanut;charset=utf8
[ sql ] [ SQL ] SHOW COLUMNS FROM `peanut_series` [ RunTime:0.070807s ]
[ sql ] [ SQL ] SELECT series_id as value,series_name as label,`brand_id` FROM `peanut_series` [ RunTime:0.072192s ]
[ sql ] [ SQL ] SHOW COLUMNS FROM `peanut_brand` [ RunTime:0.071297s ]
[ sql ] [ SQL ] SELECT brand_id as value,brand_name as label FROM `peanut_brand` [ RunTime:0.074792s ]
---------------------------------------------------------------
[ 2020-07-12T10:11:55+08:00 ] 127.0.0.1 POST 127.0.0.1/nodejs/peanut/th5/public/personal/Personal/personal
[运行时间：0.269376s] [吞吐率：3.71req/s] [内存消耗：2,603.63kb] [文件加载：47]
[ info ] [ LANG ] D:\phpstudy_pro\WWW\nodejs\peanut\th5\thinkphp\lang\zh-cn.php
[ info ] [ ROUTE ] array (
  'type' => 'module',
  'module' => 
  array (
    0 => 'personal',
    1 => 'Personal',
    2 => 'personal',
  ),
)
[ info ] [ HEADER ] array (
  'accept-language' => 'zh-CN,zh;q=0.9',
  'accept-encoding' => 'gzip, deflate, br',
  'referer' => 'http://localhost:8080/',
  'sec-fetch-dest' => 'empty',
  'sec-fetch-mode' => 'cors',
  'sec-fetch-site' => 'cross-site',
  'origin' => 'http://localhost:8080',
  'content-type' => 'application/x-www-form-urlencoded',
  'user-agent' => 'Mozilla/5.0 (Windows NT 10.0; Win64; x64) AppleWebKit/537.36 (KHTML, like Gecko) Chrome/83.0.4103.116 Safari/537.36',
  'accept' => 'application/json, text/plain, */*',
  'content-length' => '44',
  'connection' => 'close',
  'host' => '127.0.0.1',
)
[ info ] [ PARAM ] array (
  '{"token":"392851fe1f8884c5f353a55539fabbd7"}' => '',
)
[ info ] [ RUN ] app\personal\controller\Personal->personal[ D:\phpstudy_pro\WWW\nodejs\peanut\th5\application\personal\controller\Personal.php ]
[ info ] [ DB ] INIT mysql
[ info ] [ LOG ] INIT File
[ sql ] [ DB ] CONNECT:[ UseTime:0.096909s ] mysql:host=118.190.149.14;port=3306;dbname=peanut;charset=utf8
[ sql ] [ SQL ] SHOW COLUMNS FROM `peanut_user` [ RunTime:0.064663s ]
[ sql ] [ SQL ] SELECT * FROM `peanut_user` WHERE  `id` = 16 LIMIT 1 [ RunTime:0.064764s ]
---------------------------------------------------------------
[ 2020-07-12T10:11:55+08:00 ] 127.0.0.1 POST 127.0.0.1/nodejs/peanut/th5/public/homepage/Homepage/getuserinfo
[运行时间：0.280564s] [吞吐率：3.56req/s] [内存消耗：2,528.21kb] [文件加载：47]
[ info ] [ LANG ] D:\phpstudy_pro\WWW\nodejs\peanut\th5\thinkphp\lang\zh-cn.php
[ info ] [ ROUTE ] array (
  'type' => 'module',
  'module' => 
  array (
    0 => 'homepage',
    1 => 'Homepage',
    2 => 'getuserinfo',
  ),
)
[ info ] [ HEADER ] array (
  'accept-language' => 'zh-CN,zh;q=0.9',
  'accept-encoding' => 'gzip, deflate, br',
  'referer' => 'http://localhost:8080/',
  'sec-fetch-dest' => 'empty',
  'sec-fetch-mode' => 'cors',
  'sec-fetch-site' => 'cross-site',
  'origin' => 'http://localhost:8080',
  'content-type' => 'application/x-www-form-urlencoded',
  'user-agent' => 'Mozilla/5.0 (Windows NT 10.0; Win64; x64) AppleWebKit/537.36 (KHTML, like Gecko) Chrome/83.0.4103.116 Safari/537.36',
  'accept' => 'application/json, text/plain, */*',
  'content-length' => '48',
  'connection' => 'close',
  'host' => '127.0.0.1',
)
[ info ] [ PARAM ] array (
  '{"usertoken":"392851fe1f8884c5f353a55539fabbd7"}' => '',
)
[ info ] [ RUN ] app\homepage\controller\Homepage->getuserinfo[ D:\phpstudy_pro\WWW\nodejs\peanut\th5\application\homepage\controller\Homepage.php ]
[ info ] [ DB ] INIT mysql
[ info ] [ LOG ] INIT File
[ sql ] [ DB ] CONNECT:[ UseTime:0.094586s ] mysql:host=118.190.149.14;port=3306;dbname=peanut;charset=utf8
[ sql ] [ SQL ] SHOW COLUMNS FROM `peanut_user` [ RunTime:0.063013s ]
[ sql ] [ SQL ] SELECT * FROM `peanut_user` WHERE  `id` = 16 LIMIT 1 [ RunTime:0.062975s ]
---------------------------------------------------------------
[ 2020-07-12T10:11:55+08:00 ] 127.0.0.1 POST 127.0.0.1/nodejs/peanut/th5/public/personal/Personal/userOnTheShelf
[运行时间：0.276877s] [吞吐率：3.61req/s] [内存消耗：2,604.09kb] [文件加载：47]
[ info ] [ LANG ] D:\phpstudy_pro\WWW\nodejs\peanut\th5\thinkphp\lang\zh-cn.php
[ info ] [ ROUTE ] array (
  'type' => 'module',
  'module' => 
  array (
    0 => 'personal',
    1 => 'Personal',
    2 => 'userOnTheShelf',
  ),
)
[ info ] [ HEADER ] array (
  'accept-language' => 'zh-CN,zh;q=0.9',
  'accept-encoding' => 'gzip, deflate, br',
  'referer' => 'http://localhost:8080/',
  'sec-fetch-dest' => 'empty',
  'sec-fetch-mode' => 'cors',
  'sec-fetch-site' => 'cross-site',
  'origin' => 'http://localhost:8080',
  'content-type' => 'application/x-www-form-urlencoded',
  'user-agent' => 'Mozilla/5.0 (Windows NT 10.0; Win64; x64) AppleWebKit/537.36 (KHTML, like Gecko) Chrome/83.0.4103.116 Safari/537.36',
  'accept' => 'application/json, text/plain, */*',
  'content-length' => '44',
  'connection' => 'close',
  'host' => '127.0.0.1',
)
[ info ] [ PARAM ] array (
  '{"token":"392851fe1f8884c5f353a55539fabbd7"}' => '',
)
[ info ] [ RUN ] app\personal\controller\Personal->userOnTheShelf[ D:\phpstudy_pro\WWW\nodejs\peanut\th5\application\personal\controller\Personal.php ]
[ info ] [ DB ] INIT mysql
[ info ] [ LOG ] INIT File
[ sql ] [ DB ] CONNECT:[ UseTime:0.091172s ] mysql:host=118.190.149.14;port=3306;dbname=peanut;charset=utf8
[ sql ] [ SQL ] SHOW COLUMNS FROM `peanut_vehicle` [ RunTime:0.061397s ]
[ sql ] [ SQL ] SELECT * FROM `peanut_vehicle` `v` INNER JOIN `peanut_user` `u` ON `v`.`sell_id`=`u`.`id` WHERE  `v`.`sell_id` = 16  AND `v`.`vehicle_state` = '已上架' [ RunTime:0.064534s ]
---------------------------------------------------------------
[ 2020-07-12T10:11:55+08:00 ] 127.0.0.1 POST 127.0.0.1/nodejs/peanut/th5/public/personal/Personal/userUndercarriage
[运行时间：0.297571s] [吞吐率：3.36req/s] [内存消耗：2,602.48kb] [文件加载：47]
[ info ] [ LANG ] D:\phpstudy_pro\WWW\nodejs\peanut\th5\thinkphp\lang\zh-cn.php
[ info ] [ ROUTE ] array (
  'type' => 'module',
  'module' => 
  array (
    0 => 'personal',
    1 => 'Personal',
    2 => 'userUndercarriage',
  ),
)
[ info ] [ HEADER ] array (
  'accept-language' => 'zh-CN,zh;q=0.9',
  'accept-encoding' => 'gzip, deflate, br',
  'referer' => 'http://localhost:8080/',
  'sec-fetch-dest' => 'empty',
  'sec-fetch-mode' => 'cors',
  'sec-fetch-site' => 'cross-site',
  'origin' => 'http://localhost:8080',
  'content-type' => 'application/x-www-form-urlencoded',
  'user-agent' => 'Mozilla/5.0 (Windows NT 10.0; Win64; x64) AppleWebKit/537.36 (KHTML, like Gecko) Chrome/83.0.4103.116 Safari/537.36',
  'accept' => 'application/json, text/plain, */*',
  'content-length' => '44',
  'connection' => 'close',
  'host' => '127.0.0.1',
)
[ info ] [ PARAM ] array (
  '{"token":"392851fe1f8884c5f353a55539fabbd7"}' => '',
)
[ info ] [ RUN ] app\personal\controller\Personal->userUndercarriage[ D:\phpstudy_pro\WWW\nodejs\peanut\th5\application\personal\controller\Personal.php ]
[ info ] [ DB ] INIT mysql
[ info ] [ LOG ] INIT File
[ sql ] [ DB ] CONNECT:[ UseTime:0.106523s ] mysql:host=118.190.149.14;port=3306;dbname=peanut;charset=utf8
[ sql ] [ SQL ] SHOW COLUMNS FROM `peanut_vehicle` [ RunTime:0.071506s ]
[ sql ] [ SQL ] SELECT * FROM `peanut_vehicle` `v` INNER JOIN `peanut_user` `u` ON `v`.`sell_id`=`u`.`id` WHERE  `v`.`sell_id` = 16  AND `v`.`vehicle_state` = '已下架' [ RunTime:0.075146s ]
---------------------------------------------------------------
[ 2020-07-12T10:11:55+08:00 ] 127.0.0.1 POST 127.0.0.1/nodejs/peanut/th5/public/personal/Personal/collection
[运行时间：0.307893s] [吞吐率：3.25req/s] [内存消耗：2,618.30kb] [文件加载：47]
[ info ] [ LANG ] D:\phpstudy_pro\WWW\nodejs\peanut\th5\thinkphp\lang\zh-cn.php
[ info ] [ ROUTE ] array (
  'type' => 'module',
  'module' => 
  array (
    0 => 'personal',
    1 => 'Personal',
    2 => 'collection',
  ),
)
[ info ] [ HEADER ] array (
  'accept-language' => 'zh-CN,zh;q=0.9',
  'accept-encoding' => 'gzip, deflate, br',
  'referer' => 'http://localhost:8080/',
  'sec-fetch-dest' => 'empty',
  'sec-fetch-mode' => 'cors',
  'sec-fetch-site' => 'cross-site',
  'origin' => 'http://localhost:8080',
  'content-type' => 'application/x-www-form-urlencoded',
  'user-agent' => 'Mozilla/5.0 (Windows NT 10.0; Win64; x64) AppleWebKit/537.36 (KHTML, like Gecko) Chrome/83.0.4103.116 Safari/537.36',
  'accept' => 'application/json, text/plain, */*',
  'content-length' => '44',
  'connection' => 'close',
  'host' => '127.0.0.1',
)
[ info ] [ PARAM ] array (
  '{"token":"392851fe1f8884c5f353a55539fabbd7"}' => '',
)
[ info ] [ RUN ] app\personal\controller\Personal->collection[ D:\phpstudy_pro\WWW\nodejs\peanut\th5\application\personal\controller\Personal.php ]
[ info ] [ DB ] INIT mysql
[ info ] [ LOG ] INIT File
[ sql ] [ DB ] CONNECT:[ UseTime:0.105964s ] mysql:host=118.190.149.14;port=3306;dbname=peanut;charset=utf8
[ sql ] [ SQL ] SHOW COLUMNS FROM `peanut_collection_category` [ RunTime:0.073122s ]
[ sql ] [ SQL ] SELECT o.id o_id,`v`.*,`u`.*,`o`.*,`c`.* FROM `peanut_collection_category` `o` INNER JOIN `peanut_collection` `c` ON `o`.`collection_id`=`c`.`id` INNER JOIN `peanut_user` `u` ON `o`.`sell_id`=`u`.`id` INNER JOIN `peanut_vehicle` `v` ON `c`.`vehicle_id`=`v`.`vehicle_id` WHERE  `c`.`user_id` = 16 [ RunTime:0.074604s ]
---------------------------------------------------------------
[ 2020-07-12T10:11:55+08:00 ] 127.0.0.1 GET 127.0.0.1/nodejs/peanut/th5/public/homepage/Homepage/getcity
[运行时间：0.314182s] [吞吐率：3.18req/s] [内存消耗：2,524.81kb] [文件加载：47]
[ info ] [ LANG ] D:\phpstudy_pro\WWW\nodejs\peanut\th5\thinkphp\lang\zh-cn.php
[ info ] [ ROUTE ] array (
  'type' => 'module',
  'module' => 
  array (
    0 => 'homepage',
    1 => 'Homepage',
    2 => 'getcity',
  ),
)
[ info ] [ HEADER ] array (
  'accept-language' => 'zh-CN,zh;q=0.9',
  'accept-encoding' => 'gzip, deflate, br',
  'referer' => 'http://localhost:8080/',
  'sec-fetch-dest' => 'empty',
  'sec-fetch-mode' => 'cors',
  'sec-fetch-site' => 'cross-site',
  'origin' => 'http://localhost:8080',
  'user-agent' => 'Mozilla/5.0 (Windows NT 10.0; Win64; x64) AppleWebKit/537.36 (KHTML, like Gecko) Chrome/83.0.4103.116 Safari/537.36',
  'accept' => 'application/json, text/plain, */*',
  'connection' => 'close',
  'host' => '127.0.0.1',
)
[ info ] [ PARAM ] array (
)
[ info ] [ RUN ] app\homepage\controller\Homepage->getcity[ D:\phpstudy_pro\WWW\nodejs\peanut\th5\application\homepage\controller\Homepage.php ]
[ info ] [ DB ] INIT mysql
[ info ] [ LOG ] INIT File
[ sql ] [ DB ] CONNECT:[ UseTime:0.115052s ] mysql:host=118.190.149.14;port=3306;dbname=peanut;charset=utf8
[ sql ] [ SQL ] SHOW COLUMNS FROM `peanut_city` [ RunTime:0.077795s ]
[ sql ] [ SQL ] SELECT * FROM `peanut_city` [ RunTime:0.076260s ]
---------------------------------------------------------------
[ 2020-07-12T10:11:56+08:00 ] 127.0.0.1 POST 127.0.0.1/nodejs/peanut/th5/public/personal/Personal/userAuctioned
[运行时间：0.274754s] [吞吐率：3.64req/s] [内存消耗：2,602.47kb] [文件加载：47]
[ info ] [ LANG ] D:\phpstudy_pro\WWW\nodejs\peanut\th5\thinkphp\lang\zh-cn.php
[ info ] [ ROUTE ] array (
  'type' => 'module',
  'module' => 
  array (
    0 => 'personal',
    1 => 'Personal',
    2 => 'userAuctioned',
  ),
)
[ info ] [ HEADER ] array (
  'accept-language' => 'zh-CN,zh;q=0.9',
  'accept-encoding' => 'gzip, deflate, br',
  'referer' => 'http://localhost:8080/',
  'sec-fetch-dest' => 'empty',
  'sec-fetch-mode' => 'cors',
  'sec-fetch-site' => 'cross-site',
  'origin' => 'http://localhost:8080',
  'content-type' => 'application/x-www-form-urlencoded',
  'user-agent' => 'Mozilla/5.0 (Windows NT 10.0; Win64; x64) AppleWebKit/537.36 (KHTML, like Gecko) Chrome/83.0.4103.116 Safari/537.36',
  'accept' => 'application/json, text/plain, */*',
  'content-length' => '44',
  'connection' => 'close',
  'host' => '127.0.0.1',
)
[ info ] [ PARAM ] array (
  '{"token":"392851fe1f8884c5f353a55539fabbd7"}' => '',
)
[ info ] [ RUN ] app\personal\controller\Personal->userAuctioned[ D:\phpstudy_pro\WWW\nodejs\peanut\th5\application\personal\controller\Personal.php ]
[ info ] [ DB ] INIT mysql
[ info ] [ LOG ] INIT File
[ sql ] [ DB ] CONNECT:[ UseTime:0.101892s ] mysql:host=118.190.149.14;port=3306;dbname=peanut;charset=utf8
[ sql ] [ SQL ] SHOW COLUMNS FROM `peanut_vehicle` [ RunTime:0.068700s ]
[ sql ] [ SQL ] SELECT * FROM `peanut_vehicle` `v` INNER JOIN `peanut_user` `u` ON `v`.`sell_id`=`u`.`id` WHERE  `v`.`sell_id` = 16  AND `v`.`vehicle_state` = '已拍卖' [ RunTime:0.069204s ]
---------------------------------------------------------------
[ 2020-07-12T10:11:56+08:00 ] 127.0.0.1 POST 127.0.0.1/nodejs/peanut/th5/public/personal/Personal/peanutOrder
[运行时间：0.274357s] [吞吐率：3.64req/s] [内存消耗：2,618.39kb] [文件加载：47]
[ info ] [ LANG ] D:\phpstudy_pro\WWW\nodejs\peanut\th5\thinkphp\lang\zh-cn.php
[ info ] [ ROUTE ] array (
  'type' => 'module',
  'module' => 
  array (
    0 => 'personal',
    1 => 'Personal',
    2 => 'peanutOrder',
  ),
)
[ info ] [ HEADER ] array (
  'accept-language' => 'zh-CN,zh;q=0.9',
  'accept-encoding' => 'gzip, deflate, br',
  'referer' => 'http://localhost:8080/',
  'sec-fetch-dest' => 'empty',
  'sec-fetch-mode' => 'cors',
  'sec-fetch-site' => 'cross-site',
  'origin' => 'http://localhost:8080',
  'content-type' => 'application/x-www-form-urlencoded',
  'user-agent' => 'Mozilla/5.0 (Windows NT 10.0; Win64; x64) AppleWebKit/537.36 (KHTML, like Gecko) Chrome/83.0.4103.116 Safari/537.36',
  'accept' => 'application/json, text/plain, */*',
  'content-length' => '44',
  'connection' => 'close',
  'host' => '127.0.0.1',
)
[ info ] [ PARAM ] array (
  '{"token":"392851fe1f8884c5f353a55539fabbd7"}' => '',
)
[ info ] [ RUN ] app\personal\controller\Personal->peanutOrder[ D:\phpstudy_pro\WWW\nodejs\peanut\th5\application\personal\controller\Personal.php ]
[ info ] [ DB ] INIT mysql
[ info ] [ LOG ] INIT File
[ sql ] [ DB ] CONNECT:[ UseTime:0.099193s ] mysql:host=118.190.149.14;port=3306;dbname=peanut;charset=utf8
[ sql ] [ SQL ] SHOW COLUMNS FROM `peanut_order` [ RunTime:0.066726s ]
[ sql ] [ SQL ] SELECT o.state o_state,`v`.*,`u`.*,`o`.* FROM `peanut_order` `o` INNER JOIN `peanut_user` `u` ON `o`.`sell_id`=`u`.`id` INNER JOIN `peanut_vehicle` `v` ON `o`.`vehicle_id`=`v`.`vehicle_id` WHERE  `o`.`buy_id` = 16 [ RunTime:0.070648s ]
---------------------------------------------------------------
[ 2020-07-12T10:11:56+08:00 ] 127.0.0.1 POST 127.0.0.1/nodejs/peanut/th5/public/personal/Personal/userNotReviewed
[运行时间：0.299444s] [吞吐率：3.34req/s] [内存消耗：2,602.47kb] [文件加载：47]
[ info ] [ LANG ] D:\phpstudy_pro\WWW\nodejs\peanut\th5\thinkphp\lang\zh-cn.php
[ info ] [ ROUTE ] array (
  'type' => 'module',
  'module' => 
  array (
    0 => 'personal',
    1 => 'Personal',
    2 => 'userNotReviewed',
  ),
)
[ info ] [ HEADER ] array (
  'accept-language' => 'zh-CN,zh;q=0.9',
  'accept-encoding' => 'gzip, deflate, br',
  'referer' => 'http://localhost:8080/',
  'sec-fetch-dest' => 'empty',
  'sec-fetch-mode' => 'cors',
  'sec-fetch-site' => 'cross-site',
  'origin' => 'http://localhost:8080',
  'content-type' => 'application/x-www-form-urlencoded',
  'user-agent' => 'Mozilla/5.0 (Windows NT 10.0; Win64; x64) AppleWebKit/537.36 (KHTML, like Gecko) Chrome/83.0.4103.116 Safari/537.36',
  'accept' => 'application/json, text/plain, */*',
  'content-length' => '44',
  'connection' => 'close',
  'host' => '127.0.0.1',
)
[ info ] [ PARAM ] array (
  '{"token":"392851fe1f8884c5f353a55539fabbd7"}' => '',
)
[ info ] [ RUN ] app\personal\controller\Personal->userNotReviewed[ D:\phpstudy_pro\WWW\nodejs\peanut\th5\application\personal\controller\Personal.php ]
[ info ] [ DB ] INIT mysql
[ info ] [ LOG ] INIT File
[ sql ] [ DB ] CONNECT:[ UseTime:0.112296s ] mysql:host=118.190.149.14;port=3306;dbname=peanut;charset=utf8
[ sql ] [ SQL ] SHOW COLUMNS FROM `peanut_vehicle` [ RunTime:0.075576s ]
[ sql ] [ SQL ] SELECT * FROM `peanut_vehicle` `v` INNER JOIN `peanut_user` `u` ON `v`.`sell_id`=`u`.`id` WHERE  `v`.`sell_id` = 16  AND `v`.`vehicle_state` = '未审核' [ RunTime:0.076293s ]
---------------------------------------------------------------
[ 2020-07-12T10:11:56+08:00 ] 127.0.0.1 POST 127.0.0.1/nodejs/peanut/th5/public/personal/Personal/userAtAuction
[运行时间：0.314794s] [吞吐率：3.18req/s] [内存消耗：2,604.02kb] [文件加载：47]
[ info ] [ LANG ] D:\phpstudy_pro\WWW\nodejs\peanut\th5\thinkphp\lang\zh-cn.php
[ info ] [ ROUTE ] array (
  'type' => 'module',
  'module' => 
  array (
    0 => 'personal',
    1 => 'Personal',
    2 => 'userAtAuction',
  ),
)
[ info ] [ HEADER ] array (
  'accept-language' => 'zh-CN,zh;q=0.9',
  'accept-encoding' => 'gzip, deflate, br',
  'referer' => 'http://localhost:8080/',
  'sec-fetch-dest' => 'empty',
  'sec-fetch-mode' => 'cors',
  'sec-fetch-site' => 'cross-site',
  'origin' => 'http://localhost:8080',
  'content-type' => 'application/x-www-form-urlencoded',
  'user-agent' => 'Mozilla/5.0 (Windows NT 10.0; Win64; x64) AppleWebKit/537.36 (KHTML, like Gecko) Chrome/83.0.4103.116 Safari/537.36',
  'accept' => 'application/json, text/plain, */*',
  'content-length' => '44',
  'connection' => 'close',
  'host' => '127.0.0.1',
)
[ info ] [ PARAM ] array (
  '{"token":"392851fe1f8884c5f353a55539fabbd7"}' => '',
)
[ info ] [ RUN ] app\personal\controller\Personal->userAtAuction[ D:\phpstudy_pro\WWW\nodejs\peanut\th5\application\personal\controller\Personal.php ]
[ info ] [ DB ] INIT mysql
[ info ] [ LOG ] INIT File
[ sql ] [ DB ] CONNECT:[ UseTime:0.118696s ] mysql:host=118.190.149.14;port=3306;dbname=peanut;charset=utf8
[ sql ] [ SQL ] SHOW COLUMNS FROM `peanut_vehicle` [ RunTime:0.079178s ]
[ sql ] [ SQL ] SELECT * FROM `peanut_vehicle` `v` INNER JOIN `peanut_user` `u` ON `v`.`sell_id`=`u`.`id` WHERE  `v`.`sell_id` = 16  AND `v`.`vehicle_state` = '拍卖中' [ RunTime:0.080963s ]
---------------------------------------------------------------
[ 2020-07-12T10:11:56+08:00 ] 127.0.0.1 POST 127.0.0.1/nodejs/peanut/th5/public/personal/Personal/sellingCars
[运行时间：0.284352s] [吞吐率：3.52req/s] [内存消耗：2,618.55kb] [文件加载：47]
[ info ] [ LANG ] D:\phpstudy_pro\WWW\nodejs\peanut\th5\thinkphp\lang\zh-cn.php
[ info ] [ ROUTE ] array (
  'type' => 'module',
  'module' => 
  array (
    0 => 'personal',
    1 => 'Personal',
    2 => 'sellingCars',
  ),
)
[ info ] [ HEADER ] array (
  'accept-language' => 'zh-CN,zh;q=0.9',
  'accept-encoding' => 'gzip, deflate, br',
  'referer' => 'http://localhost:8080/',
  'sec-fetch-dest' => 'empty',
  'sec-fetch-mode' => 'cors',
  'sec-fetch-site' => 'cross-site',
  'origin' => 'http://localhost:8080',
  'content-type' => 'application/x-www-form-urlencoded',
  'user-agent' => 'Mozilla/5.0 (Windows NT 10.0; Win64; x64) AppleWebKit/537.36 (KHTML, like Gecko) Chrome/83.0.4103.116 Safari/537.36',
  'accept' => 'application/json, text/plain, */*',
  'content-length' => '44',
  'connection' => 'close',
  'host' => '127.0.0.1',
)
[ info ] [ PARAM ] array (
  '{"token":"392851fe1f8884c5f353a55539fabbd7"}' => '',
)
[ info ] [ RUN ] app\personal\controller\Personal->sellingCars[ D:\phpstudy_pro\WWW\nodejs\peanut\th5\application\personal\controller\Personal.php ]
[ info ] [ DB ] INIT mysql
[ info ] [ LOG ] INIT File
[ sql ] [ DB ] CONNECT:[ UseTime:0.104951s ] mysql:host=118.190.149.14;port=3306;dbname=peanut;charset=utf8
[ sql ] [ SQL ] SHOW COLUMNS FROM `peanut_order` [ RunTime:0.069666s ]
[ sql ] [ SQL ] SELECT o.state o_state,`v`.*,`u`.*,`o`.* FROM `peanut_order` `o` INNER JOIN `peanut_user` `u` ON `o`.`buy_id`=`u`.`id` INNER JOIN `peanut_vehicle` `v` ON `o`.`vehicle_id`=`v`.`vehicle_id` WHERE  `o`.`sell_id` = 16  AND `o`.`state` = '交易完成' [ RunTime:0.073718s ]
---------------------------------------------------------------
[ 2020-07-12T10:12:05+08:00 ] 127.0.0.1 GET 127.0.0.1/nodejs/peanut/th5/public/homepage/Homepage/carbran
[运行时间：0.253333s] [吞吐率：3.95req/s] [内存消耗：2,524.33kb] [文件加载：47]
[ info ] [ LANG ] D:\phpstudy_pro\WWW\nodejs\peanut\th5\thinkphp\lang\zh-cn.php
[ info ] [ ROUTE ] array (
  'type' => 'module',
  'module' => 
  array (
    0 => 'homepage',
    1 => 'Homepage',
    2 => 'carbran',
  ),
)
[ info ] [ HEADER ] array (
  'accept-language' => 'zh-CN,zh;q=0.9',
  'accept-encoding' => 'gzip, deflate, br',
  'referer' => 'http://localhost:8080/',
  'sec-fetch-dest' => 'empty',
  'sec-fetch-mode' => 'cors',
  'sec-fetch-site' => 'cross-site',
  'origin' => 'http://localhost:8080',
  'user-agent' => 'Mozilla/5.0 (Windows NT 10.0; Win64; x64) AppleWebKit/537.36 (KHTML, like Gecko) Chrome/83.0.4103.116 Safari/537.36',
  'accept' => 'application/json, text/plain, */*',
  'connection' => 'close',
  'host' => '127.0.0.1',
)
[ info ] [ PARAM ] array (
)
[ info ] [ RUN ] app\homepage\controller\Homepage->carbran[ D:\phpstudy_pro\WWW\nodejs\peanut\th5\application\homepage\controller\Homepage.php ]
[ info ] [ DB ] INIT mysql
[ info ] [ LOG ] INIT File
[ sql ] [ DB ] CONNECT:[ UseTime:0.095028s ] mysql:host=118.190.149.14;port=3306;dbname=peanut;charset=utf8
[ sql ] [ SQL ] SHOW COLUMNS FROM `peanut_brand` [ RunTime:0.063584s ]
[ sql ] [ SQL ] SELECT * FROM `peanut_brand` [ RunTime:0.062440s ]
---------------------------------------------------------------
[ 2020-07-12T10:12:05+08:00 ] 127.0.0.1 POST 127.0.0.1/nodejs/peanut/th5/public/homepage/Homepage/getuserinfo
[运行时间：0.266940s] [吞吐率：3.75req/s] [内存消耗：2,528.21kb] [文件加载：47]
[ info ] [ LANG ] D:\phpstudy_pro\WWW\nodejs\peanut\th5\thinkphp\lang\zh-cn.php
[ info ] [ ROUTE ] array (
  'type' => 'module',
  'module' => 
  array (
    0 => 'homepage',
    1 => 'Homepage',
    2 => 'getuserinfo',
  ),
)
[ info ] [ HEADER ] array (
  'accept-language' => 'zh-CN,zh;q=0.9',
  'accept-encoding' => 'gzip, deflate, br',
  'referer' => 'http://localhost:8080/',
  'sec-fetch-dest' => 'empty',
  'sec-fetch-mode' => 'cors',
  'sec-fetch-site' => 'cross-site',
  'origin' => 'http://localhost:8080',
  'content-type' => 'application/x-www-form-urlencoded',
  'user-agent' => 'Mozilla/5.0 (Windows NT 10.0; Win64; x64) AppleWebKit/537.36 (KHTML, like Gecko) Chrome/83.0.4103.116 Safari/537.36',
  'accept' => 'application/json, text/plain, */*',
  'content-length' => '48',
  'connection' => 'close',
  'host' => '127.0.0.1',
)
[ info ] [ PARAM ] array (
  '{"usertoken":"392851fe1f8884c5f353a55539fabbd7"}' => '',
)
[ info ] [ RUN ] app\homepage\controller\Homepage->getuserinfo[ D:\phpstudy_pro\WWW\nodejs\peanut\th5\application\homepage\controller\Homepage.php ]
[ info ] [ DB ] INIT mysql
[ info ] [ LOG ] INIT File
[ sql ] [ DB ] CONNECT:[ UseTime:0.095575s ] mysql:host=118.190.149.14;port=3306;dbname=peanut;charset=utf8
[ sql ] [ SQL ] SHOW COLUMNS FROM `peanut_user` [ RunTime:0.066799s ]
[ sql ] [ SQL ] SELECT * FROM `peanut_user` WHERE  `id` = 16 LIMIT 1 [ RunTime:0.065180s ]
---------------------------------------------------------------
[ 2020-07-12T10:12:05+08:00 ] 127.0.0.1 POST 127.0.0.1/nodejs/peanut/th5/public/anotice/index/index
[运行时间：0.319768s] [吞吐率：3.13req/s] [内存消耗：2,501.40kb] [文件加载：47]
[ info ] [ LANG ] D:\phpstudy_pro\WWW\nodejs\peanut\th5\thinkphp\lang\zh-cn.php
[ info ] [ ROUTE ] array (
  'type' => 'module',
  'module' => 
  array (
    0 => 'anotice',
    1 => 'index',
    2 => 'index',
  ),
)
[ info ] [ HEADER ] array (
  'accept-language' => 'zh-CN,zh;q=0.9',
  'accept-encoding' => 'gzip, deflate, br',
  'referer' => 'http://localhost:8080/',
  'sec-fetch-dest' => 'empty',
  'sec-fetch-mode' => 'cors',
  'sec-fetch-site' => 'cross-site',
  'origin' => 'http://localhost:8080',
  'content-type' => 'application/x-www-form-urlencoded',
  'user-agent' => 'Mozilla/5.0 (Windows NT 10.0; Win64; x64) AppleWebKit/537.36 (KHTML, like Gecko) Chrome/83.0.4103.116 Safari/537.36',
  'accept' => 'application/json, text/plain, */*',
  'content-length' => '0',
  'connection' => 'close',
  'host' => '127.0.0.1',
)
[ info ] [ PARAM ] array (
)
[ info ] [ RUN ] app\anotice\controller\Index->index[ D:\phpstudy_pro\WWW\nodejs\peanut\th5\application\anotice\controller\Index.php ]
[ info ] [ DB ] INIT mysql
[ info ] [ LOG ] INIT File
[ sql ] [ DB ] CONNECT:[ UseTime:0.118841s ] mysql:host=118.190.149.14;port=3306;dbname=peanut;charset=utf8
[ sql ] [ SQL ] SHOW COLUMNS FROM `peanut_notice` [ RunTime:0.079349s ]
[ sql ] [ SQL ] SELECT * FROM `peanut_notice` [ RunTime:0.078443s ]
---------------------------------------------------------------
[ 2020-07-12T10:12:05+08:00 ] 127.0.0.1 GET 127.0.0.1/nodejs/peanut/th5/public/homepage/Homepage/carstyle
[运行时间：0.322305s] [吞吐率：3.10req/s] [内存消耗：2,522.77kb] [文件加载：47]
[ info ] [ LANG ] D:\phpstudy_pro\WWW\nodejs\peanut\th5\thinkphp\lang\zh-cn.php
[ info ] [ ROUTE ] array (
  'type' => 'module',
  'module' => 
  array (
    0 => 'homepage',
    1 => 'Homepage',
    2 => 'carstyle',
  ),
)
[ info ] [ HEADER ] array (
  'accept-language' => 'zh-CN,zh;q=0.9',
  'accept-encoding' => 'gzip, deflate, br',
  'referer' => 'http://localhost:8080/',
  'sec-fetch-dest' => 'empty',
  'sec-fetch-mode' => 'cors',
  'sec-fetch-site' => 'cross-site',
  'origin' => 'http://localhost:8080',
  'user-agent' => 'Mozilla/5.0 (Windows NT 10.0; Win64; x64) AppleWebKit/537.36 (KHTML, like Gecko) Chrome/83.0.4103.116 Safari/537.36',
  'accept' => 'application/json, text/plain, */*',
  'connection' => 'close',
  'host' => '127.0.0.1',
)
[ info ] [ PARAM ] array (
)
[ info ] [ RUN ] app\homepage\controller\Homepage->carstyle[ D:\phpstudy_pro\WWW\nodejs\peanut\th5\application\homepage\controller\Homepage.php ]
[ info ] [ DB ] INIT mysql
[ info ] [ LOG ] INIT File
[ sql ] [ DB ] CONNECT:[ UseTime:0.116889s ] mysql:host=118.190.149.14;port=3306;dbname=peanut;charset=utf8
[ sql ] [ SQL ] SHOW COLUMNS FROM `peanut_style` [ RunTime:0.077709s ]
[ sql ] [ SQL ] SELECT * FROM `peanut_style` [ RunTime:0.078010s ]
---------------------------------------------------------------
[ 2020-07-12T10:12:05+08:00 ] 127.0.0.1 GET 127.0.0.1/nodejs/peanut/th5/public/homepage/Homepage/getcity
[运行时间：0.328033s] [吞吐率：3.05req/s] [内存消耗：2,524.81kb] [文件加载：47]
[ info ] [ LANG ] D:\phpstudy_pro\WWW\nodejs\peanut\th5\thinkphp\lang\zh-cn.php
[ info ] [ ROUTE ] array (
  'type' => 'module',
  'module' => 
  array (
    0 => 'homepage',
    1 => 'Homepage',
    2 => 'getcity',
  ),
)
[ info ] [ HEADER ] array (
  'accept-language' => 'zh-CN,zh;q=0.9',
  'accept-encoding' => 'gzip, deflate, br',
  'referer' => 'http://localhost:8080/',
  'sec-fetch-dest' => 'empty',
  'sec-fetch-mode' => 'cors',
  'sec-fetch-site' => 'cross-site',
  'origin' => 'http://localhost:8080',
  'user-agent' => 'Mozilla/5.0 (Windows NT 10.0; Win64; x64) AppleWebKit/537.36 (KHTML, like Gecko) Chrome/83.0.4103.116 Safari/537.36',
  'accept' => 'application/json, text/plain, */*',
  'connection' => 'close',
  'host' => '127.0.0.1',
)
[ info ] [ PARAM ] array (
)
[ info ] [ RUN ] app\homepage\controller\Homepage->getcity[ D:\phpstudy_pro\WWW\nodejs\peanut\th5\application\homepage\controller\Homepage.php ]
[ info ] [ DB ] INIT mysql
[ info ] [ LOG ] INIT File
[ sql ] [ DB ] CONNECT:[ UseTime:0.124098s ] mysql:host=118.190.149.14;port=3306;dbname=peanut;charset=utf8
[ sql ] [ SQL ] SHOW COLUMNS FROM `peanut_city` [ RunTime:0.083394s ]
[ sql ] [ SQL ] SELECT * FROM `peanut_city` [ RunTime:0.082730s ]
---------------------------------------------------------------
[ 2020-07-12T10:12:05+08:00 ] 127.0.0.1 GET 127.0.0.1/nodejs/peanut/th5/public/homepage/Homepage/carprice
[运行时间：0.359082s] [吞吐率：2.78req/s] [内存消耗：2,521.92kb] [文件加载：47]
[ info ] [ LANG ] D:\phpstudy_pro\WWW\nodejs\peanut\th5\thinkphp\lang\zh-cn.php
[ info ] [ ROUTE ] array (
  'type' => 'module',
  'module' => 
  array (
    0 => 'homepage',
    1 => 'Homepage',
    2 => 'carprice',
  ),
)
[ info ] [ HEADER ] array (
  'accept-language' => 'zh-CN,zh;q=0.9',
  'accept-encoding' => 'gzip, deflate, br',
  'referer' => 'http://localhost:8080/',
  'sec-fetch-dest' => 'empty',
  'sec-fetch-mode' => 'cors',
  'sec-fetch-site' => 'cross-site',
  'origin' => 'http://localhost:8080',
  'user-agent' => 'Mozilla/5.0 (Windows NT 10.0; Win64; x64) AppleWebKit/537.36 (KHTML, like Gecko) Chrome/83.0.4103.116 Safari/537.36',
  'accept' => 'application/json, text/plain, */*',
  'connection' => 'close',
  'host' => '127.0.0.1',
)
[ info ] [ PARAM ] array (
)
[ info ] [ RUN ] app\homepage\controller\Homepage->carprice[ D:\phpstudy_pro\WWW\nodejs\peanut\th5\application\homepage\controller\Homepage.php ]
[ info ] [ DB ] INIT mysql
[ info ] [ LOG ] INIT File
[ sql ] [ DB ] CONNECT:[ UseTime:0.134363s ] mysql:host=118.190.149.14;port=3306;dbname=peanut;charset=utf8
[ sql ] [ SQL ] SHOW COLUMNS FROM `peanut_price` [ RunTime:0.091761s ]
[ sql ] [ SQL ] SELECT * FROM `peanut_price` [ RunTime:0.088411s ]
---------------------------------------------------------------
[ 2020-07-12T10:12:05+08:00 ] 127.0.0.1 GET 127.0.0.1/nodejs/peanut/th5/public/homepage/Homepage/getreccar
[运行时间：0.296454s] [吞吐率：3.37req/s] [内存消耗：2,529.41kb] [文件加载：47]
[ info ] [ LANG ] D:\phpstudy_pro\WWW\nodejs\peanut\th5\thinkphp\lang\zh-cn.php
[ info ] [ ROUTE ] array (
  'type' => 'module',
  'module' => 
  array (
    0 => 'homepage',
    1 => 'Homepage',
    2 => 'getreccar',
  ),
)
[ info ] [ HEADER ] array (
  'accept-language' => 'zh-CN,zh;q=0.9',
  'accept-encoding' => 'gzip, deflate, br',
  'referer' => 'http://localhost:8080/',
  'sec-fetch-dest' => 'empty',
  'sec-fetch-mode' => 'cors',
  'sec-fetch-site' => 'cross-site',
  'origin' => 'http://localhost:8080',
  'user-agent' => 'Mozilla/5.0 (Windows NT 10.0; Win64; x64) AppleWebKit/537.36 (KHTML, like Gecko) Chrome/83.0.4103.116 Safari/537.36',
  'accept' => 'application/json, text/plain, */*',
  'connection' => 'close',
  'host' => '127.0.0.1',
)
[ info ] [ PARAM ] array (
)
[ info ] [ RUN ] app\homepage\controller\Homepage->getreccar[ D:\phpstudy_pro\WWW\nodejs\peanut\th5\application\homepage\controller\Homepage.php ]
[ info ] [ DB ] INIT mysql
[ info ] [ LOG ] INIT File
[ sql ] [ DB ] CONNECT:[ UseTime:0.103982s ] mysql:host=118.190.149.14;port=3306;dbname=peanut;charset=utf8
[ sql ] [ SQL ] SHOW COLUMNS FROM `peanut_vehicle` [ RunTime:0.071814s ]
[ sql ] [ SQL ] SELECT * FROM `peanut_vehicle` LIMIT 8 [ RunTime:0.068456s ]
---------------------------------------------------------------
[ 2020-07-12T10:13:52+08:00 ] 127.0.0.1 GET 127.0.0.1/nodejs/peanut/th5/public/homepage/Homepage/getcity
[运行时间：0.288541s] [吞吐率：3.47req/s] [内存消耗：2,525.26kb] [文件加载：47]
[ info ] [ LANG ] D:\phpstudy_pro\WWW\nodejs\peanut\th5\thinkphp\lang\zh-cn.php
[ info ] [ ROUTE ] array (
  'type' => 'module',
  'module' => 
  array (
    0 => 'homepage',
    1 => 'Homepage',
    2 => 'getcity',
  ),
)
[ info ] [ HEADER ] array (
  'accept-language' => 'zh-CN,zh;q=0.9',
  'accept-encoding' => 'gzip, deflate, br',
  'referer' => 'http://localhost:8080/',
  'sec-fetch-dest' => 'empty',
  'sec-fetch-mode' => 'cors',
  'sec-fetch-site' => 'cross-site',
  'origin' => 'http://localhost:8080',
  'user-agent' => 'Mozilla/5.0 (Windows NT 10.0; Win64; x64) AppleWebKit/537.36 (KHTML, like Gecko) Chrome/83.0.4103.116 Safari/537.36',
  'accept' => 'application/json, text/plain, */*',
  'connection' => 'close',
  'host' => '127.0.0.1',
)
[ info ] [ PARAM ] array (
)
[ info ] [ RUN ] app\homepage\controller\Homepage->getcity[ D:\phpstudy_pro\WWW\nodejs\peanut\th5\application\homepage\controller\Homepage.php ]
[ info ] [ DB ] INIT mysql
[ info ] [ LOG ] INIT File
[ sql ] [ DB ] CONNECT:[ UseTime:0.108218s ] mysql:host=118.190.149.14;port=3306;dbname=peanut;charset=utf8
[ sql ] [ SQL ] SHOW COLUMNS FROM `peanut_city` [ RunTime:0.070141s ]
[ sql ] [ SQL ] SELECT * FROM `peanut_city` [ RunTime:0.069362s ]
---------------------------------------------------------------
[ 2020-07-12T10:13:52+08:00 ] 127.0.0.1 GET 127.0.0.1/nodejs/peanut/th5/public/sellcar/Sellcar/getcartab
[运行时间：0.286909s] [吞吐率：3.49req/s] [内存消耗：2,508.92kb] [文件加载：47]
[ info ] [ LANG ] D:\phpstudy_pro\WWW\nodejs\peanut\th5\thinkphp\lang\zh-cn.php
[ info ] [ ROUTE ] array (
  'type' => 'module',
  'module' => 
  array (
    0 => 'sellcar',
    1 => 'Sellcar',
    2 => 'getcartab',
  ),
)
[ info ] [ HEADER ] array (
  'accept-language' => 'zh-CN,zh;q=0.9',
  'accept-encoding' => 'gzip, deflate, br',
  'referer' => 'http://localhost:8080/',
  'sec-fetch-dest' => 'empty',
  'sec-fetch-mode' => 'cors',
  'sec-fetch-site' => 'cross-site',
  'origin' => 'http://localhost:8080',
  'user-agent' => 'Mozilla/5.0 (Windows NT 10.0; Win64; x64) AppleWebKit/537.36 (KHTML, like Gecko) Chrome/83.0.4103.116 Safari/537.36',
  'accept' => 'application/json, text/plain, */*',
  'connection' => 'close',
  'host' => '127.0.0.1',
)
[ info ] [ PARAM ] array (
)
[ info ] [ RUN ] app\sellcar\controller\Sellcar->getcartab[ D:\phpstudy_pro\WWW\nodejs\peanut\th5\application\sellcar\controller\Sellcar.php ]
[ info ] [ DB ] INIT mysql
[ info ] [ LOG ] INIT File
[ sql ] [ DB ] CONNECT:[ UseTime:0.105075s ] mysql:host=118.190.149.14;port=3306;dbname=peanut;charset=utf8
[ sql ] [ SQL ] SHOW COLUMNS FROM `peanut_tab` [ RunTime:0.071860s ]
[ sql ] [ SQL ] SELECT * FROM `peanut_tab` [ RunTime:0.069238s ]
---------------------------------------------------------------
[ 2020-07-12T10:13:52+08:00 ] 127.0.0.1 POST 127.0.0.1/nodejs/peanut/th5/public/homepage/Homepage/getuserinfo
[运行时间：0.307509s] [吞吐率：3.25req/s] [内存消耗：2,528.21kb] [文件加载：47]
[ info ] [ LANG ] D:\phpstudy_pro\WWW\nodejs\peanut\th5\thinkphp\lang\zh-cn.php
[ info ] [ ROUTE ] array (
  'type' => 'module',
  'module' => 
  array (
    0 => 'homepage',
    1 => 'Homepage',
    2 => 'getuserinfo',
  ),
)
[ info ] [ HEADER ] array (
  'accept-language' => 'zh-CN,zh;q=0.9',
  'accept-encoding' => 'gzip, deflate, br',
  'referer' => 'http://localhost:8080/',
  'sec-fetch-dest' => 'empty',
  'sec-fetch-mode' => 'cors',
  'sec-fetch-site' => 'cross-site',
  'origin' => 'http://localhost:8080',
  'content-type' => 'application/x-www-form-urlencoded',
  'user-agent' => 'Mozilla/5.0 (Windows NT 10.0; Win64; x64) AppleWebKit/537.36 (KHTML, like Gecko) Chrome/83.0.4103.116 Safari/537.36',
  'accept' => 'application/json, text/plain, */*',
  'content-length' => '48',
  'connection' => 'close',
  'host' => '127.0.0.1',
)
[ info ] [ PARAM ] array (
  '{"usertoken":"392851fe1f8884c5f353a55539fabbd7"}' => '',
)
[ info ] [ RUN ] app\homepage\controller\Homepage->getuserinfo[ D:\phpstudy_pro\WWW\nodejs\peanut\th5\application\homepage\controller\Homepage.php ]
[ info ] [ DB ] INIT mysql
[ info ] [ LOG ] INIT File
[ sql ] [ DB ] CONNECT:[ UseTime:0.112858s ] mysql:host=118.190.149.14;port=3306;dbname=peanut;charset=utf8
[ sql ] [ SQL ] SHOW COLUMNS FROM `peanut_user` [ RunTime:0.077466s ]
[ sql ] [ SQL ] SELECT * FROM `peanut_user` WHERE  `id` = 16 LIMIT 1 [ RunTime:0.072136s ]
---------------------------------------------------------------
[ 2020-07-12T10:13:52+08:00 ] 127.0.0.1 GET 127.0.0.1/nodejs/peanut/th5/public/sellcar/Sellcar/getsellcity
[运行时间：0.310141s] [吞吐率：3.22req/s] [内存消耗：2,512.41kb] [文件加载：47]
[ info ] [ LANG ] D:\phpstudy_pro\WWW\nodejs\peanut\th5\thinkphp\lang\zh-cn.php
[ info ] [ ROUTE ] array (
  'type' => 'module',
  'module' => 
  array (
    0 => 'sellcar',
    1 => 'Sellcar',
    2 => 'getsellcity',
  ),
)
[ info ] [ HEADER ] array (
  'accept-language' => 'zh-CN,zh;q=0.9',
  'accept-encoding' => 'gzip, deflate, br',
  'referer' => 'http://localhost:8080/',
  'sec-fetch-dest' => 'empty',
  'sec-fetch-mode' => 'cors',
  'sec-fetch-site' => 'cross-site',
  'origin' => 'http://localhost:8080',
  'user-agent' => 'Mozilla/5.0 (Windows NT 10.0; Win64; x64) AppleWebKit/537.36 (KHTML, like Gecko) Chrome/83.0.4103.116 Safari/537.36',
  'accept' => 'application/json, text/plain, */*',
  'connection' => 'close',
  'host' => '127.0.0.1',
)
[ info ] [ PARAM ] array (
)
[ info ] [ RUN ] app\sellcar\controller\Sellcar->getsellcity[ D:\phpstudy_pro\WWW\nodejs\peanut\th5\application\sellcar\controller\Sellcar.php ]
[ info ] [ DB ] INIT mysql
[ info ] [ LOG ] INIT File
[ sql ] [ DB ] CONNECT:[ UseTime:0.115774s ] mysql:host=118.190.149.14;port=3306;dbname=peanut;charset=utf8
[ sql ] [ SQL ] SHOW COLUMNS FROM `peanut_city` [ RunTime:0.074766s ]
[ sql ] [ SQL ] SELECT * FROM `peanut_city` [ RunTime:0.074210s ]
---------------------------------------------------------------
[ 2020-07-12T10:13:53+08:00 ] 127.0.0.1 GET 127.0.0.1/nodejs/peanut/th5/public/sellcar/Sellcar/showaction
[运行时间：0.341211s] [吞吐率：2.93req/s] [内存消耗：2,509.23kb] [文件加载：47]
[ info ] [ LANG ] D:\phpstudy_pro\WWW\nodejs\peanut\th5\thinkphp\lang\zh-cn.php
[ info ] [ ROUTE ] array (
  'type' => 'module',
  'module' => 
  array (
    0 => 'sellcar',
    1 => 'Sellcar',
    2 => 'showaction',
  ),
)
[ info ] [ HEADER ] array (
  'accept-language' => 'zh-CN,zh;q=0.9',
  'accept-encoding' => 'gzip, deflate, br',
  'referer' => 'http://localhost:8080/',
  'sec-fetch-dest' => 'empty',
  'sec-fetch-mode' => 'cors',
  'sec-fetch-site' => 'cross-site',
  'origin' => 'http://localhost:8080',
  'user-agent' => 'Mozilla/5.0 (Windows NT 10.0; Win64; x64) AppleWebKit/537.36 (KHTML, like Gecko) Chrome/83.0.4103.116 Safari/537.36',
  'accept' => 'application/json, text/plain, */*',
  'connection' => 'close',
  'host' => '127.0.0.1',
)
[ info ] [ PARAM ] array (
)
[ info ] [ RUN ] app\sellcar\controller\Sellcar->showaction[ D:\phpstudy_pro\WWW\nodejs\peanut\th5\application\sellcar\controller\Sellcar.php ]
[ info ] [ DB ] INIT mysql
[ info ] [ LOG ] INIT File
[ sql ] [ DB ] CONNECT:[ UseTime:0.123021s ] mysql:host=118.190.149.14;port=3306;dbname=peanut;charset=utf8
[ sql ] [ SQL ] SHOW COLUMNS FROM `peanut_auction` [ RunTime:0.083525s ]
[ sql ] [ SQL ] SELECT * FROM `peanut_auction` [ RunTime:0.084348s ]
---------------------------------------------------------------
[ 2020-07-12T10:13:53+08:00 ] 127.0.0.1 GET 127.0.0.1/nodejs/peanut/th5/public/sellcar/Sellcar/getSeries
[运行时间：0.445398s] [吞吐率：2.25req/s] [内存消耗：2,512.72kb] [文件加载：47]
[ info ] [ LANG ] D:\phpstudy_pro\WWW\nodejs\peanut\th5\thinkphp\lang\zh-cn.php
[ info ] [ ROUTE ] array (
  'type' => 'module',
  'module' => 
  array (
    0 => 'sellcar',
    1 => 'Sellcar',
    2 => 'getSeries',
  ),
)
[ info ] [ HEADER ] array (
  'accept-language' => 'zh-CN,zh;q=0.9',
  'accept-encoding' => 'gzip, deflate, br',
  'referer' => 'http://localhost:8080/',
  'sec-fetch-dest' => 'empty',
  'sec-fetch-mode' => 'cors',
  'sec-fetch-site' => 'cross-site',
  'origin' => 'http://localhost:8080',
  'user-agent' => 'Mozilla/5.0 (Windows NT 10.0; Win64; x64) AppleWebKit/537.36 (KHTML, like Gecko) Chrome/83.0.4103.116 Safari/537.36',
  'accept' => 'application/json, text/plain, */*',
  'connection' => 'close',
  'host' => '127.0.0.1',
)
[ info ] [ PARAM ] array (
)
[ info ] [ RUN ] app\sellcar\controller\Sellcar->getSeries[ D:\phpstudy_pro\WWW\nodejs\peanut\th5\application\sellcar\controller\Sellcar.php ]
[ info ] [ DB ] INIT mysql
[ info ] [ LOG ] INIT File
[ sql ] [ DB ] CONNECT:[ UseTime:0.108181s ] mysql:host=118.190.149.14;port=3306;dbname=peanut;charset=utf8
[ sql ] [ SQL ] SHOW COLUMNS FROM `peanut_series` [ RunTime:0.071612s ]
[ sql ] [ SQL ] SELECT series_id as value,series_name as label,`brand_id` FROM `peanut_series` [ RunTime:0.074164s ]
[ sql ] [ SQL ] SHOW COLUMNS FROM `peanut_brand` [ RunTime:0.075999s ]
[ sql ] [ SQL ] SELECT brand_id as value,brand_name as label FROM `peanut_brand` [ RunTime:0.073235s ]
---------------------------------------------------------------
[ 2020-07-12T10:15:45+08:00 ] 127.0.0.1 POST 127.0.0.1/nodejs/peanut/th5/public/anotice/index/index
[运行时间：0.619214s] [吞吐率：1.61req/s] [内存消耗：2,501.40kb] [文件加载：47]
[ info ] [ LANG ] D:\phpstudy_pro\WWW\nodejs\peanut\th5\thinkphp\lang\zh-cn.php
[ info ] [ ROUTE ] array (
  'type' => 'module',
  'module' => 
  array (
    0 => 'anotice',
    1 => 'index',
    2 => 'index',
  ),
)
[ info ] [ HEADER ] array (
  'accept-language' => 'zh-CN,zh;q=0.9',
  'accept-encoding' => 'gzip, deflate, br',
  'referer' => 'http://localhost:8080/',
  'sec-fetch-dest' => 'empty',
  'sec-fetch-mode' => 'cors',
  'sec-fetch-site' => 'cross-site',
  'origin' => 'http://localhost:8080',
  'content-type' => 'application/x-www-form-urlencoded',
  'user-agent' => 'Mozilla/5.0 (Windows NT 10.0; Win64; x64) AppleWebKit/537.36 (KHTML, like Gecko) Chrome/83.0.4103.116 Safari/537.36',
  'accept' => 'application/json, text/plain, */*',
  'content-length' => '0',
  'connection' => 'close',
  'host' => '127.0.0.1',
)
[ info ] [ PARAM ] array (
)
[ info ] [ RUN ] app\anotice\controller\Index->index[ D:\phpstudy_pro\WWW\nodejs\peanut\th5\application\anotice\controller\Index.php ]
[ info ] [ DB ] INIT mysql
[ info ] [ LOG ] INIT File
[ sql ] [ DB ] CONNECT:[ UseTime:0.207136s ] mysql:host=118.190.149.14;port=3306;dbname=peanut;charset=utf8
[ sql ] [ SQL ] SHOW COLUMNS FROM `peanut_notice` [ RunTime:0.118005s ]
[ sql ] [ SQL ] SELECT * FROM `peanut_notice` [ RunTime:0.123021s ]
 [ RunTime:0.117187s ]
[ sql ] [ SQL ] SELECT * FROM `peanut_user` WHERE  `id` = 16 LIMIT 1 [ RunTime:0.122764s ]
---------------------------------------------------------------
[ 2020-07-12T10:15:45+08:00 ] 127.0.0.1 GET 127.0.0.1/nodejs/peanut/th5/public/homepage/Homepage/getcity
[运行时间：0.798128s] [吞吐率：1.25req/s] [内存消耗：2,525.45kb] [文件加载：47]
[ info ] [ LANG ] D:\phpstudy_pro\WWW\nodejs\peanut\th5\thinkphp\lang\zh-cn.php
[ info ] [ ROUTE ] array (
  'type' => 'module',
  'module' => 
  array (
    0 => 'homepage',
    1 => 'Homepage',
    2 => 'getcity',
  ),
)
[ info ] [ HEADER ] array (
  'accept-language' => 'zh-CN,zh;q=0.9',
  'accept-encoding' => 'gzip, deflate, br',
  'referer' => 'http://localhost:8080/',
  'sec-fetch-dest' => 'empty',
  'sec-fetch-mode' => 'cors',
  'sec-fetch-site' => 'cross-site',
  'origin' => 'http://localhost:8080',
  'user-agent' => 'Mozilla/5.0 (Windows NT 10.0; Win64; x64) AppleWebKit/537.36 (KHTML, like Gecko) Chrome/83.0.4103.116 Safari/537.36',
  'accept' => 'application/json, text/plain, */*',
  'connection' => 'close',
  'host' => '127.0.0.1',
)
[ info ] [ PARAM ] array (
)
[ info ] [ RUN ] app\homepage\controller\Homepage->getcity[ D:\phpstudy_pro\WWW\nodejs\peanut\th5\application\homepage\controller\Homepage.php ]
[ info ] [ DB ] INIT mysql
[ info ] [ LOG ] INIT File
[ sql ] [ DB ] CONNECT:[ UseTime:0.186585s ] mysql:host=118.190.149.14;port=3306;dbname=peanut;charset=utf8
[ sql ] [ SQL ] SHOW COLUMNS FROM `peanut_city` [ RunTime:0.118625s ]
[ sql ] [ SQL ] SELECT * FROM `peanut_city` [ RunTime:0.122889s ]
---------------------------------------------------------------
[ 2020-07-12T10:15:45+08:00 ] 127.0.0.1 POST 127.0.0.1/nodejs/peanut/th5/public/homepage/Homepage/getuserinfo
[运行时间：0.617529s] [吞吐率：1.62req/s] [内存消耗：2,528.21kb] [文件加载：47]
[ info ] [ LANG ] D:\phpstudy_pro\WWW\nodejs\peanut\th5\thinkphp\lang\zh-cn.php
[ info ] [ ROUTE ] array (
  'type' => 'module',
  'module' => 
  array (
    0 => 'homepage',
    1 => 'Homepage',
    2 => 'getuserinfo',
  ),
)
[ info ] [ HEADER ] array (
  'accept-language' => 'zh-CN,zh;q=0.9',
  'accept-encoding' => 'gzip, deflate, br',
  'referer' => 'http://localhost:8080/',
  'sec-fetch-dest' => 'empty',
  'sec-fetch-mode' => 'cors',
  'sec-fetch-site' => 'cross-site',
  'origin' => 'http://localhost:8080',
  'content-type' => 'application/x-www-form-urlencoded',
  'user-agent' => 'Mozilla/5.0 (Windows NT 10.0; Win64; x64) AppleWebKit/537.36 (KHTML, like Gecko) Chrome/83.0.4103.116 Safari/537.36',
  'accept' => 'application/json, text/plain, */*',
  'content-length' => '48',
  'connection' => 'close',
  'host' => '127.0.0.1',
)
[ info ] [ PARAM ] array (
  '{"usertoken":"392851fe1f8884c5f353a55539fabbd7"}' => '',
)
[ info ] [ RUN ] app\homepage\controller\Homepage->getuserinfo[ D:\phpstudy_pro\WWW\nodejs\peanut\th5\application\homepage\controller\Homepage.php ]
[ info ] [ DB ] INIT mysql
[ info ] [ LOG ] INIT File
[ sql ] [ DB ] CONNECT:[ UseTime:0.206968s ] mysql:host=118.190.149.14;port=3306;dbname=peanut;charset=utf8
[ sql ] [ SQL ] SHOW COLUMNS FROM `peanut_user` [ RunTime:0.117914s ]
[ sql ] [ SQL ] SELECT * FROM `peanut_user` WHERE  `id` = 16 LIMIT 1 [ RunTime:0.122956s ]
---------------------------------------------------------------
[ 2020-07-12T10:15:45+08:00 ] 127.0.0.1 POST 127.0.0.1/nodejs/peanut/th5/public/auction/Auction/vehicle
[运行时间：0.798115s] [吞吐率：1.25req/s] [内存消耗：2,533.23kb] [文件加载：53]
[ info ] [ LANG ] D:\phpstudy_pro\WWW\nodejs\peanut\th5\thinkphp\lang\zh-cn.php
[ info ] [ ROUTE ] array (
  'type' => 'module',
  'module' => 
  array (
    0 => 'auction',
    1 => 'Auction',
    2 => 'vehicle',
  ),
)
[ info ] [ HEADER ] array (
  'accept-language' => 'zh-CN,zh;q=0.9',
  'accept-encoding' => 'gzip, deflate, br',
  'referer' => 'http://localhost:8080/',
  'sec-fetch-dest' => 'empty',
  'sec-fetch-mode' => 'cors',
  'sec-fetch-site' => 'cross-site',
  'origin' => 'http://localhost:8080',
  'content-type' => 'application/x-www-form-urlencoded',
  'user-agent' => 'Mozilla/5.0 (Windows NT 10.0; Win64; x64) AppleWebKit/537.36 (KHTML, like Gecko) Chrome/83.0.4103.116 Safari/537.36',
  'accept' => 'application/json, text/plain, */*',
  'content-length' => '87',
  'connection' => 'close',
  'host' => '127.0.0.1',
)
[ info ] [ PARAM ] array (
  '{"brandID":"","seriesID":"","price":"","timeBaseNum":"","priceBaseNum":"","token":null}' => '',
)
[ info ] [ RUN ] app\auction\controller\Auction->vehicle[ D:\phpstudy_pro\WWW\nodejs\peanut\th5\application\auction\controller\Auction.php ]
[ info ] [ DB ] INIT mysql
[ info ] [ LOG ] INIT File
[ sql ] [ DB ] CONNECT:[ UseTime:0.207947s ] mysql:host=118.190.149.14;port=3306;dbname=peanut;charset=utf8
[ error ] [10501]SQLSTATE[42S22]: Column not found: 1054 Unknown column 'a.sell_id' in 'where clause'[D:\phpstudy_pro\WWW\nodejs\peanut\th5\thinkphp\library\think\db\Connection.php:385]
---------------------------------------------------------------
[ 2020-07-12T10:15:46+08:00 ] 127.0.0.1 GET 127.0.0.1/nodejs/peanut/th5/public/homepage/Homepage/carbran
[运行时间：0.434429s] [吞吐率：2.30req/s] [内存消耗：2,524.33kb] [文件加载：47]
[ info ] [ LANG ] D:\phpstudy_pro\WWW\nodejs\peanut\th5\thinkphp\lang\zh-cn.php
[ info ] [ ROUTE ] array (
  'type' => 'module',
  'module' => 
  array (
    0 => 'homepage',
    1 => 'Homepage',
    2 => 'carbran',
  ),
)
[ info ] [ HEADER ] array (
  'accept-language' => 'zh-CN,zh;q=0.9',
  'accept-encoding' => 'gzip, deflate, br',
  'referer' => 'http://localhost:8080/',
  'sec-fetch-dest' => 'empty',
  'sec-fetch-mode' => 'cors',
  'sec-fetch-site' => 'cross-site',
  'origin' => 'http://localhost:8080',
  'user-agent' => 'Mozilla/5.0 (Windows NT 10.0; Win64; x64) AppleWebKit/537.36 (KHTML, like Gecko) Chrome/83.0.4103.116 Safari/537.36',
  'accept' => 'application/json, text/plain, */*',
  'connection' => 'close',
  'host' => '127.0.0.1',
)
[ info ] [ PARAM ] array (
)
[ info ] [ RUN ] app\homepage\controller\Homepage->carbran[ D:\phpstudy_pro\WWW\nodejs\peanut\th5\application\homepage\controller\Homepage.php ]
[ info ] [ DB ] INIT mysql
[ info ] [ LOG ] INIT File
[ sql ] [ DB ] CONNECT:[ UseTime:0.173005s ] mysql:host=118.190.149.14;port=3306;dbname=peanut;charset=utf8
[ sql ] [ SQL ] SHOW COLUMNS FROM `peanut_brand` [ RunTime:0.118137s ]
[ sql ] [ SQL ] SELECT * FROM `peanut_brand` [ RunTime:0.104222s ]
---------------------------------------------------------------
[ 2020-07-12T10:15:46+08:00 ] 127.0.0.1 GET 127.0.0.1/nodejs/peanut/th5/public/auction/Auction/queryCar
[运行时间：1.269310s] [吞吐率：0.79req/s] [内存消耗：2,530.29kb] [文件加载：47]
[ info ] [ LANG ] D:\phpstudy_pro\WWW\nodejs\peanut\th5\thinkphp\lang\zh-cn.php
[ info ] [ ROUTE ] array (
  'type' => 'module',
  'module' => 
  array (
    0 => 'auction',
    1 => 'Auction',
    2 => 'queryCar',
  ),
)
[ info ] [ HEADER ] array (
  'accept-language' => 'zh-CN,zh;q=0.9',
  'accept-encoding' => 'gzip, deflate, br',
  'referer' => 'http://localhost:8080/',
  'sec-fetch-dest' => 'empty',
  'sec-fetch-mode' => 'cors',
  'sec-fetch-site' => 'cross-site',
  'origin' => 'http://localhost:8080',
  'user-agent' => 'Mozilla/5.0 (Windows NT 10.0; Win64; x64) AppleWebKit/537.36 (KHTML, like Gecko) Chrome/83.0.4103.116 Safari/537.36',
  'accept' => 'application/json, text/plain, */*',
  'connection' => 'close',
  'host' => '127.0.0.1',
)
[ info ] [ PARAM ] array (
)
[ info ] [ RUN ] app\auction\controller\Auction->queryCar[ D:\phpstudy_pro\WWW\nodejs\peanut\th5\application\auction\controller\Auction.php ]
[ info ] [ DB ] INIT mysql
[ info ] [ LOG ] INIT File
[ sql ] [ DB ] CONNECT:[ UseTime:0.202132s ] mysql:host=118.190.149.14;port=3306;dbname=peanut;charset=utf8
[ sql ] [ SQL ] SHOW COLUMNS FROM `peanut_brand` [ RunTime:0.114268s ]
[ sql ] [ SQL ] SELECT * FROM `peanut_brand` [ RunTime:0.123660s ]
[ sql ] [ SQL ] SHOW COLUMNS FROM `peanut_series` [ RunTime:0.117043s ]
[ sql ] [ SQL ] SELECT * FROM `peanut_series` ORDER BY `sales_volume` DESC LIMIT 5 [ RunTime:0.124499s ]
[ sql ] [ SQL ] SHOW COLUMNS FROM `peanut_price` [ RunTime:0.126834s ]
[ sql ] [ SQL ] SELECT * FROM `peanut_price` [ RunTime:0.111819s ]
---------------------------------------------------------------
[ 2020-07-12T10:15:46+08:00 ] 127.0.0.1 GET 127.0.0.1/nodejs/peanut/th5/public/homepage/Homepage/carstyle
[运行时间：0.486946s] [吞吐率：2.05req/s] [内存消耗：2,522.77kb] [文件加载：47]
[ info ] [ LANG ] D:\phpstudy_pro\WWW\nodejs\peanut\th5\thinkphp\lang\zh-cn.php
[ info ] [ ROUTE ] array (
  'type' => 'module',
  'module' => 
  array (
    0 => 'homepage',
    1 => 'Homepage',
    2 => 'carstyle',
  ),
)
[ info ] [ HEADER ] array (
  'accept-language' => 'zh-CN,zh;q=0.9',
  'accept-encoding' => 'gzip, deflate, br',
  'referer' => 'http://localhost:8080/',
  'sec-fetch-dest' => 'empty',
  'sec-fetch-mode' => 'cors',
  'sec-fetch-site' => 'cross-site',
  'origin' => 'http://localhost:8080',
  'user-agent' => 'Mozilla/5.0 (Windows NT 10.0; Win64; x64) AppleWebKit/537.36 (KHTML, like Gecko) Chrome/83.0.4103.116 Safari/537.36',
  'accept' => 'application/json, text/plain, */*',
  'connection' => 'close',
  'host' => '127.0.0.1',
)
[ info ] [ PARAM ] array (
)
[ info ] [ RUN ] app\homepage\controller\Homepage->carstyle[ D:\phpstudy_pro\WWW\nodejs\peanut\th5\application\homepage\controller\Homepage.php ]
[ info ] [ DB ] INIT mysql
[ info ] [ LOG ] INIT File
[ sql ] [ DB ] CONNECT:[ UseTime:0.192276s ] mysql:host=118.190.149.14;port=3306;dbname=peanut;charset=utf8
[ sql ] [ SQL ] SHOW COLUMNS FROM `peanut_style` [ RunTime:0.131634s ]
[ sql ] [ SQL ] SELECT * FROM `peanut_style` [ RunTime:0.125186s ]
---------------------------------------------------------------
[ 2020-07-12T10:15:46+08:00 ] 127.0.0.1 GET 127.0.0.1/nodejs/peanut/th5/public/homepage/Homepage/getcity
[运行时间：0.483627s] [吞吐率：2.07req/s] [内存消耗：2,525.45kb] [文件加载：47]
[ info ] [ LANG ] D:\phpstudy_pro\WWW\nodejs\peanut\th5\thinkphp\lang\zh-cn.php
[ info ] [ ROUTE ] array (
  'type' => 'module',
  'module' => 
  array (
    0 => 'homepage',
    1 => 'Homepage',
    2 => 'getcity',
  ),
)
[ info ] [ HEADER ] array (
  'accept-language' => 'zh-CN,zh;q=0.9',
  'accept-encoding' => 'gzip, deflate, br',
  'referer' => 'http://localhost:8080/',
  'sec-fetch-dest' => 'empty',
  'sec-fetch-mode' => 'cors',
  'sec-fetch-site' => 'cross-site',
  'origin' => 'http://localhost:8080',
  'user-agent' => 'Mozilla/5.0 (Windows NT 10.0; Win64; x64) AppleWebKit/537.36 (KHTML, like Gecko) Chrome/83.0.4103.116 Safari/537.36',
  'accept' => 'application/json, text/plain, */*',
  'connection' => 'close',
  'host' => '127.0.0.1',
)
[ info ] [ PARAM ] array (
)
[ info ] [ RUN ] app\homepage\controller\Homepage->getcity[ D:\phpstudy_pro\WWW\nodejs\peanut\th5\application\homepage\controller\Homepage.php ]
[ info ] [ DB ] INIT mysql
[ info ] [ LOG ] INIT File
[ sql ] [ DB ] CONNECT:[ UseTime:0.191606s ] mysql:host=118.190.149.14;port=3306;dbname=peanut;charset=utf8
[ sql ] [ SQL ] SHOW COLUMNS FROM `peanut_city` [ RunTime:0.123718s ]
[ sql ] [ SQL ] SELECT * FROM `peanut_city` [ RunTime:0.118935s ]
---------------------------------------------------------------
[ 2020-07-12T10:15:46+08:00 ] 127.0.0.1 GET 127.0.0.1/nodejs/peanut/th5/public/homepage/Homepage/getreccar
[运行时间：0.727154s] [吞吐率：1.38req/s] [内存消耗：2,529.41kb] [文件加载：47]
[ info ] [ LANG ] D:\phpstudy_pro\WWW\nodejs\peanut\th5\thinkphp\lang\zh-cn.php
[ info ] [ ROUTE ] array (
  'type' => 'module',
  'module' => 
  array (
    0 => 'homepage',
    1 => 'Homepage',
    2 => 'getreccar',
  ),
)
[ info ] [ HEADER ] array (
  'accept-language' => 'zh-CN,zh;q=0.9',
  'accept-encoding' => 'gzip, deflate, br',
  'referer' => 'http://localhost:8080/',
  'sec-fetch-dest' => 'empty',
  'sec-fetch-mode' => 'cors',
  'sec-fetch-site' => 'cross-site',
  'origin' => 'http://localhost:8080',
  'user-agent' => 'Mozilla/5.0 (Windows NT 10.0; Win64; x64) AppleWebKit/537.36 (KHTML, like Gecko) Chrome/83.0.4103.116 Safari/537.36',
  'accept' => 'application/json, text/plain, */*',
  'connection' => 'close',
  'host' => '127.0.0.1',
)
[ info ] [ PARAM ] array (
)
[ info ] [ RUN ] app\homepage\controller\Homepage->getreccar[ D:\phpstudy_pro\WWW\nodejs\peanut\th5\application\homepage\controller\Homepage.php ]
[ info ] [ DB ] INIT mysql
[ info ] [ LOG ] INIT File
[ sql ] [ DB ] CONNECT:[ UseTime:0.187481s ] mysql:host=118.190.149.14;port=3306;dbname=peanut;charset=utf8
[ sql ] [ SQL ] SHOW COLUMNS FROM `peanut_vehicle` [ RunTime:0.369671s ]
[ sql ] [ SQL ] SELECT * FROM `peanut_vehicle` LIMIT 8 [ RunTime:0.120633s ]
---------------------------------------------------------------
[ 2020-07-12T10:15:46+08:00 ] 127.0.0.1 GET 127.0.0.1/nodejs/peanut/th5/public/homepage/Homepage/carprice
[运行时间：0.740618s] [吞吐率：1.35req/s] [内存消耗：2,521.92kb] [文件加载：47]
[ info ] [ LANG ] D:\phpstudy_pro\WWW\nodejs\peanut\th5\thinkphp\lang\zh-cn.php
[ info ] [ ROUTE ] array (
  'type' => 'module',
  'module' => 
  array (
    0 => 'homepage',
    1 => 'Homepage',
    2 => 'carprice',
  ),
)
[ info ] [ HEADER ] array (
  'accept-language' => 'zh-CN,zh;q=0.9',
  'accept-encoding' => 'gzip, deflate, br',
  'referer' => 'http://localhost:8080/',
  'sec-fetch-dest' => 'empty',
  'sec-fetch-mode' => 'cors',
  'sec-fetch-site' => 'cross-site',
  'origin' => 'http://localhost:8080',
  'user-agent' => 'Mozilla/5.0 (Windows NT 10.0; Win64; x64) AppleWebKit/537.36 (KHTML, like Gecko) Chrome/83.0.4103.116 Safari/537.36',
  'accept' => 'application/json, text/plain, */*',
  'connection' => 'close',
  'host' => '127.0.0.1',
)
[ info ] [ PARAM ] array (
)
[ info ] [ RUN ] app\homepage\controller\Homepage->carprice[ D:\phpstudy_pro\WWW\nodejs\peanut\th5\application\homepage\controller\Homepage.php ]
[ info ] [ DB ] INIT mysql
[ info ] [ LOG ] INIT File
[ sql ] [ DB ] CONNECT:[ UseTime:0.192463s ] mysql:host=118.190.149.14;port=3306;dbname=peanut;charset=utf8
[ sql ] [ SQL ] SHOW COLUMNS FROM `peanut_price` [ RunTime:0.376647s ]
[ sql ] [ SQL ] SELECT * FROM `peanut_price` [ RunTime:0.129559s ]
